+ cmake -DCMAKE_BUILD_TYPE=Release -DLLAMA_FATAL_WARNINGS=ON -DLLAMA_SYCL=1 DCMAKE_C_COMPILER=icx -DCMAKE_CXX_COMPILER=icpx -DLLAMA_SYCL_F16=ON ..
CMake Warning:
  Ignoring extra path from command line:

   "/home/zjy/ws/jenkins-home/workspace/iGPU@2/llama.cpp_ci/arthw-llama.cpp/build-ci-release/DCMAKE_C_COMPILER=icx"


-- The C compiler identification is GNU 12.3.0
-- The CXX compiler identification is IntelLLVM 2024.1.0
-- Detecting C compiler ABI info
-- Detecting C compiler ABI info - done
-- Check for working C compiler: /usr/bin/cc - skipped
-- Detecting C compile features
-- Detecting C compile features - done
-- Detecting CXX compiler ABI info
-- Detecting CXX compiler ABI info - done
-- Check for working CXX compiler: /opt/intel/oneapi/compiler/2024.1/bin/icpx - skipped
-- Detecting CXX compile features
-- Detecting CXX compile features - done
-- Found Git: /usr/bin/git (found version "2.39.2") 
CMake Warning at CMakeLists.txt:87 (message):
  LLAMA_SYCL is deprecated and will be removed in the future.

  Use GGML_SYCL instead

Call Stack (most recent call first):
  CMakeLists.txt:100 (llama_option_depr)


CMake Warning at CMakeLists.txt:87 (message):
  LLAMA_SYCL_F16 is deprecated and will be removed in the future.

  Use GGML_SYCL_F16 instead

Call Stack (most recent call first):
  CMakeLists.txt:101 (llama_option_depr)


-- Performing Test CMAKE_HAVE_LIBC_PTHREAD
-- Performing Test CMAKE_HAVE_LIBC_PTHREAD - Success
-- Found Threads: TRUE  
-- Found OpenMP_C: -fopenmp (found version "4.5") 
-- Found OpenMP_CXX: -fiopenmp  
-- Found OpenMP: TRUE (found version "4.5")  
-- OpenMP found
-- Using ggml SGEMM
-- Warning: ccache not found - consider installing it for faster compilation or disable this warning with GGML_CCACHE=OFF
-- CMAKE_SYSTEM_PROCESSOR: x86_64
-- x86 detected
-- Configuring done
-- Generating done
-- Build files have been written to: /home/zjy/ws/jenkins-home/workspace/iGPU@2/llama.cpp_ci/arthw-llama.cpp/build-ci-release

real	0m0.760s
user	0m0.523s
sys	0m0.234s
+ make -j
[  0%] Generating build details from Git
[  0%] Building C object ggml/src/CMakeFiles/ggml.dir/ggml.c.o
[  1%] Building C object ggml/src/CMakeFiles/ggml.dir/ggml-alloc.c.o
[  2%] Building C object ggml/src/CMakeFiles/ggml.dir/ggml-backend.c.o
-- Found Git: /usr/bin/git (found version "2.39.2") 
[  2%] Building C object ggml/src/CMakeFiles/ggml.dir/ggml-quants.c.o
[  3%] Building CXX object ggml/src/CMakeFiles/ggml.dir/sgemm.cpp.o
[  4%] Building CXX object common/CMakeFiles/build_info.dir/build-info.cpp.o
[  4%] Built target build_info
[  4%] Linking CXX shared library libggml.so
[  4%] Built target ggml
[  7%] Building CXX object examples/gguf/CMakeFiles/llama-gguf.dir/gguf.cpp.o
[  7%] Building CXX object src/CMakeFiles/llama.dir/llama.cpp.o
[  7%] Building CXX object src/CMakeFiles/llama.dir/unicode-data.cpp.o
[  7%] Building CXX object src/CMakeFiles/llama.dir/unicode.cpp.o
[  7%] Linking CXX executable ../../bin/llama-gguf
[  7%] Built target llama-gguf
/home/zjy/ws/jenkins-home/workspace/iGPU@2/llama.cpp_ci/arthw-llama.cpp/src/llama.cpp:158:9: warning: explicit comparison with infinity in fast floating point mode [-Wtautological-constant-compare]
  158 |     if (std::isinf(a) || std::isinf(b)) {
      |         ^~~~~~~~~~~~~
/home/zjy/ws/jenkins-home/workspace/iGPU@2/llama.cpp_ci/arthw-llama.cpp/src/llama.cpp:158:26: warning: explicit comparison with infinity in fast floating point mode [-Wtautological-constant-compare]
  158 |     if (std::isinf(a) || std::isinf(b)) {
      |                          ^~~~~~~~~~~~~
/home/zjy/ws/jenkins-home/workspace/iGPU@2/llama.cpp_ci/arthw-llama.cpp/src/llama.cpp:12465:38: warning: using floating point absolute value function 'fabs' when argument is of integer type [-Wabsolute-value]
 12465 |                                 f = -fabs(lctx.kv_self.cells[i].pos - pos);
       |                                      ^
/home/zjy/ws/jenkins-home/workspace/iGPU@2/llama.cpp_ci/arthw-llama.cpp/src/llama.cpp:12465:38: note: use function 'std::abs' instead
 12465 |                                 f = -fabs(lctx.kv_self.cells[i].pos - pos);
       |                                      ^~~~
       |                                      std::abs
/home/zjy/ws/jenkins-home/workspace/iGPU@2/llama.cpp_ci/arthw-llama.cpp/src/llama.cpp:12498:42: warning: using floating point absolute value function 'fabs' when argument is of integer type [-Wabsolute-value]
 12498 |                                     f = -fabs(batch.pos[i] - batch.pos[j]);
       |                                          ^
/home/zjy/ws/jenkins-home/workspace/iGPU@2/llama.cpp_ci/arthw-llama.cpp/src/llama.cpp:12498:42: note: use function 'std::abs' instead
 12498 |                                     f = -fabs(batch.pos[i] - batch.pos[j]);
       |                                          ^~~~
       |                                          std::abs
4 warnings generated.
[  8%] Linking CXX shared library libllama.so
[  8%] Built target llama
[  9%] Building C object tests/CMakeFiles/test-c.dir/test-c.c.o
[  9%] Building CXX object common/CMakeFiles/common.dir/common.cpp.o
[  9%] Building CXX object common/CMakeFiles/common.dir/grammar-parser.cpp.o
[ 10%] Building CXX object examples/llava/CMakeFiles/llava.dir/llava.cpp.o
[ 10%] Building CXX object examples/benchmark/CMakeFiles/llama-bench-matmult.dir/benchmark-matmult.cpp.o
[ 11%] Building CXX object common/CMakeFiles/common.dir/sampling.cpp.o
[ 12%] Building CXX object examples/llava/CMakeFiles/llava.dir/clip.cpp.o
[ 13%] Building CXX object common/CMakeFiles/common.dir/json-schema-to-grammar.cpp.o
[ 13%] Building CXX object common/CMakeFiles/common.dir/console.cpp.o
[ 13%] Building CXX object common/CMakeFiles/common.dir/train.cpp.o
[ 14%] Building CXX object common/CMakeFiles/common.dir/ngram-cache.cpp.o
[ 14%] Building CXX object examples/quantize-stats/CMakeFiles/llama-quantize-stats.dir/quantize-stats.cpp.o
[ 14%] Linking C executable ../bin/test-c
[ 14%] Built target test-c
/home/zjy/ws/jenkins-home/workspace/iGPU@2/llama.cpp_ci/arthw-llama.cpp/common/train.cpp:1445:13: warning: explicit comparison with NaN in fast floating point mode [-Wtautological-constant-compare]
 1445 |         if (std::isnan(opt->loss_before) || std::isnan(opt->loss_after)) impr_plot = 0;
      |             ^~~~~~~~~~~~~~~~~~~~~~~~~~~~
/home/zjy/ws/jenkins-home/workspace/iGPU@2/llama.cpp_ci/arthw-llama.cpp/common/train.cpp:1445:45: warning: explicit comparison with NaN in fast floating point mode [-Wtautological-constant-compare]
 1445 |         if (std::isnan(opt->loss_before) || std::isnan(opt->loss_after)) impr_plot = 0;
      |                                             ^~~~~~~~~~~~~~~~~~~~~~~~~~~
/home/zjy/ws/jenkins-home/workspace/iGPU@2/llama.cpp_ci/arthw-llama.cpp/common/sampling.cpp:335:63: warning: explicit comparison with infinity in fast floating point mode [-Wtautological-constant-compare]
  335 |         bool is_valid = single_token_data_array.data[0].logit != -INFINITY;
      |                         ~~~~~~~~~~~~~~~~~~~~~~~~~~~~~~~~~~~~~ ^  ~~~~~~~~~
/home/zjy/ws/jenkins-home/workspace/iGPU@2/llama.cpp_ci/arthw-llama.cpp/common/common.cpp:3088:98: warning: explicit comparison with infinity in fast floating point mode [-Wtautological-constant-compare]
 3088 |     const bool ignore_eos = logit_bias_eos != sparams.logit_bias.end() && logit_bias_eos->second == -INFINITY;
      |                                                                           ~~~~~~~~~~~~~~~~~~~~~~ ^  ~~~~~~~~~
[ 15%] Linking CXX executable ../../bin/llama-bench-matmult
[ 15%] Built target llama-bench-matmult
2 warnings generated.
1 warning generated.
In file included from /home/zjy/ws/jenkins-home/workspace/iGPU@2/llama.cpp_ci/arthw-llama.cpp/common/json-schema-to-grammar.cpp:1:
In file included from /home/zjy/ws/jenkins-home/workspace/iGPU@2/llama.cpp_ci/arthw-llama.cpp/common/json-schema-to-grammar.h:6:
/home/zjy/ws/jenkins-home/workspace/iGPU@2/llama.cpp_ci/arthw-llama.cpp/common/json.hpp:22962:39: warning: explicit comparison with NaN in fast floating point mode [-Wtautological-constant-compare]
 22962 |         if ((lhs.is_number_float() && std::isnan(lhs.m_data.m_value.number_float) && rhs.is_number())
       |                                       ^~~~~~~~~~~~~~~~~~~~~~~~~~~~~~~~~~~~~~~~~~~
/home/zjy/ws/jenkins-home/workspace/iGPU@2/llama.cpp_ci/arthw-llama.cpp/common/json.hpp:23095:9: note: in instantiation of member function 'nlohmann::basic_json<nlohmann::ordered_map>::compares_unordered' requested here
 23095 |         JSON_IMPLEMENT_OPERATOR( ==, true, false, false)
       |         ^
/home/zjy/ws/jenkins-home/workspace/iGPU@2/llama.cpp_ci/arthw-llama.cpp/common/json.hpp:22947:13: note: expanded from macro 'JSON_IMPLEMENT_OPERATOR'
 22947 |     else if(compares_unordered(lhs, rhs))\
       |             ^
/home/zjy/ws/jenkins-home/workspace/iGPU@2/llama.cpp_ci/arthw-llama.cpp/common/json.hpp:23107:20: note: in instantiation of member function 'nlohmann::operator==' requested here
 23107 |         return lhs == basic_json(rhs);
       |                    ^
/home/zjy/ws/jenkins-home/workspace/iGPU@2/llama.cpp_ci/arthw-llama.cpp/common/json-schema-to-grammar.cpp:909:58: note: in instantiation of function template specialization 'nlohmann::operator==<const char *, 0>' requested here
  909 |         } else if ((schema_type.is_null() || schema_type == "object")
      |                                                          ^
In file included from /home/zjy/ws/jenkins-home/workspace/iGPU@2/llama.cpp_ci/arthw-llama.cpp/common/json-schema-to-grammar.cpp:1:
In file included from /home/zjy/ws/jenkins-home/workspace/iGPU@2/llama.cpp_ci/arthw-llama.cpp/common/json-schema-to-grammar.h:6:
/home/zjy/ws/jenkins-home/workspace/iGPU@2/llama.cpp_ci/arthw-llama.cpp/common/json.hpp:22963:46: warning: explicit comparison with NaN in fast floating point mode [-Wtautological-constant-compare]
 22963 |                 || (rhs.is_number_float() && std::isnan(rhs.m_data.m_value.number_float) && lhs.is_number()))
       |                                              ^~~~~~~~~~~~~~~~~~~~~~~~~~~~~~~~~~~~~~~~~~~
[ 16%] Linking CXX executable ../../bin/llama-quantize-stats
[ 16%] Built target llama-quantize-stats
[ 16%] Built target llava
2 warnings generated.
[ 17%] Linking CXX shared library libllava_shared.so
[ 17%] Linking CXX static library libllava_static.a
[ 17%] Built target llava_static
[ 17%] Built target llava_shared
1 warning generated.
[ 18%] Linking CXX static library libcommon.a
[ 18%] Built target common
[ 18%] Building CXX object tests/CMakeFiles/test-tokenizer-0.dir/test-tokenizer-0.cpp.o
[ 19%] Building CXX object tests/CMakeFiles/test-tokenizer-1-bpe.dir/test-tokenizer-1-bpe.cpp.o
[ 21%] Building CXX object tests/CMakeFiles/test-quantize-fns.dir/get-model.cpp.o
[ 21%] Building CXX object tests/CMakeFiles/test-quantize-fns.dir/test-quantize-fns.cpp.o
[ 21%] Building CXX object tests/CMakeFiles/test-quantize-perf.dir/get-model.cpp.o
[ 22%] Building CXX object tests/CMakeFiles/test-tokenizer-1-spm.dir/test-tokenizer-1-spm.cpp.o
[ 24%] Building CXX object tests/CMakeFiles/test-sampling.dir/test-sampling.cpp.o
[ 24%] Building CXX object tests/CMakeFiles/test-chat-template.dir/get-model.cpp.o
[ 26%] Building CXX object tests/CMakeFiles/test-quantize-perf.dir/test-quantize-perf.cpp.o
[ 26%] Building CXX object tests/CMakeFiles/test-grammar-parser.dir/test-grammar-parser.cpp.o
[ 26%] Building CXX object tests/CMakeFiles/test-grammar-integration.dir/get-model.cpp.o
[ 26%] Building CXX object tests/CMakeFiles/test-sampling.dir/get-model.cpp.o
[ 26%] Building CXX object tests/CMakeFiles/test-grammar-parser.dir/get-model.cpp.o
[ 26%] Building CXX object tests/CMakeFiles/test-llama-grammar.dir/test-llama-grammar.cpp.o
[ 27%] Building CXX object tests/CMakeFiles/test-llama-grammar.dir/get-model.cpp.o
[ 28%] Building CXX object tests/CMakeFiles/test-chat-template.dir/test-chat-template.cpp.o
[ 29%] Building CXX object tests/CMakeFiles/test-grad0.dir/test-grad0.cpp.o
[ 30%] Building CXX object tests/CMakeFiles/test-grad0.dir/get-model.cpp.o
[ 31%] Building CXX object tests/CMakeFiles/test-grammar-integration.dir/test-grammar-integration.cpp.o
[ 33%] Building CXX object tests/CMakeFiles/test-rope.dir/test-rope.cpp.o
[ 33%] Building CXX object tests/CMakeFiles/test-backend-ops.dir/get-model.cpp.o
[ 34%] Building CXX object tests/CMakeFiles/test-json-schema-to-grammar.dir/get-model.cpp.o
[ 33%] Building CXX object tests/CMakeFiles/test-rope.dir/get-model.cpp.o
[ 34%] Building CXX object tests/CMakeFiles/test-json-schema-to-grammar.dir/test-json-schema-to-grammar.cpp.o
[ 35%] Building CXX object tests/CMakeFiles/test-autorelease.dir/test-autorelease.cpp.o
[ 35%] Building CXX object tests/CMakeFiles/test-model-load-cancel.dir/test-model-load-cancel.cpp.o
[ 36%] Building CXX object tests/CMakeFiles/test-model-load-cancel.dir/get-model.cpp.o
[ 36%] Building CXX object examples/baby-llama/CMakeFiles/llama-baby-llama.dir/baby-llama.cpp.o
[ 37%] Building CXX object tests/CMakeFiles/test-backend-ops.dir/test-backend-ops.cpp.o
[ 38%] Building CXX object examples/batched/CMakeFiles/llama-batched.dir/batched.cpp.o
[ 39%] Building CXX object examples/batched-bench/CMakeFiles/llama-batched-bench.dir/batched-bench.cpp.o
[ 40%] Building CXX object tests/CMakeFiles/test-autorelease.dir/get-model.cpp.o
[ 41%] Building CXX object examples/cvector-generator/CMakeFiles/llama-cvector-generator.dir/cvector-generator.cpp.o
[ 42%] Building CXX object examples/convert-llama2c-to-ggml/CMakeFiles/llama-convert-llama2c-to-ggml.dir/convert-llama2c-to-ggml.cpp.o
[ 42%] Building CXX object examples/embedding/CMakeFiles/llama-embedding.dir/embedding.cpp.o
[ 43%] Building CXX object examples/eval-callback/CMakeFiles/llama-eval-callback.dir/eval-callback.cpp.o
[ 44%] Building CXX object examples/finetune/CMakeFiles/llama-finetune.dir/finetune.cpp.o
[ 45%] Building CXX object examples/export-lora/CMakeFiles/llama-export-lora.dir/export-lora.cpp.o
[ 45%] Linking CXX executable ../bin/test-model-load-cancel
[ 45%] Building CXX object examples/gbnf-validator/CMakeFiles/llama-gbnf-validator.dir/gbnf-validator.cpp.o
[ 46%] Building CXX object examples/gritlm/CMakeFiles/llama-gritlm.dir/gritlm.cpp.o
[ 47%] Building CXX object examples/gguf-split/CMakeFiles/llama-gguf-split.dir/gguf-split.cpp.o
[ 47%] Building CXX object examples/infill/CMakeFiles/llama-infill.dir/infill.cpp.o
[ 47%] Building CXX object examples/imatrix/CMakeFiles/llama-imatrix.dir/imatrix.cpp.o
[ 47%] Building CXX object examples/llama-bench/CMakeFiles/llama-bench.dir/llama-bench.cpp.o
[ 48%] Building CXX object examples/llava/CMakeFiles/llama-llava-cli.dir/llava-cli.cpp.o
[ 49%] Building CXX object examples/lookahead/CMakeFiles/llama-lookahead.dir/lookahead.cpp.o
[ 50%] Linking CXX executable ../bin/test-rope
[ 51%] Building CXX object examples/lookup/CMakeFiles/llama-lookup-merge.dir/lookup-merge.cpp.o
[ 51%] Building CXX object examples/lookup/CMakeFiles/llama-lookup-create.dir/lookup-create.cpp.o
[ 51%] Building CXX object examples/lookup/CMakeFiles/llama-lookup.dir/lookup.cpp.o
[ 52%] Building CXX object examples/lookup/CMakeFiles/llama-lookup-stats.dir/lookup-stats.cpp.o
[ 53%] Building CXX object examples/main/CMakeFiles/llama-cli.dir/main.cpp.o
[ 53%] Linking CXX executable ../bin/test-quantize-fns
[ 53%] Generating theme-snowstorm.css.hpp
[ 54%] Generating colorthemes.css.hpp
[ 55%] Generating completion.js.hpp
[ 56%] Building CXX object examples/parallel/CMakeFiles/llama-parallel.dir/parallel.cpp.o
[ 56%] Built target test-model-load-cancel
[ 57%] Generating index-new.html.hpp
[ 57%] Building CXX object examples/passkey/CMakeFiles/llama-passkey.dir/passkey.cpp.o
[ 57%] Linking CXX executable ../bin/test-autorelease
[ 58%] Building CXX object examples/quantize/CMakeFiles/llama-quantize.dir/quantize.cpp.o
[ 59%] Building CXX object examples/perplexity/CMakeFiles/llama-perplexity.dir/perplexity.cpp.o
[ 61%] Generating index.html.hpp
[ 61%] Building CXX object examples/save-load-state/CMakeFiles/llama-save-load-state.dir/save-load-state.cpp.o
[ 61%] Generating index.js.hpp
[ 63%] Building CXX object examples/simple/CMakeFiles/llama-simple.dir/simple.cpp.o
[ 63%] Building CXX object examples/retrieval/CMakeFiles/llama-retrieval.dir/retrieval.cpp.o
[ 63%] Generating theme-beeninorder.css.hpp
[ 64%] Generating prompt-formats.js.hpp
[ 63%] Generating style.css.hpp
[ 64%] Generating system-prompts.js.hpp
[ 65%] Generating json-schema-to-grammar.mjs.hpp
[ 66%] Building CXX object examples/speculative/CMakeFiles/llama-speculative.dir/speculative.cpp.o
[ 67%] Generating theme-ketivah.css.hpp
[ 68%] Building CXX object examples/tokenize/CMakeFiles/llama-tokenize.dir/tokenize.cpp.o
[ 68%] Building CXX object pocs/vdot/CMakeFiles/llama-vdot.dir/vdot.cpp.o
[ 69%] Building CXX object pocs/vdot/CMakeFiles/llama-q8dot.dir/q8dot.cpp.o
[ 69%] Building CXX object examples/train-text-from-scratch/CMakeFiles/llama-train-text-from-scratch.dir/train-text-from-scratch.cpp.o
[ 69%] Generating theme-mangotango.css.hpp
[ 70%] Generating theme-playground.css.hpp
[ 71%] Generating theme-polarnight.css.hpp
[ 71%] Built target test-rope
[ 71%] Built target test-quantize-fns
[ 71%] Building CXX object examples/server/CMakeFiles/llama-server.dir/server.cpp.o
/home/zjy/ws/jenkins-home/workspace/iGPU@2/llama.cpp_ci/arthw-llama.cpp/examples/baby-llama/baby-llama.cpp:1271:30: warning: explicit comparison with infinity in fast floating point mode [-Wtautological-constant-compare]
 1271 |             float p = (logit == -INFINITY) ? 0 : expf(logit - max_logit);
      |                        ~~~~~ ^  ~~~~~~~~~
[ 71%] Built target test-autorelease
[ 72%] Linking CXX executable ../bin/test-tokenizer-1-spm
[ 73%] Linking CXX executable ../bin/test-sampling
[ 73%] Linking CXX executable ../bin/test-tokenizer-1-bpe
[ 73%] Built target test-tokenizer-1-spm
[ 73%] Built target test-tokenizer-1-bpe
/home/zjy/ws/jenkins-home/workspace/iGPU@2/llama.cpp_ci/arthw-llama.cpp/tests/test-backend-ops.cpp:275:45: warning: explicit comparison with infinity in fast floating point mode [-Wtautological-constant-compare]
  275 | static bool inline _isinf(float f) { return std::isinf(f); }
      |                                             ^~~~~~~~~~~~~
/home/zjy/ws/jenkins-home/workspace/iGPU@2/llama.cpp_ci/arthw-llama.cpp/tests/test-backend-ops.cpp:479:21: warning: explicit comparison with NaN in fast floating point mode [-Wtautological-constant-compare]
  479 |                 if (std::isnan(f1[i]) || std::isnan(f2[i])) {
      |                     ^~~~~~~~~~~~~~~~~
/home/zjy/ws/jenkins-home/workspace/iGPU@2/llama.cpp_ci/arthw-llama.cpp/tests/test-backend-ops.cpp:479:42: warning: explicit comparison with NaN in fast floating point mode [-Wtautological-constant-compare]
  479 |                 if (std::isnan(f1[i]) || std::isnan(f2[i])) {
      |                                          ^~~~~~~~~~~~~~~~~
[ 73%] Built target test-sampling
In file included from /home/zjy/ws/jenkins-home/workspace/iGPU@2/llama.cpp_ci/arthw-llama.cpp/tests/test-llama-grammar.cpp:5:
/home/zjy/ws/jenkins-home/workspace/iGPU@2/llama.cpp_ci/arthw-llama.cpp/src/./llama.cpp:158:9: warning: explicit comparison with infinity in fast floating point mode [-Wtautological-constant-compare]
  158 |     if (std::isinf(a) || std::isinf(b)) {
      |         ^~~~~~~~~~~~~
/home/zjy/ws/jenkins-home/workspace/iGPU@2/llama.cpp_ci/arthw-llama.cpp/src/./llama.cpp:158:26: warning: explicit comparison with infinity in fast floating point mode [-Wtautological-constant-compare]
  158 |     if (std::isinf(a) || std::isinf(b)) {
      |                          ^~~~~~~~~~~~~
1 warning generated.
[ 74%] Linking CXX executable ../../bin/llama-gbnf-validator
[ 75%] Linking CXX executable ../../bin/llama-baby-llama
[ 75%] Linking CXX executable ../bin/test-grad0
[ 76%] Linking CXX executable ../bin/test-grammar-parser
[ 76%] Linking CXX executable ../../bin/llama-lookup-merge
[ 77%] Linking CXX executable ../bin/test-tokenizer-0
[ 77%] Linking CXX executable ../bin/test-chat-template
[ 77%] Linking CXX executable ../../bin/llama-q8dot
[ 77%] Linking CXX executable ../../bin/llama-batched
[ 77%] Built target llama-gbnf-validator
[ 77%] Built target test-grad0
[ 78%] Linking CXX executable ../../bin/llama-vdot
[ 78%] Built target llama-baby-llama
[ 78%] Built target llama-lookup-merge
[ 79%] Linking CXX executable ../bin/test-quantize-perf
[ 79%] Linking CXX executable ../../bin/llama-gguf-split
[ 79%] Built target test-grammar-parser
[ 80%] Linking CXX executable ../../bin/llama-tokenize
[ 80%] Linking CXX executable ../../bin/llama-export-lora
[ 81%] Linking CXX executable ../../bin/llama-lookup-create
[ 82%] Linking CXX executable ../../bin/llama-simple
[ 82%] Built target test-chat-template
[ 82%] Built target test-tokenizer-0
[ 82%] Built target llama-q8dot
[ 82%] Built target llama-vdot
[ 82%] Built target llama-batched
[ 82%] Built target test-quantize-perf
[ 83%] Linking CXX executable ../../bin/llama-passkey
[ 83%] Built target llama-lookup-create
[ 83%] Linking CXX executable ../../bin/llama-lookup-stats
[ 83%] Built target llama-gguf-split
[ 84%] Linking CXX executable ../../bin/llama-batched-bench
[ 84%] Built target llama-tokenize
[ 84%] Built target llama-export-lora
[ 84%] Linking CXX executable ../../bin/llama-eval-callback
[ 84%] Built target llama-simple
[ 84%] Built target llama-batched-bench
[ 85%] Linking CXX executable ../../bin/llama-parallel
[ 84%] Built target llama-passkey
[ 86%] Linking CXX executable ../../bin/llama-cvector-generator
[ 86%] Built target llama-lookup-stats
[ 87%] Linking CXX executable ../../bin/llama-lookup
[ 87%] Linking CXX executable ../../bin/llama-save-load-state
[ 87%] Built target llama-eval-callback
/home/zjy/ws/jenkins-home/workspace/iGPU@2/llama.cpp_ci/arthw-llama.cpp/src/./llama.cpp:12465:38: warning: using floating point absolute value function 'fabs' when argument is of integer type [-Wabsolute-value]
 12465 |                                 f = -fabs(lctx.kv_self.cells[i].pos - pos);
       |                                      ^
/home/zjy/ws/jenkins-home/workspace/iGPU@2/llama.cpp_ci/arthw-llama.cpp/src/./llama.cpp:12465:38: note: use function 'std::abs' instead
 12465 |                                 f = -fabs(lctx.kv_self.cells[i].pos - pos);
       |                                      ^~~~
       |                                      std::abs
/home/zjy/ws/jenkins-home/workspace/iGPU@2/llama.cpp_ci/arthw-llama.cpp/src/./llama.cpp:12498:42: warning: using floating point absolute value function 'fabs' when argument is of integer type [-Wabsolute-value]
 12498 |                                     f = -fabs(batch.pos[i] - batch.pos[j]);
       |                                          ^
/home/zjy/ws/jenkins-home/workspace/iGPU@2/llama.cpp_ci/arthw-llama.cpp/src/./llama.cpp:12498:42: note: use function 'std::abs' instead
 12498 |                                     f = -fabs(batch.pos[i] - batch.pos[j]);
       |                                          ^~~~
       |                                          std::abs
[ 88%] Linking CXX executable ../../bin/llama-gritlm
[ 89%] Linking CXX executable ../../bin/llama-embedding
[ 89%] Built target llama-parallel
[ 90%] Linking CXX executable ../../bin/llama-infill
[ 90%] Linking CXX executable ../../bin/llama-convert-llama2c-to-ggml
[ 90%] Built target llama-cvector-generator
[ 90%] Built target llama-lookup
[ 90%] Built target llama-save-load-state
[ 91%] Linking CXX executable ../../bin/llama-lookahead
[ 91%] Built target llama-embedding
[ 91%] Built target llama-gritlm
[ 91%] Built target llama-infill
[ 91%] Built target llama-convert-llama2c-to-ggml
[ 92%] Linking CXX executable ../../bin/llama-quantize
[ 92%] Built target llama-lookahead
[ 92%] Linking CXX executable ../../bin/llama-llava-cli
[ 93%] Linking CXX executable ../../bin/llama-train-text-from-scratch
/home/zjy/ws/jenkins-home/workspace/iGPU@2/llama.cpp_ci/arthw-llama.cpp/examples/server/server.cpp:1312:105: warning: explicit comparison with infinity in fast floating point mode [-Wtautological-constant-compare]
 1312 |         const bool ignore_eos = eos_bias != slot.sparams.logit_bias.end() && eos_bias->second < 0.0f && std::isinf(eos_bias->second);
      |                                                                                                         ^~~~~~~~~~~~~~~~~~~~~~~~~~~~
[ 93%] Built target llama-quantize
[ 93%] Built target llama-llava-cli
[ 94%] Linking CXX executable ../../bin/llama-finetune
[ 94%] Built target llama-train-text-from-scratch
[ 94%] Linking CXX executable ../../bin/llama-cli
[ 94%] Linking CXX executable ../../bin/llama-retrieval
[ 94%] Built target llama-finetune
[ 94%] Built target llama-cli
[ 94%] Built target llama-retrieval
[ 95%] Linking CXX executable ../../bin/llama-imatrix
[ 95%] Linking CXX executable ../../bin/llama-speculative
[ 95%] Built target llama-imatrix
[ 95%] Built target llama-speculative
[ 95%] Linking CXX executable ../../bin/llama-perplexity
[ 95%] Built target llama-perplexity
In file included from /home/zjy/ws/jenkins-home/workspace/iGPU@2/llama.cpp_ci/arthw-llama.cpp/examples/server/server.cpp:1:
In file included from /home/zjy/ws/jenkins-home/workspace/iGPU@2/llama.cpp_ci/arthw-llama.cpp/examples/server/utils.hpp:8:
/home/zjy/ws/jenkins-home/workspace/iGPU@2/llama.cpp_ci/arthw-llama.cpp/common/./json.hpp:22962:39: warning: explicit comparison with NaN in fast floating point mode [-Wtautological-constant-compare]
 22962 |         if ((lhs.is_number_float() && std::isnan(lhs.m_data.m_value.number_float) && rhs.is_number())
       |                                       ^~~~~~~~~~~~~~~~~~~~~~~~~~~~~~~~~~~~~~~~~~~
/home/zjy/ws/jenkins-home/workspace/iGPU@2/llama.cpp_ci/arthw-llama.cpp/common/./json.hpp:23095:9: note: in instantiation of member function 'nlohmann::basic_json<nlohmann::ordered_map>::compares_unordered' requested here
 23095 |         JSON_IMPLEMENT_OPERATOR( ==, true, false, false)
       |         ^
/home/zjy/ws/jenkins-home/workspace/iGPU@2/llama.cpp_ci/arthw-llama.cpp/common/./json.hpp:22947:13: note: expanded from macro 'JSON_IMPLEMENT_OPERATOR'
 22947 |     else if(compares_unordered(lhs, rhs))\
       |             ^
/home/zjy/ws/jenkins-home/workspace/iGPU@2/llama.cpp_ci/arthw-llama.cpp/common/./json.hpp:23107:20: note: in instantiation of member function 'nlohmann::operator==' requested here
 23107 |         return lhs == basic_json(rhs);
       |                    ^
/home/zjy/ws/jenkins-home/workspace/iGPU@2/llama.cpp_ci/arthw-llama.cpp/examples/server/server.cpp:1675:48: note: in instantiation of function template specialization 'nlohmann::operator==<slot_state, 0>' requested here
 1675 |                         if (slot_data["state"] == SLOT_STATE_IDLE) {
      |                                                ^
In file included from /home/zjy/ws/jenkins-home/workspace/iGPU@2/llama.cpp_ci/arthw-llama.cpp/examples/server/server.cpp:1:
In file included from /home/zjy/ws/jenkins-home/workspace/iGPU@2/llama.cpp_ci/arthw-llama.cpp/examples/server/utils.hpp:8:
/home/zjy/ws/jenkins-home/workspace/iGPU@2/llama.cpp_ci/arthw-llama.cpp/common/./json.hpp:22963:46: warning: explicit comparison with NaN in fast floating point mode [-Wtautological-constant-compare]
 22963 |                 || (rhs.is_number_float() && std::isnan(rhs.m_data.m_value.number_float) && lhs.is_number()))
       |                                              ^~~~~~~~~~~~~~~~~~~~~~~~~~~~~~~~~~~~~~~~~~~
[ 96%] Linking CXX executable ../bin/test-grammar-integration
[ 96%] Built target test-grammar-integration
3 warnings generated.
[ 96%] Linking CXX executable ../bin/test-backend-ops
[ 96%] Built target test-backend-ops
[ 97%] Linking CXX executable ../../bin/llama-bench
[ 97%] Built target llama-bench
[ 98%] Linking CXX executable ../bin/test-json-schema-to-grammar
[ 98%] Built target test-json-schema-to-grammar
3 warnings generated.
[ 99%] Linking CXX executable ../../bin/llama-server
[ 99%] Built target llama-server
4 warnings generated.
[100%] Linking CXX executable ../bin/test-llama-grammar
[100%] Built target test-llama-grammar

real	3m12.289s
user	6m26.469s
sys	0m10.800s
+ ctest --output-on-failure -L main
Test project /home/zjy/ws/jenkins-home/workspace/iGPU@2/llama.cpp_ci/arthw-llama.cpp/build-ci-release
      Start  1: test-tokenizer-0-llama-spm
 1/22 Test  #1: test-tokenizer-0-llama-spm .......   Passed    0.02 sec
      Start  2: test-tokenizer-0-llama-bpe
 2/22 Test  #2: test-tokenizer-0-llama-bpe .......   Passed    0.33 sec
      Start  3: test-tokenizer-0-phi-3
 3/22 Test  #3: test-tokenizer-0-phi-3 ...........   Passed    0.02 sec
      Start  4: test-tokenizer-0-falcon
 4/22 Test  #4: test-tokenizer-0-falcon ..........   Passed    0.10 sec
      Start  5: test-tokenizer-0-bert-bge
 5/22 Test  #5: test-tokenizer-0-bert-bge ........   Passed    0.02 sec
      Start  6: test-tokenizer-0-starcoder
 6/22 Test  #6: test-tokenizer-0-starcoder .......   Passed    0.07 sec
      Start  7: test-tokenizer-0-gpt-2
 7/22 Test  #7: test-tokenizer-0-gpt-2 ...........   Passed    0.07 sec
      Start  8: test-tokenizer-0-refact
 8/22 Test  #8: test-tokenizer-0-refact ..........   Passed    0.08 sec
      Start  9: test-tokenizer-0-command-r
 9/22 Test  #9: test-tokenizer-0-command-r .......   Passed    0.49 sec
      Start 10: test-tokenizer-0-qwen2
10/22 Test #10: test-tokenizer-0-qwen2 ...........   Passed    0.24 sec
      Start 11: test-tokenizer-1-llama-spm
11/22 Test #11: test-tokenizer-1-llama-spm .......   Passed    0.23 sec
      Start 12: test-quantize-fns
12/22 Test #12: test-quantize-fns ................   Passed   13.56 sec
      Start 13: test-quantize-perf
13/22 Test #13: test-quantize-perf ...............   Passed    3.78 sec
      Start 14: test-sampling
14/22 Test #14: test-sampling ....................   Passed    0.01 sec
      Start 15: test-chat-template
15/22 Test #15: test-chat-template ...............   Passed    0.00 sec
      Start 16: test-grammar-parser
16/22 Test #16: test-grammar-parser ..............   Passed    0.00 sec
      Start 17: test-llama-grammar
17/22 Test #17: test-llama-grammar ...............   Passed    0.00 sec
      Start 18: test-grammar-integration
18/22 Test #18: test-grammar-integration .........   Passed    0.01 sec
      Start 19: test-grad0
19/22 Test #19: test-grad0 .......................   Passed    0.10 sec
      Start 20: test-backend-ops
20/22 Test #20: test-backend-ops .................   Passed    0.00 sec
      Start 21: test-rope
21/22 Test #21: test-rope ........................   Passed    0.03 sec
      Start 24: test-json-schema-to-grammar
22/22 Test #24: test-json-schema-to-grammar ......   Passed    1.52 sec

100% tests passed, 0 tests failed out of 22

Label Time Summary:
main    =  20.70 sec*proc (22 tests)

Total Test time (real) =  20.71 sec

real	0m20.713s
user	0m22.494s
sys	0m0.478s
