+ gg_run_ctest_release
+ cd /home/zjy/ws/jenkins-home/workspace/ci-1250@2/ggerganov-llama.cpp
+ rm -rf build-ci-release
+ tee /home/zjy/ws/jenkins-home/workspace/ci-1250@2/ggerganov-llama.cpp/tmp/ci_log/c0d6f790d07aa78be15584ec394ac20739ade93b/tmp/results/ctest_release.log
+ mkdir build-ci-release
+ cd build-ci-release
+ set -e
+ tee -a /home/zjy/ws/jenkins-home/workspace/ci-1250@2/ggerganov-llama.cpp/tmp/ci_log/c0d6f790d07aa78be15584ec394ac20739ade93b/tmp/results/ctest_release-cmake.log
+ cmake -DCMAKE_BUILD_TYPE=Release -DLLAMA_FATAL_WARNINGS=ON -DLLAMA_SYCL=1 DCMAKE_C_COMPILER=icx -DCMAKE_CXX_COMPILER=icpx -DLLAMA_SYCL_F16=ON ..
CMake Warning:
  Ignoring extra path from command line:

   "/home/zjy/ws/jenkins-home/workspace/ci-1250@2/ggerganov-llama.cpp/build-ci-release/DCMAKE_C_COMPILER=icx"


-- The C compiler identification is GNU 13.3.0
-- The CXX compiler identification is IntelLLVM 2025.0.4
-- Detecting C compiler ABI info
-- Detecting C compiler ABI info - done
-- Check for working C compiler: /usr/bin/cc - skipped
-- Detecting C compile features
-- Detecting C compile features - done
-- Detecting CXX compiler ABI info
-- Detecting CXX compiler ABI info - done
-- Check for working CXX compiler: /opt/intel/oneapi/compiler/2025.0/bin/icpx - skipped
-- Detecting CXX compile features
-- Detecting CXX compile features - done
-- Found Git: /usr/bin/git (found version "2.43.0") 
CMake Warning at CMakeLists.txt:104 (message):
  LLAMA_SYCL is deprecated and will be removed in the future.

  Use GGML_SYCL instead

Call Stack (most recent call first):
  CMakeLists.txt:116 (llama_option_depr)


CMake Warning at CMakeLists.txt:104 (message):
  LLAMA_SYCL_F16 is deprecated and will be removed in the future.

  Use GGML_SYCL_F16 instead

Call Stack (most recent call first):
  CMakeLists.txt:117 (llama_option_depr)


-- Performing Test CMAKE_HAVE_LIBC_PTHREAD
-- Performing Test CMAKE_HAVE_LIBC_PTHREAD - Success
-- Found Threads: TRUE  
-- Warning: ccache not found - consider installing it for faster compilation or disable this warning with GGML_CCACHE=OFF
-- CMAKE_SYSTEM_PROCESSOR: x86_64
-- Including CPU backend
-- Found OpenMP_C: -fopenmp (found version "4.5") 
-- Found OpenMP_CXX: -fiopenmp (found version "5.1") 
-- Found OpenMP: TRUE (found version "4.5")  
-- x86 detected
-- Adding CPU backend variant ggml-cpu: -march=native 
-- Performing Test SUPPORTS_SYCL
-- Performing Test SUPPORTS_SYCL - Success
-- Using oneAPI Release SYCL compiler (icpx).
-- SYCL found
-- DNNL found:1
-- Including SYCL backend
-- Configuring done (1.1s)
-- Generating done (0.1s)
-- Build files have been written to: /home/zjy/ws/jenkins-home/workspace/ci-1250@2/ggerganov-llama.cpp/build-ci-release

real	0m1.225s
user	0m0.671s
sys	0m0.500s
+ tee -a /home/zjy/ws/jenkins-home/workspace/ci-1250@2/ggerganov-llama.cpp/tmp/ci_log/c0d6f790d07aa78be15584ec394ac20739ade93b/tmp/results/ctest_release-make.log
+ make -j
[  0%] Generating build details from Git
[  1%] Building C object examples/gguf-hash/CMakeFiles/xxhash.dir/deps/xxhash/xxhash.c.o
[  2%] Building CXX object ggml/src/CMakeFiles/ggml-base.dir/ggml-backend.cpp.o
[  2%] Building C object ggml/src/CMakeFiles/ggml-base.dir/ggml-alloc.c.o
[  2%] Building CXX object ggml/src/CMakeFiles/ggml-base.dir/ggml-opt.cpp.o
[  3%] Building C object examples/gguf-hash/CMakeFiles/sha1.dir/deps/sha1/sha1.c.o
[  4%] Building C object ggml/src/CMakeFiles/ggml-base.dir/ggml.c.o
[  4%] Building C object examples/gguf-hash/CMakeFiles/sha256.dir/deps/sha256/sha256.c.o
[  5%] Building C object ggml/src/CMakeFiles/ggml-base.dir/ggml-quants.c.o
[  5%] Building CXX object ggml/src/CMakeFiles/ggml-base.dir/ggml-threading.cpp.o
-- Found Git: /usr/bin/git (found version "2.43.0") 
[  5%] Building CXX object common/CMakeFiles/build_info.dir/build-info.cpp.o
[  5%] Built target build_info
[  5%] Built target sha1
[  5%] Built target sha256
[  5%] Built target xxhash
[  6%] Linking CXX shared library libggml-base.so
[  6%] Built target ggml-base
[  6%] Building CXX object ggml/src/CMakeFiles/ggml-cpu.dir/ggml-cpu/ggml-cpu-aarch64.cpp.o
[  6%] Building CXX object ggml/src/ggml-sycl/CMakeFiles/ggml-sycl.dir/dmmv.cpp.o
[  7%] Building CXX object ggml/src/CMakeFiles/ggml-cpu.dir/ggml-cpu/ggml-cpu-traits.cpp.o
[  7%] Building CXX object ggml/src/ggml-sycl/CMakeFiles/ggml-sycl.dir/element_wise.cpp.o
[  7%] Building CXX object ggml/src/ggml-sycl/CMakeFiles/ggml-sycl.dir/conv.cpp.o
[  8%] Building CXX object ggml/src/ggml-sycl/CMakeFiles/ggml-sycl.dir/mmvq.cpp.o
[  9%] Building CXX object ggml/src/CMakeFiles/ggml-cpu.dir/ggml-cpu/ggml-cpu.cpp.o
[  9%] Building C object ggml/src/CMakeFiles/ggml-cpu.dir/ggml-cpu/ggml-cpu.c.o
[ 10%] Building CXX object ggml/src/ggml-sycl/CMakeFiles/ggml-sycl.dir/convert.cpp.o
[ 10%] Building C object ggml/src/CMakeFiles/ggml-cpu.dir/ggml-cpu/ggml-cpu-quants.c.o
[ 11%] Building CXX object ggml/src/CMakeFiles/ggml-cpu.dir/ggml-cpu/ggml-cpu-hbm.cpp.o
[ 12%] Building CXX object ggml/src/ggml-sycl/CMakeFiles/ggml-sycl.dir/ggml-sycl.cpp.o
[ 13%] Building CXX object ggml/src/ggml-sycl/CMakeFiles/ggml-sycl.dir/concat.cpp.o
[ 13%] Building CXX object ggml/src/ggml-sycl/CMakeFiles/ggml-sycl.dir/common.cpp.o
[ 13%] Building CXX object ggml/src/ggml-sycl/CMakeFiles/ggml-sycl.dir/mmq.cpp.o
[ 13%] Building CXX object ggml/src/ggml-sycl/CMakeFiles/ggml-sycl.dir/im2col.cpp.o
[ 14%] Building CXX object ggml/src/CMakeFiles/ggml-cpu.dir/ggml-cpu/amx/amx.cpp.o
[ 15%] Building CXX object ggml/src/ggml-sycl/CMakeFiles/ggml-sycl.dir/outprod.cpp.o
[ 15%] Building CXX object ggml/src/ggml-sycl/CMakeFiles/ggml-sycl.dir/norm.cpp.o
[ 15%] Building CXX object ggml/src/CMakeFiles/ggml-cpu.dir/ggml-cpu/amx/mmq.cpp.o
[ 16%] Building CXX object ggml/src/CMakeFiles/ggml-cpu.dir/ggml-cpu/llamafile/sgemm.cpp.o
[ 17%] Building CXX object ggml/src/ggml-sycl/CMakeFiles/ggml-sycl.dir/softmax.cpp.o
[ 17%] Building CXX object ggml/src/ggml-sycl/CMakeFiles/ggml-sycl.dir/rope.cpp.o
[ 17%] Building CXX object ggml/src/ggml-sycl/CMakeFiles/ggml-sycl.dir/tsembd.cpp.o
[ 18%] Building CXX object ggml/src/ggml-sycl/CMakeFiles/ggml-sycl.dir/wkv6.cpp.o
/home/zjy/ws/jenkins-home/workspace/ci-1250@2/ggerganov-llama.cpp/ggml/src/ggml-sycl/softmax.cpp:235:9: warning: TODO: add ggml_sycl_op_soft_max() F16 src1 support [-W#pragma-messages]
  235 | #pragma message("TODO: add ggml_sycl_op_soft_max() F16 src1 support")
      |         ^
/home/zjy/ws/jenkins-home/workspace/ci-1250@2/ggerganov-llama.cpp/ggml/src/ggml-sycl/softmax.cpp:236:9: warning: ref:  https://github.com/ggerganov/llama.cpp/pull/5021 [-W#pragma-messages]
  236 | #pragma message("ref:  https://github.com/ggerganov/llama.cpp/pull/5021")
      |         ^
2 warnings generated.
In file included from /home/zjy/ws/jenkins-home/workspace/ci-1250@2/ggerganov-llama.cpp/ggml/src/ggml-sycl/ggml-sycl.cpp:35:
In file included from /home/zjy/ws/jenkins-home/workspace/ci-1250@2/ggerganov-llama.cpp/ggml/src/../include/ggml-sycl.h:9:
/home/zjy/ws/jenkins-home/workspace/ci-1250@2/ggerganov-llama.cpp/ggml/src/../include/ggml.h:587:12: warning: 'backend' is deprecated: use the buffer type to find the storage location of the tensor [-Wdeprecated-declarations]
  587 |     struct ggml_tensor {
      |            ^
/home/zjy/ws/jenkins-home/workspace/ci-1250@2/ggerganov-llama.cpp/ggml/src/ggml-sycl/ggml-sycl.cpp:3595:28: note: in implicit copy constructor for 'ggml_tensor' first required here
 3595 |     ggml_tensor src0_row = *src0;
      |                            ^
/home/zjy/ws/jenkins-home/workspace/ci-1250@2/ggerganov-llama.cpp/ggml/src/../include/ggml.h:590:9: note: 'backend' has been explicitly marked deprecated here
  590 |         GGML_DEPRECATED(enum ggml_backend_type backend, "use the buffer type to find the storage location of the tensor");
      |         ^
/home/zjy/ws/jenkins-home/workspace/ci-1250@2/ggerganov-llama.cpp/ggml/src/../include/ggml.h:192:61: note: expanded from macro 'GGML_DEPRECATED'
  192 | #    define GGML_DEPRECATED(func, hint) func __attribute__((deprecated(hint)))
      |                                                             ^
[ 18%] Linking CXX shared library libggml-cpu.so
[ 18%] Built target ggml-cpu
/home/zjy/ws/jenkins-home/workspace/ci-1250@2/ggerganov-llama.cpp/ggml/src/ggml-sycl/softmax.cpp:235:9: warning: TODO: add ggml_sycl_op_soft_max() F16 src1 support [-W#pragma-messages]
  235 | #pragma message("TODO: add ggml_sycl_op_soft_max() F16 src1 support")
      |         ^
/home/zjy/ws/jenkins-home/workspace/ci-1250@2/ggerganov-llama.cpp/ggml/src/ggml-sycl/softmax.cpp:236:9: warning: ref:  https://github.com/ggerganov/llama.cpp/pull/5021 [-W#pragma-messages]
  236 | #pragma message("ref:  https://github.com/ggerganov/llama.cpp/pull/5021")
      |         ^
1 warning generated.
2 warnings generated.
In file included from /home/zjy/ws/jenkins-home/workspace/ci-1250@2/ggerganov-llama.cpp/ggml/src/ggml-sycl/ggml-sycl.cpp:35:
In file included from /home/zjy/ws/jenkins-home/workspace/ci-1250@2/ggerganov-llama.cpp/ggml/src/../include/ggml-sycl.h:9:
/home/zjy/ws/jenkins-home/workspace/ci-1250@2/ggerganov-llama.cpp/ggml/src/../include/ggml.h:587:12: warning: 'backend' is deprecated: use the buffer type to find the storage location of the tensor [-Wdeprecated-declarations]
  587 |     struct ggml_tensor {
      |            ^
/home/zjy/ws/jenkins-home/workspace/ci-1250@2/ggerganov-llama.cpp/ggml/src/ggml-sycl/ggml-sycl.cpp:3595:28: note: in implicit copy constructor for 'ggml_tensor' first required here
 3595 |     ggml_tensor src0_row = *src0;
      |                            ^
/home/zjy/ws/jenkins-home/workspace/ci-1250@2/ggerganov-llama.cpp/ggml/src/../include/ggml.h:590:9: note: 'backend' has been explicitly marked deprecated here
  590 |         GGML_DEPRECATED(enum ggml_backend_type backend, "use the buffer type to find the storage location of the tensor");
      |         ^
/home/zjy/ws/jenkins-home/workspace/ci-1250@2/ggerganov-llama.cpp/ggml/src/../include/ggml.h:192:61: note: expanded from macro 'GGML_DEPRECATED'
  192 | #    define GGML_DEPRECATED(func, hint) func __attribute__((deprecated(hint)))
      |                                                             ^
1 warning generated.
[ 18%] Linking CXX shared library libggml-sycl.so
[ 18%] Built target ggml-sycl
[ 18%] Building CXX object ggml/src/CMakeFiles/ggml.dir/ggml-backend-reg.cpp.o
[ 18%] Linking CXX shared library libggml.so
[ 18%] Built target ggml
[ 19%] Building CXX object src/CMakeFiles/llama.dir/llama-chat.cpp.o
[ 19%] Building CXX object src/CMakeFiles/llama.dir/llama-arch.cpp.o
[ 20%] Building CXX object src/CMakeFiles/llama.dir/llama-hparams.cpp.o
[ 20%] Building CXX object examples/gguf-hash/CMakeFiles/llama-gguf-hash.dir/gguf-hash.cpp.o
[ 21%] Building CXX object src/CMakeFiles/llama.dir/llama.cpp.o
[ 22%] Building CXX object src/CMakeFiles/llama.dir/llama-adapter.cpp.o
[ 22%] Building CXX object examples/gguf/CMakeFiles/llama-gguf.dir/gguf.cpp.o
[ 22%] Building CXX object src/CMakeFiles/llama.dir/llama-batch.cpp.o
[ 23%] Building CXX object src/CMakeFiles/llama.dir/llama-kv-cache.cpp.o
[ 24%] Building CXX object src/CMakeFiles/llama.dir/llama-model-loader.cpp.o
[ 24%] Building CXX object src/CMakeFiles/llama.dir/llama-grammar.cpp.o
[ 24%] Building CXX object src/CMakeFiles/llama.dir/llama-impl.cpp.o
[ 24%] Building CXX object src/CMakeFiles/llama.dir/llama-model.cpp.o
[ 26%] Building CXX object src/CMakeFiles/llama.dir/llama-quant.cpp.o
[ 26%] Building CXX object src/CMakeFiles/llama.dir/llama-context.cpp.o
[ 26%] Building CXX object src/CMakeFiles/llama.dir/llama-mmap.cpp.o
[ 26%] Building CXX object src/CMakeFiles/llama.dir/llama-sampling.cpp.o
[ 27%] Building CXX object src/CMakeFiles/llama.dir/llama-vocab.cpp.o
[ 27%] Building CXX object src/CMakeFiles/llama.dir/unicode.cpp.o
[ 27%] Building CXX object src/CMakeFiles/llama.dir/unicode-data.cpp.o
[ 27%] Linking CXX executable ../../bin/llama-gguf
[ 28%] Linking CXX executable ../../bin/llama-gguf-hash
[ 28%] Built target llama-gguf-hash
[ 28%] Built target llama-gguf
[ 29%] Linking CXX shared library libllama.so
[ 29%] Built target llama
[ 29%] Building CXX object common/CMakeFiles/common.dir/json-schema-to-grammar.cpp.o
[ 29%] Building CXX object examples/quantize-stats/CMakeFiles/llama-quantize-stats.dir/quantize-stats.cpp.o
[ 29%] Building CXX object common/CMakeFiles/common.dir/ngram-cache.cpp.o
[ 29%] Building CXX object examples/simple/CMakeFiles/llama-simple.dir/simple.cpp.o
[ 29%] Building CXX object common/CMakeFiles/common.dir/speculative.cpp.o
[ 30%] Building CXX object common/CMakeFiles/common.dir/arg.cpp.o
[ 31%] Building CXX object common/CMakeFiles/common.dir/console.cpp.o
[ 32%] Building CXX object common/CMakeFiles/common.dir/common.cpp.o
[ 32%] Building CXX object examples/llava/CMakeFiles/llava.dir/llava.cpp.o
[ 32%] Building CXX object examples/simple-chat/CMakeFiles/llama-simple-chat.dir/simple-chat.cpp.o
[ 32%] Building C object tests/CMakeFiles/test-c.dir/test-c.c.o
[ 33%] Building CXX object common/CMakeFiles/common.dir/log.cpp.o
[ 34%] Building CXX object common/CMakeFiles/common.dir/sampling.cpp.o
[ 34%] Building CXX object examples/llava/CMakeFiles/llava.dir/clip.cpp.o
[ 35%] Linking C executable ../bin/test-c
[ 35%] Built target test-c
[ 36%] Linking CXX executable ../../bin/llama-simple
[ 37%] Linking CXX executable ../../bin/llama-simple-chat
[ 37%] Built target llama-simple
[ 37%] Built target llama-simple-chat
[ 37%] Linking CXX executable ../../bin/llama-quantize-stats
[ 37%] Built target llama-quantize-stats
[ 37%] Built target llava
[ 37%] Linking CXX static library libllava_static.a
[ 38%] Linking CXX shared library libllava_shared.so
[ 38%] Built target llava_static
[ 38%] Built target llava_shared
[ 39%] Linking CXX static library libcommon.a
[ 39%] Built target common
[ 40%] Building CXX object tests/CMakeFiles/test-tokenizer-0.dir/test-tokenizer-0.cpp.o
[ 40%] Building CXX object tests/CMakeFiles/test-json-schema-to-grammar.dir/get-model.cpp.o
[ 40%] Building CXX object tests/CMakeFiles/test-sampling.dir/test-sampling.cpp.o
[ 41%] Building CXX object tests/CMakeFiles/test-json-schema-to-grammar.dir/test-json-schema-to-grammar.cpp.o
[ 42%] Building CXX object tests/CMakeFiles/test-grammar-parser.dir/test-grammar-parser.cpp.o
[ 42%] Building CXX object tests/CMakeFiles/test-grammar-parser.dir/get-model.cpp.o
[ 43%] Building CXX object tests/CMakeFiles/test-sampling.dir/get-model.cpp.o
[ 44%] Building CXX object tests/CMakeFiles/test-llama-grammar.dir/test-llama-grammar.cpp.o
[ 44%] Building CXX object tests/CMakeFiles/test-tokenizer-1-bpe.dir/test-tokenizer-1-bpe.cpp.o
[ 45%] Building CXX object tests/CMakeFiles/test-grammar-integration.dir/test-grammar-integration.cpp.o
[ 46%] Building CXX object tests/CMakeFiles/test-chat-template.dir/get-model.cpp.o
[ 47%] Building CXX object tests/CMakeFiles/test-chat-template.dir/test-chat-template.cpp.o
[ 48%] Building CXX object tests/CMakeFiles/test-tokenizer-1-spm.dir/test-tokenizer-1-spm.cpp.o
[ 48%] Building CXX object tests/CMakeFiles/test-grammar-integration.dir/get-model.cpp.o
[ 47%] Building CXX object tests/CMakeFiles/test-log.dir/test-log.cpp.o
[ 49%] Building CXX object tests/CMakeFiles/test-log.dir/get-model.cpp.o
[ 49%] Building CXX object tests/CMakeFiles/test-llama-grammar.dir/get-model.cpp.o
[ 50%] Building CXX object tests/CMakeFiles/test-arg-parser.dir/test-arg-parser.cpp.o
[ 51%] Building CXX object tests/CMakeFiles/test-barrier.dir/test-barrier.cpp.o
[ 51%] Building CXX object tests/CMakeFiles/test-quantize-fns.dir/test-quantize-fns.cpp.o
[ 51%] Building CXX object tests/CMakeFiles/test-model-load-cancel.dir/get-model.cpp.o
[ 51%] Building CXX object tests/CMakeFiles/test-arg-parser.dir/get-model.cpp.o
[ 51%] Building CXX object tests/CMakeFiles/test-autorelease.dir/test-autorelease.cpp.o
[ 51%] Building CXX object tests/CMakeFiles/test-backend-ops.dir/test-backend-ops.cpp.o
[ 52%] Building CXX object tests/CMakeFiles/test-model-load-cancel.dir/test-model-load-cancel.cpp.o
[ 53%] Building CXX object tests/CMakeFiles/test-backend-ops.dir/get-model.cpp.o
[ 53%] Building CXX object tests/CMakeFiles/test-barrier.dir/get-model.cpp.o
[ 55%] Building CXX object tests/CMakeFiles/test-autorelease.dir/get-model.cpp.o
[ 55%] Building CXX object tests/CMakeFiles/test-gguf.dir/get-model.cpp.o
[ 56%] Building CXX object tests/CMakeFiles/test-quantize-fns.dir/get-model.cpp.o
[ 57%] Building CXX object examples/batched-bench/CMakeFiles/llama-batched-bench.dir/batched-bench.cpp.o
[ 57%] Building CXX object examples/batched/CMakeFiles/llama-batched.dir/batched.cpp.o
[ 57%] Building CXX object tests/CMakeFiles/test-gguf.dir/test-gguf.cpp.o
[ 57%] Building CXX object tests/CMakeFiles/test-quantize-perf.dir/test-quantize-perf.cpp.o
[ 57%] Building CXX object tests/CMakeFiles/test-rope.dir/test-rope.cpp.o
[ 57%] Building CXX object tests/CMakeFiles/test-quantize-perf.dir/get-model.cpp.o
[ 57%] Building CXX object tests/CMakeFiles/test-rope.dir/get-model.cpp.o
[ 58%] Building CXX object examples/eval-callback/CMakeFiles/llama-eval-callback.dir/eval-callback.cpp.o
[ 59%] Building CXX object examples/embedding/CMakeFiles/llama-embedding.dir/embedding.cpp.o
[ 59%] Building CXX object examples/gguf-split/CMakeFiles/llama-gguf-split.dir/gguf-split.cpp.o
[ 60%] Building CXX object examples/gbnf-validator/CMakeFiles/llama-gbnf-validator.dir/gbnf-validator.cpp.o
[ 60%] Building CXX object examples/gritlm/CMakeFiles/llama-gritlm.dir/gritlm.cpp.o
[ 60%] Building CXX object examples/infill/CMakeFiles/llama-infill.dir/infill.cpp.o
[ 60%] Building CXX object examples/imatrix/CMakeFiles/llama-imatrix.dir/imatrix.cpp.o
[ 60%] Building CXX object examples/llama-bench/CMakeFiles/llama-bench.dir/llama-bench.cpp.o
[ 61%] Building CXX object examples/lookup/CMakeFiles/llama-lookup-stats.dir/lookup-stats.cpp.o
[ 62%] Building CXX object examples/lookup/CMakeFiles/llama-lookup.dir/lookup.cpp.o
[ 62%] Building CXX object examples/lookahead/CMakeFiles/llama-lookahead.dir/lookahead.cpp.o
[ 62%] Building CXX object examples/parallel/CMakeFiles/llama-parallel.dir/parallel.cpp.o
[ 63%] Building CXX object examples/lookup/CMakeFiles/llama-lookup-merge.dir/lookup-merge.cpp.o
[ 64%] Building CXX object examples/lookup/CMakeFiles/llama-lookup-create.dir/lookup-create.cpp.o
[ 63%] Building CXX object examples/passkey/CMakeFiles/llama-passkey.dir/passkey.cpp.o
[ 64%] Generating loading.html.hpp
[ 64%] Building CXX object examples/main/CMakeFiles/llama-cli.dir/main.cpp.o
[ 65%] Generating index.html.gz.hpp
[ 66%] Building CXX object examples/save-load-state/CMakeFiles/llama-save-load-state.dir/save-load-state.cpp.o
[ 66%] Building CXX object examples/perplexity/CMakeFiles/llama-perplexity.dir/perplexity.cpp.o
[ 66%] Building CXX object examples/tts/CMakeFiles/llama-tts.dir/tts.cpp.o
[ 66%] Building CXX object examples/quantize/CMakeFiles/llama-quantize.dir/quantize.cpp.o
[ 66%] Building CXX object examples/speculative/CMakeFiles/llama-speculative.dir/speculative.cpp.o
[ 67%] Building CXX object examples/run/CMakeFiles/llama-run.dir/run.cpp.o
[ 68%] Building CXX object examples/retrieval/CMakeFiles/llama-retrieval.dir/retrieval.cpp.o
[ 68%] Building CXX object examples/speculative-simple/CMakeFiles/llama-speculative-simple.dir/speculative-simple.cpp.o
[ 68%] Building CXX object examples/tokenize/CMakeFiles/llama-tokenize.dir/tokenize.cpp.o
[ 69%] Building CXX object examples/gen-docs/CMakeFiles/llama-gen-docs.dir/gen-docs.cpp.o
[ 69%] Building CXX object examples/llava/CMakeFiles/llama-llava-cli.dir/llava-cli.cpp.o
[ 69%] Building CXX object examples/cvector-generator/CMakeFiles/llama-cvector-generator.dir/cvector-generator.cpp.o
[ 69%] Building CXX object examples/llava/CMakeFiles/llama-minicpmv-cli.dir/minicpmv-cli.cpp.o
[ 70%] Building CXX object examples/llava/CMakeFiles/llama-qwen2vl-cli.dir/qwen2vl-cli.cpp.o
[ 71%] Building CXX object examples/export-lora/CMakeFiles/llama-export-lora.dir/export-lora.cpp.o
[ 71%] Building CXX object examples/convert-llama2c-to-ggml/CMakeFiles/llama-convert-llama2c-to-ggml.dir/convert-llama2c-to-ggml.cpp.o
[ 71%] Building CXX object pocs/vdot/CMakeFiles/llama-vdot.dir/vdot.cpp.o
[ 72%] Linking CXX executable ../bin/test-model-load-cancel
[ 73%] Building CXX object examples/sycl/CMakeFiles/llama-ls-sycl-device.dir/ls-sycl-device.cpp.o
[ 73%] Building CXX object pocs/vdot/CMakeFiles/llama-q8dot.dir/q8dot.cpp.o
[ 73%] Linking CXX executable ../../bin/llama-ls-sycl-device
[ 73%] Linking CXX executable ../bin/test-log
[ 74%] Linking CXX executable ../bin/test-barrier
[ 74%] Linking CXX executable ../bin/test-autorelease
[ 74%] Built target test-model-load-cancel
[ 74%] Built target llama-ls-sycl-device
[ 75%] Linking CXX executable ../bin/test-rope
[ 75%] Linking CXX executable ../bin/test-quantize-fns
[ 75%] Built target test-barrier
[ 75%] Linking CXX executable ../bin/test-tokenizer-1-bpe
[ 75%] Built target test-rope
[ 75%] Built target test-log
[ 75%] Linking CXX executable ../bin/test-tokenizer-1-spm
[ 75%] Linking CXX executable ../../bin/llama-lookup-create
[ 75%] Linking CXX executable ../../bin/llama-gbnf-validator
[ 75%] Built target test-autorelease
[ 75%] Built target test-tokenizer-1-bpe
[ 75%] Linking CXX executable ../../bin/llama-lookup-merge
[ 76%] Building CXX object examples/server/CMakeFiles/llama-server.dir/server.cpp.o
[ 76%] Built target test-quantize-fns
[ 77%] Linking CXX executable ../../bin/llama-q8dot
[ 78%] Linking CXX executable ../../bin/llama-batched
[ 78%] Linking CXX executable ../../bin/llama-save-load-state
[ 79%] Linking CXX executable ../../bin/llama-batched-bench
[ 79%] Built target test-tokenizer-1-spm
[ 80%] Linking CXX executable ../../bin/llama-speculative-simple
[ 81%] Linking CXX executable ../../bin/llama-gguf-split
[ 82%] Linking CXX executable ../../bin/llama-tokenize
[ 83%] Linking CXX executable ../../bin/llama-minicpmv-cli
[ 83%] Built target llama-lookup-create
[ 83%] Linking CXX executable ../bin/test-llama-grammar
[ 83%] Built target llama-gbnf-validator
[ 83%] Linking CXX executable ../bin/test-tokenizer-0
[ 84%] Linking CXX executable ../../bin/llama-llava-cli
[ 84%] Built target llama-q8dot
[ 84%] Linking CXX executable ../bin/test-grammar-parser
[ 84%] Linking CXX executable ../../bin/llama-embedding
[ 84%] Built target llama-batched-bench
[ 84%] Built target llama-lookup-merge
[ 84%] Linking CXX executable ../bin/test-chat-template
[ 84%] Linking CXX executable ../../bin/llama-vdot
[ 84%] Built target llama-gguf-split
[ 84%] Linking CXX executable ../../bin/llama-eval-callback
[ 84%] Linking CXX executable ../bin/test-sampling
[ 84%] Built target llama-speculative-simple
[ 84%] Built target test-tokenizer-0
[ 84%] Built target llama-tokenize
[ 84%] Built target llama-llava-cli
[ 84%] Linking CXX executable ../../bin/llama-gen-docs
[ 84%] Built target llama-save-load-state
[ 84%] Linking CXX executable ../../bin/llama-qwen2vl-cli
[ 84%] Built target llama-minicpmv-cli
[ 85%] Linking CXX executable ../../bin/llama-parallel
[ 85%] Built target test-llama-grammar
[ 85%] Built target llama-batched
[ 85%] Built target test-grammar-parser
[ 86%] Linking CXX executable ../../bin/llama-gritlm
[ 86%] Built target llama-embedding
[ 86%] Linking CXX executable ../../bin/llama-lookup-stats
[ 87%] Linking CXX executable ../../bin/llama-passkey
[ 87%] Built target llama-vdot
[ 87%] Linking CXX executable ../../bin/llama-export-lora
[ 87%] Linking CXX executable ../../bin/llama-lookup
[ 87%] Built target test-sampling
[ 88%] Linking CXX executable ../../bin/llama-quantize
[ 88%] Built target test-chat-template
[ 89%] Linking CXX executable ../../bin/llama-cli
[ 89%] Built target llama-eval-callback
[ 89%] Built target llama-qwen2vl-cli
[ 89%] Built target llama-lookup-stats
[ 90%] Linking CXX executable ../bin/test-arg-parser
[ 90%] Built target llama-passkey
[ 90%] Built target llama-parallel
[ 90%] Built target llama-gen-docs
[ 90%] Built target llama-gritlm
[ 90%] Linking CXX executable ../bin/test-gguf
[ 90%] Built target llama-lookup
[ 90%] Built target llama-export-lora
[ 90%] Built target llama-quantize
[ 90%] Linking CXX executable ../../bin/llama-lookahead
[ 90%] Built target llama-cli
[ 90%] Built target test-arg-parser
[ 91%] Linking CXX executable ../../bin/llama-infill
[ 91%] Built target test-gguf
[ 92%] Linking CXX executable ../../bin/llama-convert-llama2c-to-ggml
[ 93%] Linking CXX executable ../bin/test-quantize-perf
[ 93%] Linking CXX executable ../../bin/llama-retrieval
[ 93%] Built target llama-lookahead
[ 93%] Built target llama-infill
[ 93%] Built target llama-convert-llama2c-to-ggml
[ 93%] Built target test-quantize-perf
[ 93%] Built target llama-retrieval
[ 93%] Linking CXX executable ../../bin/llama-cvector-generator
[ 94%] Linking CXX executable ../../bin/llama-speculative
[ 95%] Linking CXX executable ../../bin/llama-imatrix
[ 95%] Built target llama-cvector-generator
[ 95%] Built target llama-speculative
[ 95%] Built target llama-imatrix
[ 96%] Linking CXX executable ../../bin/llama-perplexity
[ 96%] Linking CXX executable ../../bin/llama-run
[ 96%] Built target llama-perplexity
[ 96%] Built target llama-run
[ 97%] Linking CXX executable ../../bin/llama-tts
[ 97%] Built target llama-tts
[ 98%] Linking CXX executable ../bin/test-json-schema-to-grammar
[ 99%] Linking CXX executable ../bin/test-grammar-integration
[ 99%] Built target test-json-schema-to-grammar
[ 99%] Built target test-grammar-integration
[100%] Linking CXX executable ../../bin/llama-bench
[100%] Built target llama-bench
[100%] Linking CXX executable ../bin/test-backend-ops
[100%] Built target test-backend-ops
[100%] Linking CXX executable ../../bin/llama-server
[100%] Built target llama-server

real	1m19.925s
user	9m47.715s
sys	0m29.697s
+ '[' -z ']'
+ tee -a /home/zjy/ws/jenkins-home/workspace/ci-1250@2/ggerganov-llama.cpp/tmp/ci_log/c0d6f790d07aa78be15584ec394ac20739ade93b/tmp/results/ctest_release-ctest.log
+ ctest --output-on-failure -L main
Test project /home/zjy/ws/jenkins-home/workspace/ci-1250@2/ggerganov-llama.cpp/build-ci-release
      Start  1: test-tokenizer-0-bert-bge
 1/28 Test  #1: test-tokenizer-0-bert-bge .........   Passed    0.12 sec
      Start  2: test-tokenizer-0-command-r
 2/28 Test  #2: test-tokenizer-0-command-r ........   Passed    0.54 sec
      Start  3: test-tokenizer-0-deepseek-coder
 3/28 Test  #3: test-tokenizer-0-deepseek-coder ...   Passed    0.14 sec
      Start  4: test-tokenizer-0-deepseek-llm
 4/28 Test  #4: test-tokenizer-0-deepseek-llm .....   Passed    0.25 sec
      Start  5: test-tokenizer-0-falcon
 5/28 Test  #5: test-tokenizer-0-falcon ...........   Passed    0.18 sec
      Start  6: test-tokenizer-0-gpt-2
 6/28 Test  #6: test-tokenizer-0-gpt-2 ............   Passed    0.16 sec
      Start  7: test-tokenizer-0-llama-bpe
 7/28 Test  #7: test-tokenizer-0-llama-bpe ........   Passed    0.43 sec
      Start  8: test-tokenizer-0-llama-spm
 8/28 Test  #8: test-tokenizer-0-llama-spm ........   Passed    0.11 sec
      Start  9: test-tokenizer-0-mpt
 9/28 Test  #9: test-tokenizer-0-mpt ..............   Passed    0.16 sec
      Start 10: test-tokenizer-0-phi-3
10/28 Test #10: test-tokenizer-0-phi-3 ............   Passed    0.11 sec
      Start 11: test-tokenizer-0-qwen2
11/28 Test #11: test-tokenizer-0-qwen2 ............   Passed    0.34 sec
      Start 12: test-tokenizer-0-refact
12/28 Test #12: test-tokenizer-0-refact ...........   Passed    0.16 sec
      Start 13: test-tokenizer-0-starcoder
13/28 Test #13: test-tokenizer-0-starcoder ........   Passed    0.17 sec
      Start 14: test-sampling
14/28 Test #14: test-sampling .....................   Passed    1.07 sec
      Start 15: test-grammar-parser
15/28 Test #15: test-grammar-parser ...............   Passed    0.04 sec
      Start 16: test-grammar-integration
16/28 Test #16: test-grammar-integration ..........   Passed    0.04 sec
      Start 17: test-llama-grammar
17/28 Test #17: test-llama-grammar ................   Passed    0.03 sec
      Start 18: test-json-schema-to-grammar
18/28 Test #18: test-json-schema-to-grammar .......   Passed    1.73 sec
      Start 19: test-tokenizer-1-llama-spm
19/28 Test #19: test-tokenizer-1-llama-spm ........   Passed    0.21 sec
      Start 20: test-log
20/28 Test #20: test-log ..........................   Passed    0.05 sec
      Start 21: test-arg-parser
21/28 Test #21: test-arg-parser ...................   Passed    0.11 sec
      Start 22: test-chat-template
22/28 Test #22: test-chat-template ................   Passed    0.03 sec
      Start 23: test-gguf
23/28 Test #23: test-gguf .........................   Passed    0.20 sec
      Start 24: test-backend-ops
24/28 Test #24: test-backend-ops ..................   Passed   25.50 sec
      Start 27: test-barrier
25/28 Test #27: test-barrier ......................   Passed    1.09 sec
      Start 28: test-quantize-fns
26/28 Test #28: test-quantize-fns .................   Passed   14.02 sec
      Start 29: test-quantize-perf
27/28 Test #29: test-quantize-perf ................   Passed    0.08 sec
      Start 30: test-rope
28/28 Test #30: test-rope .........................   Passed    0.08 sec

100% tests passed, 0 tests failed out of 28

Label Time Summary:
main    =  47.16 sec*proc (28 tests)

Total Test time (real) =  47.18 sec

real	0m47.189s
user	0m53.528s
sys	0m9.515s
+ set +e
+ cur=0
+ echo 0
+ set +x
