+ ctest --output-on-failure -L main
Test project /home/zjy/ws/jenkins-home/workspace/ci-1250/ggerganov-llama.cpp/build-ci-release
      Start  1: test-tokenizer-0-bert-bge
 1/30 Test  #1: test-tokenizer-0-bert-bge .........   Passed    0.13 sec
      Start  2: test-tokenizer-0-command-r
 2/30 Test  #2: test-tokenizer-0-command-r ........   Passed    0.43 sec
      Start  3: test-tokenizer-0-deepseek-coder
 3/30 Test  #3: test-tokenizer-0-deepseek-coder ...   Passed    0.13 sec
      Start  4: test-tokenizer-0-deepseek-llm
 4/30 Test  #4: test-tokenizer-0-deepseek-llm .....   Passed    0.22 sec
      Start  5: test-tokenizer-0-falcon
 5/30 Test  #5: test-tokenizer-0-falcon ...........   Passed    0.16 sec
      Start  6: test-tokenizer-0-gpt-2
 6/30 Test  #6: test-tokenizer-0-gpt-2 ............   Passed    0.14 sec
      Start  7: test-tokenizer-0-llama-bpe
 7/30 Test  #7: test-tokenizer-0-llama-bpe ........   Passed    0.30 sec
      Start  8: test-tokenizer-0-llama-spm
 8/30 Test  #8: test-tokenizer-0-llama-spm ........   Passed    0.11 sec
      Start  9: test-tokenizer-0-mpt
 9/30 Test  #9: test-tokenizer-0-mpt ..............   Passed    0.14 sec
      Start 10: test-tokenizer-0-phi-3
10/30 Test #10: test-tokenizer-0-phi-3 ............   Passed    0.11 sec
      Start 11: test-tokenizer-0-qwen2
11/30 Test #11: test-tokenizer-0-qwen2 ............   Passed    0.28 sec
      Start 12: test-tokenizer-0-refact
12/30 Test #12: test-tokenizer-0-refact ...........   Passed    0.14 sec
      Start 13: test-tokenizer-0-starcoder
13/30 Test #13: test-tokenizer-0-starcoder ........   Passed    0.15 sec
      Start 14: test-sampling
14/30 Test #14: test-sampling .....................   Passed    1.09 sec
      Start 15: test-grammar-parser
15/30 Test #15: test-grammar-parser ...............   Passed    0.04 sec
      Start 16: test-grammar-integration
16/30 Test #16: test-grammar-integration ..........   Passed    0.04 sec
      Start 17: test-llama-grammar
17/30 Test #17: test-llama-grammar ................   Passed    0.04 sec
      Start 18: test-chat
18/30 Test #18: test-chat .........................   Passed    0.42 sec
      Start 19: test-json-schema-to-grammar
19/30 Test #19: test-json-schema-to-grammar .......   Passed    1.76 sec
      Start 20: test-tokenizer-1-llama-spm
20/30 Test #20: test-tokenizer-1-llama-spm ........   Passed    0.20 sec
      Start 21: test-log
21/30 Test #21: test-log ..........................   Passed    0.05 sec
      Start 22: test-chat-template
22/30 Test #22: test-chat-template ................   Passed    0.12 sec
      Start 23: test-arg-parser
23/30 Test #23: test-arg-parser ...................Subprocess aborted***Exception:   1.20 sec
error while handling argument "-m": expected value for argument

usage:
-m,    --model FNAME                    model path (default: `models/$filename` with filename from `--hf-file`
                                        or `--model-url` if set, otherwise models/7B/ggml-model-f16.gguf)
                                        (env: LLAMA_ARG_MODEL)


to show complete usage, run with -h
error while handling argument "-ngl": stoi

usage:
-ngl,  --gpu-layers, --n-gpu-layers N   number of layers to store in VRAM
                                        (env: LLAMA_ARG_N_GPU_LAYERS)


to show complete usage, run with -h
error while handling argument "-sm": invalid value

usage:
-sm,   --split-mode {none,layer,row}    how to split the model across multiple GPUs, one of:
                                        - none: use one GPU only
                                        - layer (default): split layers and KV across GPUs
                                        - row: split rows across GPUs
                                        (env: LLAMA_ARG_SPLIT_MODE)


to show complete usage, run with -h
error: invalid argument: --draft
error while handling environment variable "LLAMA_ARG_THREADS": stoi


warn: LLAMA_ARG_MODEL environment variable is set, but will be overwritten by command line argument -m
terminate called after throwing an instance of 'std::runtime_error'
  what():  error: cannot make GET request: Couldn't connect to server

      Start 24: test-gguf
24/30 Test #24: test-gguf .........................   Passed    0.32 sec
      Start 25: test-backend-ops
25/30 Test #25: test-backend-ops ..................   Passed   32.70 sec
      Start 28: test-barrier
26/30 Test #28: test-barrier ......................   Passed    1.11 sec
      Start 29: test-quantize-fns
27/30 Test #29: test-quantize-fns .................   Passed   13.98 sec
      Start 30: test-quantize-perf
28/30 Test #30: test-quantize-perf ................   Passed    0.09 sec
      Start 31: test-rope
29/30 Test #31: test-rope .........................   Passed    0.09 sec
      Start 32: test-mtmd-c-api
30/30 Test #32: test-mtmd-c-api ...................   Passed    0.04 sec

97% tests passed, 1 tests failed out of 30

Label Time Summary:
main    =  55.75 sec*proc (30 tests)

Total Test time (real) =  55.76 sec

The following tests FAILED:
	 23 - test-arg-parser (Subprocess aborted)
Errors while running CTest

real	0m55.766s
user	1m2.484s
sys	0m14.175s
