+ cmake -DCMAKE_BUILD_TYPE=Release -DLLAMA_FATAL_WARNINGS=ON -DLLAMA_SYCL=1 DCMAKE_C_COMPILER=icx -DCMAKE_CXX_COMPILER=icpx -DLLAMA_SYCL_F16=ON ..
CMake Warning:
  Ignoring extra path from command line:

   "/home/zjy/ws/jenkins/workspace/ci-arc770/ggerganov-llama.cpp/build-ci-release/DCMAKE_C_COMPILER=icx"


-- The C compiler identification is GNU 13.2.0
-- The CXX compiler identification is IntelLLVM 2025.0.0
-- Detecting C compiler ABI info
-- Detecting C compiler ABI info - done
-- Check for working C compiler: /usr/bin/cc - skipped
-- Detecting C compile features
-- Detecting C compile features - done
-- Detecting CXX compiler ABI info
-- Detecting CXX compiler ABI info - done
-- Check for working CXX compiler: /opt/intel/oneapi/compiler/2025.0/bin/icpx - skipped
-- Detecting CXX compile features
-- Detecting CXX compile features - done
-- Found Git: /usr/bin/git (found version "2.43.0") 
CMake Warning at CMakeLists.txt:104 (message):
  LLAMA_SYCL is deprecated and will be removed in the future.

  Use GGML_SYCL instead

Call Stack (most recent call first):
  CMakeLists.txt:116 (llama_option_depr)


CMake Warning at CMakeLists.txt:104 (message):
  LLAMA_SYCL_F16 is deprecated and will be removed in the future.

  Use GGML_SYCL_F16 instead

Call Stack (most recent call first):
  CMakeLists.txt:117 (llama_option_depr)


-- Performing Test CMAKE_HAVE_LIBC_PTHREAD
-- Performing Test CMAKE_HAVE_LIBC_PTHREAD - Success
-- Found Threads: TRUE  
-- Warning: ccache not found - consider installing it for faster compilation or disable this warning with GGML_CCACHE=OFF
-- CMAKE_SYSTEM_PROCESSOR: x86_64
-- Including CPU backend
-- Found OpenMP_C: -fopenmp (found version "4.5") 
-- Found OpenMP_CXX: -fiopenmp (found version "5.1") 
-- Found OpenMP: TRUE (found version "4.5")  
-- Adding CPU backend variant ggml-cpu: -march=native 
-- Performing Test SUPPORTS_SYCL
-- Performing Test SUPPORTS_SYCL - Success
-- Using oneAPI Release SYCL compiler (icpx).
-- SYCL found
-- DNNL found:1
-- Including SYCL backend
-- Configuring done (1.9s)
-- Generating done (0.1s)
-- Build files have been written to: /home/zjy/ws/jenkins/workspace/ci-arc770/ggerganov-llama.cpp/build-ci-release

real	0m2.061s
user	0m0.915s
sys	0m0.786s
+ make -j
[  0%] Generating build details from Git
[  1%] Building C object examples/gguf-hash/CMakeFiles/sha256.dir/deps/sha256/sha256.c.o
[  1%] Building C object examples/gguf-hash/CMakeFiles/sha1.dir/deps/sha1/sha1.c.o
[  2%] Building C object examples/gguf-hash/CMakeFiles/xxhash.dir/deps/xxhash/xxhash.c.o
[  2%] Building CXX object ggml/src/CMakeFiles/ggml-base.dir/ggml-opt.cpp.o
-- Found Git: /usr/bin/git (found version "2.43.0") 
[  3%] Building CXX object ggml/src/CMakeFiles/ggml-base.dir/ggml-backend.cpp.o
[  4%] Building CXX object ggml/src/CMakeFiles/ggml-base.dir/ggml-threading.cpp.o
[  4%] Building C object ggml/src/CMakeFiles/ggml-base.dir/ggml-quants.c.o
[  5%] Building C object ggml/src/CMakeFiles/ggml-base.dir/ggml.c.o
[  5%] Building C object ggml/src/CMakeFiles/ggml-base.dir/ggml-alloc.c.o
[  5%] Generating build details from Git
-- Found Git: /usr/bin/git (found version "2.43.0") 
[  6%] Building CXX object common/CMakeFiles/build_info.dir/build-info.cpp.o
[  6%] Built target build_info
[  6%] Built target sha1
[  6%] Built target sha256
[  6%] Built target xxhash
[  7%] Linking CXX shared library libggml-base.so
[  7%] Built target ggml-base
[  7%] Building CXX object ggml/src/ggml-sycl/CMakeFiles/ggml-sycl.dir/ggml-sycl.cpp.o
[  7%] Building C object ggml/src/CMakeFiles/ggml-cpu.dir/ggml-cpu/ggml-cpu.c.o
[  8%] Building CXX object ggml/src/CMakeFiles/ggml-cpu.dir/ggml-cpu/ggml-cpu-hbm.cpp.o
[  9%] Building C object ggml/src/CMakeFiles/ggml-cpu.dir/ggml-cpu/ggml-cpu-quants.c.o
[  9%] Building CXX object ggml/src/ggml-sycl/CMakeFiles/ggml-sycl.dir/conv.cpp.o
[ 10%] Building CXX object ggml/src/ggml-sycl/CMakeFiles/ggml-sycl.dir/dmmv.cpp.o
[ 10%] Building CXX object ggml/src/ggml-sycl/CMakeFiles/ggml-sycl.dir/element_wise.cpp.o
[ 11%] Building CXX object ggml/src/CMakeFiles/ggml-cpu.dir/ggml-cpu/ggml-cpu-traits.cpp.o
[ 13%] Building CXX object ggml/src/CMakeFiles/ggml-cpu.dir/ggml-cpu/amx/mmq.cpp.o
[ 12%] Building CXX object ggml/src/ggml-sycl/CMakeFiles/ggml-sycl.dir/im2col.cpp.o
[ 13%] Building CXX object ggml/src/ggml-sycl/CMakeFiles/ggml-sycl.dir/convert.cpp.o
[ 13%] Building CXX object ggml/src/CMakeFiles/ggml-cpu.dir/ggml-cpu/llamafile/sgemm.cpp.o
[ 14%] Building CXX object ggml/src/ggml-sycl/CMakeFiles/ggml-sycl.dir/common.cpp.o
[ 14%] Building CXX object ggml/src/CMakeFiles/ggml-cpu.dir/ggml-cpu/amx/amx.cpp.o
[ 14%] Building CXX object ggml/src/ggml-sycl/CMakeFiles/ggml-sycl.dir/concat.cpp.o
[ 15%] Building CXX object ggml/src/CMakeFiles/ggml-cpu.dir/ggml-cpu/ggml-cpu.cpp.o
[ 15%] Building CXX object ggml/src/CMakeFiles/ggml-cpu.dir/ggml-cpu/ggml-cpu-aarch64.cpp.o
[ 16%] Building CXX object ggml/src/ggml-sycl/CMakeFiles/ggml-sycl.dir/mmvq.cpp.o
[ 16%] Building CXX object ggml/src/ggml-sycl/CMakeFiles/ggml-sycl.dir/mmq.cpp.o
[ 16%] Building CXX object ggml/src/ggml-sycl/CMakeFiles/ggml-sycl.dir/norm.cpp.o
[ 17%] Building CXX object ggml/src/ggml-sycl/CMakeFiles/ggml-sycl.dir/outprod.cpp.o
[ 17%] Building CXX object ggml/src/ggml-sycl/CMakeFiles/ggml-sycl.dir/rope.cpp.o
[ 17%] Building CXX object ggml/src/ggml-sycl/CMakeFiles/ggml-sycl.dir/tsembd.cpp.o
[ 18%] Building CXX object ggml/src/ggml-sycl/CMakeFiles/ggml-sycl.dir/softmax.cpp.o
[ 19%] Building CXX object ggml/src/ggml-sycl/CMakeFiles/ggml-sycl.dir/wkv6.cpp.o
In file included from /home/zjy/ws/jenkins/workspace/ci-arc770/ggerganov-llama.cpp/ggml/src/ggml-sycl/concat.cpp:13:
In file included from /home/zjy/ws/jenkins/workspace/ci-arc770/ggerganov-llama.cpp/ggml/src/ggml-sycl/concat.hpp:16:
In file included from /home/zjy/ws/jenkins/workspace/ci-arc770/ggerganov-llama.cpp/ggml/src/ggml-sycl/common.hpp:29:
/home/zjy/ws/jenkins/workspace/ci-arc770/ggerganov-llama.cpp/ggml/src/ggml-sycl/../ggml-common.h:171:9: warning: anonymous types declared in an anonymous union are an extension [-Wnested-anon-types]
  171 |         struct {
      |         ^
/home/zjy/ws/jenkins/workspace/ci-arc770/ggerganov-llama.cpp/ggml/src/ggml-sycl/../ggml-common.h:192:9: warning: anonymous types declared in an anonymous union are an extension [-Wnested-anon-types]
  192 |         struct {
      |         ^
/home/zjy/ws/jenkins/workspace/ci-arc770/ggerganov-llama.cpp/ggml/src/ggml-sycl/../ggml-common.h:213:9: warning: anonymous types declared in an anonymous union are an extension [-Wnested-anon-types]
  213 |         struct {
      |         ^
/home/zjy/ws/jenkins/workspace/ci-arc770/ggerganov-llama.cpp/ggml/src/ggml-sycl/../ggml-common.h:254:9: warning: anonymous types declared in an anonymous union are an extension [-Wnested-anon-types]
  254 |         struct {
      |         ^
/home/zjy/ws/jenkins/workspace/ci-arc770/ggerganov-llama.cpp/ggml/src/ggml-sycl/../ggml-common.h:281:9: warning: anonymous types declared in an anonymous union are an extension [-Wnested-anon-types]
  281 |         struct {
      |         ^
/home/zjy/ws/jenkins/workspace/ci-arc770/ggerganov-llama.cpp/ggml/src/ggml-sycl/../ggml-common.h:298:9: warning: anonymous types declared in an anonymous union are an extension [-Wnested-anon-types]
  298 |         struct {
      |         ^
In file included from /home/zjy/ws/jenkins/workspace/ci-arc770/ggerganov-llama.cpp/ggml/src/ggml-sycl/conv.cpp:13:
In file included from /home/zjy/ws/jenkins/workspace/ci-arc770/ggerganov-llama.cpp/ggml/src/ggml-sycl/conv.hpp:16:
In file included from /home/zjy/ws/jenkins/workspace/ci-arc770/ggerganov-llama.cpp/ggml/src/ggml-sycl/common.hpp:29:
/home/zjy/ws/jenkins/workspace/ci-arc770/ggerganov-llama.cpp/ggml/src/ggml-sycl/../ggml-common.h:171:9: warning: anonymous types declared in an anonymous union are an extension [-Wnested-anon-types]
  171 |         struct {
      |         ^
In file included from /home/zjy/ws/jenkins/workspace/ci-arc770/ggerganov-llama.cpp/ggml/src/ggml-sycl/mmvq.cpp:1:
In file included from /home/zjy/ws/jenkins/workspace/ci-arc770/ggerganov-llama.cpp/ggml/src/ggml-sycl/mmvq.hpp:16:
In file included from /home/zjy/ws/jenkins/workspace/ci-arc770/ggerganov-llama.cpp/ggml/src/ggml-sycl/common.hpp:29:
/home/zjy/ws/jenkins/workspace/ci-arc770/ggerganov-llama.cpp/ggml/src/ggml-sycl/../ggml-common.h:171:9: warning: anonymous types declared in an anonymous union are an extension [-Wnested-anon-types]
  171 |         struct {
      |         ^
/home/zjy/ws/jenkins/workspace/ci-arc770/ggerganov-llama.cpp/ggml/src/ggml-sycl/../ggml-common.h:192:9: warning: anonymous types declared in an anonymous union are an extension [-Wnested-anon-types]
  192 |         struct {
      |         ^
/home/zjy/ws/jenkins/workspace/ci-arc770/ggerganov-llama.cpp/ggml/src/ggml-sycl/../ggml-common.h:192:9: warning: anonymous types declared in an anonymous union are an extension [-Wnested-anon-types]
  192 |         struct {
      |         ^
/home/zjy/ws/jenkins/workspace/ci-arc770/ggerganov-llama.cpp/ggml/src/ggml-sycl/../ggml-common.h:213:9: warning: anonymous types declared in an anonymous union are an extension [-Wnested-anon-types]
  213 |         struct {
      |         ^
/home/zjy/ws/jenkins/workspace/ci-arc770/ggerganov-llama.cpp/ggml/src/ggml-sycl/../ggml-common.h:213:9: warning: anonymous types declared in an anonymous union are an extension [-Wnested-anon-types]
  213 |         struct {
      |         ^
/home/zjy/ws/jenkins/workspace/ci-arc770/ggerganov-llama.cpp/ggml/src/ggml-sycl/../ggml-common.h:254:9: warning: anonymous types declared in an anonymous union are an extension [-Wnested-anon-types]
  254 |         struct {
      |         ^
/home/zjy/ws/jenkins/workspace/ci-arc770/ggerganov-llama.cpp/ggml/src/ggml-sycl/../ggml-common.h:254:9: warning: anonymous types declared in an anonymous union are an extension [-Wnested-anon-types]
  254 |         struct {
      |         ^
/home/zjy/ws/jenkins/workspace/ci-arc770/ggerganov-llama.cpp/ggml/src/ggml-sycl/../ggml-common.h:281:9: warning: anonymous types declared in an anonymous union are an extension [-Wnested-anon-types]
  281 |         struct {
      |         ^
/home/zjy/ws/jenkins/workspace/ci-arc770/ggerganov-llama.cpp/ggml/src/ggml-sycl/../ggml-common.h:281:9: warning: anonymous types declared in an anonymous union are an extension [-Wnested-anon-types]
  281 |         struct {
      |         ^
/home/zjy/ws/jenkins/workspace/ci-arc770/ggerganov-llama.cpp/ggml/src/ggml-sycl/../ggml-common.h:298:9: warning: anonymous types declared in an anonymous union are an extension [-Wnested-anon-types]
  298 |         struct {
      |         ^
/home/zjy/ws/jenkins/workspace/ci-arc770/ggerganov-llama.cpp/ggml/src/ggml-sycl/../ggml-common.h:298:9: warning: anonymous types declared in an anonymous union are an extension [-Wnested-anon-types]
  298 |         struct {
      |         ^
In file included from /home/zjy/ws/jenkins/workspace/ci-arc770/ggerganov-llama.cpp/ggml/src/ggml-sycl/im2col.cpp:13:
In file included from /home/zjy/ws/jenkins/workspace/ci-arc770/ggerganov-llama.cpp/ggml/src/ggml-sycl/im2col.hpp:16:
In file included from /home/zjy/ws/jenkins/workspace/ci-arc770/ggerganov-llama.cpp/ggml/src/ggml-sycl/common.hpp:29:
/home/zjy/ws/jenkins/workspace/ci-arc770/ggerganov-llama.cpp/ggml/src/ggml-sycl/../ggml-common.h:171:9: warning: anonymous types declared in an anonymous union are an extension [-Wnested-anon-types]
  171 |         struct {
      |         ^
/home/zjy/ws/jenkins/workspace/ci-arc770/ggerganov-llama.cpp/ggml/src/ggml-sycl/../ggml-common.h:192:9: warning: anonymous types declared in an anonymous union are an extension [-Wnested-anon-types]
  192 |         struct {
      |         ^
/home/zjy/ws/jenkins/workspace/ci-arc770/ggerganov-llama.cpp/ggml/src/ggml-sycl/../ggml-common.h:213:9: warning: anonymous types declared in an anonymous union are an extension [-Wnested-anon-types]
  213 |         struct {
      |         ^
/home/zjy/ws/jenkins/workspace/ci-arc770/ggerganov-llama.cpp/ggml/src/ggml-sycl/../ggml-common.h:254:9: warning: anonymous types declared in an anonymous union are an extension [-Wnested-anon-types]
  254 |         struct {
      |         ^
/home/zjy/ws/jenkins/workspace/ci-arc770/ggerganov-llama.cpp/ggml/src/ggml-sycl/../ggml-common.h:281:9: warning: anonymous types declared in an anonymous union are an extension [-Wnested-anon-types]
  281 |         struct {
      |         ^
/home/zjy/ws/jenkins/workspace/ci-arc770/ggerganov-llama.cpp/ggml/src/ggml-sycl/../ggml-common.h:298:9: warning: anonymous types declared in an anonymous union are an extension [-Wnested-anon-types]
  298 |         struct {
      |         ^
In file included from /home/zjy/ws/jenkins/workspace/ci-arc770/ggerganov-llama.cpp/ggml/src/ggml-sycl/norm.cpp:1:
In file included from /home/zjy/ws/jenkins/workspace/ci-arc770/ggerganov-llama.cpp/ggml/src/ggml-sycl/norm.hpp:16:
In file included from /home/zjy/ws/jenkins/workspace/ci-arc770/ggerganov-llama.cpp/ggml/src/ggml-sycl/common.hpp:29:
/home/zjy/ws/jenkins/workspace/ci-arc770/ggerganov-llama.cpp/ggml/src/ggml-sycl/../ggml-common.h:171:9: warning: anonymous types declared in an anonymous union are an extension [-Wnested-anon-types]
  171 |         struct {
      |         ^
/home/zjy/ws/jenkins/workspace/ci-arc770/ggerganov-llama.cpp/ggml/src/ggml-sycl/../ggml-common.h:192:9: warning: anonymous types declared in an anonymous union are an extension [-Wnested-anon-types]
  192 |         struct {
      |         ^
/home/zjy/ws/jenkins/workspace/ci-arc770/ggerganov-llama.cpp/ggml/src/ggml-sycl/../ggml-common.h:213:9: warning: anonymous types declared in an anonymous union are an extension [-Wnested-anon-types]
  213 |         struct {
      |         ^
/home/zjy/ws/jenkins/workspace/ci-arc770/ggerganov-llama.cpp/ggml/src/ggml-sycl/../ggml-common.h:254:9: warning: anonymous types declared in an anonymous union are an extension [-Wnested-anon-types]
  254 |         struct {
      |         ^
/home/zjy/ws/jenkins/workspace/ci-arc770/ggerganov-llama.cpp/ggml/src/ggml-sycl/../ggml-common.h:281:9: warning: anonymous types declared in an anonymous union are an extension [-Wnested-anon-types]
  281 |         struct {
      |         ^
In file included from /home/zjy/ws/jenkins/workspace/ci-arc770/ggerganov-llama.cpp/ggml/src/ggml-sycl/dmmv.cpp:1:
In file included from /home/zjy/ws/jenkins/workspace/ci-arc770/ggerganov-llama.cpp/ggml/src/ggml-sycl/convert.hpp:16:
In file included from /home/zjy/ws/jenkins/workspace/ci-arc770/ggerganov-llama.cpp/ggml/src/ggml-sycl/common.hpp:29:
/home/zjy/ws/jenkins/workspace/ci-arc770/ggerganov-llama.cpp/ggml/src/ggml-sycl/../ggml-common.h:171:9: warning: anonymous types declared in an anonymous union are an extension [-Wnested-anon-types]
  171 |         struct {
      |         ^
/home/zjy/ws/jenkins/workspace/ci-arc770/ggerganov-llama.cpp/ggml/src/ggml-sycl/../ggml-common.h:192:9: warning: anonymous types declared in an anonymous union are an extension [-Wnested-anon-types]
  192 |         struct {
      |         ^
/home/zjy/ws/jenkins/workspace/ci-arc770/ggerganov-llama.cpp/ggml/src/ggml-sycl/../ggml-common.h:213:9: warning: anonymous types declared in an anonymous union are an extension [-Wnested-anon-types]
  213 |         struct {
      |         ^
/home/zjy/ws/jenkins/workspace/ci-arc770/ggerganov-llama.cpp/ggml/src/ggml-sycl/../ggml-common.h:254:9: warning: anonymous types declared in an anonymous union are an extension [-Wnested-anon-types]
  254 |         struct {
      |         ^
/home/zjy/ws/jenkins/workspace/ci-arc770/ggerganov-llama.cpp/ggml/src/ggml-sycl/../ggml-common.h:281:9: warning: anonymous types declared in an anonymous union are an extension [-Wnested-anon-types]
  281 |         struct {
      |         ^
/home/zjy/ws/jenkins/workspace/ci-arc770/ggerganov-llama.cpp/ggml/src/ggml-sycl/../ggml-common.h:298:9: warning: anonymous types declared in an anonymous union are an extension [-Wnested-anon-types]
  298 |         struct {
      |         ^
/home/zjy/ws/jenkins/workspace/ci-arc770/ggerganov-llama.cpp/ggml/src/ggml-sycl/../ggml-common.h:298:9: warning: anonymous types declared in an anonymous union are an extension [-Wnested-anon-types]
  298 |         struct {
      |         ^
In file included from /home/zjy/ws/jenkins/workspace/ci-arc770/ggerganov-llama.cpp/ggml/src/ggml-sycl/ggml-sycl.cpp:39:
In file included from /home/zjy/ws/jenkins/workspace/ci-arc770/ggerganov-llama.cpp/ggml/src/ggml-sycl/../ggml-sycl/backend.hpp:16:
In file included from /home/zjy/ws/jenkins/workspace/ci-arc770/ggerganov-llama.cpp/ggml/src/ggml-sycl/../ggml-sycl/concat.hpp:16:
In file included from /home/zjy/ws/jenkins/workspace/ci-arc770/ggerganov-llama.cpp/ggml/src/ggml-sycl/../ggml-sycl/common.hpp:29:
/home/zjy/ws/jenkins/workspace/ci-arc770/ggerganov-llama.cpp/ggml/src/ggml-sycl/../ggml-common.h:171:9: warning: anonymous types declared in an anonymous union are an extension [-Wnested-anon-types]
  171 |         struct {
      |         ^
/home/zjy/ws/jenkins/workspace/ci-arc770/ggerganov-llama.cpp/ggml/src/ggml-sycl/../ggml-common.h:192:9: warning: anonymous types declared in an anonymous union are an extension [-Wnested-anon-types]
  192 |         struct {
      |         ^
/home/zjy/ws/jenkins/workspace/ci-arc770/ggerganov-llama.cpp/ggml/src/ggml-sycl/../ggml-common.h:213:9: warning: anonymous types declared in an anonymous union are an extension [-Wnested-anon-types]
  213 |         struct {
      |         ^
/home/zjy/ws/jenkins/workspace/ci-arc770/ggerganov-llama.cpp/ggml/src/ggml-sycl/../ggml-common.h:254:9: warning: anonymous types declared in an anonymous union are an extension [-Wnested-anon-types]
  254 |         struct {
      |         ^
/home/zjy/ws/jenkins/workspace/ci-arc770/ggerganov-llama.cpp/ggml/src/ggml-sycl/../ggml-common.h:281:9: warning: anonymous types declared in an anonymous union are an extension [-Wnested-anon-types]
  281 |         struct {
      |         ^
/home/zjy/ws/jenkins/workspace/ci-arc770/ggerganov-llama.cpp/ggml/src/ggml-sycl/../ggml-common.h:298:9: warning: anonymous types declared in an anonymous union are an extension [-Wnested-anon-types]
  298 |         struct {
      |         ^
In file included from /home/zjy/ws/jenkins/workspace/ci-arc770/ggerganov-llama.cpp/ggml/src/ggml-sycl/common.cpp:13:
In file included from /home/zjy/ws/jenkins/workspace/ci-arc770/ggerganov-llama.cpp/ggml/src/ggml-sycl/common.hpp:29:
/home/zjy/ws/jenkins/workspace/ci-arc770/ggerganov-llama.cpp/ggml/src/ggml-sycl/../ggml-common.h:171:9: warning: anonymous types declared in an anonymous union are an extension [-Wnested-anon-types]
  171 |         struct {
      |         ^
/home/zjy/ws/jenkins/workspace/ci-arc770/ggerganov-llama.cpp/ggml/src/ggml-sycl/../ggml-common.h:192:9: warning: anonymous types declared in an anonymous union are an extension [-Wnested-anon-types]
  192 |         struct {
      |         ^
/home/zjy/ws/jenkins/workspace/ci-arc770/ggerganov-llama.cpp/ggml/src/ggml-sycl/../ggml-common.h:213:9: warning: anonymous types declared in an anonymous union are an extension [-Wnested-anon-types]
  213 |         struct {
      |         ^
/home/zjy/ws/jenkins/workspace/ci-arc770/ggerganov-llama.cpp/ggml/src/ggml-sycl/../ggml-common.h:254:9: warning: anonymous types declared in an anonymous union are an extension [-Wnested-anon-types]
  254 |         struct {
      |         ^
/home/zjy/ws/jenkins/workspace/ci-arc770/ggerganov-llama.cpp/ggml/src/ggml-sycl/../ggml-common.h:281:9: warning: anonymous types declared in an anonymous union are an extension [-Wnested-anon-types]
  281 |         struct {
      |         ^
/home/zjy/ws/jenkins/workspace/ci-arc770/ggerganov-llama.cpp/ggml/src/ggml-sycl/../ggml-common.h:298:9: warning: anonymous types declared in an anonymous union are an extension [-Wnested-anon-types]
  298 |         struct {
      |         ^
In file included from /home/zjy/ws/jenkins/workspace/ci-arc770/ggerganov-llama.cpp/ggml/src/ggml-sycl/tsembd.cpp:13:
In file included from /home/zjy/ws/jenkins/workspace/ci-arc770/ggerganov-llama.cpp/ggml/src/ggml-sycl/tsembd.hpp:16:
In file included from /home/zjy/ws/jenkins/workspace/ci-arc770/ggerganov-llama.cpp/ggml/src/ggml-sycl/common.hpp:29:
/home/zjy/ws/jenkins/workspace/ci-arc770/ggerganov-llama.cpp/ggml/src/ggml-sycl/../ggml-common.h:171:9: warning: anonymous types declared in an anonymous union are an extension [-Wnested-anon-types]
  171 |         struct {
      |         ^
/home/zjy/ws/jenkins/workspace/ci-arc770/ggerganov-llama.cpp/ggml/src/ggml-sycl/../ggml-common.h:192:9: warning: anonymous types declared in an anonymous union are an extension [-Wnested-anon-types]
  192 |         struct {
      |         ^
/home/zjy/ws/jenkins/workspace/ci-arc770/ggerganov-llama.cpp/ggml/src/ggml-sycl/../ggml-common.h:213:9: warning: anonymous types declared in an anonymous union are an extension [-Wnested-anon-types]
  213 |         struct {
      |         ^
/home/zjy/ws/jenkins/workspace/ci-arc770/ggerganov-llama.cpp/ggml/src/ggml-sycl/../ggml-common.h:254:9: warning: anonymous types declared in an anonymous union are an extension [-Wnested-anon-types]
  254 |         struct {
      |         ^
/home/zjy/ws/jenkins/workspace/ci-arc770/ggerganov-llama.cpp/ggml/src/ggml-sycl/../ggml-common.h:281:9: warning: anonymous types declared in an anonymous union are an extension [-Wnested-anon-types]
  281 |         struct {
      |         ^
/home/zjy/ws/jenkins/workspace/ci-arc770/ggerganov-llama.cpp/ggml/src/ggml-sycl/../ggml-common.h:298:9: warning: anonymous types declared in an anonymous union are an extension [-Wnested-anon-types]
  298 |         struct {
      |         ^
In file included from /home/zjy/ws/jenkins/workspace/ci-arc770/ggerganov-llama.cpp/ggml/src/ggml-sycl/rope.cpp:1:
In file included from /home/zjy/ws/jenkins/workspace/ci-arc770/ggerganov-llama.cpp/ggml/src/ggml-sycl/rope.hpp:16:
In file included from /home/zjy/ws/jenkins/workspace/ci-arc770/ggerganov-llama.cpp/ggml/src/ggml-sycl/common.hpp:29:
/home/zjy/ws/jenkins/workspace/ci-arc770/ggerganov-llama.cpp/ggml/src/ggml-sycl/../ggml-common.h:171:9: warning: anonymous types declared in an anonymous union are an extension [-Wnested-anon-types]
  171 |         struct {
      |         ^
/home/zjy/ws/jenkins/workspace/ci-arc770/ggerganov-llama.cpp/ggml/src/ggml-sycl/../ggml-common.h:192:9: warning: anonymous types declared in an anonymous union are an extension [-Wnested-anon-types]
  192 |         struct {
      |         ^
/home/zjy/ws/jenkins/workspace/ci-arc770/ggerganov-llama.cpp/ggml/src/ggml-sycl/../ggml-common.h:213:9: warning: anonymous types declared in an anonymous union are an extension [-Wnested-anon-types]
  213 |         struct {
      |         ^
/home/zjy/ws/jenkins/workspace/ci-arc770/ggerganov-llama.cpp/ggml/src/ggml-sycl/../ggml-common.h:254:9: warning: anonymous types declared in an anonymous union are an extension [-Wnested-anon-types]
  254 |         struct {
      |         ^
/home/zjy/ws/jenkins/workspace/ci-arc770/ggerganov-llama.cpp/ggml/src/ggml-sycl/../ggml-common.h:281:9: warning: anonymous types declared in an anonymous union are an extension [-Wnested-anon-types]
  281 |         struct {
      |         ^
/home/zjy/ws/jenkins/workspace/ci-arc770/ggerganov-llama.cpp/ggml/src/ggml-sycl/../ggml-common.h:298:9: warning: anonymous types declared in an anonymous union are an extension [-Wnested-anon-types]
  298 |         struct {
      |         ^
/home/zjy/ws/jenkins/workspace/ci-arc770/ggerganov-llama.cpp/ggml/src/ggml-sycl/common.cpp:69:36: warning: 'backend' is deprecated: use the buffer type to find the storage location of the tensor [-Wdeprecated-declarations]
   69 |     GGML_ASSERT(!use_src1 || src1->backend != GGML_BACKEND_TYPE_GPU_SPLIT);
      |                                    ^
/home/zjy/ws/jenkins/workspace/ci-arc770/ggerganov-llama.cpp/ggml/src/../include/ggml.h:588:9: note: 'backend' has been explicitly marked deprecated here
  588 |         GGML_DEPRECATED(enum ggml_backend_type backend, "use the buffer type to find the storage location of the tensor");
      |         ^
/home/zjy/ws/jenkins/workspace/ci-arc770/ggerganov-llama.cpp/ggml/src/../include/ggml.h:192:61: note: expanded from macro 'GGML_DEPRECATED'
  192 | #    define GGML_DEPRECATED(func, hint) func __attribute__((deprecated(hint)))
      |                                                             ^
/home/zjy/ws/jenkins/workspace/ci-arc770/ggerganov-llama.cpp/ggml/src/ggml-sycl/common.cpp:70:36: warning: 'backend' is deprecated: use the buffer type to find the storage location of the tensor [-Wdeprecated-declarations]
   70 |     GGML_ASSERT(              dst->backend != GGML_BACKEND_TYPE_GPU_SPLIT);
      |                                    ^
/home/zjy/ws/jenkins/workspace/ci-arc770/ggerganov-llama.cpp/ggml/src/../include/ggml.h:588:9: note: 'backend' has been explicitly marked deprecated here
  588 |         GGML_DEPRECATED(enum ggml_backend_type backend, "use the buffer type to find the storage location of the tensor");
      |         ^
/home/zjy/ws/jenkins/workspace/ci-arc770/ggerganov-llama.cpp/ggml/src/../include/ggml.h:192:61: note: expanded from macro 'GGML_DEPRECATED'
  192 | #    define GGML_DEPRECATED(func, hint) func __attribute__((deprecated(hint)))
      |                                                             ^
/home/zjy/ws/jenkins/workspace/ci-arc770/ggerganov-llama.cpp/ggml/src/ggml-sycl/ggml-sycl.cpp:293:17: warning: 'backend' is deprecated: use the buffer type to find the storage location of the tensor [-Wdeprecated-declarations]
  293 |         tensor->backend = tensor->view_src->backend;
      |                 ^
/home/zjy/ws/jenkins/workspace/ci-arc770/ggerganov-llama.cpp/ggml/src/../include/ggml.h:588:9: note: 'backend' has been explicitly marked deprecated here
  588 |         GGML_DEPRECATED(enum ggml_backend_type backend, "use the buffer type to find the storage location of the tensor");
      |         ^
/home/zjy/ws/jenkins/workspace/ci-arc770/ggerganov-llama.cpp/ggml/src/../include/ggml.h:192:61: note: expanded from macro 'GGML_DEPRECATED'
  192 | #    define GGML_DEPRECATED(func, hint) func __attribute__((deprecated(hint)))
      |                                                             ^
/home/zjy/ws/jenkins/workspace/ci-arc770/ggerganov-llama.cpp/ggml/src/ggml-sycl/ggml-sycl.cpp:293:45: warning: 'backend' is deprecated: use the buffer type to find the storage location of the tensor [-Wdeprecated-declarations]
  293 |         tensor->backend = tensor->view_src->backend;
      |                                             ^
/home/zjy/ws/jenkins/workspace/ci-arc770/ggerganov-llama.cpp/ggml/src/../include/ggml.h:588:9: note: 'backend' has been explicitly marked deprecated here
  588 |         GGML_DEPRECATED(enum ggml_backend_type backend, "use the buffer type to find the storage location of the tensor");
      |         ^
/home/zjy/ws/jenkins/workspace/ci-arc770/ggerganov-llama.cpp/ggml/src/../include/ggml.h:192:61: note: expanded from macro 'GGML_DEPRECATED'
  192 | #    define GGML_DEPRECATED(func, hint) func __attribute__((deprecated(hint)))
      |                                                             ^
In file included from /home/zjy/ws/jenkins/workspace/ci-arc770/ggerganov-llama.cpp/ggml/src/ggml-sycl/softmax.cpp:1:
In file included from /home/zjy/ws/jenkins/workspace/ci-arc770/ggerganov-llama.cpp/ggml/src/ggml-sycl/norm.hpp:16:
In file included from /home/zjy/ws/jenkins/workspace/ci-arc770/ggerganov-llama.cpp/ggml/src/ggml-sycl/common.hpp:29:
/home/zjy/ws/jenkins/workspace/ci-arc770/ggerganov-llama.cpp/ggml/src/ggml-sycl/../ggml-common.h:171:9: warning: anonymous types declared in an anonymous union are an extension [-Wnested-anon-types]
  171 |         struct {
      |         ^
/home/zjy/ws/jenkins/workspace/ci-arc770/ggerganov-llama.cpp/ggml/src/ggml-sycl/../ggml-common.h:192:9: warning: anonymous types declared in an anonymous union are an extension [-Wnested-anon-types]
  192 |         struct {
      |         ^
/home/zjy/ws/jenkins/workspace/ci-arc770/ggerganov-llama.cpp/ggml/src/ggml-sycl/../ggml-common.h:213:9: warning: anonymous types declared in an anonymous union are an extension [-Wnested-anon-types]
  213 |         struct {
      |         ^
/home/zjy/ws/jenkins/workspace/ci-arc770/ggerganov-llama.cpp/ggml/src/ggml-sycl/../ggml-common.h:254:9: warning: anonymous types declared in an anonymous union are an extension [-Wnested-anon-types]
  254 |         struct {
      |         ^
/home/zjy/ws/jenkins/workspace/ci-arc770/ggerganov-llama.cpp/ggml/src/ggml-sycl/../ggml-common.h:281:9: warning: anonymous types declared in an anonymous union are an extension [-Wnested-anon-types]
  281 |         struct {
      |         ^
/home/zjy/ws/jenkins/workspace/ci-arc770/ggerganov-llama.cpp/ggml/src/ggml-sycl/../ggml-common.h:298:9: warning: anonymous types declared in an anonymous union are an extension [-Wnested-anon-types]
  298 |         struct {
      |         ^
/home/zjy/ws/jenkins/workspace/ci-arc770/ggerganov-llama.cpp/ggml/src/ggml-sycl/ggml-sycl.cpp:791:13: warning: 'backend' is deprecated: use the buffer type to find the storage location of the tensor [-Wdeprecated-declarations]
  791 |     tensor->backend = GGML_BACKEND_TYPE_GPU_SPLIT;
      |             ^
/home/zjy/ws/jenkins/workspace/ci-arc770/ggerganov-llama.cpp/ggml/src/../include/ggml.h:588:9: note: 'backend' has been explicitly marked deprecated here
  588 |         GGML_DEPRECATED(enum ggml_backend_type backend, "use the buffer type to find the storage location of the tensor");
      |         ^
/home/zjy/ws/jenkins/workspace/ci-arc770/ggerganov-llama.cpp/ggml/src/../include/ggml.h:192:61: note: expanded from macro 'GGML_DEPRECATED'
  192 | #    define GGML_DEPRECATED(func, hint) func __attribute__((deprecated(hint)))
      |                                                             ^
In file included from /home/zjy/ws/jenkins/workspace/ci-arc770/ggerganov-llama.cpp/ggml/src/ggml-sycl/mmq.cpp:13:
In file included from /home/zjy/ws/jenkins/workspace/ci-arc770/ggerganov-llama.cpp/ggml/src/ggml-sycl/mmq.hpp:16:
In file included from /home/zjy/ws/jenkins/workspace/ci-arc770/ggerganov-llama.cpp/ggml/src/ggml-sycl/common.hpp:29:
/home/zjy/ws/jenkins/workspace/ci-arc770/ggerganov-llama.cpp/ggml/src/ggml-sycl/../ggml-common.h:171:9: warning: anonymous types declared in an anonymous union are an extension [-Wnested-anon-types]
  171 |         struct {
      |         ^
/home/zjy/ws/jenkins/workspace/ci-arc770/ggerganov-llama.cpp/ggml/src/ggml-sycl/../ggml-common.h:192:9: warning: anonymous types declared in an anonymous union are an extension [-Wnested-anon-types]
  192 |         struct {
      |         ^
/home/zjy/ws/jenkins/workspace/ci-arc770/ggerganov-llama.cpp/ggml/src/ggml-sycl/../ggml-common.h:213:9: warning: anonymous types declared in an anonymous union are an extension [-Wnested-anon-types]
  213 |         struct {
      |         ^
/home/zjy/ws/jenkins/workspace/ci-arc770/ggerganov-llama.cpp/ggml/src/ggml-sycl/../ggml-common.h:254:9: warning: anonymous types declared in an anonymous union are an extension [-Wnested-anon-types]
  254 |         struct {
      |         ^
/home/zjy/ws/jenkins/workspace/ci-arc770/ggerganov-llama.cpp/ggml/src/ggml-sycl/../ggml-common.h:281:9: warning: anonymous types declared in an anonymous union are an extension [-Wnested-anon-types]
  281 |         struct {
      |         ^
/home/zjy/ws/jenkins/workspace/ci-arc770/ggerganov-llama.cpp/ggml/src/ggml-sycl/../ggml-common.h:298:9: warning: anonymous types declared in an anonymous union are an extension [-Wnested-anon-types]
  298 |         struct {
      |         ^
In file included from /home/zjy/ws/jenkins/workspace/ci-arc770/ggerganov-llama.cpp/ggml/src/ggml-sycl/outprod.cpp:3:
In file included from /home/zjy/ws/jenkins/workspace/ci-arc770/ggerganov-llama.cpp/ggml/src/ggml-sycl/outprod.hpp:4:
In file included from /home/zjy/ws/jenkins/workspace/ci-arc770/ggerganov-llama.cpp/ggml/src/ggml-sycl/common.hpp:29:
/home/zjy/ws/jenkins/workspace/ci-arc770/ggerganov-llama.cpp/ggml/src/ggml-sycl/../ggml-common.h:171:9: warning: anonymous types declared in an anonymous union are an extension [-Wnested-anon-types]
  171 |         struct {
      |         ^
/home/zjy/ws/jenkins/workspace/ci-arc770/ggerganov-llama.cpp/ggml/src/ggml-sycl/../ggml-common.h:192:9: warning: anonymous types declared in an anonymous union are an extension [-Wnested-anon-types]
  192 |         struct {
      |         ^
/home/zjy/ws/jenkins/workspace/ci-arc770/ggerganov-llama.cpp/ggml/src/ggml-sycl/../ggml-common.h:213:9: warning: anonymous types declared in an anonymous union are an extension [-Wnested-anon-types]
  213 |         struct {
      |         ^
/home/zjy/ws/jenkins/workspace/ci-arc770/ggerganov-llama.cpp/ggml/src/ggml-sycl/../ggml-common.h:254:9: warning: anonymous types declared in an anonymous union are an extension [-Wnested-anon-types]
  254 |         struct {
      |         ^
/home/zjy/ws/jenkins/workspace/ci-arc770/ggerganov-llama.cpp/ggml/src/ggml-sycl/../ggml-common.h:281:9: warning: anonymous types declared in an anonymous union are an extension [-Wnested-anon-types]
  281 |         struct {
      |         ^
/home/zjy/ws/jenkins/workspace/ci-arc770/ggerganov-llama.cpp/ggml/src/ggml-sycl/../ggml-common.h:298:9: warning: anonymous types declared in an anonymous union are an extension [-Wnested-anon-types]
  298 |         struct {
      |         ^
In file included from /home/zjy/ws/jenkins/workspace/ci-arc770/ggerganov-llama.cpp/ggml/src/ggml-sycl/element_wise.cpp:1:
In file included from /home/zjy/ws/jenkins/workspace/ci-arc770/ggerganov-llama.cpp/ggml/src/ggml-sycl/common.hpp:29:
/home/zjy/ws/jenkins/workspace/ci-arc770/ggerganov-llama.cpp/ggml/src/ggml-sycl/../ggml-common.h:171:9: warning: anonymous types declared in an anonymous union are an extension [-Wnested-anon-types]
  171 |         struct {
      |         ^
/home/zjy/ws/jenkins/workspace/ci-arc770/ggerganov-llama.cpp/ggml/src/ggml-sycl/../ggml-common.h:192:9: warning: anonymous types declared in an anonymous union are an extension [-Wnested-anon-types]
  192 |         struct {
      |         ^
/home/zjy/ws/jenkins/workspace/ci-arc770/ggerganov-llama.cpp/ggml/src/ggml-sycl/../ggml-common.h:213:9: warning: anonymous types declared in an anonymous union are an extension [-Wnested-anon-types]
  213 |         struct {
      |         ^
/home/zjy/ws/jenkins/workspace/ci-arc770/ggerganov-llama.cpp/ggml/src/ggml-sycl/../ggml-common.h:254:9: warning: anonymous types declared in an anonymous union are an extension [-Wnested-anon-types]
  254 |         struct {
      |         ^
/home/zjy/ws/jenkins/workspace/ci-arc770/ggerganov-llama.cpp/ggml/src/ggml-sycl/../ggml-common.h:281:9: warning: anonymous types declared in an anonymous union are an extension [-Wnested-anon-types]
  281 |         struct {
      |         ^
/home/zjy/ws/jenkins/workspace/ci-arc770/ggerganov-llama.cpp/ggml/src/ggml-sycl/../ggml-common.h:298:9: warning: anonymous types declared in an anonymous union are an extension [-Wnested-anon-types]
  298 |         struct {
      |         ^
/home/zjy/ws/jenkins/workspace/ci-arc770/ggerganov-llama.cpp/ggml/src/ggml-sycl/softmax.cpp:235:9: warning: TODO: add ggml_sycl_op_soft_max() F16 src1 support [-W#pragma-messages]
  235 | #pragma message("TODO: add ggml_sycl_op_soft_max() F16 src1 support")
      |         ^
/home/zjy/ws/jenkins/workspace/ci-arc770/ggerganov-llama.cpp/ggml/src/ggml-sycl/softmax.cpp:236:9: warning: ref:  https://github.com/ggerganov/llama.cpp/pull/5021 [-W#pragma-messages]
  236 | #pragma message("ref:  https://github.com/ggerganov/llama.cpp/pull/5021")
      |         ^
In file included from In file included from /home/zjy/ws/jenkins/workspace/ci-arc770/ggerganov-llama.cpp/ggml/src/ggml-sycl/convert.cpp:1:
In file included from /home/zjy/ws/jenkins/workspace/ci-arc770/ggerganov-llama.cpp/ggml/src/ggml-sycl/convert.hpp:16:
In file included from /home/zjy/ws/jenkins/workspace/ci-arc770/ggerganov-llama.cpp/ggml/src/ggml-sycl/common.hpp:29:
/home/zjy/ws/jenkins/workspace/ci-arc770/ggerganov-llama.cpp/ggml/src/ggml-sycl/../ggml-common.h:171:9: warning: anonymous types declared in an anonymous union are an extension [-Wnested-anon-types]
  171 |         struct {
      |         ^
/home/zjy/ws/jenkins/workspace/ci-arc770/ggerganov-llama.cpp/ggml/src/ggml-sycl/wkv6.cpp:2:
In file included from /home/zjy/ws/jenkins/workspace/ci-arc770/ggerganov-llama.cpp/ggml/src/ggml-sycl/wkv6.hpp:4:
In file included from /home/zjy/ws/jenkins/workspace/ci-arc770/ggerganov-llama.cpp/ggml/src/ggml-sycl/common.hpp:29:
/home/zjy/ws/jenkins/workspace/ci-arc770/ggerganov-llama.cpp/ggml/src/ggml-sycl/../ggml-common.h:171:9: warning: anonymous types declared in an anonymous union are an extension [-Wnested-anon-types]
  171 |         struct {
      |         ^
/home/zjy/ws/jenkins/workspace/ci-arc770/ggerganov-llama.cpp/ggml/src/ggml-sycl/../ggml-common.h:192:9: warning: anonymous types declared in an anonymous union are an extension [-Wnested-anon-types]
  192 |         struct {
      |         ^
/home/zjy/ws/jenkins/workspace/ci-arc770/ggerganov-llama.cpp/ggml/src/ggml-sycl/../ggml-common.h:192:9: warning: anonymous types declared in an anonymous union are an extension [-Wnested-anon-types]
  192 |         struct/home/zjy/ws/jenkins/workspace/ci-arc770/ggerganov-llama.cpp/ggml/src/ggml-sycl/../ggml-common.h:213:9: warning: anonymous types declared in an anonymous union are an extension [-Wnested-anon-types]
   {
      |         ^
213 |         struct {
      |         ^
/home/zjy/ws/jenkins/workspace/ci-arc770/ggerganov-llama.cpp/ggml/src/ggml-sycl/../ggml-common.h:213:9: warning: anonymous types declared in an anonymous union are an extension [-Wnested-anon-types]
  213 |         struct {
      |         ^
/home/zjy/ws/jenkins/workspace/ci-arc770/ggerganov-llama.cpp/ggml/src/ggml-sycl/../ggml-common.h:254:9: warning: anonymous types declared in an anonymous union are an extension [-Wnested-anon-types]
  254 |         struct {
      |         ^
/home/zjy/ws/jenkins/workspace/ci-arc770/ggerganov-llama.cpp/ggml/src/ggml-sycl/../ggml-common.h:254:9: warning: anonymous types declared in an anonymous union are an extension [-Wnested-anon-types]
  254 |         struct {
      |         ^
/home/zjy/ws/jenkins/workspace/ci-arc770/ggerganov-llama.cpp/ggml/src/ggml-sycl/../ggml-common.h:281:9: warning: anonymous types declared in an anonymous union are an extension [-Wnested-anon-types]
  281 |         struct {
      |         ^
/home/zjy/ws/jenkins/workspace/ci-arc770/ggerganov-llama.cpp/ggml/src/ggml-sycl/../ggml-common.h:298:9: warning: anonymous types declared in an anonymous union are an extension [-Wnested-anon-types]
  298 |         struct {
      |         ^
/home/zjy/ws/jenkins/workspace/ci-arc770/ggerganov-llama.cpp/ggml/src/ggml-sycl/../ggml-common.h:281:9: warning: anonymous types declared in an anonymous union are an extension [-Wnested-anon-types]
  281 |         struct {
      |         ^
/home/zjy/ws/jenkins/workspace/ci-arc770/ggerganov-llama.cpp/ggml/src/ggml-sycl/../ggml-common.h:298:9: warning: anonymous types declared in an anonymous union are an extension [-Wnested-anon-types]
  298 |         struct {
      |         ^
/home/zjy/ws/jenkins/workspace/ci-arc770/ggerganov-llama.cpp/ggml/src/ggml-sycl/ggml-sycl.cpp:2352:14: warning: 'backend' is deprecated: use the buffer type to find the storage location of the tensor [-Wdeprecated-declarations]
 2352 |     if (src->backend == GGML_BACKEND_TYPE_CPU) {
      |              ^
/home/zjy/ws/jenkins/workspace/ci-arc770/ggerganov-llama.cpp/ggml/src/../include/ggml.h:588:9: note: 'backend' has been explicitly marked deprecated here
  588 |         GGML_DEPRECATED(enum ggml_backend_type backend, "use the buffer type to find the storage location of the tensor");
      |         ^
/home/zjy/ws/jenkins/workspace/ci-arc770/ggerganov-llama.cpp/ggml/src/../include/ggml.h:192:61: note: expanded from macro 'GGML_DEPRECATED'
  192 | #    define GGML_DEPRECATED(func, hint) func __attribute__((deprecated(hint)))
      |                                                             ^
/home/zjy/ws/jenkins/workspace/ci-arc770/ggerganov-llama.cpp/ggml/src/ggml-sycl/ggml-sycl.cpp:2356:21: warning: 'backend' is deprecated: use the buffer type to find the storage location of the tensor [-Wdeprecated-declarations]
 2356 |     } else if (src->backend == GGML_BACKEND_TYPE_GPU || src->backend == GGML_BACKEND_TYPE_GPU_SPLIT) {
      |                     ^
/home/zjy/ws/jenkins/workspace/ci-arc770/ggerganov-llama.cpp/ggml/src/../include/ggml.h:588:9: note: 'backend' has been explicitly marked deprecated here
  588 |         GGML_DEPRECATED(enum ggml_backend_type backend, "use the buffer type to find the storage location of the tensor");
      |         ^
/home/zjy/ws/jenkins/workspace/ci-arc770/ggerganov-llama.cpp/ggml/src/../include/ggml.h:192:61: note: expanded from macro 'GGML_DEPRECATED'
  192 | #    define GGML_DEPRECATED(func, hint) func __attribute__((deprecated(hint)))
      |                                                             ^
/home/zjy/ws/jenkins/workspace/ci-arc770/ggerganov-llama.cpp/ggml/src/ggml-sycl/ggml-sycl.cpp:2356:62: warning: 'backend' is deprecated: use the buffer type to find the storage location of the tensor [-Wdeprecated-declarations]
 2356 |     } else if (src->backend == GGML_BACKEND_TYPE_GPU || src->backend == GGML_BACKEND_TYPE_GPU_SPLIT) {
      |                                                              ^
/home/zjy/ws/jenkins/workspace/ci-arc770/ggerganov-llama.cpp/ggml/src/../include/ggml.h:588:9: note: 'backend' has been explicitly marked deprecated here
  588 |         GGML_DEPRECATED(enum ggml_backend_type backend, "use the buffer type to find the storage location of the tensor");
      |         ^
/home/zjy/ws/jenkins/workspace/ci-arc770/ggerganov-llama.cpp/ggml/src/../include/ggml.h:192:61: note: expanded from macro 'GGML_DEPRECATED'
  192 | #    define GGML_DEPRECATED(func, hint) func __attribute__((deprecated(hint)))
      |                                                             ^
/home/zjy/ws/jenkins/workspace/ci-arc770/ggerganov-llama.cpp/ggml/src/ggml-sycl/ggml-sycl.cpp:2357:26: warning: 'backend' is deprecated: use the buffer type to find the storage location of the tensor [-Wdeprecated-declarations]
 2357 |         GGML_ASSERT(src->backend != GGML_BACKEND_TYPE_GPU_SPLIT || (i1_low == 0 && i1_high == src->ne[1]));
      |                          ^
/home/zjy/ws/jenkins/workspace/ci-arc770/ggerganov-llama.cpp/ggml/src/../include/ggml.h:588:9: note: 'backend' has been explicitly marked deprecated here
  588 |         GGML_DEPRECATED(enum ggml_backend_type backend, "use the buffer type to find the storage location of the tensor");
      |         ^
/home/zjy/ws/jenkins/workspace/ci-arc770/ggerganov-llama.cpp/ggml/src/../include/ggml.h:192:61: note: expanded from macro 'GGML_DEPRECATED'
  192 | #    define GGML_DEPRECATED(func, hint) func __attribute__((deprecated(hint)))
      |                                                             ^
/home/zjy/ws/jenkins/workspace/ci-arc770/ggerganov-llama.cpp/ggml/src/ggml-sycl/ggml-sycl.cpp:2860:22: warning: 'backend' is deprecated: use the buffer type to find the storage location of the tensor [-Wdeprecated-declarations]
 2860 |     GGML_ASSERT(dst->backend != GGML_BACKEND_TYPE_GPU_SPLIT);
      |                      ^
/home/zjy/ws/jenkins/workspace/ci-arc770/ggerganov-llama.cpp/ggml/src/../include/ggml.h:588:9: note: 'backend' has been explicitly marked deprecated here
  588 |         GGML_DEPRECATED(enum ggml_backend_type backend, "use the buffer type to find the storage location of the tensor");
      |         ^
/home/zjy/ws/jenkins/workspace/ci-arc770/ggerganov-llama.cpp/ggml/src/../include/ggml.h:192:61: note: expanded from macro 'GGML_DEPRECATED'
  192 | #    define GGML_DEPRECATED(func, hint) func __attribute__((deprecated(hint)))
      |                                                             ^
/home/zjy/ws/jenkins/workspace/ci-arc770/ggerganov-llama.cpp/ggml/src/ggml-sycl/ggml-sycl.cpp:2861:23: warning: 'backend' is deprecated: use the buffer type to find the storage location of the tensor [-Wdeprecated-declarations]
 2861 |     GGML_ASSERT(src1->backend != GGML_BACKEND_TYPE_GPU_SPLIT);
      |                       ^
/home/zjy/ws/jenkins/workspace/ci-arc770/ggerganov-llama.cpp/ggml/src/../include/ggml.h:588:9: note: 'backend' has been explicitly marked deprecated here
  588 |         GGML_DEPRECATED(enum ggml_backend_type backend, "use the buffer type to find the storage location of the tensor");
      |         ^
/home/zjy/ws/jenkins/workspace/ci-arc770/ggerganov-llama.cpp/ggml/src/../include/ggml.h:192:61: note: expanded from macro 'GGML_DEPRECATED'
  192 | #    define GGML_DEPRECATED(func, hint) func __attribute__((deprecated(hint)))
      |                                                             ^
/home/zjy/ws/jenkins/workspace/ci-arc770/ggerganov-llama.cpp/ggml/src/ggml-sycl/ggml-sycl.cpp:2881:30: warning: 'backend' is deprecated: use the buffer type to find the storage location of the tensor [-Wdeprecated-declarations]
 2881 |     const bool split = src0->backend == GGML_BACKEND_TYPE_GPU_SPLIT;
      |                              ^
/home/zjy/ws/jenkins/workspace/ci-arc770/ggerganov-llama.cpp/ggml/src/../include/ggml.h:588:9: note: 'backend' has been explicitly marked deprecated here
  588 |         GGML_DEPRECATED(enum ggml_backend_type backend, "use the buffer type to find the storage location of the tensor");
      |         ^
/home/zjy/ws/jenkins/workspace/ci-arc770/ggerganov-llama.cpp/ggml/src/../include/ggml.h:192:61: note: expanded from macro 'GGML_DEPRECATED'
  192 | #    define GGML_DEPRECATED(func, hint) func __attribute__((deprecated(hint)))
      |                                                             ^
/home/zjy/ws/jenkins/workspace/ci-arc770/ggerganov-llama.cpp/ggml/src/ggml-sycl/wkv6.cpp:134:46: warning: 'get_pointer' is deprecated: local_accessor::get_pointer() is deprecated, please use get_multi_ptr() [-Wdeprecated-declarations]
  134 |                     item_ct1, shared_mem_acc.get_pointer()
      |                                              ^
/opt/intel/oneapi/compiler/2025.0/bin/compiler/../../include/sycl/accessor.hpp:2574:3: note: 'get_pointer' has been explicitly marked deprecated here
 2574 |   __SYCL2020_DEPRECATED(
      |   ^
/opt/intel/oneapi/compiler/2025.0/bin/compiler/../../include/sycl/detail/defines_elementary.hpp:62:40: note: expanded from macro '__SYCL2020_DEPRECATED'
   62 | #define __SYCL2020_DEPRECATED(message) __SYCL_DEPRECATED(message)
      |                                        ^
/opt/intel/oneapi/compiler/2025.0/bin/compiler/../../include/sycl/detail/defines_elementary.hpp:53:38: note: expanded from macro '__SYCL_DEPRECATED'
   53 | #define __SYCL_DEPRECATED(message) [[deprecated(message)]]
      |                                      ^
/home/zjy/ws/jenkins/workspace/ci-arc770/ggerganov-llama.cpp/ggml/src/ggml-sycl/ggml-sycl.cpp:3201:23: warning: 'backend' is deprecated: use the buffer type to find the storage location of the tensor [-Wdeprecated-declarations]
 3201 |     GGML_ASSERT(src0->backend != GGML_BACKEND_TYPE_GPU_SPLIT);
      |                       ^
/home/zjy/ws/jenkins/workspace/ci-arc770/ggerganov-llama.cpp/ggml/src/../include/ggml.h:588:9: note: 'backend' has been explicitly marked deprecated here
  588 |         GGML_DEPRECATED(enum ggml_backend_type backend, "use the buffer type to find the storage location of the tensor");
      |         ^
/home/zjy/ws/jenkins/workspace/ci-arc770/ggerganov-llama.cpp/ggml/src/../include/ggml.h:192:61: note: expanded from macro 'GGML_DEPRECATED'
  192 | #    define GGML_DEPRECATED(func, hint) func __attribute__((deprecated(hint)))
      |                                                             ^
/home/zjy/ws/jenkins/workspace/ci-arc770/ggerganov-llama.cpp/ggml/src/ggml-sycl/ggml-sycl.cpp:3234:23: warning: 'backend' is deprecated: use the buffer type to find the storage location of the tensor [-Wdeprecated-declarations]
 3234 |     GGML_ASSERT(src0->backend != GGML_BACKEND_TYPE_GPU_SPLIT);
      |                       ^
/home/zjy/ws/jenkins/workspace/ci-arc770/ggerganov-llama.cpp/ggml/src/../include/ggml.h:588:9: note: 'backend' has been explicitly marked deprecated here
  588 |         GGML_DEPRECATED(enum ggml_backend_type backend, "use the buffer type to find the storage location of the tensor");
      |         ^
/home/zjy/ws/jenkins/workspace/ci-arc770/ggerganov-llama.cpp/ggml/src/../include/ggml.h:192:61: note: expanded from macro 'GGML_DEPRECATED'
  192 | #    define GGML_DEPRECATED(func, hint) func __attribute__((deprecated(hint)))
      |                                                             ^
/home/zjy/ws/jenkins/workspace/ci-arc770/ggerganov-llama.cpp/ggml/src/ggml-sycl/ggml-sycl.cpp:3296:23: warning: 'backend' is deprecated: use the buffer type to find the storage location of the tensor [-Wdeprecated-declarations]
 3296 |     GGML_ASSERT(src0->backend != GGML_BACKEND_TYPE_GPU_SPLIT);
      |                       ^
/home/zjy/ws/jenkins/workspace/ci-arc770/ggerganov-llama.cpp/ggml/src/../include/ggml.h:588:9: note: 'backend' has been explicitly marked deprecated here
  588 |         GGML_DEPRECATED(enum ggml_backend_type backend, "use the buffer type to find the storage location of the tensor");
      |         ^
/home/zjy/ws/jenkins/workspace/ci-arc770/ggerganov-llama.cpp/ggml/src/../include/ggml.h:192:61: note: expanded from macro 'GGML_DEPRECATED'
  192 | #    define GGML_DEPRECATED(func, hint) func __attribute__((deprecated(hint)))
      |                                                             ^
/home/zjy/ws/jenkins/workspace/ci-arc770/ggerganov-llama.cpp/ggml/src/../include/ggml.h:585:12: warning: 'backend' is deprecated: use the buffer type to find the storage location of the tensor [-Wdeprecated-declarations]
  585 |     struct ggml_tensor {
      |            ^
/home/zjy/ws/jenkins/workspace/ci-arc770/ggerganov-llama.cpp/ggml/src/ggml-sycl/ggml-sycl.cpp:3588:28: note: in implicit copy constructor for 'ggml_tensor' first required here
 3588 |     ggml_tensor src0_row = *src0;
      |                            ^
/home/zjy/ws/jenkins/workspace/ci-arc770/ggerganov-llama.cpp/ggml/src/../include/ggml.h:588:9: note: 'backend' has been explicitly marked deprecated here
  588 |         GGML_DEPRECATED(enum ggml_backend_type backend, "use the buffer type to find the storage location of the tensor");
      |         ^
/home/zjy/ws/jenkins/workspace/ci-arc770/ggerganov-llama.cpp/ggml/src/../include/ggml.h:192:61: note: expanded from macro 'GGML_DEPRECATED'
  192 | #    define GGML_DEPRECATED(func, hint) func __attribute__((deprecated(hint)))
      |                                                             ^
6 warnings generated.
6 warnings generated.
6 warnings generated.
6 warnings generated.
6 warnings generated.
8 warnings generated.
6 warnings generated.
6 warnings generated.
6 warnings generated.
8 warnings generated.
7 warnings generated.
6 warnings generated.
6 warnings generated.
6 warnings generated.
6 warnings generated.
20 warnings generated.
[ 20%] Linking CXX shared library libggml-cpu.so
[ 20%] Built target ggml-cpu
In file included from /home/zjy/ws/jenkins/workspace/ci-arc770/ggerganov-llama.cpp/ggml/src/ggml-sycl/im2col.cpp:13:
In file included from /home/zjy/ws/jenkins/workspace/ci-arc770/ggerganov-llama.cpp/ggml/src/ggml-sycl/im2col.hpp:16:
In file included from /home/zjy/ws/jenkins/workspace/ci-arc770/ggerganov-llama.cpp/ggml/src/ggml-sycl/common.hpp:29:
/home/zjy/ws/jenkins/workspace/ci-arc770/ggerganov-llama.cpp/ggml/src/ggml-sycl/../ggml-common.h:171:9: warning: anonymous types declared in an anonymous union are an extension [-Wnested-anon-types]
  171 |         struct {
      |         ^
/home/zjy/ws/jenkins/workspace/ci-arc770/ggerganov-llama.cpp/ggml/src/ggml-sycl/../ggml-common.h:192:9: warning: anonymous types declared in an anonymous union are an extension [-Wnested-anon-types]
  192 |         struct {
      |         ^
/home/zjy/ws/jenkins/workspace/ci-arc770/ggerganov-llama.cpp/ggml/src/ggml-sycl/../ggml-common.h:213:9: warning: anonymous types declared in an anonymous union are an extension [-Wnested-anon-types]
  213 |         struct {
      |         ^
/home/zjy/ws/jenkins/workspace/ci-arc770/ggerganov-llama.cpp/ggml/src/ggml-sycl/../ggml-common.h:254:9: warning: anonymous types declared in an anonymous union are an extension [-Wnested-anon-types]
  254 |         struct {
      |         ^
/home/zjy/ws/jenkins/workspace/ci-arc770/ggerganov-llama.cpp/ggml/src/ggml-sycl/../ggml-common.h:281:9: warning: anonymous types declared in an anonymous union are an extension [-Wnested-anon-types]
  281 |         struct {
      |         ^
/home/zjy/ws/jenkins/workspace/ci-arc770/ggerganov-llama.cpp/ggml/src/ggml-sycl/../ggml-common.h:298:9: warning: anonymous types declared in an anonymous union are an extension [-Wnested-anon-types]
  298 |         struct {
      |         ^
In file included from /home/zjy/ws/jenkins/workspace/ci-arc770/ggerganov-llama.cpp/ggml/src/ggml-sycl/conv.cpp:13:
In file included from /home/zjy/ws/jenkins/workspace/ci-arc770/ggerganov-llama.cpp/ggml/src/ggml-sycl/conv.hpp:16:
In file included from /home/zjy/ws/jenkins/workspace/ci-arc770/ggerganov-llama.cpp/ggml/src/ggml-sycl/common.hpp:29:
/home/zjy/ws/jenkins/workspace/ci-arc770/ggerganov-llama.cpp/ggml/src/ggml-sycl/../ggml-common.h:171:9: warning: anonymous types declared in an anonymous union are an extension [-Wnested-anon-types]
  171 |         struct {
      |         ^
/home/zjy/ws/jenkins/workspace/ci-arc770/ggerganov-llama.cpp/ggml/src/ggml-sycl/../ggml-common.h:192:9: warning: anonymous types declared in an anonymous union are an extension [-Wnested-anon-types]
  192 |         struct {
      |         ^
/home/zjy/ws/jenkins/workspace/ci-arc770/ggerganov-llama.cpp/ggml/src/ggml-sycl/../ggml-common.h:213:9: warning: anonymous types declared in an anonymous union are an extension [-Wnested-anon-types]
  213 |         struct {
      |         ^
/home/zjy/ws/jenkins/workspace/ci-arc770/ggerganov-llama.cpp/ggml/src/ggml-sycl/../ggml-common.h:254:9: warning: anonymous types declared in an anonymous union are an extension [-Wnested-anon-types]
  254 |         struct {
      |         ^
/home/zjy/ws/jenkins/workspace/ci-arc770/ggerganov-llama.cpp/ggml/src/ggml-sycl/../ggml-common.h:281:9: warning: anonymous types declared in an anonymous union are an extension [-Wnested-anon-types]
  281 |         struct {
      |         ^
/home/zjy/ws/jenkins/workspace/ci-arc770/ggerganov-llama.cpp/ggml/src/ggml-sycl/../ggml-common.h:298:9: warning: anonymous types declared in an anonymous union are an extension [-Wnested-anon-types]
  298 |         struct {
      |         ^
In file included from /home/zjy/ws/jenkins/workspace/ci-arc770/ggerganov-llama.cpp/ggml/src/ggml-sycl/rope.cpp:1:
In file included from /home/zjy/ws/jenkins/workspace/ci-arc770/ggerganov-llama.cpp/ggml/src/ggml-sycl/rope.hpp:16:
In file included from /home/zjy/ws/jenkins/workspace/ci-arc770/ggerganov-llama.cpp/ggml/src/ggml-sycl/common.hpp:29:
/home/zjy/ws/jenkins/workspace/ci-arc770/ggerganov-llama.cpp/ggml/src/ggml-sycl/../ggml-common.h:171:9: warning: anonymous types declared in an anonymous union are an extension [-Wnested-anon-types]
  171 |         struct {
      |         ^
/home/zjy/ws/jenkins/workspace/ci-arc770/ggerganov-llama.cpp/ggml/src/ggml-sycl/../ggml-common.h:192:9: warning: anonymous types declared in an anonymous union are an extension [-Wnested-anon-types]
  192 |         struct {
      |         ^
/home/zjy/ws/jenkins/workspace/ci-arc770/ggerganov-llama.cpp/ggml/src/ggml-sycl/../ggml-common.h:213:9: warning: anonymous types declared in an anonymous union are an extension [-Wnested-anon-types]
  213 |         struct {
      |         ^
/home/zjy/ws/jenkins/workspace/ci-arc770/ggerganov-llama.cpp/ggml/src/ggml-sycl/../ggml-common.h:254:9: warning: anonymous types declared in an anonymous union are an extension [-Wnested-anon-types]
  254 |         struct {
      |         ^
/home/zjy/ws/jenkins/workspace/ci-arc770/ggerganov-llama.cpp/ggml/src/ggml-sycl/../ggml-common.h:281:9: warning: anonymous types declared in an anonymous union are an extension [-Wnested-anon-types]
  281 |         struct {
      |         ^
/home/zjy/ws/jenkins/workspace/ci-arc770/ggerganov-llama.cpp/ggml/src/ggml-sycl/../ggml-common.h:298:9: warning: anonymous types declared in an anonymous union are an extension [-Wnested-anon-types]
  298 |         struct {
      |         ^
In file included from /home/zjy/ws/jenkins/workspace/ci-arc770/ggerganov-llama.cpp/ggml/src/ggml-sycl/concat.cpp:13:
In file included from /home/zjy/ws/jenkins/workspace/ci-arc770/ggerganov-llama.cpp/ggml/src/ggml-sycl/concat.hpp:16:
In file included from /home/zjy/ws/jenkins/workspace/ci-arc770/ggerganov-llama.cpp/ggml/src/ggml-sycl/common.hpp:29:
/home/zjy/ws/jenkins/workspace/ci-arc770/ggerganov-llama.cpp/ggml/src/ggml-sycl/../ggml-common.h:171:9: warning: anonymous types declared in an anonymous union are an extension [-Wnested-anon-types]
  171 |         struct {
      |         ^
/home/zjy/ws/jenkins/workspace/ci-arc770/ggerganov-llama.cpp/ggml/src/ggml-sycl/../ggml-common.h:192:9: warning: anonymous types declared in an anonymous union are an extension [-Wnested-anon-types]
  192 |         struct {
      |         ^
/home/zjy/ws/jenkins/workspace/ci-arc770/ggerganov-llama.cpp/ggml/src/ggml-sycl/../ggml-common.h:213:9: warning: anonymous types declared in an anonymous union are an extension [-Wnested-anon-types]
  213 |         struct {
      |         ^
/home/zjy/ws/jenkins/workspace/ci-arc770/ggerganov-llama.cpp/ggml/src/ggml-sycl/../ggml-common.h:254:9: warning: anonymous types declared in an anonymous union are an extension [-Wnested-anon-types]
  254 |         struct {
      |         ^
/home/zjy/ws/jenkins/workspace/ci-arc770/ggerganov-llama.cpp/ggml/src/ggml-sycl/../ggml-common.h:281:9: warning: anonymous types declared in an anonymous union are an extension [-Wnested-anon-types]
  281 |         struct {
      |         ^
/home/zjy/ws/jenkins/workspace/ci-arc770/ggerganov-llama.cpp/ggml/src/ggml-sycl/../ggml-common.h:298:9: warning: anonymous types declared in an anonymous union are an extension [-Wnested-anon-types]
  298 |         struct {
      |         ^
In file included from /home/zjy/ws/jenkins/workspace/ci-arc770/ggerganov-llama.cpp/ggml/src/ggml-sycl/norm.cpp:1:
In file included from /home/zjy/ws/jenkins/workspace/ci-arc770/ggerganov-llama.cpp/ggml/src/ggml-sycl/norm.hpp:16:
In file included from /home/zjy/ws/jenkins/workspace/ci-arc770/ggerganov-llama.cpp/ggml/src/ggml-sycl/common.hpp:29:
/home/zjy/ws/jenkins/workspace/ci-arc770/ggerganov-llama.cpp/ggml/src/ggml-sycl/../ggml-common.h:171:9: warning: anonymous types declared in an anonymous union are an extension [-Wnested-anon-types]
  171 |         struct {
      |         ^
/home/zjy/ws/jenkins/workspace/ci-arc770/ggerganov-llama.cpp/ggml/src/ggml-sycl/../ggml-common.h:192:9: warning: anonymous types declared in an anonymous union are an extension [-Wnested-anon-types]
  192 |         struct {
      |         ^
/home/zjy/ws/jenkins/workspace/ci-arc770/ggerganov-llama.cpp/ggml/src/ggml-sycl/../ggml-common.h:213:9: warning: anonymous types declared in an anonymous union are an extension [-Wnested-anon-types]
  213 |         struct {
      |         ^
/home/zjy/ws/jenkins/workspace/ci-arc770/ggerganov-llama.cpp/ggml/src/ggml-sycl/../ggml-common.h:254:9: warning: anonymous types declared in an anonymous union are an extension [-Wnested-anon-types]
  254 |         struct {
      |         ^
/home/zjy/ws/jenkins/workspace/ci-arc770/ggerganov-llama.cpp/ggml/src/ggml-sycl/../ggml-common.h:281:9: warning: anonymous types declared in an anonymous union are an extension [-Wnested-anon-types]
  281 |         struct {
      |         ^
/home/zjy/ws/jenkins/workspace/ci-arc770/ggerganov-llama.cpp/ggml/src/ggml-sycl/../ggml-common.h:298:9: warning: anonymous types declared in an anonymous union are an extension [-Wnested-anon-types]
  298 |         struct {
      |         ^
In file included from /home/zjy/ws/jenkins/workspace/ci-arc770/ggerganov-llama.cpp/ggml/src/ggml-sycl/outprod.cpp:3:
In file included from /home/zjy/ws/jenkins/workspace/ci-arc770/ggerganov-llama.cpp/ggml/src/ggml-sycl/outprod.hpp:4:
In file included from /home/zjy/ws/jenkins/workspace/ci-arc770/ggerganov-llama.cpp/ggml/src/ggml-sycl/common.hpp:29:
/home/zjy/ws/jenkins/workspace/ci-arc770/ggerganov-llama.cpp/ggml/src/ggml-sycl/../ggml-common.h:171:9: warning: anonymous types declared in an anonymous union are an extension [-Wnested-anon-types]
  171 |         struct {
      |         ^
/home/zjy/ws/jenkins/workspace/ci-arc770/ggerganov-llama.cpp/ggml/src/ggml-sycl/../ggml-common.h:192:9: warning: anonymous types declared in an anonymous union are an extension [-Wnested-anon-types]
  192 |         struct {
      |         ^
/home/zjy/ws/jenkins/workspace/ci-arc770/ggerganov-llama.cpp/ggml/src/ggml-sycl/../ggml-common.h:213:9: warning: anonymous types declared in an anonymous union are an extension [-Wnested-anon-types]
  213 |         struct {
      |         ^
/home/zjy/ws/jenkins/workspace/ci-arc770/ggerganov-llama.cpp/ggml/src/ggml-sycl/../ggml-common.h:254:9: warning: anonymous types declared in an anonymous union are an extension [-Wnested-anon-types]
  254 |         struct {
      |         ^
/home/zjy/ws/jenkins/workspace/ci-arc770/ggerganov-llama.cpp/ggml/src/ggml-sycl/../ggml-common.h:281:9: warning: anonymous types declared in an anonymous union are an extension [-Wnested-anon-types]
  281 |         struct {
      |         ^
/home/zjy/ws/jenkins/workspace/ci-arc770/ggerganov-llama.cpp/ggml/src/ggml-sycl/../ggml-common.h:298:9: warning: anonymous types declared in an anonymous union are an extension [-Wnested-anon-types]
  298 |         struct {
      |         ^
In file included from /home/zjy/ws/jenkins/workspace/ci-arc770/ggerganov-llama.cpp/ggml/src/ggml-sycl/tsembd.cpp:13:
In file included from /home/zjy/ws/jenkins/workspace/ci-arc770/ggerganov-llama.cpp/ggml/src/ggml-sycl/tsembd.hpp:16:
In file included from /home/zjy/ws/jenkins/workspace/ci-arc770/ggerganov-llama.cpp/ggml/src/ggml-sycl/common.hpp:29:
/home/zjy/ws/jenkins/workspace/ci-arc770/ggerganov-llama.cpp/ggml/src/ggml-sycl/../ggml-common.h:171:9: warning: anonymous types declared in an anonymous union are an extension [-Wnested-anon-types]
  171 |         struct {
      |         ^
/home/zjy/ws/jenkins/workspace/ci-arc770/ggerganov-llama.cpp/ggml/src/ggml-sycl/../ggml-common.h:192:9: warning: anonymous types declared in an anonymous union are an extension [-Wnested-anon-types]
  192 |         struct {
      |         ^
/home/zjy/ws/jenkins/workspace/ci-arc770/ggerganov-llama.cpp/ggml/src/ggml-sycl/../ggml-common.h:213:9: warning: anonymous types declared in an anonymous union are an extension [-Wnested-anon-types]
  213 |         struct {
      |         ^
/home/zjy/ws/jenkins/workspace/ci-arc770/ggerganov-llama.cpp/ggml/src/ggml-sycl/../ggml-common.h:254:9: warning: anonymous types declared in an anonymous union are an extension [-Wnested-anon-types]
  254 |         struct {
      |         ^
/home/zjy/ws/jenkins/workspace/ci-arc770/ggerganov-llama.cpp/ggml/src/ggml-sycl/../ggml-common.h:281:9: warning: anonymous types declared in an anonymous union are an extension [-Wnested-anon-types]
  281 |         struct {
      |         ^
/home/zjy/ws/jenkins/workspace/ci-arc770/ggerganov-llama.cpp/ggml/src/ggml-sycl/../ggml-common.h:298:9: warning: anonymous types declared in an anonymous union are an extension [-Wnested-anon-types]
  298 |         struct {
      |         ^
In file included from /home/zjy/ws/jenkins/workspace/ci-arc770/ggerganov-llama.cpp/ggml/src/ggml-sycl/mmvq.cpp:1:
In file included from /home/zjy/ws/jenkins/workspace/ci-arc770/ggerganov-llama.cpp/ggml/src/ggml-sycl/mmvq.hpp:16:
In file included from /home/zjy/ws/jenkins/workspace/ci-arc770/ggerganov-llama.cpp/ggml/src/ggml-sycl/common.hpp:29:
/home/zjy/ws/jenkins/workspace/ci-arc770/ggerganov-llama.cpp/ggml/src/ggml-sycl/../ggml-common.h:171:9: warning: anonymous types declared in an anonymous union are an extension [-Wnested-anon-types]
  171 |         struct {
      |         ^
/home/zjy/ws/jenkins/workspace/ci-arc770/ggerganov-llama.cpp/ggml/src/ggml-sycl/../ggml-common.h:192:9: warning: anonymous types declared in an anonymous union are an extension [-Wnested-anon-types]
  192 |         struct {
      |         ^
/home/zjy/ws/jenkins/workspace/ci-arc770/ggerganov-llama.cpp/ggml/src/ggml-sycl/../ggml-common.h:213:9: warning: anonymous types declared in an anonymous union are an extension [-Wnested-anon-types]
  213 |         struct {
      |         ^
/home/zjy/ws/jenkins/workspace/ci-arc770/ggerganov-llama.cpp/ggml/src/ggml-sycl/../ggml-common.h:254:9: warning: anonymous types declared in an anonymous union are an extension [-Wnested-anon-types]
  254 |         struct {
      |         ^
/home/zjy/ws/jenkins/workspace/ci-arc770/ggerganov-llama.cpp/ggml/src/ggml-sycl/../ggml-common.h:281:9: warning: anonymous types declared in an anonymous union are an extension [-Wnested-anon-types]
  281 |         struct {
      |         ^
/home/zjy/ws/jenkins/workspace/ci-arc770/ggerganov-llama.cpp/ggml/src/ggml-sycl/../ggml-common.h:298:9: warning: anonymous types declared in an anonymous union are an extension [-Wnested-anon-types]
  298 |         struct {
      |         ^
In file included from /home/zjy/ws/jenkins/workspace/ci-arc770/ggerganov-llama.cpp/ggml/src/ggml-sycl/wkv6.cpp:2:
In file included from /home/zjy/ws/jenkins/workspace/ci-arc770/ggerganov-llama.cpp/ggml/src/ggml-sycl/wkv6.hpp:4:
In file included from /home/zjy/ws/jenkins/workspace/ci-arc770/ggerganov-llama.cpp/ggml/src/ggml-sycl/common.hpp:29:
/home/zjy/ws/jenkins/workspace/ci-arc770/ggerganov-llama.cpp/ggml/src/ggml-sycl/../ggml-common.h:171:9: warning: anonymous types declared in an anonymous union are an extension [-Wnested-anon-types]
  171 |         struct {
      |         ^
/home/zjy/ws/jenkins/workspace/ci-arc770/ggerganov-llama.cpp/ggml/src/ggml-sycl/../ggml-common.h:192:9: warning: anonymous types declared in an anonymous union are an extension [-Wnested-anon-types]
  192 |         struct {
      |         ^
/home/zjy/ws/jenkins/workspace/ci-arc770/ggerganov-llama.cpp/ggml/src/ggml-sycl/../ggml-common.h:213:9: warning: anonymous types declared in an anonymous union are an extension [-Wnested-anon-types]
  213 |         struct {
      |         ^
/home/zjy/ws/jenkins/workspace/ci-arc770/ggerganov-llama.cpp/ggml/src/ggml-sycl/../ggml-common.h:254:9: warning: anonymous types declared in an anonymous union are an extension [-Wnested-anon-types]
  254 |         struct {
      |         ^
/home/zjy/ws/jenkins/workspace/ci-arc770/ggerganov-llama.cpp/ggml/src/ggml-sycl/../ggml-common.h:281:9: warning: anonymous types declared in an anonymous union are an extension [-Wnested-anon-types]
  281 |         struct {
      |         ^
/home/zjy/ws/jenkins/workspace/ci-arc770/ggerganov-llama.cpp/ggml/src/ggml-sycl/../ggml-common.h:298:9: warning: anonymous types declared in an anonymous union are an extension [-Wnested-anon-types]
  298 |         struct {
      |         ^
/home/zjy/ws/jenkins/workspace/ci-arc770/ggerganov-llama.cpp/ggml/src/ggml-sycl/wkv6.cpp:134:46: warning: 'get_pointer' is deprecated: local_accessor::get_pointer() is deprecated, please use get_multi_ptr() [-Wdeprecated-declarations]
  134 |                     item_ct1, shared_mem_acc.get_pointer()
      |                                              ^
/opt/intel/oneapi/compiler/2025.0/bin/compiler/../../include/sycl/accessor.hpp:2574:3: note: 'get_pointer' has been explicitly marked deprecated here
 2574 |   __SYCL2020_DEPRECATED(
      |   ^
/opt/intel/oneapi/compiler/2025.0/bin/compiler/../../include/sycl/detail/defines_elementary.hpp:62:40: note: expanded from macro '__SYCL2020_DEPRECATED'
   62 | #define __SYCL2020_DEPRECATED(message) __SYCL_DEPRECATED(message)
      |                                        ^
/opt/intel/oneapi/compiler/2025.0/bin/compiler/../../include/sycl/detail/defines_elementary.hpp:53:38: note: expanded from macro '__SYCL_DEPRECATED'
   53 | #define __SYCL_DEPRECATED(message) [[deprecated(message)]]
      |                                      ^
In file included from /home/zjy/ws/jenkins/workspace/ci-arc770/ggerganov-llama.cpp/ggml/src/ggml-sycl/dmmv.cpp:1:
In file included from /home/zjy/ws/jenkins/workspace/ci-arc770/ggerganov-llama.cpp/ggml/src/ggml-sycl/convert.hpp:16:
In file included from /home/zjy/ws/jenkins/workspace/ci-arc770/ggerganov-llama.cpp/ggml/src/ggml-sycl/common.hpp:29:
/home/zjy/ws/jenkins/workspace/ci-arc770/ggerganov-llama.cpp/ggml/src/ggml-sycl/../ggml-common.h:171:9: warning: anonymous types declared in an anonymous union are an extension [-Wnested-anon-types]
  171 |         struct {
      |         ^
/home/zjy/ws/jenkins/workspace/ci-arc770/ggerganov-llama.cpp/ggml/src/ggml-sycl/../ggml-common.h:192:9: warning: anonymous types declared in an anonymous union are an extension [-Wnested-anon-types]
  192 |         struct {
      |         ^
/home/zjy/ws/jenkins/workspace/ci-arc770/ggerganov-llama.cpp/ggml/src/ggml-sycl/../ggml-common.h:213:9: warning: anonymous types declared in an anonymous union are an extension [-Wnested-anon-types]
  213 |         struct {
      |         ^
/home/zjy/ws/jenkins/workspace/ci-arc770/ggerganov-llama.cpp/ggml/src/ggml-sycl/../ggml-common.h:254:9: warning: anonymous types declared in an anonymous union are an extension [-Wnested-anon-types]
  254 |         struct {
      |         ^
/home/zjy/ws/jenkins/workspace/ci-arc770/ggerganov-llama.cpp/ggml/src/ggml-sycl/../ggml-common.h:281:9: warning: anonymous types declared in an anonymous union are an extension [-Wnested-anon-types]
  281 |         struct {
      |         ^
/home/zjy/ws/jenkins/workspace/ci-arc770/ggerganov-llama.cpp/ggml/src/ggml-sycl/../ggml-common.h:298:9: warning: anonymous types declared in an anonymous union are an extension [-Wnested-anon-types]
  298 |         struct {
      |         ^
In file included from /home/zjy/ws/jenkins/workspace/ci-arc770/ggerganov-llama.cpp/ggml/src/ggml-sycl/common.cpp:13:
In file included from /home/zjy/ws/jenkins/workspace/ci-arc770/ggerganov-llama.cpp/ggml/src/ggml-sycl/common.hpp:29:
/home/zjy/ws/jenkins/workspace/ci-arc770/ggerganov-llama.cpp/ggml/src/ggml-sycl/../ggml-common.h:171:9: warning: anonymous types declared in an anonymous union are an extension [-Wnested-anon-types]
  171 |         struct {
      |         ^
/home/zjy/ws/jenkins/workspace/ci-arc770/ggerganov-llama.cpp/ggml/src/ggml-sycl/../ggml-common.h:192:9: warning: anonymous types declared in an anonymous union are an extension [-Wnested-anon-types]
  192 |         struct {
      |         ^
/home/zjy/ws/jenkins/workspace/ci-arc770/ggerganov-llama.cpp/ggml/src/ggml-sycl/../ggml-common.h:213:9: warning: anonymous types declared in an anonymous union are an extension [-Wnested-anon-types]
  213 |         struct {
      |         ^
/home/zjy/ws/jenkins/workspace/ci-arc770/ggerganov-llama.cpp/ggml/src/ggml-sycl/../ggml-common.h:254:9: warning: anonymous types declared in an anonymous union are an extension [-Wnested-anon-types]
  254 |         struct {
      |         ^
/home/zjy/ws/jenkins/workspace/ci-arc770/ggerganov-llama.cpp/ggml/src/ggml-sycl/../ggml-common.h:281:9: warning: anonymous types declared in an anonymous union are an extension [-Wnested-anon-types]
  281 |         struct {
      |         ^
/home/zjy/ws/jenkins/workspace/ci-arc770/ggerganov-llama.cpp/ggml/src/ggml-sycl/../ggml-common.h:298:9: warning: anonymous types declared in an anonymous union are an extension [-Wnested-anon-types]
  298 |         struct {
      |         ^
In file included from /home/zjy/ws/jenkins/workspace/ci-arc770/ggerganov-llama.cpp/ggml/src/ggml-sycl/softmax.cpp:1:
In file included from /home/zjy/ws/jenkins/workspace/ci-arc770/ggerganov-llama.cpp/ggml/src/ggml-sycl/norm.hpp:16:
In file included from /home/zjy/ws/jenkins/workspace/ci-arc770/ggerganov-llama.cpp/ggml/src/ggml-sycl/common.hpp:29:
/home/zjy/ws/jenkins/workspace/ci-arc770/ggerganov-llama.cpp/ggml/src/ggml-sycl/../ggml-common.h:171:9: warning: anonymous types declared in an anonymous union are an extension [-Wnested-anon-types]
  171 |         struct {
      |         ^
/home/zjy/ws/jenkins/workspace/ci-arc770/ggerganov-llama.cpp/ggml/src/ggml-sycl/../ggml-common.h:192:9: warning: anonymous types declared in an anonymous union are an extension [-Wnested-anon-types]
  192 |         struct {
      |         ^
/home/zjy/ws/jenkins/workspace/ci-arc770/ggerganov-llama.cpp/ggml/src/ggml-sycl/../ggml-common.h:213:9: warning: anonymous types declared in an anonymous union are an extension [-Wnested-anon-types]
  213 |         struct {
      |         ^
/home/zjy/ws/jenkins/workspace/ci-arc770/ggerganov-llama.cpp/ggml/src/ggml-sycl/../ggml-common.h:254:9: warning: anonymous types declared in an anonymous union are an extension [-Wnested-anon-types]
  254 |         struct {
      |         ^
/home/zjy/ws/jenkins/workspace/ci-arc770/ggerganov-llama.cpp/ggml/src/ggml-sycl/../ggml-common.h:281:9: warning: anonymous types declared in an anonymous union are an extension [-Wnested-anon-types]
  281 |         struct {
      |         ^
/home/zjy/ws/jenkins/workspace/ci-arc770/ggerganov-llama.cpp/ggml/src/ggml-sycl/../ggml-common.h:298:9: warning: anonymous types declared in an anonymous union are an extension [-Wnested-anon-types]
  298 |         struct {
      |         ^
/home/zjy/ws/jenkins/workspace/ci-arc770/ggerganov-llama.cpp/ggml/src/ggml-sycl/common.cpp:69:36: warning: 'backend' is deprecated: use the buffer type to find the storage location of the tensor [-Wdeprecated-declarations]
   69 |     GGML_ASSERT(!use_src1 || src1->backend != GGML_BACKEND_TYPE_GPU_SPLIT);
      |                                    ^
/home/zjy/ws/jenkins/workspace/ci-arc770/ggerganov-llama.cpp/ggml/src/../include/ggml.h:588:9: note: 'backend' has been explicitly marked deprecated here
  588 |         GGML_DEPRECATED(enum ggml_backend_type backend, "use the buffer type to find the storage location of the tensor");
      |         ^
/home/zjy/ws/jenkins/workspace/ci-arc770/ggerganov-llama.cpp/ggml/src/../include/ggml.h:192:61: note: expanded from macro 'GGML_DEPRECATED'
  192 | #    define GGML_DEPRECATED(func, hint) func __attribute__((deprecated(hint)))
      |                                                             ^
/home/zjy/ws/jenkins/workspace/ci-arc770/ggerganov-llama.cpp/ggml/src/ggml-sycl/common.cpp:70:36: warning: 'backend' is deprecated: use the buffer type to find the storage location of the tensor [-Wdeprecated-declarations]
   70 |     GGML_ASSERT(              dst->backend != GGML_BACKEND_TYPE_GPU_SPLIT);
      |                                    ^
/home/zjy/ws/jenkins/workspace/ci-arc770/ggerganov-llama.cpp/ggml/src/../include/ggml.h:588:9: note: 'backend' has been explicitly marked deprecated here
  588 |         GGML_DEPRECATED(enum ggml_backend_type backend, "use the buffer type to find the storage location of the tensor");
      |         ^
/home/zjy/ws/jenkins/workspace/ci-arc770/ggerganov-llama.cpp/ggml/src/../include/ggml.h:192:61: note: expanded from macro 'GGML_DEPRECATED'
  192 | #    define GGML_DEPRECATED(func, hint) func __attribute__((deprecated(hint)))
      |                                                             ^
/home/zjy/ws/jenkins/workspace/ci-arc770/ggerganov-llama.cpp/ggml/src/ggml-sycl/softmax.cpp:235:9: warning: TODO: add ggml_sycl_op_soft_max() F16 src1 support [-W#pragma-messages]
  235 | #pragma message("TODO: add ggml_sycl_op_soft_max() F16 src1 support")
      |         ^
/home/zjy/ws/jenkins/workspace/ci-arc770/ggerganov-llama.cpp/ggml/src/ggml-sycl/softmax.cpp:236:9: warning: ref:  https://github.com/ggerganov/llama.cpp/pull/5021 [-W#pragma-messages]
  236 | #pragma message("ref:  https://github.com/ggerganov/llama.cpp/pull/5021")
      |         ^
In file included from /home/zjy/ws/jenkins/workspace/ci-arc770/ggerganov-llama.cpp/ggml/src/ggml-sycl/convert.cpp:1:
In file included from /home/zjy/ws/jenkins/workspace/ci-arc770/ggerganov-llama.cpp/ggml/src/ggml-sycl/convert.hpp:16:
In file included from /home/zjy/ws/jenkins/workspace/ci-arc770/ggerganov-llama.cpp/ggml/src/ggml-sycl/common.hpp:29:
/home/zjy/ws/jenkins/workspace/ci-arc770/ggerganov-llama.cpp/ggml/src/ggml-sycl/../ggml-common.h:171:9: warning: anonymous types declared in an anonymous union are an extension [-Wnested-anon-types]
  171 |         struct {
      |         ^
/home/zjy/ws/jenkins/workspace/ci-arc770/ggerganov-llama.cpp/ggml/src/ggml-sycl/../ggml-common.h:192:9: warning: anonymous types declared in an anonymous union are an extension [-Wnested-anon-types]
  192 |         struct {
      |         ^
/home/zjy/ws/jenkins/workspace/ci-arc770/ggerganov-llama.cpp/ggml/src/ggml-sycl/../ggml-common.h:213:9: warning: anonymous types declared in an anonymous union are an extension [-Wnested-anon-types]
  213 |         struct {
      |         ^
/home/zjy/ws/jenkins/workspace/ci-arc770/ggerganov-llama.cpp/ggml/src/ggml-sycl/../ggml-common.h:254:9: warning: anonymous types declared in an anonymous union are an extension [-Wnested-anon-types]
  254 |         struct {
      |         ^
/home/zjy/ws/jenkins/workspace/ci-arc770/ggerganov-llama.cpp/ggml/src/ggml-sycl/../ggml-common.h:281:9: warning: anonymous types declared in an anonymous union are an extension [-Wnested-anon-types]
  281 |         struct {
      |         ^
/home/zjy/ws/jenkins/workspace/ci-arc770/ggerganov-llama.cpp/ggml/src/ggml-sycl/../ggml-common.h:298:9: warning: anonymous types declared in an anonymous union are an extension [-Wnested-anon-types]
  298 |         struct {
      |         ^
6 warnings generated.
In file included from /home/zjy/ws/jenkins/workspace/ci-arc770/ggerganov-llama.cpp/ggml/src/ggml-sycl/ggml-sycl.cpp:39:
In file included from /home/zjy/ws/jenkins/workspace/ci-arc770/ggerganov-llama.cpp/ggml/src/ggml-sycl/../ggml-sycl/backend.hpp:16:
In file included from /home/zjy/ws/jenkins/workspace/ci-arc770/ggerganov-llama.cpp/ggml/src/ggml-sycl/../ggml-sycl/concat.hpp:16:
In file included from /home/zjy/ws/jenkins/workspace/ci-arc770/ggerganov-llama.cpp/ggml/src/ggml-sycl/../ggml-sycl/common.hpp:29:
/home/zjy/ws/jenkins/workspace/ci-arc770/ggerganov-llama.cpp/ggml/src/ggml-sycl/../ggml-common.h:171:9: warning: anonymous types declared in an anonymous union are an extension [-Wnested-anon-types]
  171 |         struct {
      |         ^
/home/zjy/ws/jenkins/workspace/ci-arc770/ggerganov-llama.cpp/ggml/src/ggml-sycl/../ggml-common.h:192:9: warning: anonymous types declared in an anonymous union are an extension [-Wnested-anon-types]
  192 |         struct {
      |         ^
/home/zjy/ws/jenkins/workspace/ci-arc770/ggerganov-llama.cpp/ggml/src/ggml-sycl/../ggml-common.h:213:9: warning: anonymous types declared in an anonymous union are an extension [-Wnested-anon-types]
  213 |         struct {
      |         ^
/home/zjy/ws/jenkins/workspace/ci-arc770/ggerganov-llama.cpp/ggml/src/ggml-sycl/../ggml-common.h:254:9: warning: anonymous types declared in an anonymous union are an extension [-Wnested-anon-types]
  254 |         struct {
      |         ^
/home/zjy/ws/jenkins/workspace/ci-arc770/ggerganov-llama.cpp/ggml/src/ggml-sycl/../ggml-common.h:281:9: warning: anonymous types declared in an anonymous union are an extension [-Wnested-anon-types]
  281 |         struct {
      |         ^
/home/zjy/ws/jenkins/workspace/ci-arc770/ggerganov-llama.cpp/ggml/src/ggml-sycl/../ggml-common.h:298:9: warning: anonymous types declared in an anonymous union are an extension [-Wnested-anon-types]
  298 |         struct {
      |         ^
/home/zjy/ws/jenkins/workspace/ci-arc770/ggerganov-llama.cpp/ggml/src/ggml-sycl/ggml-sycl.cpp:293:17: warning: 'backend' is deprecated: use the buffer type to find the storage location of the tensor [-Wdeprecated-declarations]
  293 |         tensor->backend = tensor->view_src->backend;
      |                 ^
/home/zjy/ws/jenkins/workspace/ci-arc770/ggerganov-llama.cpp/ggml/src/../include/ggml.h:588:9: note: 'backend' has been explicitly marked deprecated here
  588 |         GGML_DEPRECATED(enum ggml_backend_type backend, "use the buffer type to find the storage location of the tensor");
      |         ^
/home/zjy/ws/jenkins/workspace/ci-arc770/ggerganov-llama.cpp/ggml/src/../include/ggml.h:192:61: note: expanded from macro 'GGML_DEPRECATED'
  192 | #    define GGML_DEPRECATED(func, hint) func __attribute__((deprecated(hint)))
      |                                                             ^
/home/zjy/ws/jenkins/workspace/ci-arc770/ggerganov-llama.cpp/ggml/src/ggml-sycl/ggml-sycl.cpp:293:45: warning: 'backend' is deprecated: use the buffer type to find the storage location of the tensor [-Wdeprecated-declarations]
  293 |         tensor->backend = tensor->view_src->backend;
      |                                             ^
/home/zjy/ws/jenkins/workspace/ci-arc770/ggerganov-llama.cpp/ggml/src/../include/ggml.h:588:9: note: 'backend' has been explicitly marked deprecated here
  588 |         GGML_DEPRECATED(enum ggml_backend_type backend, "use the buffer type to find the storage location of the tensor");
      |         ^
/home/zjy/ws/jenkins/workspace/ci-arc770/ggerganov-llama.cpp/ggml/src/../include/ggml.h:192:61: note: expanded from macro 'GGML_DEPRECATED'
  192 | #    define GGML_DEPRECATED(func, hint) func __attribute__((deprecated(hint)))
      |                                                             ^
/home/zjy/ws/jenkins/workspace/ci-arc770/ggerganov-llama.cpp/ggml/src/ggml-sycl/ggml-sycl.cpp:791:13: warning: 'backend' is deprecated: use the buffer type to find the storage location of the tensor [-Wdeprecated-declarations]
  791 |     tensor->backend = GGML_BACKEND_TYPE_GPU_SPLIT;
      |             ^
/home/zjy/ws/jenkins/workspace/ci-arc770/ggerganov-llama.cpp/ggml/src/../include/ggml.h:588:9: note: 'backend' has been explicitly marked deprecated here
  588 |         GGML_DEPRECATED(enum ggml_backend_type backend, "use the buffer type to find the storage location of the tensor");
      |         ^
/home/zjy/ws/jenkins/workspace/ci-arc770/ggerganov-llama.cpp/ggml/src/../include/ggml.h:192:61: note: expanded from macro 'GGML_DEPRECATED'
  192 | #    define GGML_DEPRECATED(func, hint) func __attribute__((deprecated(hint)))
      |                                                             ^
In file included from /home/zjy/ws/jenkins/workspace/ci-arc770/ggerganov-llama.cpp/ggml/src/ggml-sycl/mmq.cpp:13:
In file included from /home/zjy/ws/jenkins/workspace/ci-arc770/ggerganov-llama.cpp/ggml/src/ggml-sycl/mmq.hpp:16:
In file included from /home/zjy/ws/jenkins/workspace/ci-arc770/ggerganov-llama.cpp/ggml/src/ggml-sycl/common.hpp:29:
/home/zjy/ws/jenkins/workspace/ci-arc770/ggerganov-llama.cpp/ggml/src/ggml-sycl/../ggml-common.h:171:9: warning: anonymous types declared in an anonymous union are an extension [-Wnested-anon-types]
  171 |         struct {
      |         ^
/home/zjy/ws/jenkins/workspace/ci-arc770/ggerganov-llama.cpp/ggml/src/ggml-sycl/../ggml-common.h:192:9: warning: anonymous types declared in an anonymous union are an extension [-Wnested-anon-types]
  192 |         struct {
      |         ^
/home/zjy/ws/jenkins/workspace/ci-arc770/ggerganov-llama.cpp/ggml/src/ggml-sycl/../ggml-common.h:213:9: warning: anonymous types declared in an anonymous union are an extension [-Wnested-anon-types]
  213 |         struct {
      |         ^
/home/zjy/ws/jenkins/workspace/ci-arc770/ggerganov-llama.cpp/ggml/src/ggml-sycl/../ggml-common.h:254:9: warning: anonymous types declared in an anonymous union are an extension [-Wnested-anon-types]
  254 |         struct {
      |         ^
/home/zjy/ws/jenkins/workspace/ci-arc770/ggerganov-llama.cpp/ggml/src/ggml-sycl/../ggml-common.h:281:9: warning: anonymous types declared in an anonymous union are an extension [-Wnested-anon-types]
  281 |         struct {
      |         ^
/home/zjy/ws/jenkins/workspace/ci-arc770/ggerganov-llama.cpp/ggml/src/ggml-sycl/../ggml-common.h:298:9: warning: anonymous types declared in an anonymous union are an extension [-Wnested-anon-types]
  298 |         struct {
      |         ^
/home/zjy/ws/jenkins/workspace/ci-arc770/ggerganov-llama.cpp/ggml/src/ggml-sycl/ggml-sycl.cpp:2352:14: warning: 'backend' is deprecated: use the buffer type to find the storage location of the tensor [-Wdeprecated-declarations]
 2352 |     if (src->backend == GGML_BACKEND_TYPE_CPU) {
      |              ^
/home/zjy/ws/jenkins/workspace/ci-arc770/ggerganov-llama.cpp/ggml/src/../include/ggml.h:588:9: note: 'backend' has been explicitly marked deprecated here
  588 |         GGML_DEPRECATED(enum ggml_backend_type backend, "use the buffer type to find the storage location of the tensor");
      |         ^
/home/zjy/ws/jenkins/workspace/ci-arc770/ggerganov-llama.cpp/ggml/src/../include/ggml.h:192:61: note: expanded from macro 'GGML_DEPRECATED'
  192 | #    define GGML_DEPRECATED(func, hint) func __attribute__((deprecated(hint)))
      |                                                             ^
/home/zjy/ws/jenkins/workspace/ci-arc770/ggerganov-llama.cpp/ggml/src/ggml-sycl/ggml-sycl.cpp:2356:21: warning: 'backend' is deprecated: use the buffer type to find the storage location of the tensor [-Wdeprecated-declarations]
 2356 |     } else if (src->backend == GGML_BACKEND_TYPE_GPU || src->backend == GGML_BACKEND_TYPE_GPU_SPLIT) {
      |                     ^
/home/zjy/ws/jenkins/workspace/ci-arc770/ggerganov-llama.cpp/ggml/src/../include/ggml.h:588:9: note: 'backend' has been explicitly marked deprecated here
  588 |         GGML_DEPRECATED(enum ggml_backend_type backend, "use the buffer type to find the storage location of the tensor");
      |         ^
/home/zjy/ws/jenkins/workspace/ci-arc770/ggerganov-llama.cpp/ggml/src/../include/ggml.h:192:61: note: expanded from macro 'GGML_DEPRECATED'
  192 | #    define GGML_DEPRECATED(func, hint) func __attribute__((deprecated(hint)))
      |                                                             ^
/home/zjy/ws/jenkins/workspace/ci-arc770/ggerganov-llama.cpp/ggml/src/ggml-sycl/ggml-sycl.cpp:2356:62: warning: 'backend' is deprecated: use the buffer type to find the storage location of the tensor [-Wdeprecated-declarations]
 2356 |     } else if (src->backend == GGML_BACKEND_TYPE_GPU || src->backend == GGML_BACKEND_TYPE_GPU_SPLIT) {
      |                                                              ^
/home/zjy/ws/jenkins/workspace/ci-arc770/ggerganov-llama.cpp/ggml/src/../include/ggml.h:588:9: note: 'backend' has been explicitly marked deprecated here
  588 |         GGML_DEPRECATED(enum ggml_backend_type backend, "use the buffer type to find the storage location of the tensor");
      |         ^
/home/zjy/ws/jenkins/workspace/ci-arc770/ggerganov-llama.cpp/ggml/src/../include/ggml.h:192:61: note: expanded from macro 'GGML_DEPRECATED'
  192 | #    define GGML_DEPRECATED(func, hint) func __attribute__((deprecated(hint)))
      |                                                             ^
/home/zjy/ws/jenkins/workspace/ci-arc770/ggerganov-llama.cpp/ggml/src/ggml-sycl/ggml-sycl.cpp:2357:26: warning: 'backend' is deprecated: use the buffer type to find the storage location of the tensor [-Wdeprecated-declarations]
 2357 |         GGML_ASSERT(src->backend != GGML_BACKEND_TYPE_GPU_SPLIT || (i1_low == 0 && i1_high == src->ne[1]));
      |                          ^
/home/zjy/ws/jenkins/workspace/ci-arc770/ggerganov-llama.cpp/ggml/src/../include/ggml.h:588:9: note: 'backend' has been explicitly marked deprecated here
  588 |         GGML_DEPRECATED(enum ggml_backend_type backend, "use the buffer type to find the storage location of the tensor");
      |         ^
/home/zjy/ws/jenkins/workspace/ci-arc770/ggerganov-llama.cpp/ggml/src/../include/ggml.h:192:61: note: expanded from macro 'GGML_DEPRECATED'
  192 | #    define GGML_DEPRECATED(func, hint) func __attribute__((deprecated(hint)))
      |                                                             ^
/home/zjy/ws/jenkins/workspace/ci-arc770/ggerganov-llama.cpp/ggml/src/ggml-sycl/ggml-sycl.cpp:2860:22: warning: 'backend' is deprecated: use the buffer type to find the storage location of the tensor [-Wdeprecated-declarations]
 2860 |     GGML_ASSERT(dst->backend != GGML_BACKEND_TYPE_GPU_SPLIT);
      |                      ^
/home/zjy/ws/jenkins/workspace/ci-arc770/ggerganov-llama.cpp/ggml/src/../include/ggml.h:588:9: note: 'backend' has been explicitly marked deprecated here
  588 |         GGML_DEPRECATED(enum ggml_backend_type backend, "use the buffer type to find the storage location of the tensor");
      |         ^
/home/zjy/ws/jenkins/workspace/ci-arc770/ggerganov-llama.cpp/ggml/src/../include/ggml.h:192:61: note: expanded from macro 'GGML_DEPRECATED'
  192 | #    define GGML_DEPRECATED(func, hint) func __attribute__((deprecated(hint)))
      |                                                             ^
/home/zjy/ws/jenkins/workspace/ci-arc770/ggerganov-llama.cpp/ggml/src/ggml-sycl/ggml-sycl.cpp:2861:23: warning: 'backend' is deprecated: use the buffer type to find the storage location of the tensor [-Wdeprecated-declarations]
 2861 |     GGML_ASSERT(src1->backend != GGML_BACKEND_TYPE_GPU_SPLIT);
      |                       ^
/home/zjy/ws/jenkins/workspace/ci-arc770/ggerganov-llama.cpp/ggml/src/../include/ggml.h:588:9: note: 'backend' has been explicitly marked deprecated here
  588 |         GGML_DEPRECATED(enum ggml_backend_type backend, "use the buffer type to find the storage location of the tensor");
      |         ^
/home/zjy/ws/jenkins/workspace/ci-arc770/ggerganov-llama.cpp/ggml/src/../include/ggml.h:192:61: note: expanded from macro 'GGML_DEPRECATED'
  192 | #    define GGML_DEPRECATED(func, hint) func __attribute__((deprecated(hint)))
      |                                                             ^
/home/zjy/ws/jenkins/workspace/ci-arc770/ggerganov-llama.cpp/ggml/src/ggml-sycl/ggml-sycl.cpp:2881:30: warning: 'backend' is deprecated: use the buffer type to find the storage location of the tensor [-Wdeprecated-declarations]
 2881 |     const bool split = src0->backend == GGML_BACKEND_TYPE_GPU_SPLIT;
      |                              ^
/home/zjy/ws/jenkins/workspace/ci-arc770/ggerganov-llama.cpp/ggml/src/../include/ggml.h:588:9: note: 'backend' has been explicitly marked deprecated here
  588 |         GGML_DEPRECATED(enum ggml_backend_type backend, "use the buffer type to find the storage location of the tensor");
      |         ^
/home/zjy/ws/jenkins/workspace/ci-arc770/ggerganov-llama.cpp/ggml/src/../include/ggml.h:192:61: note: expanded from macro 'GGML_DEPRECATED'
  192 | #    define GGML_DEPRECATED(func, hint) func __attribute__((deprecated(hint)))
      |                                                             ^
/home/zjy/ws/jenkins/workspace/ci-arc770/ggerganov-llama.cpp/ggml/src/ggml-sycl/ggml-sycl.cpp:3201:23: warning: 'backend' is deprecated: use the buffer type to find the storage location of the tensor [-Wdeprecated-declarations]
 3201 |     GGML_ASSERT(src0->backend != GGML_BACKEND_TYPE_GPU_SPLIT);
      |                       ^
/home/zjy/ws/jenkins/workspace/ci-arc770/ggerganov-llama.cpp/ggml/src/../include/ggml.h:588:9: note: 'backend' has been explicitly marked deprecated here
  588 |         GGML_DEPRECATED(enum ggml_backend_type backend, "use the buffer type to find the storage location of the tensor");
      |         ^
/home/zjy/ws/jenkins/workspace/ci-arc770/ggerganov-llama.cpp/ggml/src/../include/ggml.h:192:61: note: expanded from macro 'GGML_DEPRECATED'
  192 | #    define GGML_DEPRECATED(func, hint) func __attribute__((deprecated(hint)))
      |                                                             ^
/home/zjy/ws/jenkins/workspace/ci-arc770/ggerganov-llama.cpp/ggml/src/ggml-sycl/ggml-sycl.cpp:3234:23: warning: 'backend' is deprecated: use the buffer type to find the storage location of the tensor [-Wdeprecated-declarations]
 3234 |     GGML_ASSERT(src0->backend != GGML_BACKEND_TYPE_GPU_SPLIT);
      |                       ^
/home/zjy/ws/jenkins/workspace/ci-arc770/ggerganov-llama.cpp/ggml/src/../include/ggml.h:588:9: note: 'backend' has been explicitly marked deprecated here
  588 |         GGML_DEPRECATED(enum ggml_backend_type backend, "use the buffer type to find the storage location of the tensor");
      |         ^
/home/zjy/ws/jenkins/workspace/ci-arc770/ggerganov-llama.cpp/ggml/src/../include/ggml.h:192:61: note: expanded from macro 'GGML_DEPRECATED'
  192 | #    define GGML_DEPRECATED(func, hint) func __attribute__((deprecated(hint)))
      |                                                             ^
/home/zjy/ws/jenkins/workspace/ci-arc770/ggerganov-llama.cpp/ggml/src/ggml-sycl/ggml-sycl.cpp:3296:23: warning: 'backend' is deprecated: use the buffer type to find the storage location of the tensor [-Wdeprecated-declarations]
 3296 |     GGML_ASSERT(src0->backend != GGML_BACKEND_TYPE_GPU_SPLIT);
      |                       ^
/home/zjy/ws/jenkins/workspace/ci-arc770/ggerganov-llama.cpp/ggml/src/../include/ggml.h:588:9: note: 'backend' has been explicitly marked deprecated here
  588 |         GGML_DEPRECATED(enum ggml_backend_type backend, "use the buffer type to find the storage location of the tensor");
      |         ^
/home/zjy/ws/jenkins/workspace/ci-arc770/ggerganov-llama.cpp/ggml/src/../include/ggml.h:192:61: note: expanded from macro 'GGML_DEPRECATED'
  192 | #    define GGML_DEPRECATED(func, hint) func __attribute__((deprecated(hint)))
      |                                                             ^
/home/zjy/ws/jenkins/workspace/ci-arc770/ggerganov-llama.cpp/ggml/src/../include/ggml.h:585:12: warning: 'backend' is deprecated: use the buffer type to find the storage location of the tensor [-Wdeprecated-declarations]
  585 |     struct ggml_tensor {
      |            ^
/home/zjy/ws/jenkins/workspace/ci-arc770/ggerganov-llama.cpp/ggml/src/ggml-sycl/ggml-sycl.cpp:3588:28: note: in implicit copy constructor for 'ggml_tensor' first required here
 3588 |     ggml_tensor src0_row = *src0;
      |                            ^
/home/zjy/ws/jenkins/workspace/ci-arc770/ggerganov-llama.cpp/ggml/src/../include/ggml.h:588:9: note: 'backend' has been explicitly marked deprecated here
  588 |         GGML_DEPRECATED(enum ggml_backend_type backend, "use the buffer type to find the storage location of the tensor");
      |         ^
/home/zjy/ws/jenkins/workspace/ci-arc770/ggerganov-llama.cpp/ggml/src/../include/ggml.h:192:61: note: expanded from macro 'GGML_DEPRECATED'
  192 | #    define GGML_DEPRECATED(func, hint) func __attribute__((deprecated(hint)))
      |                                                             ^
6 warnings generated.
6 warnings generated.
6 warnings generated.
In file included from /home/zjy/ws/jenkins/workspace/ci-arc770/ggerganov-llama.cpp/ggml/src/ggml-sycl/element_wise.cpp:1:
In file included from /home/zjy/ws/jenkins/workspace/ci-arc770/ggerganov-llama.cpp/ggml/src/ggml-sycl/common.hpp:29:
/home/zjy/ws/jenkins/workspace/ci-arc770/ggerganov-llama.cpp/ggml/src/ggml-sycl/../ggml-common.h:171:9: warning: anonymous types declared in an anonymous union are an extension [-Wnested-anon-types]
  171 |         struct {
      |         ^
/home/zjy/ws/jenkins/workspace/ci-arc770/ggerganov-llama.cpp/ggml/src/ggml-sycl/../ggml-common.h:192:9: warning: anonymous types declared in an anonymous union are an extension [-Wnested-anon-types]
  192 |         struct {
      |         ^
/home/zjy/ws/jenkins/workspace/ci-arc770/ggerganov-llama.cpp/ggml/src/ggml-sycl/../ggml-common.h:213:9: warning: anonymous types declared in an anonymous union are an extension [-Wnested-anon-types]
  213 |         struct {
      |         ^
/home/zjy/ws/jenkins/workspace/ci-arc770/ggerganov-llama.cpp/ggml/src/ggml-sycl/../ggml-common.h:254:9: warning: anonymous types declared in an anonymous union are an extension [-Wnested-anon-types]
  254 |         struct {
      |         ^
/home/zjy/ws/jenkins/workspace/ci-arc770/ggerganov-llama.cpp/ggml/src/ggml-sycl/../ggml-common.h:281:9: warning: anonymous types declared in an anonymous union are an extension [-Wnested-anon-types]
  281 |         struct {
      |         ^
/home/zjy/ws/jenkins/workspace/ci-arc770/ggerganov-llama.cpp/ggml/src/ggml-sycl/../ggml-common.h:298:9: warning: anonymous types declared in an anonymous union are an extension [-Wnested-anon-types]
  298 |         struct {
      |         ^
6 warnings generated.
6 warnings generated.
7 warnings generated.
6 warnings generated.
6 warnings generated.
8 warnings generated.
8 warnings generated.
6 warnings generated.
6 warnings generated.
6 warnings generated.
6 warnings generated.
20 warnings generated.
[ 20%] Linking CXX shared library libggml-sycl.so
[ 20%] Built target ggml-sycl
[ 21%] Building CXX object ggml/src/CMakeFiles/ggml.dir/ggml-backend-reg.cpp.o
[ 21%] Linking CXX shared library libggml.so
[ 21%] Built target ggml
[ 22%] Building CXX object src/CMakeFiles/llama.dir/llama.cpp.o
[ 23%] Building CXX object src/CMakeFiles/llama.dir/llama-grammar.cpp.o
[ 24%] Building CXX object src/CMakeFiles/llama.dir/unicode.cpp.o
[ 24%] Building CXX object src/CMakeFiles/llama.dir/unicode-data.cpp.o
[ 24%] Building CXX object src/CMakeFiles/llama.dir/llama-vocab.cpp.o
[ 24%] Building CXX object examples/gguf-hash/CMakeFiles/llama-gguf-hash.dir/gguf-hash.cpp.o
[ 24%] Building CXX object examples/gguf/CMakeFiles/llama-gguf.dir/gguf.cpp.o
[ 24%] Building CXX object src/CMakeFiles/llama.dir/llama-sampling.cpp.o
[ 25%] Linking CXX executable ../../bin/llama-gguf
[ 26%] Linking CXX executable ../../bin/llama-gguf-hash
[ 26%] Built target llama-gguf-hash
[ 26%] Built target llama-gguf
[ 27%] Linking CXX shared library libllama.so
[ 27%] Built target llama
[ 28%] Building CXX object common/CMakeFiles/common.dir/common.cpp.o
[ 29%] Building CXX object common/CMakeFiles/common.dir/json-schema-to-grammar.cpp.o
[ 30%] Building C object tests/CMakeFiles/test-c.dir/test-c.c.o
[ 31%] Building CXX object examples/run/CMakeFiles/llama-run.dir/run.cpp.o
[ 31%] Building CXX object common/CMakeFiles/common.dir/arg.cpp.o
[ 32%] Building CXX object examples/quantize-stats/CMakeFiles/llama-quantize-stats.dir/quantize-stats.cpp.o
[ 33%] Building CXX object common/CMakeFiles/common.dir/ngram-cache.cpp.o
[ 33%] Building CXX object common/CMakeFiles/common.dir/sampling.cpp.o
[ 34%] Building CXX object common/CMakeFiles/common.dir/speculative.cpp.o
[ 34%] Building CXX object common/CMakeFiles/common.dir/console.cpp.o
[ 35%] Building CXX object common/CMakeFiles/common.dir/log.cpp.o
[ 35%] Building CXX object examples/simple-chat/CMakeFiles/llama-simple-chat.dir/simple-chat.cpp.o
[ 37%] Building CXX object examples/llava/CMakeFiles/llava.dir/llava.cpp.o
[ 37%] Building CXX object examples/simple/CMakeFiles/llama-simple.dir/simple.cpp.o
[ 37%] Building CXX object examples/llava/CMakeFiles/llava.dir/clip.cpp.o
[ 37%] Linking C executable ../bin/test-c
[ 37%] Built target test-c
[ 37%] Linking CXX executable ../../bin/llama-simple
[ 37%] Linking CXX executable ../../bin/llama-simple-chat
[ 37%] Built target llama-simple
[ 37%] Built target llama-simple-chat
[ 37%] Linking CXX executable ../../bin/llama-run
[ 37%] Built target llama-run
[ 37%] Linking CXX executable ../../bin/llama-quantize-stats
[ 37%] Built target llama-quantize-stats
[ 37%] Built target llava
[ 38%] Linking CXX shared library libllava_shared.so
[ 38%] Linking CXX static library libllava_static.a
[ 38%] Built target llava_static
[ 38%] Built target llava_shared
[ 38%] Linking CXX static library libcommon.a
[ 38%] Built target common
[ 38%] Building CXX object tests/CMakeFiles/test-tokenizer-0.dir/test-tokenizer-0.cpp.o
[ 39%] Building CXX object tests/CMakeFiles/test-grammar-parser.dir/test-grammar-parser.cpp.o
[ 39%] Building CXX object tests/CMakeFiles/test-grammar-integration.dir/test-grammar-integration.cpp.o
[ 39%] Building CXX object tests/CMakeFiles/test-log.dir/test-log.cpp.o
[ 39%] Building CXX object tests/CMakeFiles/test-tokenizer-1-spm.dir/test-tokenizer-1-spm.cpp.o
[ 39%] Building CXX object tests/CMakeFiles/test-sampling.dir/get-model.cpp.o
[ 40%] Building CXX object tests/CMakeFiles/test-sampling.dir/test-sampling.cpp.o
[ 40%] Building CXX object tests/CMakeFiles/test-grammar-parser.dir/get-model.cpp.o
[ 41%] Building CXX object tests/CMakeFiles/test-arg-parser.dir/test-arg-parser.cpp.o
[ 41%] Building CXX object tests/CMakeFiles/test-tokenizer-1-bpe.dir/test-tokenizer-1-bpe.cpp.o
[ 42%] Building CXX object tests/CMakeFiles/test-grammar-integration.dir/get-model.cpp.o
[ 42%] Building CXX object tests/CMakeFiles/test-json-schema-to-grammar.dir/test-json-schema-to-grammar.cpp.o
[ 43%] Building CXX object tests/CMakeFiles/test-llama-grammar.dir/test-llama-grammar.cpp.o
[ 44%] Building CXX object tests/CMakeFiles/test-log.dir/get-model.cpp.o
[ 44%] Building CXX object tests/CMakeFiles/test-arg-parser.dir/get-model.cpp.o
[ 45%] Building CXX object tests/CMakeFiles/test-autorelease.dir/get-model.cpp.o
[ 45%] Building CXX object tests/CMakeFiles/test-autorelease.dir/test-autorelease.cpp.o
[ 45%] Building CXX object tests/CMakeFiles/test-llama-grammar.dir/get-model.cpp.o
[ 45%] Building CXX object tests/CMakeFiles/test-chat-template.dir/get-model.cpp.o
[ 46%] Building CXX object tests/CMakeFiles/test-model-load-cancel.dir/test-model-load-cancel.cpp.o
[ 47%] Building CXX object tests/CMakeFiles/test-chat-template.dir/test-chat-template.cpp.o
[ 47%] Building CXX object tests/CMakeFiles/test-backend-ops.dir/get-model.cpp.o
[ 47%] Building CXX object tests/CMakeFiles/test-barrier.dir/test-barrier.cpp.o
[ 48%] Building CXX object tests/CMakeFiles/test-quantize-perf.dir/test-quantize-perf.cpp.o
[ 48%] Building CXX object tests/CMakeFiles/test-quantize-fns.dir/test-quantize-fns.cpp.o
[ 49%] Building CXX object tests/CMakeFiles/test-backend-ops.dir/test-backend-ops.cpp.o
[ 48%] Building CXX object tests/CMakeFiles/test-model-load-cancel.dir/get-model.cpp.o
[ 50%] Building CXX object tests/CMakeFiles/test-json-schema-to-grammar.dir/get-model.cpp.o
[ 50%] Building CXX object tests/CMakeFiles/test-rope.dir/test-rope.cpp.o
[ 50%] Building CXX object tests/CMakeFiles/test-quantize-perf.dir/get-model.cpp.o
[ 50%] Building CXX object examples/gguf-split/CMakeFiles/llama-gguf-split.dir/gguf-split.cpp.o
[ 51%] Building CXX object tests/CMakeFiles/test-rope.dir/get-model.cpp.o
[ 51%] Building CXX object examples/gbnf-validator/CMakeFiles/llama-gbnf-validator.dir/gbnf-validator.cpp.o
[ 52%] Building CXX object tests/CMakeFiles/test-barrier.dir/get-model.cpp.o
[ 52%] Building CXX object examples/batched-bench/CMakeFiles/llama-batched-bench.dir/batched-bench.cpp.o
[ 53%] Building CXX object tests/CMakeFiles/test-quantize-fns.dir/get-model.cpp.o
[ 52%] Building CXX object examples/batched/CMakeFiles/llama-batched.dir/batched.cpp.o
[ 52%] Building CXX object examples/embedding/CMakeFiles/llama-embedding.dir/embedding.cpp.o
[ 53%] Building CXX object examples/eval-callback/CMakeFiles/llama-eval-callback.dir/eval-callback.cpp.o
[ 53%] Building CXX object examples/gritlm/CMakeFiles/llama-gritlm.dir/gritlm.cpp.o
[ 53%] Building CXX object examples/llama-bench/CMakeFiles/llama-bench.dir/llama-bench.cpp.o
[ 53%] Building CXX object examples/infill/CMakeFiles/llama-infill.dir/infill.cpp.o
[ 53%] Building CXX object examples/imatrix/CMakeFiles/llama-imatrix.dir/imatrix.cpp.o
[ 53%] Building CXX object examples/lookup/CMakeFiles/llama-lookup-create.dir/lookup-create.cpp.o
[ 53%] Building CXX object examples/lookahead/CMakeFiles/llama-lookahead.dir/lookahead.cpp.o
[ 53%] Building CXX object examples/lookup/CMakeFiles/llama-lookup-merge.dir/lookup-merge.cpp.o
[ 54%] Building CXX object examples/lookup/CMakeFiles/llama-lookup-stats.dir/lookup-stats.cpp.o
[ 54%] Building CXX object examples/lookup/CMakeFiles/llama-lookup.dir/lookup.cpp.o
[ 55%] Generating index.html.hpp
[ 55%] Generating loading.html.hpp
[ 56%] Linking CXX executable ../bin/test-model-load-cancel
[ 57%] Building CXX object examples/passkey/CMakeFiles/llama-passkey.dir/passkey.cpp.o
[ 57%] Building CXX object examples/main/CMakeFiles/llama-cli.dir/main.cpp.o
[ 58%] Building CXX object examples/parallel/CMakeFiles/llama-parallel.dir/parallel.cpp.o
[ 59%] Building CXX object examples/quantize/CMakeFiles/llama-quantize.dir/quantize.cpp.o
[ 60%] Building CXX object examples/retrieval/CMakeFiles/llama-retrieval.dir/retrieval.cpp.o
[ 61%] Building CXX object examples/perplexity/CMakeFiles/llama-perplexity.dir/perplexity.cpp.o
[ 62%] Building CXX object examples/save-load-state/CMakeFiles/llama-save-load-state.dir/save-load-state.cpp.o
[ 63%] Building CXX object examples/speculative/CMakeFiles/llama-speculative.dir/speculative.cpp.o
[ 64%] Building CXX object examples/speculative-simple/CMakeFiles/llama-speculative-simple.dir/speculative-simple.cpp.o
[ 64%] Building CXX object examples/gen-docs/CMakeFiles/llama-gen-docs.dir/gen-docs.cpp.o
[ 65%] Building CXX object examples/tokenize/CMakeFiles/llama-tokenize.dir/tokenize.cpp.o
[ 65%] Building CXX object examples/convert-llama2c-to-ggml/CMakeFiles/llama-convert-llama2c-to-ggml.dir/convert-llama2c-to-ggml.cpp.o
[ 65%] Building CXX object examples/export-lora/CMakeFiles/llama-export-lora.dir/export-lora.cpp.o
[ 65%] Building CXX object examples/cvector-generator/CMakeFiles/llama-cvector-generator.dir/cvector-generator.cpp.o
[ 65%] Building CXX object examples/llava/CMakeFiles/llama-llava-cli.dir/llava-cli.cpp.o
[ 66%] Building CXX object examples/sycl/CMakeFiles/llama-ls-sycl-device.dir/ls-sycl-device.cpp.o
[ 67%] Building CXX object pocs/vdot/CMakeFiles/llama-vdot.dir/vdot.cpp.o
[ 68%] Building CXX object examples/llava/CMakeFiles/llama-minicpmv-cli.dir/minicpmv-cli.cpp.o
[ 69%] Building CXX object pocs/vdot/CMakeFiles/llama-q8dot.dir/q8dot.cpp.o
[ 69%] Linking CXX executable ../../bin/llama-ls-sycl-device
[ 69%] Linking CXX executable ../bin/test-log
[ 69%] Linking CXX executable ../bin/test-autorelease
[ 69%] Linking CXX executable ../bin/test-quantize-fns
[ 69%] Linking CXX executable ../bin/test-rope
[ 69%] Linking CXX executable ../bin/test-barrier
[ 69%] Built target llama-ls-sycl-device
[ 69%] Built target test-model-load-cancel
[ 69%] Built target test-log
[ 70%] Linking CXX executable ../bin/test-tokenizer-1-spm
[ 71%] Linking CXX executable ../bin/test-tokenizer-1-bpe
[ 72%] Building CXX object examples/server/CMakeFiles/llama-server.dir/server.cpp.o
[ 73%] Linking CXX executable ../../bin/llama-lookup-merge
[ 73%] Built target test-autorelease
[ 73%] Built target test-rope
[ 74%] Linking CXX executable ../../bin/llama-gbnf-validator
[ 75%] Linking CXX executable ../../bin/llama-eval-callback
[ 75%] Linking CXX executable ../../bin/llama-tokenize
[ 75%] Built target test-quantize-fns
[ 76%] Linking CXX executable ../bin/test-chat-template
[ 77%] Linking CXX executable ../../bin/llama-lookup-create
[ 77%] Built target test-tokenizer-1-spm
[ 77%] Linking CXX executable ../../bin/llama-vdot
[ 77%] Built target test-tokenizer-1-bpe
[ 77%] Built target test-barrier
[ 78%] Linking CXX executable ../../bin/llama-batched-bench
[ 79%] Linking CXX executable ../../bin/llama-batched
[ 79%] Built target llama-gbnf-validator
[ 80%] Linking CXX executable ../../bin/llama-lookup
[ 81%] Linking CXX executable ../bin/test-grammar-parser
[ 82%] Linking CXX executable ../../bin/llama-gritlm
[ 82%] Built target llama-lookup-merge
[ 83%] Linking CXX executable ../../bin/llama-gguf-split
[ 83%] Linking CXX executable ../../bin/llama-save-load-state
[ 83%] Linking CXX executable ../../bin/llama-q8dot
[ 83%] Linking CXX executable ../../bin/llama-speculative-simple
[ 84%] Linking CXX executable ../../bin/llama-gen-docs
[ 84%] Linking CXX executable ../../bin/llama-minicpmv-cli
[ 84%] Built target llama-tokenize
[ 84%] Linking CXX executable ../../bin/llama-passkey
[ 84%] Linking CXX executable ../../bin/llama-lookup-stats
[ 85%] Linking CXX executable ../bin/test-llama-grammar
[ 85%] Built target llama-lookup-create
[ 86%] Linking CXX executable ../../bin/llama-embedding
[ 88%] Linking CXX executable ../bin/test-sampling
[ 88%] Linking CXX executable ../bin/test-tokenizer-0
[ 89%] Linking CXX executable ../../bin/llama-llava-cli
[ 89%] Built target test-chat-template
[ 89%] Built target llama-batched-bench
[ 89%] Built target llama-vdot
[ 89%] Linking CXX executable ../../bin/llama-parallel
[ 90%] Linking CXX executable ../bin/test-arg-parser
[ 91%] Linking CXX executable ../../bin/llama-lookahead
[ 91%] Built target llama-save-load-state
[ 91%] Built target test-grammar-parser
[ 91%] Built target llama-q8dot
[ 91%] Built target llama-batched
[ 91%] Built target llama-gritlm
[ 91%] Built target llama-gguf-split
[ 91%] Built target test-tokenizer-0
[ 91%] Built target llama-eval-callback
[ 91%] Built target test-sampling
[ 92%] Linking CXX executable ../../bin/llama-export-lora
[ 92%] Linking CXX executable ../../bin/llama-retrieval
[ 92%] Built target llama-lookup-stats
[ 92%] Built target llama-speculative-simple
[ 93%] Linking CXX executable ../../bin/llama-convert-llama2c-to-ggml
[ 94%] Linking CXX executable ../bin/test-quantize-perf
[ 95%] Linking CXX executable ../../bin/llama-infill
[ 95%] Built target llama-llava-cli
[ 95%] Built target llama-gen-docs
[ 95%] Built target llama-lookup
[ 95%] Built target llama-minicpmv-cli
[ 95%] Built target llama-embedding
[ 95%] Built target test-arg-parser
[ 95%] Built target test-llama-grammar
[ 95%] Built target llama-passkey
[ 95%] Linking CXX executable ../../bin/llama-quantize
[ 95%] Built target llama-parallel
[ 95%] Built target llama-retrieval
[ 95%] Built target llama-export-lora
[ 95%] Built target llama-lookahead
[ 95%] Built target llama-convert-llama2c-to-ggml
[ 96%] Linking CXX executable ../../bin/llama-cli
[ 96%] Built target llama-infill
[ 96%] Built target test-quantize-perf
[ 97%] Linking CXX executable ../../bin/llama-imatrix
[ 97%] Built target llama-quantize
[ 98%] Linking CXX executable ../../bin/llama-cvector-generator
[ 98%] Built target llama-cli
[ 98%] Linking CXX executable ../../bin/llama-speculative
[ 98%] Built target llama-cvector-generator
[ 98%] Built target llama-imatrix
[ 98%] Built target llama-speculative
[ 98%] Linking CXX executable ../../bin/llama-perplexity
[ 98%] Built target llama-perplexity
[ 98%] Linking CXX executable ../bin/test-grammar-integration
[ 98%] Built target test-grammar-integration
[ 98%] Linking CXX executable ../bin/test-json-schema-to-grammar
[ 99%] Linking CXX executable ../../bin/llama-bench
[ 99%] Built target test-json-schema-to-grammar
[ 99%] Built target llama-bench
[100%] Linking CXX executable ../bin/test-backend-ops
[100%] Built target test-backend-ops
[100%] Linking CXX executable ../../bin/llama-server
[100%] Built target llama-server

real	1m1.448s
user	6m4.979s
sys	0m18.490s
+ ctest --output-on-failure -L main
Test project /home/zjy/ws/jenkins/workspace/ci-arc770/ggerganov-llama.cpp/build-ci-release
      Start  1: test-tokenizer-0-bert-bge
 1/27 Test  #1: test-tokenizer-0-bert-bge .........   Passed    1.01 sec
      Start  2: test-tokenizer-0-command-r
 2/27 Test  #2: test-tokenizer-0-command-r ........   Passed    0.53 sec
      Start  3: test-tokenizer-0-deepseek-coder
 3/27 Test  #3: test-tokenizer-0-deepseek-coder ...   Passed    0.14 sec
      Start  4: test-tokenizer-0-deepseek-llm
 4/27 Test  #4: test-tokenizer-0-deepseek-llm .....   Passed    0.24 sec
      Start  5: test-tokenizer-0-falcon
 5/27 Test  #5: test-tokenizer-0-falcon ...........   Passed    0.19 sec
      Start  6: test-tokenizer-0-gpt-2
 6/27 Test  #6: test-tokenizer-0-gpt-2 ............   Passed    0.16 sec
      Start  7: test-tokenizer-0-llama-bpe
 7/27 Test  #7: test-tokenizer-0-llama-bpe ........   Passed    0.41 sec
      Start  8: test-tokenizer-0-llama-spm
 8/27 Test  #8: test-tokenizer-0-llama-spm ........   Passed    0.14 sec
      Start  9: test-tokenizer-0-mpt
 9/27 Test  #9: test-tokenizer-0-mpt ..............   Passed    0.17 sec
      Start 10: test-tokenizer-0-phi-3
10/27 Test #10: test-tokenizer-0-phi-3 ............   Passed    0.12 sec
      Start 11: test-tokenizer-0-qwen2
11/27 Test #11: test-tokenizer-0-qwen2 ............   Passed    0.33 sec
      Start 12: test-tokenizer-0-refact
12/27 Test #12: test-tokenizer-0-refact ...........   Passed    0.16 sec
      Start 13: test-tokenizer-0-starcoder
13/27 Test #13: test-tokenizer-0-starcoder ........   Passed    0.17 sec
      Start 14: test-sampling
14/27 Test #14: test-sampling .....................   Passed    0.95 sec
      Start 15: test-grammar-parser
15/27 Test #15: test-grammar-parser ...............   Passed    0.03 sec
      Start 16: test-grammar-integration
16/27 Test #16: test-grammar-integration ..........   Passed    0.03 sec
      Start 17: test-llama-grammar
17/27 Test #17: test-llama-grammar ................   Passed    0.03 sec
      Start 18: test-json-schema-to-grammar
18/27 Test #18: test-json-schema-to-grammar .......   Passed    1.84 sec
      Start 19: test-tokenizer-1-llama-spm
19/27 Test #19: test-tokenizer-1-llama-spm ........   Passed    0.21 sec
      Start 20: test-log
20/27 Test #20: test-log ..........................   Passed    0.04 sec
      Start 21: test-arg-parser
21/27 Test #21: test-arg-parser ...................   Passed    0.12 sec
      Start 22: test-chat-template
22/27 Test #22: test-chat-template ................   Passed    0.04 sec
      Start 23: test-backend-ops
23/27 Test #23: test-backend-ops ..................   Passed   32.23 sec
      Start 26: test-barrier
24/27 Test #26: test-barrier ......................   Passed    0.91 sec
      Start 27: test-quantize-fns
25/27 Test #27: test-quantize-fns .................   Passed   12.18 sec
      Start 28: test-quantize-perf
26/27 Test #28: test-quantize-perf ................   Passed    0.10 sec
      Start 29: test-rope
27/27 Test #29: test-rope .........................   Passed    0.06 sec

100% tests passed, 0 tests failed out of 27

Label Time Summary:
main    =  52.53 sec*proc (27 tests)

Total Test time (real) =  52.56 sec

real	0m52.667s
user	1m6.366s
sys	0m12.375s
