+ gg_run_ctest_release
+ cd /home/jianyuzh/ws/llama.cpp/llama.cpp_ci/arthw-llama.cpp
+ tee /home/jianyuzh/ws/llama.cpp/llama.cpp_ci/ci_log/llama.cpp/arthw-llama.cpp/iGPU-13700k/log/f3f65429c44bb195a9195bfdc19a30a79709db7b/tmp/results/ctest_release.log
+ rm -rf build-ci-release
+ mkdir build-ci-release
+ cd build-ci-release
+ set -e
+ tee -a /home/jianyuzh/ws/llama.cpp/llama.cpp_ci/ci_log/llama.cpp/arthw-llama.cpp/iGPU-13700k/log/f3f65429c44bb195a9195bfdc19a30a79709db7b/tmp/results/ctest_release-cmake.log
+ cmake -DCMAKE_BUILD_TYPE=Release -DLLAMA_FATAL_WARNINGS=ON -DLLAMA_SYCL=1 DCMAKE_C_COMPILER=icx -DCMAKE_CXX_COMPILER=icpx -DLLAMA_SYCL_F16=ON ..
CMake Warning:
  Ignoring extra path from command line:

   "/home/jianyuzh/ws/llama.cpp/llama.cpp_ci/arthw-llama.cpp/build-ci-release/DCMAKE_C_COMPILER=icx"


-- The C compiler identification is GNU 12.3.0
-- The CXX compiler identification is IntelLLVM 2024.2.0
-- Detecting C compiler ABI info
-- Detecting C compiler ABI info - done
-- Check for working C compiler: /usr/bin/cc - skipped
-- Detecting C compile features
-- Detecting C compile features - done
-- Detecting CXX compiler ABI info
-- Detecting CXX compiler ABI info - done
-- Check for working CXX compiler: /opt/intel/oneapi/compiler/2024.2/bin/icpx - skipped
-- Detecting CXX compile features
-- Detecting CXX compile features - done
-- Found Git: /usr/bin/git (found version "2.34.1") 
CMake Warning at CMakeLists.txt:87 (message):
  LLAMA_SYCL is deprecated and will be removed in the future.

  Use GGML_SYCL instead

Call Stack (most recent call first):
  CMakeLists.txt:100 (llama_option_depr)


CMake Warning at CMakeLists.txt:87 (message):
  LLAMA_SYCL_F16 is deprecated and will be removed in the future.

  Use GGML_SYCL_F16 instead

Call Stack (most recent call first):
  CMakeLists.txt:101 (llama_option_depr)


-- Performing Test CMAKE_HAVE_LIBC_PTHREAD
-- Performing Test CMAKE_HAVE_LIBC_PTHREAD - Success
-- Found Threads: TRUE  
-- Found OpenMP_C: -fopenmp (found version "4.5") 
-- Found OpenMP_CXX: -fiopenmp  
-- Found OpenMP: TRUE (found version "4.5")  
-- OpenMP found
-- Using ggml SGEMM
-- ccache found, compilation results will be cached. Disable with GGML_CCACHE=OFF.
-- CMAKE_SYSTEM_PROCESSOR: x86_64
-- x86 detected
-- Configuring done (0.7s)
-- Generating done (0.0s)
-- Build files have been written to: /home/jianyuzh/ws/llama.cpp/llama.cpp_ci/arthw-llama.cpp/build-ci-release

real	0m0.755s
user	0m0.485s
sys	0m0.270s
+ tee -a /home/jianyuzh/ws/llama.cpp/llama.cpp_ci/ci_log/llama.cpp/arthw-llama.cpp/iGPU-13700k/log/f3f65429c44bb195a9195bfdc19a30a79709db7b/tmp/results/ctest_release-make.log
+ make -j
[  0%] Generating build details from Git
[  0%] Building C object ggml/src/CMakeFiles/ggml.dir/ggml.c.o
[  1%] Building C object ggml/src/CMakeFiles/ggml.dir/ggml-alloc.c.o
[  2%] Building C object ggml/src/CMakeFiles/ggml.dir/ggml-backend.c.o
[  2%] Building C object ggml/src/CMakeFiles/ggml.dir/ggml-quants.c.o
[  3%] Building CXX object ggml/src/CMakeFiles/ggml.dir/sgemm.cpp.o
-- Found Git: /usr/bin/git (found version "2.34.1") 
[  4%] Building CXX object common/CMakeFiles/build_info.dir/build-info.cpp.o
[  4%] Built target build_info
[  4%] Linking CXX shared library libggml.so
[  4%] Built target ggml
[  5%] Building CXX object src/CMakeFiles/llama.dir/llama.cpp.o
[  6%] Building CXX object src/CMakeFiles/llama.dir/unicode.cpp.o
[  7%] Building CXX object examples/gguf/CMakeFiles/llama-gguf.dir/gguf.cpp.o
[  7%] Building CXX object src/CMakeFiles/llama.dir/unicode-data.cpp.o
[  7%] Linking CXX executable ../../bin/llama-gguf
[  7%] Built target llama-gguf
/home/jianyuzh/ws/llama.cpp/llama.cpp_ci/arthw-llama.cpp/src/llama.cpp:12465:38: warning: using floating point absolute value function 'fabs' when argument is of integer type [-Wabsolute-value]
 12465 |                                 f = -fabs(lctx.kv_self.cells[i].pos - pos);
       |                                      ^
/home/jianyuzh/ws/llama.cpp/llama.cpp_ci/arthw-llama.cpp/src/llama.cpp:12465:38: note: use function 'std::abs' instead
 12465 |                                 f = -fabs(lctx.kv_self.cells[i].pos - pos);
       |                                      ^~~~
       |                                      std::abs
/home/jianyuzh/ws/llama.cpp/llama.cpp_ci/arthw-llama.cpp/src/llama.cpp:12498:42: warning: using floating point absolute value function 'fabs' when argument is of integer type [-Wabsolute-value]
 12498 |                                     f = -fabs(batch.pos[i] - batch.pos[j]);
       |                                          ^
/home/jianyuzh/ws/llama.cpp/llama.cpp_ci/arthw-llama.cpp/src/llama.cpp:12498:42: note: use function 'std::abs' instead
 12498 |                                     f = -fabs(batch.pos[i] - batch.pos[j]);
       |                                          ^~~~
       |                                          std::abs
2 warnings generated.
[  8%] Linking CXX shared library libllama.so
[  8%] Built target llama
[  8%] Building CXX object common/CMakeFiles/common.dir/common.cpp.o
[  9%] Building C object tests/CMakeFiles/test-c.dir/test-c.c.o
[ 10%] Building CXX object examples/benchmark/CMakeFiles/llama-bench-matmult.dir/benchmark-matmult.cpp.o
[ 11%] Building CXX object examples/quantize-stats/CMakeFiles/llama-quantize-stats.dir/quantize-stats.cpp.o
[ 11%] Building CXX object common/CMakeFiles/common.dir/sampling.cpp.o
[ 13%] Building CXX object examples/llava/CMakeFiles/llava.dir/llava.cpp.o
[ 13%] Building CXX object common/CMakeFiles/common.dir/json-schema-to-grammar.cpp.o
[ 13%] Building CXX object common/CMakeFiles/common.dir/console.cpp.o
[ 11%] Building CXX object examples/llava/CMakeFiles/llava.dir/clip.cpp.o
[ 11%] Building CXX object common/CMakeFiles/common.dir/grammar-parser.cpp.o
[ 14%] Building CXX object common/CMakeFiles/common.dir/train.cpp.o
[ 14%] Building CXX object common/CMakeFiles/common.dir/ngram-cache.cpp.o
[ 14%] Linking C executable ../bin/test-c
[ 14%] Built target test-c
[ 15%] Linking CXX executable ../../bin/llama-bench-matmult
[ 15%] Built target llama-bench-matmult
[ 16%] Linking CXX executable ../../bin/llama-quantize-stats
[ 16%] Built target llama-quantize-stats
[ 16%] Built target llava
[ 16%] Linking CXX static library libllava_static.a
[ 17%] Linking CXX shared library libllava_shared.so
[ 17%] Built target llava_static
[ 17%] Built target llava_shared
[ 18%] Linking CXX static library libcommon.a
[ 18%] Built target common
[ 18%] Building CXX object tests/CMakeFiles/test-tokenizer-0.dir/test-tokenizer-0.cpp.o
[ 19%] Building CXX object tests/CMakeFiles/test-tokenizer-1-spm.dir/test-tokenizer-1-spm.cpp.o
[ 21%] Building CXX object tests/CMakeFiles/test-quantize-fns.dir/test-quantize-fns.cpp.o
[ 21%] Building CXX object tests/CMakeFiles/test-tokenizer-1-bpe.dir/test-tokenizer-1-bpe.cpp.o
[ 22%] Building CXX object tests/CMakeFiles/test-quantize-fns.dir/get-model.cpp.o
[ 23%] Building CXX object tests/CMakeFiles/test-quantize-perf.dir/test-quantize-perf.cpp.o
[ 25%] Building CXX object tests/CMakeFiles/test-sampling.dir/test-sampling.cpp.o
[ 25%] Building CXX object tests/CMakeFiles/test-chat-template.dir/test-chat-template.cpp.o
[ 25%] Building CXX object tests/CMakeFiles/test-quantize-perf.dir/get-model.cpp.o
[ 26%] Building CXX object tests/CMakeFiles/test-chat-template.dir/get-model.cpp.o
[ 26%] Building CXX object tests/CMakeFiles/test-sampling.dir/get-model.cpp.o
[ 27%] Building CXX object tests/CMakeFiles/test-grammar-parser.dir/test-grammar-parser.cpp.o
[ 27%] Building CXX object tests/CMakeFiles/test-grammar-parser.dir/get-model.cpp.o
[ 27%] Building CXX object tests/CMakeFiles/test-llama-grammar.dir/test-llama-grammar.cpp.o
[ 29%] Building CXX object tests/CMakeFiles/test-grad0.dir/test-grad0.cpp.o
[ 29%] Building CXX object tests/CMakeFiles/test-llama-grammar.dir/get-model.cpp.o
[ 30%] Building CXX object tests/CMakeFiles/test-grammar-integration.dir/test-grammar-integration.cpp.o
[ 30%] Building CXX object tests/CMakeFiles/test-grammar-integration.dir/get-model.cpp.o
[ 31%] Building CXX object tests/CMakeFiles/test-grad0.dir/get-model.cpp.o
[ 32%] Building CXX object tests/CMakeFiles/test-backend-ops.dir/get-model.cpp.o
[ 33%] Building CXX object tests/CMakeFiles/test-rope.dir/test-rope.cpp.o
[ 33%] Building CXX object tests/CMakeFiles/test-rope.dir/get-model.cpp.o
[ 33%] Building CXX object tests/CMakeFiles/test-model-load-cancel.dir/test-model-load-cancel.cpp.o
[ 33%] Building CXX object tests/CMakeFiles/test-json-schema-to-grammar.dir/test-json-schema-to-grammar.cpp.o
[ 34%] Building CXX object tests/CMakeFiles/test-backend-ops.dir/test-backend-ops.cpp.o
[ 35%] Building CXX object examples/cvector-generator/CMakeFiles/llama-cvector-generator.dir/cvector-generator.cpp.o
[ 36%] Building CXX object tests/CMakeFiles/test-json-schema-to-grammar.dir/get-model.cpp.o
[ 37%] Building CXX object examples/batched-bench/CMakeFiles/llama-batched-bench.dir/batched-bench.cpp.o
[ 39%] Building CXX object tests/CMakeFiles/test-autorelease.dir/get-model.cpp.o
[ 39%] Building CXX object tests/CMakeFiles/test-autorelease.dir/test-autorelease.cpp.o
[ 40%] Building CXX object tests/CMakeFiles/test-model-load-cancel.dir/get-model.cpp.o
[ 40%] Building CXX object examples/baby-llama/CMakeFiles/llama-baby-llama.dir/baby-llama.cpp.o
[ 41%] Building CXX object examples/convert-llama2c-to-ggml/CMakeFiles/llama-convert-llama2c-to-ggml.dir/convert-llama2c-to-ggml.cpp.o
[ 42%] Building CXX object examples/batched/CMakeFiles/llama-batched.dir/batched.cpp.o
[ 42%] Linking CXX executable ../bin/test-grad0
[ 42%] Building CXX object examples/embedding/CMakeFiles/llama-embedding.dir/embedding.cpp.o
[ 42%] Linking CXX executable ../bin/test-quantize-fns
[ 43%] Building CXX object examples/export-lora/CMakeFiles/llama-export-lora.dir/export-lora.cpp.o
[ 44%] Building CXX object examples/eval-callback/CMakeFiles/llama-eval-callback.dir/eval-callback.cpp.o
[ 45%] Linking CXX executable ../bin/test-quantize-perf
[ 46%] Building CXX object examples/finetune/CMakeFiles/llama-finetune.dir/finetune.cpp.o
[ 46%] Building CXX object examples/gbnf-validator/CMakeFiles/llama-gbnf-validator.dir/gbnf-validator.cpp.o
[ 47%] Building CXX object examples/gguf-split/CMakeFiles/llama-gguf-split.dir/gguf-split.cpp.o
[ 47%] Building CXX object examples/imatrix/CMakeFiles/llama-imatrix.dir/imatrix.cpp.o
[ 48%] Building CXX object examples/gritlm/CMakeFiles/llama-gritlm.dir/gritlm.cpp.o
[ 49%] Linking CXX executable ../bin/test-rope
[ 49%] Building CXX object examples/infill/CMakeFiles/llama-infill.dir/infill.cpp.o
[ 49%] Linking CXX executable ../bin/test-model-load-cancel
[ 50%] Building CXX object examples/llava/CMakeFiles/llama-llava-cli.dir/llava-cli.cpp.o
[ 50%] Building CXX object examples/lookup/CMakeFiles/llama-lookup.dir/lookup.cpp.o
[ 50%] Building CXX object examples/lookup/CMakeFiles/llama-lookup-create.dir/lookup-create.cpp.o
[ 50%] Building CXX object examples/llama-bench/CMakeFiles/llama-bench.dir/llama-bench.cpp.o
[ 51%] Building CXX object examples/lookup/CMakeFiles/llama-lookup-merge.dir/lookup-merge.cpp.o
[ 52%] Building CXX object examples/lookup/CMakeFiles/llama-lookup-stats.dir/lookup-stats.cpp.o
[ 53%] Building CXX object examples/lookahead/CMakeFiles/llama-lookahead.dir/lookahead.cpp.o
[ 53%] Built target test-quantize-fns
[ 53%] Built target test-quantize-perf
[ 53%] Built target test-grad0
[ 54%] Building CXX object examples/main/CMakeFiles/llama-cli.dir/main.cpp.o
[ 55%] Building CXX object examples/parallel/CMakeFiles/llama-parallel.dir/parallel.cpp.o
[ 55%] Building CXX object examples/passkey/CMakeFiles/llama-passkey.dir/passkey.cpp.o
[ 56%] Building CXX object examples/perplexity/CMakeFiles/llama-perplexity.dir/perplexity.cpp.o
[ 56%] Generating theme-snowstorm.css.hpp
[ 57%] Generating completion.js.hpp
[ 58%] Generating colorthemes.css.hpp
[ 58%] Linking CXX executable ../bin/test-autorelease
[ 58%] Built target test-model-load-cancel
[ 58%] Built target test-rope
[ 59%] Building CXX object examples/retrieval/CMakeFiles/llama-retrieval.dir/retrieval.cpp.o
[ 60%] Building CXX object examples/quantize/CMakeFiles/llama-quantize.dir/quantize.cpp.o
[ 60%] Building CXX object examples/simple/CMakeFiles/llama-simple.dir/simple.cpp.o
[ 61%] Building CXX object examples/save-load-state/CMakeFiles/llama-save-load-state.dir/save-load-state.cpp.o
[ 62%] Generating index-new.html.hpp
[ 63%] Generating index.html.hpp
[ 64%] Building CXX object examples/speculative/CMakeFiles/llama-speculative.dir/speculative.cpp.o
[ 64%] Generating index.js.hpp
[ 65%] Building CXX object examples/tokenize/CMakeFiles/llama-tokenize.dir/tokenize.cpp.o
[ 65%] Building CXX object examples/train-text-from-scratch/CMakeFiles/llama-train-text-from-scratch.dir/train-text-from-scratch.cpp.o
[ 65%] Building CXX object pocs/vdot/CMakeFiles/llama-vdot.dir/vdot.cpp.o
[ 66%] Generating json-schema-to-grammar.mjs.hpp
[ 67%] Generating style.css.hpp
[ 68%] Generating prompt-formats.js.hpp
[ 69%] Building CXX object pocs/vdot/CMakeFiles/llama-q8dot.dir/q8dot.cpp.o
[ 70%] Linking CXX executable ../../bin/llama-vdot
[ 70%] Generating system-prompts.js.hpp
[ 70%] Generating theme-beeninorder.css.hpp
[ 71%] Linking CXX executable ../../bin/llama-baby-llama
[ 71%] Linking CXX executable ../../bin/llama-q8dot
[ 72%] Generating theme-ketivah.css.hpp
[ 72%] Built target test-autorelease
[ 72%] Generating theme-mangotango.css.hpp
[ 73%] Generating theme-playground.css.hpp
[ 74%] Linking CXX executable ../bin/test-sampling
[ 75%] Generating theme-polarnight.css.hpp
[ 75%] Building CXX object examples/server/CMakeFiles/llama-server.dir/server.cpp.o
[ 75%] Built target llama-vdot
[ 75%] Linking CXX executable ../../bin/llama-eval-callback
[ 75%] Linking CXX executable ../bin/test-tokenizer-1-bpe
[ 75%] Built target test-sampling
[ 75%] Built target llama-q8dot
[ 75%] Built target llama-baby-llama
[ 75%] Linking CXX executable ../../bin/llama-lookup-merge
[ 75%] Linking CXX executable ../../bin/llama-export-lora
[ 76%] Linking CXX executable ../bin/test-tokenizer-0
[ 77%] Linking CXX executable ../../bin/llama-batched-bench
[ 78%] Linking CXX executable ../bin/test-tokenizer-1-spm
[ 78%] Built target test-tokenizer-1-bpe
[ 78%] Built target llama-lookup-merge
[ 79%] Linking CXX executable ../../bin/llama-lookup
[ 79%] Built target test-tokenizer-0
[ 79%] Built target llama-export-lora
[ 79%] Linking CXX executable ../bin/test-chat-template
[ 79%] Built target llama-eval-callback
[ 80%] Linking CXX executable ../../bin/llama-simple
[ 81%] Linking CXX executable ../bin/test-grammar-parser
[ 82%] Linking CXX executable ../../bin/llama-gritlm
[ 82%] Built target test-tokenizer-1-spm
[ 82%] Built target llama-batched-bench
[ 83%] Linking CXX executable ../../bin/llama-tokenize
[ 83%] Linking CXX executable ../../bin/llama-lookup-stats
[ 83%] Built target llama-simple
[ 83%] Built target test-chat-template
[ 83%] Built target test-grammar-parser
[ 83%] Built target llama-gritlm
[ 83%] Built target llama-lookup
[ 84%] Linking CXX executable ../../bin/llama-embedding
[ 84%] Built target llama-lookup-stats
[ 84%] Linking CXX executable ../../bin/llama-gguf-split
[ 84%] Built target llama-tokenize
[ 84%] Built target llama-embedding
[ 84%] Linking CXX executable ../../bin/llama-batched
[ 85%] Linking CXX executable ../../bin/llama-gbnf-validator
[ 86%] Linking CXX executable ../../bin/llama-lookup-create
[ 86%] Built target llama-gguf-split
[ 87%] Linking CXX executable ../../bin/llama-parallel
[ 87%] Built target llama-batched
[ 88%] Linking CXX executable ../../bin/llama-passkey
[ 88%] Built target llama-gbnf-validator
[ 88%] Built target llama-lookup-create
[ 88%] Linking CXX executable ../../bin/llama-convert-llama2c-to-ggml
[ 88%] Built target llama-parallel
[ 89%] Linking CXX executable ../../bin/llama-quantize
[ 89%] Built target llama-convert-llama2c-to-ggml
[ 89%] Built target llama-passkey
[ 89%] Linking CXX executable ../../bin/llama-save-load-state
[ 90%] Linking CXX executable ../../bin/llama-train-text-from-scratch
[ 90%] Linking CXX executable ../../bin/llama-llava-cli
[ 90%] Built target llama-quantize
[ 90%] Linking CXX executable ../../bin/llama-retrieval
[ 91%] Linking CXX executable ../../bin/llama-finetune
[ 92%] Linking CXX executable ../../bin/llama-lookahead
[ 92%] Built target llama-save-load-state
[ 92%] Built target llama-train-text-from-scratch
[ 92%] Built target llama-retrieval
[ 92%] Built target llama-llava-cli
[ 92%] Built target llama-lookahead
[ 93%] Linking CXX executable ../../bin/llama-imatrix
[ 93%] Built target llama-finetune
[ 94%] Linking CXX executable ../../bin/llama-cvector-generator
[ 95%] Linking CXX executable ../../bin/llama-infill
[ 95%] Built target llama-imatrix
[ 95%] Linking CXX executable ../../bin/llama-speculative
[ 95%] Built target llama-cvector-generator
[ 95%] Built target llama-infill
[ 95%] Built target llama-speculative
[ 95%] Linking CXX executable ../../bin/llama-cli
[ 95%] Built target llama-cli
[ 95%] Linking CXX executable ../../bin/llama-perplexity
[ 95%] Built target llama-perplexity
[ 96%] Linking CXX executable ../bin/test-grammar-integration
[ 96%] Built target test-grammar-integration
[ 96%] Linking CXX executable ../bin/test-backend-ops
[ 96%] Built target test-backend-ops
[ 97%] Linking CXX executable ../bin/test-json-schema-to-grammar
[ 97%] Built target test-json-schema-to-grammar
[ 98%] Linking CXX executable ../../bin/llama-bench
[ 98%] Built target llama-bench
In file included from /home/jianyuzh/ws/llama.cpp/llama.cpp_ci/arthw-llama.cpp/tests/test-llama-grammar.cpp:5:
/home/jianyuzh/ws/llama.cpp/llama.cpp_ci/arthw-llama.cpp/src/./llama.cpp:12465:38: warning: using floating point absolute value function 'fabs' when argument is of integer type [-Wabsolute-value]
 12465 |                                 f = -fabs(lctx.kv_self.cells[i].pos - pos);
       |                                      ^
/home/jianyuzh/ws/llama.cpp/llama.cpp_ci/arthw-llama.cpp/src/./llama.cpp:12465:38: note: use function 'std::abs' instead
 12465 |                                 f = -fabs(lctx.kv_self.cells[i].pos - pos);
       |                                      ^~~~
       |                                      std::abs
/home/jianyuzh/ws/llama.cpp/llama.cpp_ci/arthw-llama.cpp/src/./llama.cpp:12498:42: warning: using floating point absolute value function 'fabs' when argument is of integer type [-Wabsolute-value]
 12498 |                                     f = -fabs(batch.pos[i] - batch.pos[j]);
       |                                          ^
/home/jianyuzh/ws/llama.cpp/llama.cpp_ci/arthw-llama.cpp/src/./llama.cpp:12498:42: note: use function 'std::abs' instead
 12498 |                                     f = -fabs(batch.pos[i] - batch.pos[j]);
       |                                          ^~~~
       |                                          std::abs
2 warnings generated.
[ 99%] Linking CXX executable ../bin/test-llama-grammar
[ 99%] Built target test-llama-grammar
[100%] Linking CXX executable ../../bin/llama-server
[100%] Built target llama-server

real	0m29.446s
user	1m52.795s
sys	0m5.326s
+ '[' -z ']'
+ tee -a /home/jianyuzh/ws/llama.cpp/llama.cpp_ci/ci_log/llama.cpp/arthw-llama.cpp/iGPU-13700k/log/f3f65429c44bb195a9195bfdc19a30a79709db7b/tmp/results/ctest_release-ctest.log
+ ctest --output-on-failure -L main
Test project /home/jianyuzh/ws/llama.cpp/llama.cpp_ci/arthw-llama.cpp/build-ci-release
      Start  1: test-tokenizer-0-llama-spm
 1/22 Test  #1: test-tokenizer-0-llama-spm .......   Passed    0.02 sec
      Start  2: test-tokenizer-0-llama-bpe
 2/22 Test  #2: test-tokenizer-0-llama-bpe .......   Passed    0.24 sec
      Start  3: test-tokenizer-0-phi-3
 3/22 Test  #3: test-tokenizer-0-phi-3 ...........   Passed    0.02 sec
      Start  4: test-tokenizer-0-falcon
 4/22 Test  #4: test-tokenizer-0-falcon ..........   Passed    0.07 sec
      Start  5: test-tokenizer-0-bert-bge
 5/22 Test  #5: test-tokenizer-0-bert-bge ........   Passed    0.02 sec
      Start  6: test-tokenizer-0-starcoder
 6/22 Test  #6: test-tokenizer-0-starcoder .......   Passed    0.06 sec
      Start  7: test-tokenizer-0-gpt-2
 7/22 Test  #7: test-tokenizer-0-gpt-2 ...........   Passed    0.05 sec
      Start  8: test-tokenizer-0-refact
 8/22 Test  #8: test-tokenizer-0-refact ..........   Passed    0.05 sec
      Start  9: test-tokenizer-0-command-r
 9/22 Test  #9: test-tokenizer-0-command-r .......   Passed    0.34 sec
      Start 10: test-tokenizer-0-qwen2
10/22 Test #10: test-tokenizer-0-qwen2 ...........   Passed    0.18 sec
      Start 11: test-tokenizer-1-llama-spm
11/22 Test #11: test-tokenizer-1-llama-spm .......   Passed    0.11 sec
      Start 12: test-quantize-fns
12/22 Test #12: test-quantize-fns ................   Passed    9.93 sec
      Start 13: test-quantize-perf
13/22 Test #13: test-quantize-perf ...............   Passed    2.76 sec
      Start 14: test-sampling
14/22 Test #14: test-sampling ....................   Passed    0.01 sec
      Start 15: test-chat-template
15/22 Test #15: test-chat-template ...............   Passed    0.00 sec
      Start 16: test-grammar-parser
16/22 Test #16: test-grammar-parser ..............   Passed    0.00 sec
      Start 17: test-llama-grammar
17/22 Test #17: test-llama-grammar ...............   Passed    0.00 sec
      Start 18: test-grammar-integration
18/22 Test #18: test-grammar-integration .........   Passed    0.01 sec
      Start 19: test-grad0
19/22 Test #19: test-grad0 .......................   Passed    0.09 sec
      Start 20: test-backend-ops
20/22 Test #20: test-backend-ops .................   Passed    0.00 sec
      Start 21: test-rope
21/22 Test #21: test-rope ........................   Passed    0.03 sec
      Start 24: test-json-schema-to-grammar
22/22 Test #24: test-json-schema-to-grammar ......Subprocess aborted***Exception:   1.28 sec
LLAMA_NODE_AVAILABLE = false
LLAMA_PYTHON_AVAILABLE = false
#
# Testing JSON schema conversion (C++)
#
- min 0
- min 1
- min 3
- min 9
- min 10
- min 25
- max 30
- min -5
- min -123
- max -5
- max 1
- max 100
- min 0 max 23
- min 15 max 300
- min 5 max 30
- min -123 max 42
- min -10 max 10
- unknown type (failure expected)
Error: JSON schema conversion failed:
Unrecognized schema: {"type":"kaboom"}
- invalid type (failure expected)
Error: JSON schema conversion failed:
Unrecognized schema: {"type":123}
- empty schema (object)
- exotic formats
- string
- string w/ min length 1
- string w/ min length 3
- string w/ max length
- string w/ min & max length
- boolean
- integer
- string const
- non-string const
- non-string enum
- string array
- nullable string array
- tuple1
- tuple2
- number
- minItems
- maxItems 1
- maxItems 2
- min + maxItems
- min + max items with min + max values across zero
- min + max items with min + max values
- simple regexp
- regexp escapes
- regexp quote
- regexp
- required props in original order
- 1 optional prop
- N optional props
- required + optional props each in original order
- additional props
- additional props (true)
- additional props (implicit)
- empty w/o additional props
- required + additional props
- optional + additional props
- required + optional + additional props
- optional props with empty name
- optional props with nested names
- optional props with common prefix
- top-level $ref
- anyOf
- mix of allOf, anyOf and $ref (similar to https://json.schemastore.org/tsconfig.json)
- conflicting names
Python version is sufficient
#
# Testing JSON schema conversion (Python)
#
- min 0
- min 1
- min 3
- min 9
- min 10
- min 25
- max 30
- min -5
- min -123
- max -5
- max 1
- max 100
- min 0 max 23
- min 15 max 300
- min 5 max 30
- min -123 max 42
- min -10 max 10
- unknown type (failure expected)
Traceback (most recent call last):
  File "/home/jianyuzh/ws/llama.cpp/llama.cpp_ci/arthw-llama.cpp/./examples/json_schema_to_grammar.py", line 809, in <module>
    main()
  File "/home/jianyuzh/ws/llama.cpp/llama.cpp_ci/arthw-llama.cpp/./examples/json_schema_to_grammar.py", line 804, in main
    converter.visit(schema, '')
  File "/home/jianyuzh/ws/llama.cpp/llama.cpp_ci/arthw-llama.cpp/./examples/json_schema_to_grammar.py", line 665, in visit
    assert schema_type in PRIMITIVE_RULES, f'Unrecognized schema: {schema}'
AssertionError: Unrecognized schema: {'type': 'kaboom'}
- invalid type (failure expected)
Traceback (most recent call last):
  File "/home/jianyuzh/ws/llama.cpp/llama.cpp_ci/arthw-llama.cpp/./examples/json_schema_to_grammar.py", line 809, in <module>
    main()
  File "/home/jianyuzh/ws/llama.cpp/llama.cpp_ci/arthw-llama.cpp/./examples/json_schema_to_grammar.py", line 804, in main
    converter.visit(schema, '')
  File "/home/jianyuzh/ws/llama.cpp/llama.cpp_ci/arthw-llama.cpp/./examples/json_schema_to_grammar.py", line 665, in visit
    assert schema_type in PRIMITIVE_RULES, f'Unrecognized schema: {schema}'
AssertionError: Unrecognized schema: {'type': 123}
- empty schema (object)
- exotic formats
- string
- string w/ min length 1
- string w/ min length 3
- string w/ max length
- string w/ min & max length
- boolean
- integer
- string const
- non-string const
- non-string enum
- string array
- nullable string array
- tuple1
- tuple2
- number
- minItems
- maxItems 1
- maxItems 2
- min + maxItems
- min + max items with min + max values across zero
- min + max items with min + max values
- simple regexp
- regexp escapes
- regexp quote
- regexp
- required props in original order
- 1 optional prop
- N optional props
- required + optional props each in original order
- additional props
- additional props (true)
- additional props (implicit)
- empty w/o additional props
- required + additional props
- optional + additional props
- required + optional + additional props
- optional props with empty name
- optional props with nested names
- optional props with common prefix
- top-level $ref
- anyOf
- mix of allOf, anyOf and $ref (similar to https://json.schemastore.org/tsconfig.json)
- conflicting names
v12.22.9
#
# Testing JSON schema conversion (JavaScript)
#
- min 0
file:///home/jianyuzh/ws/llama.cpp/llama.cpp_ci/arthw-llama.cpp/tests/run-json-schema-to-grammar.mjs:8
schema = await converter.resolveRefs(schema, url)
         ^^^^^

SyntaxError: Unexpected reserved word
    at Loader.moduleStrategy (internal/modules/esm/translators.js:133:18)
    at async link (internal/modules/esm/module_job.js:42:21)
#
# Test 'min 0' failed.
#
{
            "type": "integer",
            "minimum": 0
        }
# EXPECTED STATUS: SUCCESS
# ACTUAL STATUS: FAILURE
test-json-schema-to-grammar: /home/jianyuzh/ws/llama.cpp/llama.cpp_ci/arthw-llama.cpp/tests/test-json-schema-to-grammar.cpp:58: void TestCase::verify_status(TestCaseStatus) const: Assertion `false' failed.


95% tests passed, 1 tests failed out of 22

Label Time Summary:
main    =  15.26 sec*proc (22 tests)

Total Test time (real) =  15.26 sec

The following tests FAILED:
	 24 - test-json-schema-to-grammar (Subprocess aborted)
Errors while running CTest

real	0m15.266s
user	0m16.260s
sys	0m0.362s
+ cur=8
+ echo 8
+ set +x
