+ ctest --output-on-failure -L main
Test project /var/jenkins_home/workspace/llama.cpp/llama.cpp/build-ci-release
      Start  1: test-quantize-fns
 1/23 Test  #1: test-quantize-fns ...................   Passed   14.69 sec
      Start  2: test-quantize-perf
 2/23 Test  #2: test-quantize-perf ..................   Passed    4.04 sec
      Start  3: test-sampling
 3/23 Test  #3: test-sampling .......................   Passed    0.05 sec
      Start  4: test-chat-template
 4/23 Test  #4: test-chat-template ..................   Passed    0.02 sec
      Start  5: test-tokenizer-0-llama
 5/23 Test  #5: test-tokenizer-0-llama ..............   Passed    0.05 sec
      Start  6: test-tokenizer-0-falcon
 6/23 Test  #6: test-tokenizer-0-falcon .............   Passed    0.21 sec
      Start  7: test-tokenizer-1-llama
 7/23 Test  #7: test-tokenizer-1-llama ..............   Passed    0.30 sec
      Start  8: test-tokenizer-1-baichuan
 8/23 Test  #8: test-tokenizer-1-baichuan ...........   Passed    0.31 sec
      Start  9: test-tokenizer-1-falcon
 9/23 Test  #9: test-tokenizer-1-falcon .............   Passed    0.69 sec
      Start 10: test-tokenizer-1-aquila
10/23 Test #10: test-tokenizer-1-aquila .............   Passed    1.08 sec
      Start 11: test-tokenizer-1-mpt
11/23 Test #11: test-tokenizer-1-mpt ................   Passed    0.56 sec
      Start 12: test-tokenizer-1-stablelm-3b-4e1t
12/23 Test #12: test-tokenizer-1-stablelm-3b-4e1t ...   Passed    0.57 sec
      Start 13: test-tokenizer-1-gpt-neox
13/23 Test #13: test-tokenizer-1-gpt-neox ...........   Passed    0.58 sec
      Start 14: test-tokenizer-1-refact
14/23 Test #14: test-tokenizer-1-refact .............   Passed    0.56 sec
      Start 15: test-tokenizer-1-starcoder
15/23 Test #15: test-tokenizer-1-starcoder ..........   Passed    0.55 sec
      Start 16: test-tokenizer-1-gpt2
16/23 Test #16: test-tokenizer-1-gpt2 ...............   Passed    0.57 sec
      Start 17: test-grammar-parser
17/23 Test #17: test-grammar-parser .................   Passed    0.02 sec
      Start 18: test-llama-grammar
18/23 Test #18: test-llama-grammar ..................   Passed    0.05 sec
      Start 19: test-grammar-integration
19/23 Test #19: test-grammar-integration ............   Passed    0.02 sec
      Start 20: test-grad0
20/23 Test #20: test-grad0 ..........................   Passed    1.27 sec
      Start 21: test-backend-ops
21/23 Test #21: test-backend-ops ....................Subprocess aborted***Exception:   0.16 sec
[SYCL] call ggml_init_sycl
ggml_init_sycl: GGML_SYCL_DEBUG: 0
ggml_init_sycl: GGML_SYCL_F16: yes
found 2 SYCL devices:
|  |                  |                                             |Compute   |Max compute|Max work|Max sub|               |
|ID|       Device Type|                                         Name|capability|units      |group   |group  |Global mem size|
|--|------------------|---------------------------------------------|----------|-----------|--------|-------|---------------|
| 0|    [opencl:cpu:0]|          12th Gen Intel(R) Core(TM) i5-1250P|       3.0|         16|    8192|     64|    33381064704|
| 1|    [opencl:acc:0]|               Intel(R) FPGA Emulation Device|       1.2|         16|67108864|     64|    33381064704|
ggml_backend_sycl_set_mul_device_mode: true
terminate called after throwing an instance of 'sycl::_V1::invalid_parameter_error'
  what():  DeviceList is empty. -30 (PI_ERROR_INVALID_VALUE)

      Start 22: test-rope
22/23 Test #22: test-rope ...........................   Passed    0.07 sec
      Start 25: test-json-schema-to-grammar
23/23 Test #25: test-json-schema-to-grammar .........   Passed    0.04 sec

96% tests passed, 1 tests failed out of 23

Label Time Summary:
main    =  26.48 sec*proc (23 tests)

Total Test time (real) =  26.49 sec

The following tests FAILED:
	 21 - test-backend-ops (Subprocess aborted)
Errors while running CTest

real	0m26.493s
user	0m37.037s
sys	0m2.055s
