+ ctest --output-on-failure -L main
Test project /home/zjy/ws/llama.cpp/llama.cpp_ci/arthw-llama.cpp/build-ci-release
      Start  1: test-tokenizer-0-llama-spm
 1/22 Test  #1: test-tokenizer-0-llama-spm .......   Passed    0.06 sec
      Start  2: test-tokenizer-0-llama-bpe
 2/22 Test  #2: test-tokenizer-0-llama-bpe .......   Passed    0.31 sec
      Start  3: test-tokenizer-0-phi-3
 3/22 Test  #3: test-tokenizer-0-phi-3 ...........   Passed    0.04 sec
      Start  4: test-tokenizer-0-falcon
 4/22 Test  #4: test-tokenizer-0-falcon ..........   Passed    0.10 sec
      Start  5: test-tokenizer-0-bert-bge
 5/22 Test  #5: test-tokenizer-0-bert-bge ........   Passed    0.04 sec
      Start  6: test-tokenizer-0-starcoder
 6/22 Test  #6: test-tokenizer-0-starcoder .......   Passed    0.08 sec
      Start  7: test-tokenizer-0-gpt-2
 7/22 Test  #7: test-tokenizer-0-gpt-2 ...........   Passed    0.09 sec
      Start  8: test-tokenizer-0-refact
 8/22 Test  #8: test-tokenizer-0-refact ..........   Passed    0.08 sec
      Start  9: test-tokenizer-0-command-r
 9/22 Test  #9: test-tokenizer-0-command-r .......   Passed    0.44 sec
      Start 10: test-tokenizer-0-qwen2
10/22 Test #10: test-tokenizer-0-qwen2 ...........   Passed    0.24 sec
      Start 11: test-tokenizer-1-llama-spm
11/22 Test #11: test-tokenizer-1-llama-spm .......   Passed    0.19 sec
      Start 12: test-quantize-fns
12/22 Test #12: test-quantize-fns ................   Passed   12.48 sec
      Start 13: test-quantize-perf
13/22 Test #13: test-quantize-perf ...............   Passed    3.49 sec
      Start 14: test-sampling
14/22 Test #14: test-sampling ....................   Passed    0.03 sec
      Start 15: test-chat-template
15/22 Test #15: test-chat-template ...............   Passed    0.03 sec
      Start 16: test-grammar-parser
16/22 Test #16: test-grammar-parser ..............   Passed    0.03 sec
      Start 17: test-llama-grammar
17/22 Test #17: test-llama-grammar ...............   Passed    0.03 sec
      Start 18: test-grammar-integration
18/22 Test #18: test-grammar-integration .........   Passed    0.03 sec
      Start 19: test-grad0
19/22 Test #19: test-grad0 .......................   Passed    0.56 sec
      Start 20: test-backend-ops
20/22 Test #20: test-backend-ops .................Subprocess aborted***Exception:  22.49 sec
ggml_sycl_init: GGML_SYCL_FORCE_MMQ:   no
ggml_sycl_init: SYCL_USE_XMX: yes
ggml_sycl_init: found 1 SYCL devices:
[SYCL] call ggml_check_sycl
ggml_check_sycl: GGML_SYCL_DEBUG: 0
ggml_check_sycl: GGML_SYCL_F16: yes
found 1 SYCL devices:
|  |                   |                                       |       |Max    |        |Max  |Global |                     |
|  |                   |                                       |       |compute|Max work|sub  |mem    |                     |
|ID|        Device Type|                                   Name|Version|units  |group   |group|size   |       Driver version|
|--|-------------------|---------------------------------------|-------|-------|--------|-----|-------|---------------------|
| 0| [level_zero:gpu:0]|                 Intel UHD Graphics 730|   12.2|     32|     512|   32| 15055M|         1.3.29735+27|
Testing 2 backends

Backend 1/2 (CPU)
  Skipping CPU backend
Backend 2/2 (SYCL0)
  Backend name: SYCL0
  ABS(type=f32,ne_a=[128,10,10,10],v=0): not supported [SYCL0] 
  ABS(type=f32,ne_a=[7,13,19,23],v=0): not supported [SYCL0] 
  SGN(type=f32,ne_a=[128,10,10,10],v=0): not supported [SYCL0] 
  SGN(type=f32,ne_a=[7,13,19,23],v=0): not supported [SYCL0] 
  NEG(type=f32,ne_a=[128,10,10,10],v=0): not supported [SYCL0] 
  NEG(type=f32,ne_a=[7,13,19,23],v=0): not supported [SYCL0] 
  STEP(type=f32,ne_a=[128,10,10,10],v=0): not supported [SYCL0] 
  STEP(type=f32,ne_a=[7,13,19,23],v=0): not supported [SYCL0] 
  TANH(type=f32,ne_a=[128,10,10,10],v=0): [1;32mOK[0m
  TANH(type=f32,ne_a=[7,13,19,23],v=0): [1;32mOK[0m
  ELU(type=f32,ne_a=[128,10,10,10],v=0): not supported [SYCL0] 
  ELU(type=f32,ne_a=[7,13,19,23],v=0): not supported [SYCL0] 
  RELU(type=f32,ne_a=[128,10,10,10],v=0): [1;32mOK[0m
  RELU(type=f32,ne_a=[7,13,19,23],v=0): [1;32mOK[0m
  SIGMOID(type=f32,ne_a=[128,10,10,10],v=0): not supported [SYCL0] 
  SIGMOID(type=f32,ne_a=[7,13,19,23],v=0): not supported [SYCL0] 
  GELU(type=f32,ne_a=[128,10,10,10],v=0): [1;32mOK[0m
  GELU(type=f32,ne_a=[7,13,19,23],v=0): [1;32mOK[0m
  GELU_QUICK(type=f32,ne_a=[128,10,10,10],v=0): [1;32mOK[0m
  GELU_QUICK(type=f32,ne_a=[7,13,19,23],v=0): [1;32mOK[0m
  SILU(type=f32,ne_a=[128,10,10,10],v=0): [1;32mOK[0m
  SILU(type=f32,ne_a=[7,13,19,23],v=0): [1;32mOK[0m
  HARDSWISH(type=f32,ne_a=[128,10,10,10],v=0): [1;32mOK[0m
  HARDSWISH(type=f32,ne_a=[7,13,19,23],v=0): [1;32mOK[0m
  HARDSIGMOID(type=f32,ne_a=[128,10,10,10],v=0): [1;32mOK[0m
  HARDSIGMOID(type=f32,ne_a=[7,13,19,23],v=0): [1;32mOK[0m
  ABS(type=f32,ne_a=[128,10,10,10],v=1): not supported [SYCL0] 
  ABS(type=f32,ne_a=[7,13,19,23],v=1): not supported [SYCL0] 
  SGN(type=f32,ne_a=[128,10,10,10],v=1): not supported [SYCL0] 
  SGN(type=f32,ne_a=[7,13,19,23],v=1): not supported [SYCL0] 
  NEG(type=f32,ne_a=[128,10,10,10],v=1): not supported [SYCL0] 
  NEG(type=f32,ne_a=[7,13,19,23],v=1): not supported [SYCL0] 
  STEP(type=f32,ne_a=[128,10,10,10],v=1): not supported [SYCL0] 
  STEP(type=f32,ne_a=[7,13,19,23],v=1): not supported [SYCL0] 
  TANH(type=f32,ne_a=[128,10,10,10],v=1): not supported [SYCL0] 
  TANH(type=f32,ne_a=[7,13,19,23],v=1): not supported [SYCL0] 
  ELU(type=f32,ne_a=[128,10,10,10],v=1): not supported [SYCL0] 
  ELU(type=f32,ne_a=[7,13,19,23],v=1): not supported [SYCL0] 
  RELU(type=f32,ne_a=[128,10,10,10],v=1): not supported [SYCL0] 
  RELU(type=f32,ne_a=[7,13,19,23],v=1): not supported [SYCL0] 
  SIGMOID(type=f32,ne_a=[128,10,10,10],v=1): not supported [SYCL0] 
  SIGMOID(type=f32,ne_a=[7,13,19,23],v=1): not supported [SYCL0] 
  GELU(type=f32,ne_a=[128,10,10,10],v=1): not supported [SYCL0] 
  GELU(type=f32,ne_a=[7,13,19,23],v=1): not supported [SYCL0] 
  GELU_QUICK(type=f32,ne_a=[128,10,10,10],v=1): not supported [SYCL0] 
  GELU_QUICK(type=f32,ne_a=[7,13,19,23],v=1): not supported [SYCL0] 
  SILU(type=f32,ne_a=[128,10,10,10],v=1): not supported [SYCL0] 
  SILU(type=f32,ne_a=[7,13,19,23],v=1): not supported [SYCL0] 
  HARDSWISH(type=f32,ne_a=[128,10,10,10],v=1): not supported [SYCL0] 
  HARDSWISH(type=f32,ne_a=[7,13,19,23],v=1): not supported [SYCL0] 
  HARDSIGMOID(type=f32,ne_a=[128,10,10,10],v=1): not supported [SYCL0] 
  HARDSIGMOID(type=f32,ne_a=[7,13,19,23],v=1): not supported [SYCL0] 
  GET_ROWS(type=f32,n=1,m=8,r=2,b=1,v=0): [1;32mOK[0m
  GET_ROWS(type=f32,n=256,m=5,r=4,b=1,v=0): [1;32mOK[0m
  GET_ROWS(type=f32,n=256,m=5,r=4,b=1,v=1): [1;32mOK[0m
  GET_ROWS(type=f32,n=256,m=5,r=4,b=7,v=0): [1;32mOK[0m
  GET_ROWS(type=f32,n=256,m=5,r=4,b=7,v=1): [1;32mOK[0m
  GET_ROWS(type=f16,n=256,m=5,r=4,b=1,v=0): [1;32mOK[0m
  GET_ROWS(type=f16,n=256,m=5,r=4,b=1,v=1): [1;32mOK[0m
  GET_ROWS(type=f16,n=256,m=5,r=4,b=7,v=0): [1;32mOK[0m
  GET_ROWS(type=f16,n=256,m=5,r=4,b=7,v=1): [1;32mOK[0m
  GET_ROWS(type=bf16,n=256,m=5,r=4,b=1,v=0): not supported [SYCL0] 
  GET_ROWS(type=bf16,n=256,m=5,r=4,b=1,v=1): not supported [SYCL0] 
  GET_ROWS(type=bf16,n=256,m=5,r=4,b=7,v=0): not supported [SYCL0] 
  GET_ROWS(type=bf16,n=256,m=5,r=4,b=7,v=1): not supported [SYCL0] 
  GET_ROWS(type=q4_0,n=256,m=5,r=4,b=1,v=0): [1;32mOK[0m
  GET_ROWS(type=q4_0,n=256,m=5,r=4,b=1,v=1): [1;32mOK[0m
  GET_ROWS(type=q4_0,n=256,m=5,r=4,b=7,v=0): [1;32mOK[0m
  GET_ROWS(type=q4_0,n=256,m=5,r=4,b=7,v=1): [1;32mOK[0m
  GET_ROWS(type=q4_1,n=256,m=5,r=4,b=1,v=0): [1;32mOK[0m
  GET_ROWS(type=q4_1,n=256,m=5,r=4,b=1,v=1): [1;32mOK[0m
  GET_ROWS(type=q4_1,n=256,m=5,r=4,b=7,v=0): [1;32mOK[0m
  GET_ROWS(type=q4_1,n=256,m=5,r=4,b=7,v=1): [1;32mOK[0m
  GET_ROWS(type=q5_0,n=256,m=5,r=4,b=1,v=0): [1;32mOK[0m
  GET_ROWS(type=q5_0,n=256,m=5,r=4,b=1,v=1): [1;32mOK[0m
  GET_ROWS(type=q5_0,n=256,m=5,r=4,b=7,v=0): [1;32mOK[0m
  GET_ROWS(type=q5_0,n=256,m=5,r=4,b=7,v=1): [1;32mOK[0m
  GET_ROWS(type=q5_1,n=256,m=5,r=4,b=1,v=0): [1;32mOK[0m
  GET_ROWS(type=q5_1,n=256,m=5,r=4,b=1,v=1): [1;32mOK[0m
  GET_ROWS(type=q5_1,n=256,m=5,r=4,b=7,v=0): [1;32mOK[0m
  GET_ROWS(type=q5_1,n=256,m=5,r=4,b=7,v=1): [1;32mOK[0m
  GET_ROWS(type=q8_0,n=256,m=5,r=4,b=1,v=0): [1;32mOK[0m
  GET_ROWS(type=q8_0,n=256,m=5,r=4,b=1,v=1): [1;32mOK[0m
  GET_ROWS(type=q8_0,n=256,m=5,r=4,b=7,v=0): [1;32mOK[0m
  GET_ROWS(type=q8_0,n=256,m=5,r=4,b=7,v=1): [1;32mOK[0m
  GET_ROWS(type=q2_K,n=256,m=5,r=4,b=1,v=0): not supported [SYCL0] 
  GET_ROWS(type=q2_K,n=256,m=5,r=4,b=1,v=1): not supported [SYCL0] 
  GET_ROWS(type=q2_K,n=256,m=5,r=4,b=7,v=0): not supported [SYCL0] 
  GET_ROWS(type=q2_K,n=256,m=5,r=4,b=7,v=1): not supported [SYCL0] 
  GET_ROWS(type=q3_K,n=256,m=5,r=4,b=1,v=0): not supported [SYCL0] 
  GET_ROWS(type=q3_K,n=256,m=5,r=4,b=1,v=1): not supported [SYCL0] 
  GET_ROWS(type=q3_K,n=256,m=5,r=4,b=7,v=0): not supported [SYCL0] 
  GET_ROWS(type=q3_K,n=256,m=5,r=4,b=7,v=1): not supported [SYCL0] 
  GET_ROWS(type=q4_K,n=256,m=5,r=4,b=1,v=0): not supported [SYCL0] 
  GET_ROWS(type=q4_K,n=256,m=5,r=4,b=1,v=1): not supported [SYCL0] 
  GET_ROWS(type=q4_K,n=256,m=5,r=4,b=7,v=0): not supported [SYCL0] 
  GET_ROWS(type=q4_K,n=256,m=5,r=4,b=7,v=1): not supported [SYCL0] 
  GET_ROWS(type=q5_K,n=256,m=5,r=4,b=1,v=0): not supported [SYCL0] 
  GET_ROWS(type=q5_K,n=256,m=5,r=4,b=1,v=1): not supported [SYCL0] 
  GET_ROWS(type=q5_K,n=256,m=5,r=4,b=7,v=0): not supported [SYCL0] 
  GET_ROWS(type=q5_K,n=256,m=5,r=4,b=7,v=1): not supported [SYCL0] 
  GET_ROWS(type=q6_K,n=256,m=5,r=4,b=1,v=0): not supported [SYCL0] 
  GET_ROWS(type=q6_K,n=256,m=5,r=4,b=1,v=1): not supported [SYCL0] 
  GET_ROWS(type=q6_K,n=256,m=5,r=4,b=7,v=0): not supported [SYCL0] 
  GET_ROWS(type=q6_K,n=256,m=5,r=4,b=7,v=1): not supported [SYCL0] 
  GET_ROWS(type=iq2_xxs,n=256,m=5,r=4,b=1,v=0): not supported [SYCL0] 
  GET_ROWS(type=iq2_xxs,n=256,m=5,r=4,b=1,v=1): not supported [SYCL0] 
  GET_ROWS(type=iq2_xxs,n=256,m=5,r=4,b=7,v=0): not supported [SYCL0] 
  GET_ROWS(type=iq2_xxs,n=256,m=5,r=4,b=7,v=1): not supported [SYCL0] 
  GET_ROWS(type=iq2_xs,n=256,m=5,r=4,b=1,v=0): not supported [SYCL0] 
  GET_ROWS(type=iq2_xs,n=256,m=5,r=4,b=1,v=1): not supported [SYCL0] 
  GET_ROWS(type=iq2_xs,n=256,m=5,r=4,b=7,v=0): not supported [SYCL0] 
  GET_ROWS(type=iq2_xs,n=256,m=5,r=4,b=7,v=1): not supported [SYCL0] 
  GET_ROWS(type=iq2_s,n=256,m=5,r=4,b=1,v=0): not supported [SYCL0] 
  GET_ROWS(type=iq2_s,n=256,m=5,r=4,b=1,v=1): not supported [SYCL0] 
  GET_ROWS(type=iq2_s,n=256,m=5,r=4,b=7,v=0): not supported [SYCL0] 
  GET_ROWS(type=iq2_s,n=256,m=5,r=4,b=7,v=1): not supported [SYCL0] 
  GET_ROWS(type=iq3_xxs,n=256,m=5,r=4,b=1,v=0): not supported [SYCL0] 
  GET_ROWS(type=iq3_xxs,n=256,m=5,r=4,b=1,v=1): not supported [SYCL0] 
  GET_ROWS(type=iq3_xxs,n=256,m=5,r=4,b=7,v=0): not supported [SYCL0] 
  GET_ROWS(type=iq3_xxs,n=256,m=5,r=4,b=7,v=1): not supported [SYCL0] 
  GET_ROWS(type=iq1_s,n=256,m=5,r=4,b=1,v=0): not supported [SYCL0] 
  GET_ROWS(type=iq1_s,n=256,m=5,r=4,b=1,v=1): not supported [SYCL0] 
  GET_ROWS(type=iq1_s,n=256,m=5,r=4,b=7,v=0): not supported [SYCL0] 
  GET_ROWS(type=iq1_s,n=256,m=5,r=4,b=7,v=1): not supported [SYCL0] 
  GET_ROWS(type=iq1_m,n=256,m=5,r=4,b=1,v=0): not supported [SYCL0] 
  GET_ROWS(type=iq1_m,n=256,m=5,r=4,b=1,v=1): not supported [SYCL0] 
  GET_ROWS(type=iq1_m,n=256,m=5,r=4,b=7,v=0): not supported [SYCL0] 
  GET_ROWS(type=iq1_m,n=256,m=5,r=4,b=7,v=1): not supported [SYCL0] 
  GET_ROWS(type=iq4_nl,n=256,m=5,r=4,b=1,v=0): not supported [SYCL0] 
  GET_ROWS(type=iq4_nl,n=256,m=5,r=4,b=1,v=1): not supported [SYCL0] 
  GET_ROWS(type=iq4_nl,n=256,m=5,r=4,b=7,v=0): not supported [SYCL0] 
  GET_ROWS(type=iq4_nl,n=256,m=5,r=4,b=7,v=1): not supported [SYCL0] 
  GET_ROWS(type=iq3_s,n=256,m=5,r=4,b=1,v=0): not supported [SYCL0] 
  GET_ROWS(type=iq3_s,n=256,m=5,r=4,b=1,v=1): not supported [SYCL0] 
  GET_ROWS(type=iq3_s,n=256,m=5,r=4,b=7,v=0): not supported [SYCL0] 
  GET_ROWS(type=iq3_s,n=256,m=5,r=4,b=7,v=1): not supported [SYCL0] 
  GET_ROWS(type=iq4_xs,n=256,m=5,r=4,b=1,v=0): not supported [SYCL0] 
  GET_ROWS(type=iq4_xs,n=256,m=5,r=4,b=1,v=1): not supported [SYCL0] 
  GET_ROWS(type=iq4_xs,n=256,m=5,r=4,b=7,v=0): not supported [SYCL0] 
  GET_ROWS(type=iq4_xs,n=256,m=5,r=4,b=7,v=1): not supported [SYCL0] 
  GET_ROWS(type=i32,n=256,m=5,r=4,b=1,v=0): not supported [SYCL0] 
  GET_ROWS(type=i32,n=256,m=5,r=4,b=1,v=1): not supported [SYCL0] 
  GET_ROWS(type=i32,n=256,m=5,r=4,b=7,v=0): not supported [SYCL0] 
  GET_ROWS(type=i32,n=256,m=5,r=4,b=7,v=1): not supported [SYCL0] 
  POOL_2D(pool_type=avg,type_input=f32,ne_input=[10,10,3,1],k0=1,k1=1,s0=1,s1=1,p0=0,p1=0): [1;32mOK[0m
  POOL_2D(pool_type=avg,type_input=f32,ne_input=[10,10,3,1],k0=1,k1=1,s0=1,s1=1,p0=0,p1=1): [1;32mOK[0m
  POOL_2D(pool_type=avg,type_input=f32,ne_input=[10,10,3,1],k0=1,k1=1,s0=1,s1=1,p0=1,p1=0): [1;32mOK[0m
  POOL_2D(pool_type=avg,type_input=f32,ne_input=[10,10,3,1],k0=1,k1=1,s0=1,s1=1,p0=1,p1=1): [1;32mOK[0m
  POOL_2D(pool_type=avg,type_input=f32,ne_input=[10,10,3,1],k0=1,k1=1,s0=1,s1=2,p0=0,p1=0): [1;32mOK[0m
  POOL_2D(pool_type=avg,type_input=f32,ne_input=[10,10,3,1],k0=1,k1=1,s0=1,s1=2,p0=0,p1=1): [1;32mOK[0m
  POOL_2D(pool_type=avg,type_input=f32,ne_input=[10,10,3,1],k0=1,k1=1,s0=1,s1=2,p0=1,p1=0): [1;32mOK[0m
  POOL_2D(pool_type=avg,type_input=f32,ne_input=[10,10,3,1],k0=1,k1=1,s0=1,s1=2,p0=1,p1=1): [1;32mOK[0m
  POOL_2D(pool_type=avg,type_input=f32,ne_input=[10,10,3,1],k0=1,k1=1,s0=2,s1=1,p0=0,p1=0): [1;32mOK[0m
  POOL_2D(pool_type=avg,type_input=f32,ne_input=[10,10,3,1],k0=1,k1=1,s0=2,s1=1,p0=0,p1=1): [1;32mOK[0m
  POOL_2D(pool_type=avg,type_input=f32,ne_input=[10,10,3,1],k0=1,k1=1,s0=2,s1=1,p0=1,p1=0): [1;32mOK[0m
  POOL_2D(pool_type=avg,type_input=f32,ne_input=[10,10,3,1],k0=1,k1=1,s0=2,s1=1,p0=1,p1=1): [1;32mOK[0m
  POOL_2D(pool_type=avg,type_input=f32,ne_input=[10,10,3,1],k0=1,k1=1,s0=2,s1=2,p0=0,p1=0): [1;32mOK[0m
  POOL_2D(pool_type=avg,type_input=f32,ne_input=[10,10,3,1],k0=1,k1=1,s0=2,s1=2,p0=0,p1=1): [1;32mOK[0m
  POOL_2D(pool_type=avg,type_input=f32,ne_input=[10,10,3,1],k0=1,k1=1,s0=2,s1=2,p0=1,p1=0): [1;32mOK[0m
  POOL_2D(pool_type=avg,type_input=f32,ne_input=[10,10,3,1],k0=1,k1=1,s0=2,s1=2,p0=1,p1=1): [1;32mOK[0m
  POOL_2D(pool_type=avg,type_input=f32,ne_input=[10,10,3,1],k0=1,k1=3,s0=1,s1=1,p0=0,p1=0): [1;32mOK[0m
  POOL_2D(pool_type=avg,type_input=f32,ne_input=[10,10,3,1],k0=1,k1=3,s0=1,s1=1,p0=0,p1=1): [1;32mOK[0m
  POOL_2D(pool_type=avg,type_input=f32,ne_input=[10,10,3,1],k0=1,k1=3,s0=1,s1=1,p0=1,p1=0): [1;32mOK[0m
  POOL_2D(pool_type=avg,type_input=f32,ne_input=[10,10,3,1],k0=1,k1=3,s0=1,s1=1,p0=1,p1=1): [1;32mOK[0m
  POOL_2D(pool_type=avg,type_input=f32,ne_input=[10,10,3,1],k0=1,k1=3,s0=1,s1=2,p0=0,p1=0): [1;32mOK[0m
  POOL_2D(pool_type=avg,type_input=f32,ne_input=[10,10,3,1],k0=1,k1=3,s0=1,s1=2,p0=0,p1=1): [1;32mOK[0m
  POOL_2D(pool_type=avg,type_input=f32,ne_input=[10,10,3,1],k0=1,k1=3,s0=1,s1=2,p0=1,p1=0): [1;32mOK[0m
  POOL_2D(pool_type=avg,type_input=f32,ne_input=[10,10,3,1],k0=1,k1=3,s0=1,s1=2,p0=1,p1=1): [1;32mOK[0m
  POOL_2D(pool_type=avg,type_input=f32,ne_input=[10,10,3,1],k0=1,k1=3,s0=2,s1=1,p0=0,p1=0): [1;32mOK[0m
  POOL_2D(pool_type=avg,type_input=f32,ne_input=[10,10,3,1],k0=1,k1=3,s0=2,s1=1,p0=0,p1=1): [1;32mOK[0m
  POOL_2D(pool_type=avg,type_input=f32,ne_input=[10,10,3,1],k0=1,k1=3,s0=2,s1=1,p0=1,p1=0): [1;32mOK[0m
  POOL_2D(pool_type=avg,type_input=f32,ne_input=[10,10,3,1],k0=1,k1=3,s0=2,s1=1,p0=1,p1=1): [1;32mOK[0m
  POOL_2D(pool_type=avg,type_input=f32,ne_input=[10,10,3,1],k0=1,k1=3,s0=2,s1=2,p0=0,p1=0): [1;32mOK[0m
  POOL_2D(pool_type=avg,type_input=f32,ne_input=[10,10,3,1],k0=1,k1=3,s0=2,s1=2,p0=0,p1=1): [1;32mOK[0m
  POOL_2D(pool_type=avg,type_input=f32,ne_input=[10,10,3,1],k0=1,k1=3,s0=2,s1=2,p0=1,p1=0): [1;32mOK[0m
  POOL_2D(pool_type=avg,type_input=f32,ne_input=[10,10,3,1],k0=1,k1=3,s0=2,s1=2,p0=1,p1=1): [1;32mOK[0m
  POOL_2D(pool_type=avg,type_input=f32,ne_input=[10,10,3,1],k0=3,k1=1,s0=1,s1=1,p0=0,p1=0): [1;32mOK[0m
  POOL_2D(pool_type=avg,type_input=f32,ne_input=[10,10,3,1],k0=3,k1=1,s0=1,s1=1,p0=0,p1=1): [1;32mOK[0m
  POOL_2D(pool_type=avg,type_input=f32,ne_input=[10,10,3,1],k0=3,k1=1,s0=1,s1=1,p0=1,p1=0): [1;32mOK[0m
  POOL_2D(pool_type=avg,type_input=f32,ne_input=[10,10,3,1],k0=3,k1=1,s0=1,s1=1,p0=1,p1=1): [1;32mOK[0m
  POOL_2D(pool_type=avg,type_input=f32,ne_input=[10,10,3,1],k0=3,k1=1,s0=1,s1=2,p0=0,p1=0): [1;32mOK[0m
  POOL_2D(pool_type=avg,type_input=f32,ne_input=[10,10,3,1],k0=3,k1=1,s0=1,s1=2,p0=0,p1=1): [1;32mOK[0m
  POOL_2D(pool_type=avg,type_input=f32,ne_input=[10,10,3,1],k0=3,k1=1,s0=1,s1=2,p0=1,p1=0): [1;32mOK[0m
  POOL_2D(pool_type=avg,type_input=f32,ne_input=[10,10,3,1],k0=3,k1=1,s0=1,s1=2,p0=1,p1=1): [1;32mOK[0m
  POOL_2D(pool_type=avg,type_input=f32,ne_input=[10,10,3,1],k0=3,k1=1,s0=2,s1=1,p0=0,p1=0): [1;32mOK[0m
  POOL_2D(pool_type=avg,type_input=f32,ne_input=[10,10,3,1],k0=3,k1=1,s0=2,s1=1,p0=0,p1=1): [1;32mOK[0m
  POOL_2D(pool_type=avg,type_input=f32,ne_input=[10,10,3,1],k0=3,k1=1,s0=2,s1=1,p0=1,p1=0): [1;32mOK[0m
  POOL_2D(pool_type=avg,type_input=f32,ne_input=[10,10,3,1],k0=3,k1=1,s0=2,s1=1,p0=1,p1=1): [1;32mOK[0m
  POOL_2D(pool_type=avg,type_input=f32,ne_input=[10,10,3,1],k0=3,k1=1,s0=2,s1=2,p0=0,p1=0): [1;32mOK[0m
  POOL_2D(pool_type=avg,type_input=f32,ne_input=[10,10,3,1],k0=3,k1=1,s0=2,s1=2,p0=0,p1=1): [1;32mOK[0m
  POOL_2D(pool_type=avg,type_input=f32,ne_input=[10,10,3,1],k0=3,k1=1,s0=2,s1=2,p0=1,p1=0): [1;32mOK[0m
  POOL_2D(pool_type=avg,type_input=f32,ne_input=[10,10,3,1],k0=3,k1=1,s0=2,s1=2,p0=1,p1=1): [1;32mOK[0m
  POOL_2D(pool_type=avg,type_input=f32,ne_input=[10,10,3,1],k0=3,k1=3,s0=1,s1=1,p0=0,p1=0): [1;32mOK[0m
  POOL_2D(pool_type=avg,type_input=f32,ne_input=[10,10,3,1],k0=3,k1=3,s0=1,s1=1,p0=0,p1=1): [1;32mOK[0m
  POOL_2D(pool_type=avg,type_input=f32,ne_input=[10,10,3,1],k0=3,k1=3,s0=1,s1=1,p0=1,p1=0): [1;32mOK[0m
  POOL_2D(pool_type=avg,type_input=f32,ne_input=[10,10,3,1],k0=3,k1=3,s0=1,s1=1,p0=1,p1=1): [1;32mOK[0m
  POOL_2D(pool_type=avg,type_input=f32,ne_input=[10,10,3,1],k0=3,k1=3,s0=1,s1=2,p0=0,p1=0): [1;32mOK[0m
  POOL_2D(pool_type=avg,type_input=f32,ne_input=[10,10,3,1],k0=3,k1=3,s0=1,s1=2,p0=0,p1=1): [1;32mOK[0m
  POOL_2D(pool_type=avg,type_input=f32,ne_input=[10,10,3,1],k0=3,k1=3,s0=1,s1=2,p0=1,p1=0): [1;32mOK[0m
  POOL_2D(pool_type=avg,type_input=f32,ne_input=[10,10,3,1],k0=3,k1=3,s0=1,s1=2,p0=1,p1=1): [1;32mOK[0m
  POOL_2D(pool_type=avg,type_input=f32,ne_input=[10,10,3,1],k0=3,k1=3,s0=2,s1=1,p0=0,p1=0): [1;32mOK[0m
  POOL_2D(pool_type=avg,type_input=f32,ne_input=[10,10,3,1],k0=3,k1=3,s0=2,s1=1,p0=0,p1=1): [1;32mOK[0m
  POOL_2D(pool_type=avg,type_input=f32,ne_input=[10,10,3,1],k0=3,k1=3,s0=2,s1=1,p0=1,p1=0): [1;32mOK[0m
  POOL_2D(pool_type=avg,type_input=f32,ne_input=[10,10,3,1],k0=3,k1=3,s0=2,s1=1,p0=1,p1=1): [1;32mOK[0m
  POOL_2D(pool_type=avg,type_input=f32,ne_input=[10,10,3,1],k0=3,k1=3,s0=2,s1=2,p0=0,p1=0): [1;32mOK[0m
  POOL_2D(pool_type=avg,type_input=f32,ne_input=[10,10,3,1],k0=3,k1=3,s0=2,s1=2,p0=0,p1=1): [1;32mOK[0m
  POOL_2D(pool_type=avg,type_input=f32,ne_input=[10,10,3,1],k0=3,k1=3,s0=2,s1=2,p0=1,p1=0): [1;32mOK[0m
  POOL_2D(pool_type=avg,type_input=f32,ne_input=[10,10,3,1],k0=3,k1=3,s0=2,s1=2,p0=1,p1=1): [1;32mOK[0m
  POOL_2D(pool_type=max,type_input=f32,ne_input=[10,10,3,1],k0=1,k1=1,s0=1,s1=1,p0=0,p1=0): [1;32mOK[0m
  POOL_2D(pool_type=max,type_input=f32,ne_input=[10,10,3,1],k0=1,k1=1,s0=1,s1=1,p0=0,p1=1): [1;32mOK[0m
  POOL_2D(pool_type=max,type_input=f32,ne_input=[10,10,3,1],k0=1,k1=1,s0=1,s1=1,p0=1,p1=0): [1;32mOK[0m
  POOL_2D(pool_type=max,type_input=f32,ne_input=[10,10,3,1],k0=1,k1=1,s0=1,s1=1,p0=1,p1=1): [1;32mOK[0m
  POOL_2D(pool_type=max,type_input=f32,ne_input=[10,10,3,1],k0=1,k1=1,s0=1,s1=2,p0=0,p1=0): [1;32mOK[0m
  POOL_2D(pool_type=max,type_input=f32,ne_input=[10,10,3,1],k0=1,k1=1,s0=1,s1=2,p0=0,p1=1): [1;32mOK[0m
  POOL_2D(pool_type=max,type_input=f32,ne_input=[10,10,3,1],k0=1,k1=1,s0=1,s1=2,p0=1,p1=0): [1;32mOK[0m
  POOL_2D(pool_type=max,type_input=f32,ne_input=[10,10,3,1],k0=1,k1=1,s0=1,s1=2,p0=1,p1=1): [1;32mOK[0m
  POOL_2D(pool_type=max,type_input=f32,ne_input=[10,10,3,1],k0=1,k1=1,s0=2,s1=1,p0=0,p1=0): [1;32mOK[0m
  POOL_2D(pool_type=max,type_input=f32,ne_input=[10,10,3,1],k0=1,k1=1,s0=2,s1=1,p0=0,p1=1): [1;32mOK[0m
  POOL_2D(pool_type=max,type_input=f32,ne_input=[10,10,3,1],k0=1,k1=1,s0=2,s1=1,p0=1,p1=0): [1;32mOK[0m
  POOL_2D(pool_type=max,type_input=f32,ne_input=[10,10,3,1],k0=1,k1=1,s0=2,s1=1,p0=1,p1=1): [1;32mOK[0m
  POOL_2D(pool_type=max,type_input=f32,ne_input=[10,10,3,1],k0=1,k1=1,s0=2,s1=2,p0=0,p1=0): [1;32mOK[0m
  POOL_2D(pool_type=max,type_input=f32,ne_input=[10,10,3,1],k0=1,k1=1,s0=2,s1=2,p0=0,p1=1): [1;32mOK[0m
  POOL_2D(pool_type=max,type_input=f32,ne_input=[10,10,3,1],k0=1,k1=1,s0=2,s1=2,p0=1,p1=0): [1;32mOK[0m
  POOL_2D(pool_type=max,type_input=f32,ne_input=[10,10,3,1],k0=1,k1=1,s0=2,s1=2,p0=1,p1=1): [1;32mOK[0m
  POOL_2D(pool_type=max,type_input=f32,ne_input=[10,10,3,1],k0=1,k1=3,s0=1,s1=1,p0=0,p1=0): [1;32mOK[0m
  POOL_2D(pool_type=max,type_input=f32,ne_input=[10,10,3,1],k0=1,k1=3,s0=1,s1=1,p0=0,p1=1): [1;32mOK[0m
  POOL_2D(pool_type=max,type_input=f32,ne_input=[10,10,3,1],k0=1,k1=3,s0=1,s1=1,p0=1,p1=0): [1;32mOK[0m
  POOL_2D(pool_type=max,type_input=f32,ne_input=[10,10,3,1],k0=1,k1=3,s0=1,s1=1,p0=1,p1=1): [1;32mOK[0m
  POOL_2D(pool_type=max,type_input=f32,ne_input=[10,10,3,1],k0=1,k1=3,s0=1,s1=2,p0=0,p1=0): [1;32mOK[0m
  POOL_2D(pool_type=max,type_input=f32,ne_input=[10,10,3,1],k0=1,k1=3,s0=1,s1=2,p0=0,p1=1): [1;32mOK[0m
  POOL_2D(pool_type=max,type_input=f32,ne_input=[10,10,3,1],k0=1,k1=3,s0=1,s1=2,p0=1,p1=0): [1;32mOK[0m
  POOL_2D(pool_type=max,type_input=f32,ne_input=[10,10,3,1],k0=1,k1=3,s0=1,s1=2,p0=1,p1=1): [1;32mOK[0m
  POOL_2D(pool_type=max,type_input=f32,ne_input=[10,10,3,1],k0=1,k1=3,s0=2,s1=1,p0=0,p1=0): [1;32mOK[0m
  POOL_2D(pool_type=max,type_input=f32,ne_input=[10,10,3,1],k0=1,k1=3,s0=2,s1=1,p0=0,p1=1): [1;32mOK[0m
  POOL_2D(pool_type=max,type_input=f32,ne_input=[10,10,3,1],k0=1,k1=3,s0=2,s1=1,p0=1,p1=0): [1;32mOK[0m
  POOL_2D(pool_type=max,type_input=f32,ne_input=[10,10,3,1],k0=1,k1=3,s0=2,s1=1,p0=1,p1=1): [1;32mOK[0m
  POOL_2D(pool_type=max,type_input=f32,ne_input=[10,10,3,1],k0=1,k1=3,s0=2,s1=2,p0=0,p1=0): [1;32mOK[0m
  POOL_2D(pool_type=max,type_input=f32,ne_input=[10,10,3,1],k0=1,k1=3,s0=2,s1=2,p0=0,p1=1): [1;32mOK[0m
  POOL_2D(pool_type=max,type_input=f32,ne_input=[10,10,3,1],k0=1,k1=3,s0=2,s1=2,p0=1,p1=0): [1;32mOK[0m
  POOL_2D(pool_type=max,type_input=f32,ne_input=[10,10,3,1],k0=1,k1=3,s0=2,s1=2,p0=1,p1=1): [1;32mOK[0m
  POOL_2D(pool_type=max,type_input=f32,ne_input=[10,10,3,1],k0=3,k1=1,s0=1,s1=1,p0=0,p1=0): [1;32mOK[0m
  POOL_2D(pool_type=max,type_input=f32,ne_input=[10,10,3,1],k0=3,k1=1,s0=1,s1=1,p0=0,p1=1): [1;32mOK[0m
  POOL_2D(pool_type=max,type_input=f32,ne_input=[10,10,3,1],k0=3,k1=1,s0=1,s1=1,p0=1,p1=0): [1;32mOK[0m
  POOL_2D(pool_type=max,type_input=f32,ne_input=[10,10,3,1],k0=3,k1=1,s0=1,s1=1,p0=1,p1=1): [1;32mOK[0m
  POOL_2D(pool_type=max,type_input=f32,ne_input=[10,10,3,1],k0=3,k1=1,s0=1,s1=2,p0=0,p1=0): [1;32mOK[0m
  POOL_2D(pool_type=max,type_input=f32,ne_input=[10,10,3,1],k0=3,k1=1,s0=1,s1=2,p0=0,p1=1): [1;32mOK[0m
  POOL_2D(pool_type=max,type_input=f32,ne_input=[10,10,3,1],k0=3,k1=1,s0=1,s1=2,p0=1,p1=0): [1;32mOK[0m
  POOL_2D(pool_type=max,type_input=f32,ne_input=[10,10,3,1],k0=3,k1=1,s0=1,s1=2,p0=1,p1=1): [1;32mOK[0m
  POOL_2D(pool_type=max,type_input=f32,ne_input=[10,10,3,1],k0=3,k1=1,s0=2,s1=1,p0=0,p1=0): [1;32mOK[0m
  POOL_2D(pool_type=max,type_input=f32,ne_input=[10,10,3,1],k0=3,k1=1,s0=2,s1=1,p0=0,p1=1): [1;32mOK[0m
  POOL_2D(pool_type=max,type_input=f32,ne_input=[10,10,3,1],k0=3,k1=1,s0=2,s1=1,p0=1,p1=0): [1;32mOK[0m
  POOL_2D(pool_type=max,type_input=f32,ne_input=[10,10,3,1],k0=3,k1=1,s0=2,s1=1,p0=1,p1=1): [1;32mOK[0m
  POOL_2D(pool_type=max,type_input=f32,ne_input=[10,10,3,1],k0=3,k1=1,s0=2,s1=2,p0=0,p1=0): [1;32mOK[0m
  POOL_2D(pool_type=max,type_input=f32,ne_input=[10,10,3,1],k0=3,k1=1,s0=2,s1=2,p0=0,p1=1): [1;32mOK[0m
  POOL_2D(pool_type=max,type_input=f32,ne_input=[10,10,3,1],k0=3,k1=1,s0=2,s1=2,p0=1,p1=0): [1;32mOK[0m
  POOL_2D(pool_type=max,type_input=f32,ne_input=[10,10,3,1],k0=3,k1=1,s0=2,s1=2,p0=1,p1=1): [1;32mOK[0m
  POOL_2D(pool_type=max,type_input=f32,ne_input=[10,10,3,1],k0=3,k1=3,s0=1,s1=1,p0=0,p1=0): [1;32mOK[0m
  POOL_2D(pool_type=max,type_input=f32,ne_input=[10,10,3,1],k0=3,k1=3,s0=1,s1=1,p0=0,p1=1): [1;32mOK[0m
  POOL_2D(pool_type=max,type_input=f32,ne_input=[10,10,3,1],k0=3,k1=3,s0=1,s1=1,p0=1,p1=0): [1;32mOK[0m
  POOL_2D(pool_type=max,type_input=f32,ne_input=[10,10,3,1],k0=3,k1=3,s0=1,s1=1,p0=1,p1=1): [1;32mOK[0m
  POOL_2D(pool_type=max,type_input=f32,ne_input=[10,10,3,1],k0=3,k1=3,s0=1,s1=2,p0=0,p1=0): [1;32mOK[0m
  POOL_2D(pool_type=max,type_input=f32,ne_input=[10,10,3,1],k0=3,k1=3,s0=1,s1=2,p0=0,p1=1): [1;32mOK[0m
  POOL_2D(pool_type=max,type_input=f32,ne_input=[10,10,3,1],k0=3,k1=3,s0=1,s1=2,p0=1,p1=0): [1;32mOK[0m
  POOL_2D(pool_type=max,type_input=f32,ne_input=[10,10,3,1],k0=3,k1=3,s0=1,s1=2,p0=1,p1=1): [1;32mOK[0m
  POOL_2D(pool_type=max,type_input=f32,ne_input=[10,10,3,1],k0=3,k1=3,s0=2,s1=1,p0=0,p1=0): [1;32mOK[0m
  POOL_2D(pool_type=max,type_input=f32,ne_input=[10,10,3,1],k0=3,k1=3,s0=2,s1=1,p0=0,p1=1): [1;32mOK[0m
  POOL_2D(pool_type=max,type_input=f32,ne_input=[10,10,3,1],k0=3,k1=3,s0=2,s1=1,p0=1,p1=0): [1;32mOK[0m
  POOL_2D(pool_type=max,type_input=f32,ne_input=[10,10,3,1],k0=3,k1=3,s0=2,s1=1,p0=1,p1=1): [1;32mOK[0m
  POOL_2D(pool_type=max,type_input=f32,ne_input=[10,10,3,1],k0=3,k1=3,s0=2,s1=2,p0=0,p1=0): [1;32mOK[0m
  POOL_2D(pool_type=max,type_input=f32,ne_input=[10,10,3,1],k0=3,k1=3,s0=2,s1=2,p0=0,p1=1): [1;32mOK[0m
  POOL_2D(pool_type=max,type_input=f32,ne_input=[10,10,3,1],k0=3,k1=3,s0=2,s1=2,p0=1,p1=0): [1;32mOK[0m
  POOL_2D(pool_type=max,type_input=f32,ne_input=[10,10,3,1],k0=3,k1=3,s0=2,s1=2,p0=1,p1=1): [1;32mOK[0m
  IM2COL(type_input=f32,type_kernel=f16,dst_type=f32,ne_input=[10,10,3,1],ne_kernel=[3,3,3,1],s0=1,s1=1,p0=1,p1=1,d0=1,d1=1,is_2D=1): [1;32mOK[0m
  IM2COL(type_input=f32,type_kernel=f16,dst_type=f16,ne_input=[10,10,3,1],ne_kernel=[3,3,3,1],s0=1,s1=1,p0=1,p1=1,d0=1,d1=1,is_2D=1): [1;32mOK[0m
  REPEAT(type=f32,ne=[10,10,10,10],nr=[1,1,1,1]): [1;32mOK[0m
  REPEAT(type=f32,ne=[10,10,10,10],nr=[2,1,1,1]): [1;32mOK[0m
  REPEAT(type=f32,ne=[10,10,10,10],nr=[1,2,1,1]): [1;32mOK[0m
  REPEAT(type=f32,ne=[10,10,10,10],nr=[1,1,2,1]): [1;32mOK[0m
  REPEAT(type=f32,ne=[10,10,10,10],nr=[1,1,1,2]): [1;32mOK[0m
  REPEAT(type=i32,ne=[10,10,10,10],nr=[2,1,1,1]): [1;32mOK[0m
  REPEAT(type=i16,ne=[10,10,10,10],nr=[1,1,1,2]): [1;32mOK[0m
  DUP(type=f32,ne=[10,10,10,1]): [1;32mOK[0m
  DUP(type=f16,ne=[10,10,10,1]): [1;32mOK[0m
  DUP(type=i32,ne=[10,10,10,1]): [1;32mOK[0m
  DUP(type=i16,ne=[10,10,10,1]): [1;32mOK[0m
  DUP(type=i16,ne=[10,8,3,1],permute=[0,2,1,3]): [1;32mOK[0m
  DUP(type=i16,ne=[10,8,3,1],permute=[1,2,0,3]): [1;32mOK[0m
  CPY(type_src=f16,type_dst=f32,ne=[256,4,4,4]): [1;32mOK[0m
  CPY(type_src=f16,type_dst=f16,ne=[256,4,4,4]): [1;32mOK[0m
  CPY(type_src=f16,type_dst=bf16,ne=[256,4,4,4]): not supported [SYCL0] 
  CPY(type_src=f16,type_dst=q4_0,ne=[256,4,4,4]): not supported [SYCL0] 
  CPY(type_src=f16,type_dst=q4_1,ne=[256,4,4,4]): not supported [SYCL0] 
  CPY(type_src=f16,type_dst=q5_0,ne=[256,4,4,4]): not supported [SYCL0] 
  CPY(type_src=f16,type_dst=q5_1,ne=[256,4,4,4]): not supported [SYCL0] 
  CPY(type_src=f16,type_dst=q8_0,ne=[256,4,4,4]): not supported [SYCL0] 
  CPY(type_src=f16,type_dst=q2_K,ne=[256,4,4,4]): not supported [SYCL0] 
  CPY(type_src=f16,type_dst=q3_K,ne=[256,4,4,4]): not supported [SYCL0] 
  CPY(type_src=f16,type_dst=q4_K,ne=[256,4,4,4]): not supported [SYCL0] 
  CPY(type_src=f16,type_dst=q5_K,ne=[256,4,4,4]): not supported [SYCL0] 
  CPY(type_src=f16,type_dst=q6_K,ne=[256,4,4,4]): not supported [SYCL0] 
  CPY(type_src=f16,type_dst=iq2_xxs,ne=[256,4,4,4]): not supported [SYCL0] not supported [CPU] 
  CPY(type_src=f16,type_dst=iq2_xs,ne=[256,4,4,4]): not supported [SYCL0] not supported [CPU] 
  CPY(type_src=f16,type_dst=iq2_s,ne=[256,4,4,4]): not supported [SYCL0] 
  CPY(type_src=f16,type_dst=iq3_xxs,ne=[256,4,4,4]): not supported [SYCL0] 
  CPY(type_src=f16,type_dst=iq1_s,ne=[256,4,4,4]): not supported [SYCL0] not supported [CPU] 
  CPY(type_src=f16,type_dst=iq1_m,ne=[256,4,4,4]): not supported [SYCL0] not supported [CPU] 
  CPY(type_src=f16,type_dst=iq4_nl,ne=[256,4,4,4]): not supported [SYCL0] 
  CPY(type_src=f16,type_dst=iq3_s,ne=[256,4,4,4]): not supported [SYCL0] 
  CPY(type_src=f16,type_dst=iq4_xs,ne=[256,4,4,4]): not supported [SYCL0] 
  CPY(type_src=f32,type_dst=f32,ne=[256,4,4,4]): [1;32mOK[0m
  CPY(type_src=f32,type_dst=f16,ne=[256,4,4,4]): [1;32mOK[0m
  CPY(type_src=f32,type_dst=bf16,ne=[256,4,4,4]): not supported [SYCL0] 
  CPY(type_src=f32,type_dst=q4_0,ne=[256,4,4,4]): [1;32mOK[0m
  CPY(type_src=f32,type_dst=q4_1,ne=[256,4,4,4]): [1;32mOK[0m
  CPY(type_src=f32,type_dst=q5_0,ne=[256,4,4,4]): not supported [SYCL0] 
  CPY(type_src=f32,type_dst=q5_1,ne=[256,4,4,4]): not supported [SYCL0] 
  CPY(type_src=f32,type_dst=q8_0,ne=[256,4,4,4]): [1;32mOK[0m
  CPY(type_src=f32,type_dst=q2_K,ne=[256,4,4,4]): not supported [SYCL0] 
  CPY(type_src=f32,type_dst=q3_K,ne=[256,4,4,4]): not supported [SYCL0] 
  CPY(type_src=f32,type_dst=q4_K,ne=[256,4,4,4]): not supported [SYCL0] 
  CPY(type_src=f32,type_dst=q5_K,ne=[256,4,4,4]): not supported [SYCL0] 
  CPY(type_src=f32,type_dst=q6_K,ne=[256,4,4,4]): not supported [SYCL0] 
  CPY(type_src=f32,type_dst=iq2_xxs,ne=[256,4,4,4]): not supported [SYCL0] not supported [CPU] 
  CPY(type_src=f32,type_dst=iq2_xs,ne=[256,4,4,4]): not supported [SYCL0] not supported [CPU] 
  CPY(type_src=f32,type_dst=iq2_s,ne=[256,4,4,4]): not supported [SYCL0] 
  CPY(type_src=f32,type_dst=iq3_xxs,ne=[256,4,4,4]): not supported [SYCL0] 
  CPY(type_src=f32,type_dst=iq1_s,ne=[256,4,4,4]): not supported [SYCL0] not supported [CPU] 
  CPY(type_src=f32,type_dst=iq1_m,ne=[256,4,4,4]): not supported [SYCL0] not supported [CPU] 
  CPY(type_src=f32,type_dst=iq4_nl,ne=[256,4,4,4]): not supported [SYCL0] 
  CPY(type_src=f32,type_dst=iq3_s,ne=[256,4,4,4]): not supported [SYCL0] 
  CPY(type_src=f32,type_dst=iq4_xs,ne=[256,4,4,4]): not supported [SYCL0] 
  CONT(type=f32,ne=[10,10,10,1]): [1;32mOK[0m
  ADD(type=f32,ne=[1,1,8,1],nr=[1,1,1,1]): [1;32mOK[0m
  MUL(type=f32,ne=[1,1,8,1],nr=[1,1,1,1]): [1;32mOK[0m
  DIV(type=f32,ne=[1,1,8,1],nr=[1,1,1,1]): [1;32mOK[0m
  ADD(type=f32,ne=[1,1,1,1],nr=[32,1,1,1]): [1;32mOK[0m
  MUL(type=f32,ne=[1,1,1,1],nr=[32,1,1,1]): [1;32mOK[0m
  DIV(type=f32,ne=[1,1,1,1],nr=[32,1,1,1]): [1;32mOK[0m
  ADD(type=f32,ne=[1,1,320,320],nr=[1,1,1,1]): [1;32mOK[0m
  MUL(type=f32,ne=[1,1,320,320],nr=[1,1,1,1]): [1;32mOK[0m
  DIV(type=f32,ne=[1,1,320,320],nr=[1,1,1,1]): [1;32mOK[0m
  ADD(type=f32,ne=[16,10,1,1],nr=[1,1,1,1]): [1;32mOK[0m
  MUL(type=f32,ne=[16,10,1,1],nr=[1,1,1,1]): [1;32mOK[0m
  DIV(type=f32,ne=[16,10,1,1],nr=[1,1,1,1]): [1;32mOK[0m
  ADD(type=f32,ne=[16,10,10,1],nr=[1,1,1,1]): [1;32mOK[0m
  MUL(type=f32,ne=[16,10,10,1],nr=[1,1,1,1]): [1;32mOK[0m
  DIV(type=f32,ne=[16,10,10,1],nr=[1,1,1,1]): [1;32mOK[0m
  ADD(type=f32,ne=[16,10,10,10],nr=[1,1,1,1]): [1;32mOK[0m
  MUL(type=f32,ne=[16,10,10,10],nr=[1,1,1,1]): [1;32mOK[0m
  DIV(type=f32,ne=[16,10,10,10],nr=[1,1,1,1]): [1;32mOK[0m
  ADD(type=f32,ne=[16,10,10,10],nr=[2,1,1,1]): [1;32mOK[0m
  MUL(type=f32,ne=[16,10,10,10],nr=[2,1,1,1]): [1;32mOK[0m
  DIV(type=f32,ne=[16,10,10,10],nr=[2,1,1,1]): [1;32mOK[0m
  ADD(type=f32,ne=[16,10,10,10],nr=[1,2,1,1]): [1;32mOK[0m
  MUL(type=f32,ne=[16,10,10,10],nr=[1,2,1,1]): [1;32mOK[0m
  DIV(type=f32,ne=[16,10,10,10],nr=[1,2,1,1]): [1;32mOK[0m
  ADD(type=f32,ne=[16,10,10,10],nr=[1,1,2,1]): [1;32mOK[0m
  MUL(type=f32,ne=[16,10,10,10],nr=[1,1,2,1]): [1;32mOK[0m
  DIV(type=f32,ne=[16,10,10,10],nr=[1,1,2,1]): [1;32mOK[0m
  ADD(type=f32,ne=[16,10,10,10],nr=[1,1,1,2]): [1;32mOK[0m
  MUL(type=f32,ne=[16,10,10,10],nr=[1,1,1,2]): [1;32mOK[0m
  DIV(type=f32,ne=[16,10,10,10],nr=[1,1,1,2]): [1;32mOK[0m
  ADD(type=f32,ne=[16,10,10,10],nr=[1,1,2,2]): [1;32mOK[0m
  MUL(type=f32,ne=[16,10,10,10],nr=[1,1,2,2]): [1;32mOK[0m
  DIV(type=f32,ne=[16,10,10,10],nr=[1,1,2,2]): [1;32mOK[0m
  ADD(type=f32,ne=[16,10,10,10],nr=[1,2,2,2]): [1;32mOK[0m
  MUL(type=f32,ne=[16,10,10,10],nr=[1,2,2,2]): [1;32mOK[0m
  DIV(type=f32,ne=[16,10,10,10],nr=[1,2,2,2]): [1;32mOK[0m
  ADD(type=f32,ne=[16,10,10,10],nr=[2,2,2,2]): [1;32mOK[0m
  MUL(type=f32,ne=[16,10,10,10],nr=[2,2,2,2]): [1;32mOK[0m
  DIV(type=f32,ne=[16,10,10,10],nr=[2,2,2,2]): [1;32mOK[0m
  ADD(type=f32,ne=[1280,1,1,1],nr=[1,1,1,1]): [1;32mOK[0m
  MUL(type=f32,ne=[1280,1,1,1],nr=[1,1,1,1]): [1;32mOK[0m
  DIV(type=f32,ne=[1280,1,1,1],nr=[1,1,1,1]): [1;32mOK[0m
  ADD(type=f32,ne=[1280,1,1,1],nr=[1,16,16,1]): [1;32mOK[0m
  MUL(type=f32,ne=[1280,1,1,1],nr=[1,16,16,1]): [1;32mOK[0m
  DIV(type=f32,ne=[1280,1,1,1],nr=[1,16,16,1]): [1;32mOK[0m
  ADD(type=f32,ne=[1280,16,16,1],nr=[1,1,1,1]): [1;32mOK[0m
  MUL(type=f32,ne=[1280,16,16,1],nr=[1,1,1,1]): [1;32mOK[0m
  DIV(type=f32,ne=[1280,16,16,1],nr=[1,1,1,1]): [1;32mOK[0m
  ADD(type=f32,ne=[1280,1,1,1],nr=[1,256,1,1]): [1;32mOK[0m
  MUL(type=f32,ne=[1280,1,1,1],nr=[1,256,1,1]): [1;32mOK[0m
  DIV(type=f32,ne=[1280,1,1,1],nr=[1,256,1,1]): [1;32mOK[0m
  ADD(type=f32,ne=[1,1,1280,1],nr=[16,16,1,1]): [1;32mOK[0m
  MUL(type=f32,ne=[1,1,1280,1],nr=[16,16,1,1]): [1;32mOK[0m
  DIV(type=f32,ne=[1,1,1280,1],nr=[16,16,1,1]): [1;32mOK[0m
  ADD(type=f32,ne=[16,16,1280,1],nr=[1,1,1,1]): [1;32mOK[0m
  MUL(type=f32,ne=[16,16,1280,1],nr=[1,1,1,1]): [1;32mOK[0m
  DIV(type=f32,ne=[16,16,1280,1],nr=[1,1,1,1]): [1;32mOK[0m
  ADD(type=f32,ne=[1,1,1920,1],nr=[16,16,1,1]): [1;32mOK[0m
  MUL(type=f32,ne=[1,1,1920,1],nr=[16,16,1,1]): [1;32mOK[0m
  DIV(type=f32,ne=[1,1,1920,1],nr=[16,16,1,1]): [1;32mOK[0m
  ADD(type=f32,ne=[1,1,2560,1],nr=[16,16,1,1]): [1;32mOK[0m
  MUL(type=f32,ne=[1,1,2560,1],nr=[16,16,1,1]): [1;32mOK[0m
  DIV(type=f32,ne=[1,1,2560,1],nr=[16,16,1,1]): [1;32mOK[0m
  ADD(type=f32,ne=[1,1,1280,1],nr=[32,32,1,1]): [1;32mOK[0m
  MUL(type=f32,ne=[1,1,1280,1],nr=[32,32,1,1]): [1;32mOK[0m
  DIV(type=f32,ne=[1,1,1280,1],nr=[32,32,1,1]): [1;32mOK[0m
  ADD(type=f32,ne=[1,1,1920,1],nr=[32,32,1,1]): [1;32mOK[0m
  MUL(type=f32,ne=[1,1,1920,1],nr=[32,32,1,1]): [1;32mOK[0m
  DIV(type=f32,ne=[1,1,1920,1],nr=[32,32,1,1]): [1;32mOK[0m
  ADD(type=f32,ne=[1,1,640,1],nr=[32,32,1,1]): [1;32mOK[0m
  MUL(type=f32,ne=[1,1,640,1],nr=[32,32,1,1]): [1;32mOK[0m
  DIV(type=f32,ne=[1,1,640,1],nr=[32,32,1,1]): [1;32mOK[0m
  ADD(type=f32,ne=[5120,1,1,1],nr=[1,256,1,1]): [1;32mOK[0m
  MUL(type=f32,ne=[5120,1,1,1],nr=[1,256,1,1]): [1;32mOK[0m
  DIV(type=f32,ne=[5120,1,1,1],nr=[1,256,1,1]): [1;32mOK[0m
  ADD(type=f32,ne=[640,1,1,1],nr=[1,1,1,1]): [1;32mOK[0m
  MUL(type=f32,ne=[640,1,1,1],nr=[1,1,1,1]): [1;32mOK[0m
  DIV(type=f32,ne=[640,1,1,1],nr=[1,1,1,1]): [1;32mOK[0m
  SCALE(type=f32,ne=[10,10,10,10],scale=2.000000): [1;32mOK[0m
  NORM(type=f32,ne=[64,10,10,10],eps=0.000001): [1;32mOK[0m
  RMS_NORM(type=f32,ne=[64,10,10,10],eps=0.000001): [1;32mOK[0m
  NORM(type=f32,ne=[64,10,10,10],eps=0.000010): [1;32mOK[0m
  RMS_NORM(type=f32,ne=[64,10,10,10],eps=0.000010): [1;32mOK[0m
  NORM(type=f32,ne=[64,10,10,10],eps=0.001000): [1;32mOK[0m
  RMS_NORM(type=f32,ne=[64,10,10,10],eps=0.001000): [1;32mOK[0m
  NORM(type=f32,ne=[64,10,10,10],eps=0.100000): [1;32mOK[0m
  RMS_NORM(type=f32,ne=[64,10,10,10],eps=0.100000): [1;32mOK[0m
  MUL_MAT(type_a=f32,type_b=f32,m=16,n=1,k=256,bs=[1,1],nr=[1,1]): [1;32mOK[0m
  MUL_MAT(type_a=f32,type_b=f32,m=16,n=1,k=256,bs=[10,1],nr=[1,1]): [1;32mOK[0m
  MUL_MAT(type_a=f32,type_b=f32,m=16,n=1,k=256,bs=[10,1],nr=[2,1]): [1;32mOK[0m
  MUL_MAT(type_a=f32,type_b=f32,m=16,n=1,k=256,bs=[10,10],nr=[1,1]): [1;32mOK[0m
  MUL_MAT(type_a=f32,type_b=f32,m=16,n=1,k=256,bs=[10,10],nr=[2,1]): [1;32mOK[0m
  MUL_MAT(type_a=f32,type_b=f32,m=16,n=1,k=256,bs=[10,10],nr=[1,2]): not supported [SYCL0] 
  MUL_MAT(type_a=f32,type_b=f32,m=16,n=1,k=256,bs=[10,10],nr=[2,2]): not supported [SYCL0] 
  MUL_MAT(type_a=f32,type_b=f32,m=16,n=16,k=256,bs=[1,1],nr=[1,1]): [1;32mOK[0m
  MUL_MAT(type_a=f32,type_b=f32,m=16,n=16,k=256,bs=[10,1],nr=[1,1]): [1;32mOK[0m
  MUL_MAT(type_a=f32,type_b=f32,m=16,n=16,k=256,bs=[10,1],nr=[2,1]): [1;32mOK[0m
  MUL_MAT(type_a=f32,type_b=f32,m=16,n=16,k=256,bs=[10,10],nr=[1,1]): [1;32mOK[0m
  MUL_MAT(type_a=f32,type_b=f32,m=16,n=16,k=256,bs=[10,10],nr=[2,1]): [1;32mOK[0m
  MUL_MAT(type_a=f32,type_b=f32,m=16,n=16,k=256,bs=[10,10],nr=[1,2]): not supported [SYCL0] 
  MUL_MAT(type_a=f32,type_b=f32,m=16,n=16,k=256,bs=[10,10],nr=[2,2]): not supported [SYCL0] 
  MUL_MAT(type_a=f32,type_b=f16,m=16,n=1,k=256,bs=[1,1],nr=[1,1]): not supported [CPU] 
  MUL_MAT(type_a=f32,type_b=f16,m=16,n=1,k=256,bs=[10,1],nr=[1,1]): not supported [CPU] 
  MUL_MAT(type_a=f32,type_b=f16,m=16,n=1,k=256,bs=[10,1],nr=[2,1]): not supported [CPU] 
  MUL_MAT(type_a=f32,type_b=f16,m=16,n=1,k=256,bs=[10,10],nr=[1,1]): not supported [CPU] 
  MUL_MAT(type_a=f32,type_b=f16,m=16,n=1,k=256,bs=[10,10],nr=[2,1]): not supported [CPU] 
  MUL_MAT(type_a=f32,type_b=f16,m=16,n=1,k=256,bs=[10,10],nr=[1,2]): not supported [SYCL0] not supported [CPU] 
  MUL_MAT(type_a=f32,type_b=f16,m=16,n=1,k=256,bs=[10,10],nr=[2,2]): not supported [SYCL0] not supported [CPU] 
  MUL_MAT(type_a=f32,type_b=f16,m=16,n=16,k=256,bs=[1,1],nr=[1,1]): not supported [CPU] 
  MUL_MAT(type_a=f32,type_b=f16,m=16,n=16,k=256,bs=[10,1],nr=[1,1]): not supported [CPU] 
  MUL_MAT(type_a=f32,type_b=f16,m=16,n=16,k=256,bs=[10,1],nr=[2,1]): not supported [CPU] 
  MUL_MAT(type_a=f32,type_b=f16,m=16,n=16,k=256,bs=[10,10],nr=[1,1]): not supported [CPU] 
  MUL_MAT(type_a=f32,type_b=f16,m=16,n=16,k=256,bs=[10,10],nr=[2,1]): not supported [CPU] 
  MUL_MAT(type_a=f32,type_b=f16,m=16,n=16,k=256,bs=[10,10],nr=[1,2]): not supported [SYCL0] not supported [CPU] 
  MUL_MAT(type_a=f32,type_b=f16,m=16,n=16,k=256,bs=[10,10],nr=[2,2]): not supported [SYCL0] not supported [CPU] 
  MUL_MAT(type_a=f16,type_b=f32,m=16,n=1,k=256,bs=[1,1],nr=[1,1]): [1;32mOK[0m
  MUL_MAT(type_a=f16,type_b=f32,m=16,n=1,k=256,bs=[10,1],nr=[1,1]): [1;32mOK[0m
  MUL_MAT(type_a=f16,type_b=f32,m=16,n=1,k=256,bs=[10,1],nr=[2,1]): [1;32mOK[0m
  MUL_MAT(type_a=f16,type_b=f32,m=16,n=1,k=256,bs=[10,10],nr=[1,1]): [1;32mOK[0m
  MUL_MAT(type_a=f16,type_b=f32,m=16,n=1,k=256,bs=[10,10],nr=[2,1]): [1;32mOK[0m
  MUL_MAT(type_a=f16,type_b=f32,m=16,n=1,k=256,bs=[10,10],nr=[1,2]): not supported [SYCL0] 
  MUL_MAT(type_a=f16,type_b=f32,m=16,n=1,k=256,bs=[10,10],nr=[2,2]): not supported [SYCL0] 
  MUL_MAT(type_a=f16,type_b=f32,m=16,n=16,k=256,bs=[1,1],nr=[1,1]): [1;32mOK[0m
  MUL_MAT(type_a=f16,type_b=f32,m=16,n=16,k=256,bs=[10,1],nr=[1,1]): [1;32mOK[0m
  MUL_MAT(type_a=f16,type_b=f32,m=16,n=16,k=256,bs=[10,1],nr=[2,1]): [1;32mOK[0m
  MUL_MAT(type_a=f16,type_b=f32,m=16,n=16,k=256,bs=[10,10],nr=[1,1]): [1;32mOK[0m
  MUL_MAT(type_a=f16,type_b=f32,m=16,n=16,k=256,bs=[10,10],nr=[2,1]): [1;32mOK[0m
  MUL_MAT(type_a=f16,type_b=f32,m=16,n=16,k=256,bs=[10,10],nr=[1,2]): not supported [SYCL0] 
  MUL_MAT(type_a=f16,type_b=f32,m=16,n=16,k=256,bs=[10,10],nr=[2,2]): not supported [SYCL0] 
  MUL_MAT(type_a=f16,type_b=f16,m=16,n=1,k=256,bs=[1,1],nr=[1,1]): [1;32mOK[0m
  MUL_MAT(type_a=f16,type_b=f16,m=16,n=1,k=256,bs=[10,1],nr=[1,1]): [1;32mOK[0m
  MUL_MAT(type_a=f16,type_b=f16,m=16,n=1,k=256,bs=[10,1],nr=[2,1]): [1;32mOK[0m
  MUL_MAT(type_a=f16,type_b=f16,m=16,n=1,k=256,bs=[10,10],nr=[1,1]): [1;32mOK[0m
  MUL_MAT(type_a=f16,type_b=f16,m=16,n=1,k=256,bs=[10,10],nr=[2,1]): [1;32mOK[0m
  MUL_MAT(type_a=f16,type_b=f16,m=16,n=1,k=256,bs=[10,10],nr=[1,2]): not supported [SYCL0] 
  MUL_MAT(type_a=f16,type_b=f16,m=16,n=1,k=256,bs=[10,10],nr=[2,2]): not supported [SYCL0] 
  MUL_MAT(type_a=f16,type_b=f16,m=16,n=16,k=256,bs=[1,1],nr=[1,1]): [1;32mOK[0m
  MUL_MAT(type_a=f16,type_b=f16,m=16,n=16,k=256,bs=[10,1],nr=[1,1]): [1;32mOK[0m
  MUL_MAT(type_a=f16,type_b=f16,m=16,n=16,k=256,bs=[10,1],nr=[2,1]): [1;32mOK[0m
  MUL_MAT(type_a=f16,type_b=f16,m=16,n=16,k=256,bs=[10,10],nr=[1,1]): [1;32mOK[0m
  MUL_MAT(type_a=f16,type_b=f16,m=16,n=16,k=256,bs=[10,10],nr=[2,1]): [1;32mOK[0m
  MUL_MAT(type_a=f16,type_b=f16,m=16,n=16,k=256,bs=[10,10],nr=[1,2]): not supported [SYCL0] 
  MUL_MAT(type_a=f16,type_b=f16,m=16,n=16,k=256,bs=[10,10],nr=[2,2]): not supported [SYCL0] 
  MUL_MAT(type_a=q4_0,type_b=f32,m=16,n=1,k=256,bs=[1,1],nr=[1,1]): [1;32mOK[0m
  MUL_MAT(type_a=q4_0,type_b=f32,m=16,n=1,k=256,bs=[10,1],nr=[1,1]): [1;32mOK[0m
  MUL_MAT(type_a=q4_0,type_b=f32,m=16,n=1,k=256,bs=[10,1],nr=[2,1]): [1;32mOK[0m
  MUL_MAT(type_a=q4_0,type_b=f32,m=16,n=1,k=256,bs=[10,10],nr=[1,1]): [1;32mOK[0m
  MUL_MAT(type_a=q4_0,type_b=f32,m=16,n=1,k=256,bs=[10,10],nr=[2,1]): [1;32mOK[0m
  MUL_MAT(type_a=q4_0,type_b=f32,m=16,n=1,k=256,bs=[10,10],nr=[1,2]): not supported [SYCL0] 
  MUL_MAT(type_a=q4_0,type_b=f32,m=16,n=1,k=256,bs=[10,10],nr=[2,2]): not supported [SYCL0] 
  MUL_MAT(type_a=q4_0,type_b=f32,m=16,n=16,k=256,bs=[1,1],nr=[1,1]): [1;32mOK[0m
  MUL_MAT(type_a=q4_0,type_b=f32,m=16,n=16,k=256,bs=[10,1],nr=[1,1]): [1;32mOK[0m
  MUL_MAT(type_a=q4_0,type_b=f32,m=16,n=16,k=256,bs=[10,1],nr=[2,1]): [1;32mOK[0m
  MUL_MAT(type_a=q4_0,type_b=f32,m=16,n=16,k=256,bs=[10,10],nr=[1,1]): [1;32mOK[0m
  MUL_MAT(type_a=q4_0,type_b=f32,m=16,n=16,k=256,bs=[10,10],nr=[2,1]): [1;32mOK[0m
  MUL_MAT(type_a=q4_0,type_b=f32,m=16,n=16,k=256,bs=[10,10],nr=[1,2]): not supported [SYCL0] 
  MUL_MAT(type_a=q4_0,type_b=f32,m=16,n=16,k=256,bs=[10,10],nr=[2,2]): not supported [SYCL0] 
  MUL_MAT(type_a=q4_0,type_b=f16,m=16,n=1,k=256,bs=[1,1],nr=[1,1]): not supported [CPU] 
  MUL_MAT(type_a=q4_0,type_b=f16,m=16,n=1,k=256,bs=[10,1],nr=[1,1]): not supported [CPU] 
  MUL_MAT(type_a=q4_0,type_b=f16,m=16,n=1,k=256,bs=[10,1],nr=[2,1]): not supported [CPU] 
  MUL_MAT(type_a=q4_0,type_b=f16,m=16,n=1,k=256,bs=[10,10],nr=[1,1]): not supported [CPU] 
  MUL_MAT(type_a=q4_0,type_b=f16,m=16,n=1,k=256,bs=[10,10],nr=[2,1]): not supported [CPU] 
  MUL_MAT(type_a=q4_0,type_b=f16,m=16,n=1,k=256,bs=[10,10],nr=[1,2]): not supported [SYCL0] not supported [CPU] 
  MUL_MAT(type_a=q4_0,type_b=f16,m=16,n=1,k=256,bs=[10,10],nr=[2,2]): not supported [SYCL0] not supported [CPU] 
  MUL_MAT(type_a=q4_0,type_b=f16,m=16,n=16,k=256,bs=[1,1],nr=[1,1]): not supported [CPU] 
  MUL_MAT(type_a=q4_0,type_b=f16,m=16,n=16,k=256,bs=[10,1],nr=[1,1]): not supported [CPU] 
  MUL_MAT(type_a=q4_0,type_b=f16,m=16,n=16,k=256,bs=[10,1],nr=[2,1]): not supported [CPU] 
  MUL_MAT(type_a=q4_0,type_b=f16,m=16,n=16,k=256,bs=[10,10],nr=[1,1]): not supported [CPU] 
  MUL_MAT(type_a=q4_0,type_b=f16,m=16,n=16,k=256,bs=[10,10],nr=[2,1]): not supported [CPU] 
  MUL_MAT(type_a=q4_0,type_b=f16,m=16,n=16,k=256,bs=[10,10],nr=[1,2]): not supported [SYCL0] not supported [CPU] 
  MUL_MAT(type_a=q4_0,type_b=f16,m=16,n=16,k=256,bs=[10,10],nr=[2,2]): not supported [SYCL0] not supported [CPU] 
  MUL_MAT(type_a=q4_K,type_b=f32,m=16,n=1,k=256,bs=[1,1],nr=[1,1]): [1;32mOK[0m
  MUL_MAT(type_a=q4_K,type_b=f32,m=16,n=1,k=256,bs=[10,1],nr=[1,1]): [1;32mOK[0m
  MUL_MAT(type_a=q4_K,type_b=f32,m=16,n=1,k=256,bs=[10,1],nr=[2,1]): [1;32mOK[0m
  MUL_MAT(type_a=q4_K,type_b=f32,m=16,n=1,k=256,bs=[10,10],nr=[1,1]): [1;32mOK[0m
  MUL_MAT(type_a=q4_K,type_b=f32,m=16,n=1,k=256,bs=[10,10],nr=[2,1]): [1;32mOK[0m
  MUL_MAT(type_a=q4_K,type_b=f32,m=16,n=1,k=256,bs=[10,10],nr=[1,2]): not supported [SYCL0] 
  MUL_MAT(type_a=q4_K,type_b=f32,m=16,n=1,k=256,bs=[10,10],nr=[2,2]): not supported [SYCL0] 
  MUL_MAT(type_a=q4_K,type_b=f32,m=16,n=16,k=256,bs=[1,1],nr=[1,1]): [1;32mOK[0m
  MUL_MAT(type_a=q4_K,type_b=f32,m=16,n=16,k=256,bs=[10,1],nr=[1,1]): [1;32mOK[0m
  MUL_MAT(type_a=q4_K,type_b=f32,m=16,n=16,k=256,bs=[10,1],nr=[2,1]): [1;32mOK[0m
  MUL_MAT(type_a=q4_K,type_b=f32,m=16,n=16,k=256,bs=[10,10],nr=[1,1]): [1;32mOK[0m
  MUL_MAT(type_a=q4_K,type_b=f32,m=16,n=16,k=256,bs=[10,10],nr=[2,1]): [1;32mOK[0m
  MUL_MAT(type_a=q4_K,type_b=f32,m=16,n=16,k=256,bs=[10,10],nr=[1,2]): not supported [SYCL0] 
  MUL_MAT(type_a=q4_K,type_b=f32,m=16,n=16,k=256,bs=[10,10],nr=[2,2]): not supported [SYCL0] 
  MUL_MAT(type_a=q4_K,type_b=f16,m=16,n=1,k=256,bs=[1,1],nr=[1,1]): not supported [CPU] 
  MUL_MAT(type_a=q4_K,type_b=f16,m=16,n=1,k=256,bs=[10,1],nr=[1,1]): not supported [CPU] 
  MUL_MAT(type_a=q4_K,type_b=f16,m=16,n=1,k=256,bs=[10,1],nr=[2,1]): not supported [CPU] 
  MUL_MAT(type_a=q4_K,type_b=f16,m=16,n=1,k=256,bs=[10,10],nr=[1,1]): not supported [CPU] 
  MUL_MAT(type_a=q4_K,type_b=f16,m=16,n=1,k=256,bs=[10,10],nr=[2,1]): not supported [CPU] 
  MUL_MAT(type_a=q4_K,type_b=f16,m=16,n=1,k=256,bs=[10,10],nr=[1,2]): not supported [SYCL0] not supported [CPU] 
  MUL_MAT(type_a=q4_K,type_b=f16,m=16,n=1,k=256,bs=[10,10],nr=[2,2]): not supported [SYCL0] not supported [CPU] 
  MUL_MAT(type_a=q4_K,type_b=f16,m=16,n=16,k=256,bs=[1,1],nr=[1,1]): not supported [CPU] 
  MUL_MAT(type_a=q4_K,type_b=f16,m=16,n=16,k=256,bs=[10,1],nr=[1,1]): not supported [CPU] 
  MUL_MAT(type_a=q4_K,type_b=f16,m=16,n=16,k=256,bs=[10,1],nr=[2,1]): not supported [CPU] 
  MUL_MAT(type_a=q4_K,type_b=f16,m=16,n=16,k=256,bs=[10,10],nr=[1,1]): not supported [CPU] 
  MUL_MAT(type_a=q4_K,type_b=f16,m=16,n=16,k=256,bs=[10,10],nr=[2,1]): not supported [CPU] 
  MUL_MAT(type_a=q4_K,type_b=f16,m=16,n=16,k=256,bs=[10,10],nr=[1,2]): not supported [SYCL0] not supported [CPU] 
  MUL_MAT(type_a=q4_K,type_b=f16,m=16,n=16,k=256,bs=[10,10],nr=[2,2]): not supported [SYCL0] not supported [CPU] 
  MUL_MAT(type_a=iq2_xxs,type_b=f32,m=16,n=1,k=256,bs=[1,1],nr=[1,1]): [1;32mOK[0m
  MUL_MAT(type_a=iq2_xxs,type_b=f32,m=16,n=1,k=256,bs=[10,1],nr=[1,1]): not supported [SYCL0] 
  MUL_MAT(type_a=iq2_xxs,type_b=f32,m=16,n=1,k=256,bs=[10,1],nr=[2,1]): not supported [SYCL0] 
  MUL_MAT(type_a=iq2_xxs,type_b=f32,m=16,n=1,k=256,bs=[10,10],nr=[1,1]): not supported [SYCL0] 
  MUL_MAT(type_a=iq2_xxs,type_b=f32,m=16,n=1,k=256,bs=[10,10],nr=[2,1]): not supported [SYCL0] 
  MUL_MAT(type_a=iq2_xxs,type_b=f32,m=16,n=1,k=256,bs=[10,10],nr=[1,2]): not supported [SYCL0] 
  MUL_MAT(type_a=iq2_xxs,type_b=f32,m=16,n=1,k=256,bs=[10,10],nr=[2,2]): not supported [SYCL0] 
  MUL_MAT(type_a=iq2_xxs,type_b=f32,m=16,n=16,k=256,bs=[1,1],nr=[1,1]): [1;32mOK[0m
  MUL_MAT(type_a=iq2_xxs,type_b=f32,m=16,n=16,k=256,bs=[10,1],nr=[1,1]): [1;32mOK[0m
  MUL_MAT(type_a=iq2_xxs,type_b=f32,m=16,n=16,k=256,bs=[10,1],nr=[2,1]): [1;32mOK[0m
  MUL_MAT(type_a=iq2_xxs,type_b=f32,m=16,n=16,k=256,bs=[10,10],nr=[1,1]): [1;32mOK[0m
  MUL_MAT(type_a=iq2_xxs,type_b=f32,m=16,n=16,k=256,bs=[10,10],nr=[2,1]): [1;32mOK[0m
  MUL_MAT(type_a=iq2_xxs,type_b=f32,m=16,n=16,k=256,bs=[10,10],nr=[1,2]): not supported [SYCL0] 
  MUL_MAT(type_a=iq2_xxs,type_b=f32,m=16,n=16,k=256,bs=[10,10],nr=[2,2]): not supported [SYCL0] 
  MUL_MAT(type_a=iq2_xxs,type_b=f16,m=16,n=1,k=256,bs=[1,1],nr=[1,1]): not supported [CPU] 
  MUL_MAT(type_a=iq2_xxs,type_b=f16,m=16,n=1,k=256,bs=[10,1],nr=[1,1]): not supported [SYCL0] not supported [CPU] 
  MUL_MAT(type_a=iq2_xxs,type_b=f16,m=16,n=1,k=256,bs=[10,1],nr=[2,1]): not supported [SYCL0] not supported [CPU] 
  MUL_MAT(type_a=iq2_xxs,type_b=f16,m=16,n=1,k=256,bs=[10,10],nr=[1,1]): not supported [SYCL0] not supported [CPU] 
  MUL_MAT(type_a=iq2_xxs,type_b=f16,m=16,n=1,k=256,bs=[10,10],nr=[2,1]): not supported [SYCL0] not supported [CPU] 
  MUL_MAT(type_a=iq2_xxs,type_b=f16,m=16,n=1,k=256,bs=[10,10],nr=[1,2]): not supported [SYCL0] not supported [CPU] 
  MUL_MAT(type_a=iq2_xxs,type_b=f16,m=16,n=1,k=256,bs=[10,10],nr=[2,2]): not supported [SYCL0] not supported [CPU] 
  MUL_MAT(type_a=iq2_xxs,type_b=f16,m=16,n=16,k=256,bs=[1,1],nr=[1,1]): not supported [CPU] 
  MUL_MAT(type_a=iq2_xxs,type_b=f16,m=16,n=16,k=256,bs=[10,1],nr=[1,1]): not supported [CPU] 
  MUL_MAT(type_a=iq2_xxs,type_b=f16,m=16,n=16,k=256,bs=[10,1],nr=[2,1]): not supported [CPU] 
  MUL_MAT(type_a=iq2_xxs,type_b=f16,m=16,n=16,k=256,bs=[10,10],nr=[1,1]): not supported [CPU] 
  MUL_MAT(type_a=iq2_xxs,type_b=f16,m=16,n=16,k=256,bs=[10,10],nr=[2,1]): not supported [CPU] 
  MUL_MAT(type_a=iq2_xxs,type_b=f16,m=16,n=16,k=256,bs=[10,10],nr=[1,2]): not supported [SYCL0] not supported [CPU] 
  MUL_MAT(type_a=iq2_xxs,type_b=f16,m=16,n=16,k=256,bs=[10,10],nr=[2,2]): not supported [SYCL0] not supported [CPU] 
  MUL_MAT(type_a=q4_1,type_b=f32,m=16,n=1,k=256,bs=[1,1],nr=[1,1]): [1;32mOK[0m
  MUL_MAT(type_a=q5_0,type_b=f32,m=16,n=1,k=256,bs=[1,1],nr=[1,1]): [1;32mOK[0m
  MUL_MAT(type_a=q5_1,type_b=f32,m=16,n=1,k=256,bs=[1,1],nr=[1,1]): [1;32mOK[0m
  MUL_MAT(type_a=q8_0,type_b=f32,m=16,n=1,k=256,bs=[1,1],nr=[1,1]): [1;32mOK[0m
  MUL_MAT(type_a=q2_K,type_b=f32,m=16,n=1,k=256,bs=[1,1],nr=[1,1]): [1;32mOK[0m
  MUL_MAT(type_a=q3_K,type_b=f32,m=16,n=1,k=256,bs=[1,1],nr=[1,1]): [1;32mOK[0m
  MUL_MAT(type_a=q5_K,type_b=f32,m=16,n=1,k=256,bs=[1,1],nr=[1,1]): [1;32mOK[0m
  MUL_MAT(type_a=q6_K,type_b=f32,m=16,n=1,k=256,bs=[1,1],nr=[1,1]): [1;32mOK[0m
  MUL_MAT(type_a=iq2_xs,type_b=f32,m=16,n=1,k=256,bs=[1,1],nr=[1,1]): [1;32mOK[0m
  MUL_MAT(type_a=iq2_s,type_b=f32,m=16,n=1,k=256,bs=[1,1],nr=[1,1]): [1;32mOK[0m
  MUL_MAT(type_a=iq3_xxs,type_b=f32,m=16,n=1,k=256,bs=[1,1],nr=[1,1]): [1;32mOK[0m
  MUL_MAT(type_a=iq1_s,type_b=f32,m=16,n=1,k=256,bs=[1,1],nr=[1,1]): [1;32mOK[0m
  MUL_MAT(type_a=iq1_m,type_b=f32,m=16,n=1,k=256,bs=[1,1],nr=[1,1]): [1;32mOK[0m
  MUL_MAT(type_a=iq4_nl,type_b=f32,m=16,n=1,k=256,bs=[1,1],nr=[1,1]): [MUL_MAT] NMSE = 0.195258155 > 0.000500000 [1;31mFAIL[0m
  MUL_MAT(type_a=iq3_s,type_b=f32,m=16,n=1,k=256,bs=[1,1],nr=[1,1]): [1;32mOK[0m
  MUL_MAT(type_a=iq4_xs,type_b=f32,m=16,n=1,k=256,bs=[1,1],nr=[1,1]): [1;32mOK[0m
  MUL_MAT(type_a=f16,type_b=f32,m=64,n=2,k=128,bs=[8,1],nr=[1,1]): [1;32mOK[0m
  MUL_MAT(type_a=f16,type_b=f32,m=83,n=2,k=128,bs=[8,1],nr=[4,1]): [1;32mOK[0m
  MUL_MAT(type_a=f16,type_b=f32,m=64,n=2,k=64,bs=[8,1],nr=[4,1]): [1;32mOK[0m
  MUL_MAT(type_a=f16,type_b=f32,m=83,n=2,k=64,bs=[8,1],nr=[4,1]): [1;32mOK[0m
  MUL_MAT(type_a=f16,type_b=f32,m=64,n=45,k=128,bs=[8,1],nr=[4,1]): [1;32mOK[0m
  MUL_MAT(type_a=f16,type_b=f32,m=128,n=45,k=64,bs=[8,1],nr=[4,1]): [1;32mOK[0m
  MUL_MAT_ID(type_a=f32,type_b=f32,n_mats=4,n_used=1,b=0,m=512,n=1,k=256): [1;32mOK[0m
  MUL_MAT_ID(type_a=f32,type_b=f32,n_mats=4,n_used=1,b=0,m=512,n=32,k=256): [MUL_MAT_ID] NMSE = 8.541524752 > 0.000500000 [1;31mFAIL[0m
  MUL_MAT_ID(type_a=f32,type_b=f32,n_mats=4,n_used=1,b=1,m=512,n=1,k=256): [MUL_MAT_ID] NMSE = 1.932110626 > 0.000500000 [1;31mFAIL[0m
  MUL_MAT_ID(type_a=f32,type_b=f32,n_mats=4,n_used=1,b=1,m=512,n=32,k=256): [MUL_MAT_ID] NMSE = 6.548828159 > 0.000500000 [1;31mFAIL[0m
  MUL_MAT_ID(type_a=f32,type_b=f32,n_mats=4,n_used=2,b=0,m=512,n=1,k=256): [MUL_MAT_ID] NMSE = 0.982510462 > 0.000500000 [1;31mFAIL[0m
  MUL_MAT_ID(type_a=f32,type_b=f32,n_mats=4,n_used=2,b=0,m=512,n=32,k=256): [MUL_MAT_ID] NMSE = 4.801730210 > 0.000500000 [1;31mFAIL[0m
  MUL_MAT_ID(type_a=f32,type_b=f32,n_mats=4,n_used=2,b=1,m=512,n=1,k=256): [MUL_MAT_ID] NMSE = 3.125296048 > 0.000500000 [1;31mFAIL[0m
  MUL_MAT_ID(type_a=f32,type_b=f32,n_mats=4,n_used=2,b=1,m=512,n=32,k=256): [MUL_MAT_ID] NMSE = 7.124804514 > 0.000500000 [1;31mFAIL[0m
  MUL_MAT_ID(type_a=f32,type_b=f32,n_mats=4,n_used=4,b=0,m=512,n=1,k=256): [MUL_MAT_ID] NMSE = 3.135807018 > 0.000500000 [1;31mFAIL[0m
  MUL_MAT_ID(type_a=f32,type_b=f32,n_mats=4,n_used=4,b=0,m=512,n=32,k=256): [MUL_MAT_ID] NMSE = 5.581206482 > 0.000500000 [1;31mFAIL[0m
  MUL_MAT_ID(type_a=f32,type_b=f32,n_mats=4,n_used=4,b=1,m=512,n=1,k=256): [MUL_MAT_ID] NMSE = 5.315649327 > 0.000500000 [1;31mFAIL[0m
  MUL_MAT_ID(type_a=f32,type_b=f32,n_mats=4,n_used=4,b=1,m=512,n=32,k=256): [MUL_MAT_ID] NMSE = 6.362385099 > 0.000500000 [1;31mFAIL[0m
  MUL_MAT_ID(type_a=f32,type_b=f32,n_mats=8,n_used=1,b=0,m=512,n=1,k=256): [MUL_MAT_ID] NMSE = 2.057326999 > 0.000500000 [1;31mFAIL[0m
  MUL_MAT_ID(type_a=f32,type_b=f32,n_mats=8,n_used=1,b=0,m=512,n=32,k=256): [MUL_MAT_ID] NMSE = 6.721693565 > 0.000500000 [1;31mFAIL[0m
  MUL_MAT_ID(type_a=f32,type_b=f32,n_mats=8,n_used=1,b=1,m=512,n=1,k=256): [MUL_MAT_ID] NMSE = 1.864586968 > 0.000500000 [1;31mFAIL[0m
  MUL_MAT_ID(type_a=f32,type_b=f32,n_mats=8,n_used=1,b=1,m=512,n=32,k=256): [MUL_MAT_ID] NMSE = 9.826560917 > 0.000500000 [1;31mFAIL[0m
  MUL_MAT_ID(type_a=f32,type_b=f32,n_mats=8,n_used=2,b=0,m=512,n=1,k=256): [MUL_MAT_ID] NMSE = 3.030902169 > 0.000500000 [1;31mFAIL[0m
  MUL_MAT_ID(type_a=f32,type_b=f32,n_mats=8,n_used=2,b=0,m=512,n=32,k=256): [MUL_MAT_ID] NMSE = 8.432480295 > 0.000500000 [1;31mFAIL[0m
  MUL_MAT_ID(type_a=f32,type_b=f32,n_mats=8,n_used=2,b=1,m=512,n=1,k=256): [MUL_MAT_ID] NMSE = 1.004581055 > 0.000500000 [1;31mFAIL[0m
  MUL_MAT_ID(type_a=f32,type_b=f32,n_mats=8,n_used=2,b=1,m=512,n=32,k=256): [MUL_MAT_ID] NMSE = 9.445059316 > 0.000500000 [1;31mFAIL[0m
  MUL_MAT_ID(type_a=f32,type_b=f32,n_mats=8,n_used=4,b=0,m=512,n=1,k=256): [MUL_MAT_ID] NMSE = 4.695152375 > 0.000500000 [1;31mFAIL[0m
  MUL_MAT_ID(type_a=f32,type_b=f32,n_mats=8,n_used=4,b=0,m=512,n=32,k=256): [MUL_MAT_ID] NMSE = 8.992901496 > 0.000500000 [1;31mFAIL[0m
  MUL_MAT_ID(type_a=f32,type_b=f32,n_mats=8,n_used=4,b=1,m=512,n=1,k=256): [MUL_MAT_ID] NMSE = 4.962791735 > 0.000500000 [1;31mFAIL[0m
  MUL_MAT_ID(type_a=f32,type_b=f32,n_mats=8,n_used=4,b=1,m=512,n=32,k=256): [MUL_MAT_ID] NMSE = 7.763491640 > 0.000500000 [1;31mFAIL[0m
  MUL_MAT_ID(type_a=f16,type_b=f32,n_mats=4,n_used=1,b=0,m=512,n=1,k=256): [MUL_MAT_ID] NMSE = 1.934108877 > 0.000500000 [1;31mFAIL[0m
  MUL_MAT_ID(type_a=f16,type_b=f32,n_mats=4,n_used=1,b=0,m=512,n=32,k=256): [MUL_MAT_ID] NMSE = 5.760647128 > 0.000500000 [1;31mFAIL[0m
  MUL_MAT_ID(type_a=f16,type_b=f32,n_mats=4,n_used=1,b=1,m=512,n=1,k=256): [MUL_MAT_ID] NMSE = 1.903524358 > 0.000500000 [1;31mFAIL[0m
  MUL_MAT_ID(type_a=f16,type_b=f32,n_mats=4,n_used=1,b=1,m=512,n=32,k=256): [MUL_MAT_ID] NMSE = 7.031893283 > 0.000500000 [1;31mFAIL[0m
  MUL_MAT_ID(type_a=f16,type_b=f32,n_mats=4,n_used=2,b=0,m=512,n=1,k=256): [MUL_MAT_ID] NMSE = 2.861138364 > 0.000500000 [1;31mFAIL[0m
  MUL_MAT_ID(type_a=f16,type_b=f32,n_mats=4,n_used=2,b=0,m=512,n=32,k=256): [MUL_MAT_ID] NMSE = 0.999999995 > 0.000500000 [1;31mFAIL[0m
  MUL_MAT_ID(type_a=f16,type_b=f32,n_mats=4,n_used=2,b=1,m=512,n=1,k=256): [MUL_MAT_ID] NMSE = 2.928558079 > 0.000500000 [1;31mFAIL[0m
  MUL_MAT_ID(type_a=f16,type_b=f32,n_mats=4,n_used=2,b=1,m=512,n=32,k=256): [MUL_MAT_ID] NMSE = 0.999999871 > 0.000500000 [1;31mFAIL[0m
  MUL_MAT_ID(type_a=f16,type_b=f32,n_mats=4,n_used=4,b=0,m=512,n=1,k=256): [MUL_MAT_ID] NMSE = 4.856831647 > 0.000500000 [1;31mFAIL[0m
  MUL_MAT_ID(type_a=f16,type_b=f32,n_mats=4,n_used=4,b=0,m=512,n=32,k=256): [MUL_MAT_ID] NMSE = 5.746016853 > 0.000500000 [1;31mFAIL[0m
  MUL_MAT_ID(type_a=f16,type_b=f32,n_mats=4,n_used=4,b=1,m=512,n=1,k=256): [MUL_MAT_ID] NMSE = 3.065608249 > 0.000500000 [1;31mFAIL[0m
  MUL_MAT_ID(type_a=f16,type_b=f32,n_mats=4,n_used=4,b=1,m=512,n=32,k=256): [MUL_MAT_ID] NMSE = 6.379480564 > 0.000500000 [1;31mFAIL[0m
  MUL_MAT_ID(type_a=f16,type_b=f32,n_mats=8,n_used=1,b=0,m=512,n=1,k=256): [MUL_MAT_ID] NMSE = 2.046360767 > 0.000500000 [1;31mFAIL[0m
  MUL_MAT_ID(type_a=f16,type_b=f32,n_mats=8,n_used=1,b=0,m=512,n=32,k=256): [MUL_MAT_ID] NMSE = 0.999999943 > 0.000500000 [1;31mFAIL[0m
  MUL_MAT_ID(type_a=f16,type_b=f32,n_mats=8,n_used=1,b=1,m=512,n=1,k=256): [MUL_MAT_ID] NMSE = 2.234058001 > 0.000500000 [1;31mFAIL[0m
  MUL_MAT_ID(type_a=f16,type_b=f32,n_mats=8,n_used=1,b=1,m=512,n=32,k=256): [MUL_MAT_ID] NMSE = 11.270833179 > 0.000500000 [1;31mFAIL[0m
  MUL_MAT_ID(type_a=f16,type_b=f32,n_mats=8,n_used=2,b=0,m=512,n=1,k=256): [MUL_MAT_ID] NMSE = 3.074963017 > 0.000500000 [1;31mFAIL[0m
  MUL_MAT_ID(type_a=f16,type_b=f32,n_mats=8,n_used=2,b=0,m=512,n=32,k=256): [MUL_MAT_ID] NMSE = 0.999999977 > 0.000500000 [1;31mFAIL[0m
  MUL_MAT_ID(type_a=f16,type_b=f32,n_mats=8,n_used=2,b=1,m=512,n=1,k=256): [MUL_MAT_ID] NMSE = 2.538711689 > 0.000500000 [1;31mFAIL[0m
  MUL_MAT_ID(type_a=f16,type_b=f32,n_mats=8,n_used=2,b=1,m=512,n=32,k=256): [MUL_MAT_ID] NMSE = 1.000000017 > 0.000500000 [1;31mFAIL[0m
  MUL_MAT_ID(type_a=f16,type_b=f32,n_mats=8,n_used=4,b=0,m=512,n=1,k=256): [MUL_MAT_ID] NMSE = 4.240173870 > 0.000500000 [1;31mFAIL[0m
  MUL_MAT_ID(type_a=f16,type_b=f32,n_mats=8,n_used=4,b=0,m=512,n=32,k=256): [MUL_MAT_ID] NMSE = 7.303587831 > 0.000500000 [1;31mFAIL[0m
  MUL_MAT_ID(type_a=f16,type_b=f32,n_mats=8,n_used=4,b=1,m=512,n=1,k=256): [MUL_MAT_ID] NMSE = 4.768080024 > 0.000500000 [1;31mFAIL[0m
  MUL_MAT_ID(type_a=f16,type_b=f32,n_mats=8,n_used=4,b=1,m=512,n=32,k=256): [MUL_MAT_ID] NMSE = 8.917843121 > 0.000500000 [1;31mFAIL[0m
  MUL_MAT_ID(type_a=q4_0,type_b=f32,n_mats=4,n_used=1,b=0,m=512,n=1,k=256): [1;32mOK[0m
  MUL_MAT_ID(type_a=q4_0,type_b=f32,n_mats=4,n_used=1,b=0,m=512,n=32,k=256): [MUL_MAT_ID] NMSE = 1.000000011 > 0.000500000 [1;31mFAIL[0m
  MUL_MAT_ID(type_a=q4_0,type_b=f32,n_mats=4,n_used=1,b=1,m=512,n=1,k=256): [1;32mOK[0m
  MUL_MAT_ID(type_a=q4_0,type_b=f32,n_mats=4,n_used=1,b=1,m=512,n=32,k=256): [MUL_MAT_ID] NMSE = 0.999999995 > 0.000500000 [1;31mFAIL[0m
  MUL_MAT_ID(type_a=q4_0,type_b=f32,n_mats=4,n_used=2,b=0,m=512,n=1,k=256): [MUL_MAT_ID] NMSE = 2.990178660 > 0.000500000 [1;31mFAIL[0m
  MUL_MAT_ID(type_a=q4_0,type_b=f32,n_mats=4,n_used=2,b=0,m=512,n=32,k=256): [MUL_MAT_ID] NMSE = 1.000000012 > 0.000500000 [1;31mFAIL[0m
  MUL_MAT_ID(type_a=q4_0,type_b=f32,n_mats=4,n_used=2,b=1,m=512,n=1,k=256): [MUL_MAT_ID] NMSE = 3.038616142 > 0.000500000 [1;31mFAIL[0m
  MUL_MAT_ID(type_a=q4_0,type_b=f32,n_mats=4,n_used=2,b=1,m=512,n=32,k=256): [MUL_MAT_ID] NMSE = 1.000000035 > 0.000500000 [1;31mFAIL[0m
  MUL_MAT_ID(type_a=q4_0,type_b=f32,n_mats=4,n_used=4,b=0,m=512,n=1,k=256): [MUL_MAT_ID] NMSE = 5.149815620 > 0.000500000 [1;31mFAIL[0m
  MUL_MAT_ID(type_a=q4_0,type_b=f32,n_mats=4,n_used=4,b=0,m=512,n=32,k=256): [MUL_MAT_ID] NMSE = 5.717871995 > 0.000500000 [1;31mFAIL[0m
  MUL_MAT_ID(type_a=q4_0,type_b=f32,n_mats=4,n_used=4,b=1,m=512,n=1,k=256): [MUL_MAT_ID] NMSE = 4.476146131 > 0.000500000 [1;31mFAIL[0m
  MUL_MAT_ID(type_a=q4_0,type_b=f32,n_mats=4,n_used=4,b=1,m=512,n=32,k=256): [MUL_MAT_ID] NMSE = 6.333478277 > 0.000500000 [1;31mFAIL[0m
  MUL_MAT_ID(type_a=q4_0,type_b=f32,n_mats=8,n_used=1,b=0,m=512,n=1,k=256): [MUL_MAT_ID] NMSE = 2.024382705 > 0.000500000 [1;31mFAIL[0m
  MUL_MAT_ID(type_a=q4_0,type_b=f32,n_mats=8,n_used=1,b=0,m=512,n=32,k=256): [MUL_MAT_ID] NMSE = 11.340491937 > 0.000500000 [1;31mFAIL[0m
  MUL_MAT_ID(type_a=q4_0,type_b=f32,n_mats=8,n_used=1,b=1,m=512,n=1,k=256): [MUL_MAT_ID] NMSE = 2.060460219 > 0.000500000 [1;31mFAIL[0m
  MUL_MAT_ID(type_a=q4_0,type_b=f32,n_mats=8,n_used=1,b=1,m=512,n=32,k=256): [MUL_MAT_ID] NMSE = 6.751044504 > 0.000500000 [1;31mFAIL[0m
  MUL_MAT_ID(type_a=q4_0,type_b=f32,n_mats=8,n_used=2,b=0,m=512,n=1,k=256): [MUL_MAT_ID] NMSE = 2.794216825 > 0.000500000 [1;31mFAIL[0m
  MUL_MAT_ID(type_a=q4_0,type_b=f32,n_mats=8,n_used=2,b=0,m=512,n=32,k=256): [MUL_MAT_ID] NMSE = 0.999999998 > 0.000500000 [1;31mFAIL[0m
  MUL_MAT_ID(type_a=q4_0,type_b=f32,n_mats=8,n_used=2,b=1,m=512,n=1,k=256): [MUL_MAT_ID] NMSE = 1.017616365 > 0.000500000 [1;31mFAIL[0m
  MUL_MAT_ID(type_a=q4_0,type_b=f32,n_mats=8,n_used=2,b=1,m=512,n=32,k=256): [MUL_MAT_ID] NMSE = 1.000000000 > 0.000500000 [1;31mFAIL[0m
  MUL_MAT_ID(type_a=q4_0,type_b=f32,n_mats=8,n_used=4,b=0,m=512,n=1,k=256): [MUL_MAT_ID] NMSE = 5.319418323 > 0.000500000 [1;31mFAIL[0m
  MUL_MAT_ID(type_a=q4_0,type_b=f32,n_mats=8,n_used=4,b=0,m=512,n=32,k=256): [MUL_MAT_ID] NMSE = 9.321216395 > 0.000500000 [1;31mFAIL[0m
  MUL_MAT_ID(type_a=q4_0,type_b=f32,n_mats=8,n_used=4,b=1,m=512,n=1,k=256): [MUL_MAT_ID] NMSE = 5.168601268 > 0.000500000 [1;31mFAIL[0m
  MUL_MAT_ID(type_a=q4_0,type_b=f32,n_mats=8,n_used=4,b=1,m=512,n=32,k=256): [MUL_MAT_ID] NMSE = 9.166820406 > 0.000500000 [1;31mFAIL[0m
  MUL_MAT_ID(type_a=q4_K,type_b=f32,n_mats=4,n_used=1,b=0,m=512,n=1,k=256): [MUL_MAT_ID] NMSE = 1.848198881 > 0.000500000 [1;31mFAIL[0m
  MUL_MAT_ID(type_a=q4_K,type_b=f32,n_mats=4,n_used=1,b=0,m=512,n=32,k=256): [MUL_MAT_ID] NMSE = 0.999999995 > 0.000500000 [1;31mFAIL[0m
  MUL_MAT_ID(type_a=q4_K,type_b=f32,n_mats=4,n_used=1,b=1,m=512,n=1,k=256): [MUL_MAT_ID] NMSE = 1.902860987 > 0.000500000 [1;31mFAIL[0m
  MUL_MAT_ID(type_a=q4_K,type_b=f32,n_mats=4,n_used=1,b=1,m=512,n=32,k=256): [MUL_MAT_ID] NMSE = 1.000000010 > 0.000500000 [1;31mFAIL[0m
  MUL_MAT_ID(type_a=q4_K,type_b=f32,n_mats=4,n_used=2,b=0,m=512,n=1,k=256): [MUL_MAT_ID] NMSE = 3.017057772 > 0.000500000 [1;31mFAIL[0m
  MUL_MAT_ID(type_a=q4_K,type_b=f32,n_mats=4,n_used=2,b=0,m=512,n=32,k=256): [MUL_MAT_ID] NMSE = 1.000000015 > 0.000500000 [1;31mFAIL[0m
  MUL_MAT_ID(type_a=q4_K,type_b=f32,n_mats=4,n_used=2,b=1,m=512,n=1,k=256): [MUL_MAT_ID] NMSE = 2.953552609 > 0.000500000 [1;31mFAIL[0m
  MUL_MAT_ID(type_a=q4_K,type_b=f32,n_mats=4,n_used=2,b=1,m=512,n=32,k=256): [MUL_MAT_ID] NMSE = 1.000000004 > 0.000500000 [1;31mFAIL[0m
  MUL_MAT_ID(type_a=q4_K,type_b=f32,n_mats=4,n_used=4,b=0,m=512,n=1,k=256): [MUL_MAT_ID] NMSE = 4.976189684 > 0.000500000 [1;31mFAIL[0m
  MUL_MAT_ID(type_a=q4_K,type_b=f32,n_mats=4,n_used=4,b=0,m=512,n=32,k=256): [MUL_MAT_ID] NMSE = 5.612960640 > 0.000500000 [1;31mFAIL[0m
  MUL_MAT_ID(type_a=q4_K,type_b=f32,n_mats=4,n_used=4,b=1,m=512,n=1,k=256): [MUL_MAT_ID] NMSE = 3.161846130 > 0.000500000 [1;31mFAIL[0m
  MUL_MAT_ID(type_a=q4_K,type_b=f32,n_mats=4,n_used=4,b=1,m=512,n=32,k=256): [MUL_MAT_ID] NMSE = 6.461950318 > 0.000500000 [1;31mFAIL[0m
  MUL_MAT_ID(type_a=q4_K,type_b=f32,n_mats=8,n_used=1,b=0,m=512,n=1,k=256): [1;32mOK[0m
  MUL_MAT_ID(type_a=q4_K,type_b=f32,n_mats=8,n_used=1,b=0,m=512,n=32,k=256): [MUL_MAT_ID] NMSE = 6.038314324 > 0.000500000 [1;31mFAIL[0m
  MUL_MAT_ID(type_a=q4_K,type_b=f32,n_mats=8,n_used=1,b=1,m=512,n=1,k=256): [MUL_MAT_ID] NMSE = 2.072248384 > 0.000500000 [1;31mFAIL[0m
  MUL_MAT_ID(type_a=q4_K,type_b=f32,n_mats=8,n_used=1,b=1,m=512,n=32,k=256): [MUL_MAT_ID] NMSE = 7.167990675 > 0.000500000 [1;31mFAIL[0m
  MUL_MAT_ID(type_a=q4_K,type_b=f32,n_mats=8,n_used=2,b=0,m=512,n=1,k=256): [MUL_MAT_ID] NMSE = 2.675675932 > 0.000500000 [1;31mFAIL[0m
  MUL_MAT_ID(type_a=q4_K,type_b=f32,n_mats=8,n_used=2,b=0,m=512,n=32,k=256): [MUL_MAT_ID] NMSE = 1.000000025 > 0.000500000 [1;31mFAIL[0m
  MUL_MAT_ID(type_a=q4_K,type_b=f32,n_mats=8,n_used=2,b=1,m=512,n=1,k=256): [MUL_MAT_ID] NMSE = 2.887064091 > 0.000500000 [1;31mFAIL[0m
  MUL_MAT_ID(type_a=q4_K,type_b=f32,n_mats=8,n_used=2,b=1,m=512,n=32,k=256): [MUL_MAT_ID] NMSE = 0.999999989 > 0.000500000 [1;31mFAIL[0m
  MUL_MAT_ID(type_a=q4_K,type_b=f32,n_mats=8,n_used=4,b=0,m=512,n=1,k=256): [MUL_MAT_ID] NMSE = 4.977753705 > 0.000500000 [1;31mFAIL[0m
  MUL_MAT_ID(type_a=q4_K,type_b=f32,n_mats=8,n_used=4,b=0,m=512,n=32,k=256): [MUL_MAT_ID] NMSE = 8.265396020 > 0.000500000 [1;31mFAIL[0m
  MUL_MAT_ID(type_a=q4_K,type_b=f32,n_mats=8,n_used=4,b=1,m=512,n=1,k=256): [MUL_MAT_ID] NMSE = 4.768092587 > 0.000500000 [1;31mFAIL[0m
  MUL_MAT_ID(type_a=q4_K,type_b=f32,n_mats=8,n_used=4,b=1,m=512,n=32,k=256): [MUL_MAT_ID] NMSE = 8.849923073 > 0.000500000 [1;31mFAIL[0m
  MUL_MAT_ID(type_a=iq2_xxs,type_b=f32,n_mats=4,n_used=1,b=0,m=512,n=1,k=256): [1;32mOK[0m
  MUL_MAT_ID(type_a=iq2_xxs,type_b=f32,n_mats=4,n_used=1,b=0,m=512,n=32,k=256): [MUL_MAT_ID] NMSE = 1.000000002 > 0.000500000 [1;31mFAIL[0m
  MUL_MAT_ID(type_a=iq2_xxs,type_b=f32,n_mats=4,n_used=1,b=1,m=512,n=1,k=256): [MUL_MAT_ID] NMSE = 2.225974633 > 0.000500000 [1;31mFAIL[0m
  MUL_MAT_ID(type_a=iq2_xxs,type_b=f32,n_mats=4,n_used=1,b=1,m=512,n=32,k=256): [MUL_MAT_ID] NMSE = 0.999999995 > 0.000500000 [1;31mFAIL[0m
  MUL_MAT_ID(type_a=iq2_xxs,type_b=f32,n_mats=4,n_used=2,b=0,m=512,n=1,k=256): [MUL_MAT_ID] NMSE = 3.222215371 > 0.000500000 [1;31mFAIL[0m
  MUL_MAT_ID(type_a=iq2_xxs,type_b=f32,n_mats=4,n_used=2,b=0,m=512,n=32,k=256): [MUL_MAT_ID] NMSE = 0.999999999 > 0.000500000 [1;31mFAIL[0m
  MUL_MAT_ID(type_a=iq2_xxs,type_b=f32,n_mats=4,n_used=2,b=1,m=512,n=1,k=256): [MUL_MAT_ID] NMSE = 2.963616471 > 0.000500000 [1;31mFAIL[0m
  MUL_MAT_ID(type_a=iq2_xxs,type_b=f32,n_mats=4,n_used=2,b=1,m=512,n=32,k=256): [MUL_MAT_ID] NMSE = 1.000000010 > 0.000500000 [1;31mFAIL[0m
  MUL_MAT_ID(type_a=iq2_xxs,type_b=f32,n_mats=4,n_used=4,b=0,m=512,n=1,k=256): [MUL_MAT_ID] NMSE = 3.471219633 > 0.000500000 [1;31mFAIL[0m
  MUL_MAT_ID(type_a=iq2_xxs,type_b=f32,n_mats=4,n_used=4,b=0,m=512,n=32,k=256): [MUL_MAT_ID] NMSE = 5.673559834 > 0.000500000 [1;31mFAIL[0m
  MUL_MAT_ID(type_a=iq2_xxs,type_b=f32,n_mats=4,n_used=4,b=1,m=512,n=1,k=256): [MUL_MAT_ID] NMSE = 4.607886543 > 0.000500000 [1;31mFAIL[0m
  MUL_MAT_ID(type_a=iq2_xxs,type_b=f32,n_mats=4,n_used=4,b=1,m=512,n=32,k=256): [MUL_MAT_ID] NMSE = 6.363403615 > 0.000500000 [1;31mFAIL[0m
  MUL_MAT_ID(type_a=iq2_xxs,type_b=f32,n_mats=8,n_used=1,b=0,m=512,n=1,k=256): [MUL_MAT_ID] NMSE = 2.201702265 > 0.000500000 [1;31mFAIL[0m
  MUL_MAT_ID(type_a=iq2_xxs,type_b=f32,n_mats=8,n_used=1,b=0,m=512,n=32,k=256): [MUL_MAT_ID] NMSE = 6.369533785 > 0.000500000 [1;31mFAIL[0m
  MUL_MAT_ID(type_a=iq2_xxs,type_b=f32,n_mats=8,n_used=1,b=1,m=512,n=1,k=256): [MUL_MAT_ID] NMSE = 1.909130048 > 0.000500000 [1;31mFAIL[0m
  MUL_MAT_ID(type_a=iq2_xxs,type_b=f32,n_mats=8,n_used=1,b=1,m=512,n=32,k=256): [MUL_MAT_ID] NMSE = 11.260600477 > 0.000500000 [1;31mFAIL[0m
  MUL_MAT_ID(type_a=iq2_xxs,type_b=f32,n_mats=8,n_used=2,b=0,m=512,n=1,k=256): [MUL_MAT_ID] NMSE = 2.926348506 > 0.000500000 [1;31mFAIL[0m
  MUL_MAT_ID(type_a=iq2_xxs,type_b=f32,n_mats=8,n_used=2,b=0,m=512,n=32,k=256): [MUL_MAT_ID] NMSE = 1.000000003 > 0.000500000 [1;31mFAIL[0m
  MUL_MAT_ID(type_a=iq2_xxs,type_b=f32,n_mats=8,n_used=2,b=1,m=512,n=1,k=256): [MUL_MAT_ID] NMSE = 2.835562122 > 0.000500000 [1;31mFAIL[0m
  MUL_MAT_ID(type_a=iq2_xxs,type_b=f32,n_mats=8,n_used=2,b=1,m=512,n=32,k=256): [MUL_MAT_ID] NMSE = 1.000000008 > 0.000500000 [1;31mFAIL[0m
  MUL_MAT_ID(type_a=iq2_xxs,type_b=f32,n_mats=8,n_used=4,b=0,m=512,n=1,k=256): [MUL_MAT_ID] NMSE = 4.377145372 > 0.000500000 [1;31mFAIL[0m
  MUL_MAT_ID(type_a=iq2_xxs,type_b=f32,n_mats=8,n_used=4,b=0,m=512,n=32,k=256): [MUL_MAT_ID] NMSE = 8.800940246 > 0.000500000 [1;31mFAIL[0m
  MUL_MAT_ID(type_a=iq2_xxs,type_b=f32,n_mats=8,n_used=4,b=1,m=512,n=1,k=256): [MUL_MAT_ID] NMSE = 4.893407693 > 0.000500000 [1;31mFAIL[0m
  MUL_MAT_ID(type_a=iq2_xxs,type_b=f32,n_mats=8,n_used=4,b=1,m=512,n=32,k=256): [MUL_MAT_ID] NMSE = 9.251136839 > 0.000500000 [1;31mFAIL[0m
  MUL_MAT_ID(type_a=q4_1,type_b=f32,n_mats=4,n_used=2,b=0,m=512,n=1,k=256): [MUL_MAT_ID] NMSE = 3.068356509 > 0.000500000 [1;31mFAIL[0m
  MUL_MAT_ID(type_a=q5_0,type_b=f32,n_mats=4,n_used=2,b=0,m=512,n=1,k=256): [MUL_MAT_ID] NMSE = 3.064403401 > 0.000500000 [1;31mFAIL[0m
  MUL_MAT_ID(type_a=q5_1,type_b=f32,n_mats=4,n_used=2,b=0,m=512,n=1,k=256): [MUL_MAT_ID] NMSE = 2.822320248 > 0.000500000 [1;31mFAIL[0m
  MUL_MAT_ID(type_a=q8_0,type_b=f32,n_mats=4,n_used=2,b=0,m=512,n=1,k=256): [MUL_MAT_ID] NMSE = 2.981831292 > 0.000500000 [1;31mFAIL[0m
  MUL_MAT_ID(type_a=q2_K,type_b=f32,n_mats=4,n_used=2,b=0,m=512,n=1,k=256): [MUL_MAT_ID] NMSE = 3.457362389 > 0.000500000 [1;31mFAIL[0m
  MUL_MAT_ID(type_a=q3_K,type_b=f32,n_mats=4,n_used=2,b=0,m=512,n=1,k=256): [MUL_MAT_ID] NMSE = 3.299907247 > 0.000500000 [1;31mFAIL[0m
  MUL_MAT_ID(type_a=q5_K,type_b=f32,n_mats=4,n_used=2,b=0,m=512,n=1,k=256): [MUL_MAT_ID] NMSE = 2.654586276 > 0.000500000 [1;31mFAIL[0m
  MUL_MAT_ID(type_a=q6_K,type_b=f32,n_mats=4,n_used=2,b=0,m=512,n=1,k=256): [MUL_MAT_ID] NMSE = 1.115785415 > 0.000500000 [1;31mFAIL[0m
  MUL_MAT_ID(type_a=iq2_xs,type_b=f32,n_mats=4,n_used=2,b=0,m=512,n=1,k=256): [MUL_MAT_ID] NMSE = 2.845151798 > 0.000500000 [1;31mFAIL[0m
  MUL_MAT_ID(type_a=iq2_s,type_b=f32,n_mats=4,n_used=2,b=0,m=512,n=1,k=256): [MUL_MAT_ID] NMSE = 1.136546661 > 0.000500000 [1;31mFAIL[0m
  MUL_MAT_ID(type_a=iq3_xxs,type_b=f32,n_mats=4,n_used=2,b=0,m=512,n=1,k=256): [MUL_MAT_ID] NMSE = 1.050756177 > 0.000500000 [1;31mFAIL[0m
  MUL_MAT_ID(type_a=iq1_s,type_b=f32,n_mats=4,n_used=2,b=0,m=512,n=1,k=256): [MUL_MAT_ID] NMSE = 2.675466627 > 0.000500000 [1;31mFAIL[0m
  MUL_MAT_ID(type_a=iq1_m,type_b=f32,n_mats=4,n_used=2,b=0,m=512,n=1,k=256): [MUL_MAT_ID] NMSE = 0.999229585 > 0.000500000 [1;31mFAIL[0m
  MUL_MAT_ID(type_a=iq4_nl,type_b=f32,n_mats=4,n_used=2,b=0,m=512,n=1,k=256): [MUL_MAT_ID] NMSE = 0.508996667 > 0.000500000 [1;31mFAIL[0m
  MUL_MAT_ID(type_a=iq3_s,type_b=f32,n_mats=4,n_used=2,b=0,m=512,n=1,k=256): [MUL_MAT_ID] NMSE = 3.417524420 > 0.000500000 [1;31mFAIL[0m
  MUL_MAT_ID(type_a=iq4_xs,type_b=f32,n_mats=4,n_used=2,b=0,m=512,n=1,k=256): [MUL_MAT_ID] NMSE = 0.999323141 > 0.000500000 [1;31mFAIL[0m
  SQR(type=f32,ne=[10,10,10,10]): [1;32mOK[0m
  SQRT(type=f32,ne=[10,10,10,10]): not supported [SYCL0] 
  CLAMP(type=f32,ne=[10,10,10,10],min=-0.500000,max=0.500000): [1;32mOK[0m
  DIAG_MASK_INF(type=f32,ne=[10,10,1,1],n_past=5): [1;32mOK[0m
  DIAG_MASK_INF(type=f32,ne=[10,10,10,1],n_past=5): [1;32mOK[0m
  DIAG_MASK_INF(type=f32,ne=[10,10,10,10],n_past=5): [1;32mOK[0m
  SOFT_MAX(type=f32,ne=[16,16,1,1],mask=0,scale=1.000000,max_bias=0.000000): [1;32mOK[0m
  SOFT_MAX(type=f32,ne=[15,15,1,1],mask=0,scale=1.000000,max_bias=0.000000): [1;32mOK[0m
  SOFT_MAX(type=f32,ne=[16,1024,1,1],mask=0,scale=1.000000,max_bias=0.000000): [1;32mOK[0m
  SOFT_MAX(type=f32,ne=[15,1023,1,1],mask=0,scale=1.000000,max_bias=0.000000): [1;32mOK[0m
  SOFT_MAX(type=f32,ne=[1024,16,1,1],mask=0,scale=1.000000,max_bias=0.000000): [1;32mOK[0m
  SOFT_MAX(type=f32,ne=[1023,15,1,1],mask=0,scale=1.000000,max_bias=0.000000): [1;32mOK[0m
  SOFT_MAX(type=f32,ne=[1024,1024,1,1],mask=0,scale=1.000000,max_bias=0.000000): [1;32mOK[0m
  SOFT_MAX(type=f32,ne=[1023,1023,1,1],mask=0,scale=1.000000,max_bias=0.000000): [1;32mOK[0m
  SOFT_MAX(type=f32,ne=[16,16,1,1],mask=0,scale=0.100000,max_bias=0.000000): [1;32mOK[0m
  SOFT_MAX(type=f32,ne=[15,15,1,1],mask=0,scale=0.100000,max_bias=0.000000): [1;32mOK[0m
  SOFT_MAX(type=f32,ne=[16,1024,1,1],mask=0,scale=0.100000,max_bias=0.000000): [1;32mOK[0m
  SOFT_MAX(type=f32,ne=[15,1023,1,1],mask=0,scale=0.100000,max_bias=0.000000): [1;32mOK[0m
  SOFT_MAX(type=f32,ne=[1024,16,1,1],mask=0,scale=0.100000,max_bias=0.000000): [1;32mOK[0m
  SOFT_MAX(type=f32,ne=[1023,15,1,1],mask=0,scale=0.100000,max_bias=0.000000): [1;32mOK[0m
  SOFT_MAX(type=f32,ne=[1024,1024,1,1],mask=0,scale=0.100000,max_bias=0.000000): [1;32mOK[0m
  SOFT_MAX(type=f32,ne=[1023,1023,1,1],mask=0,scale=0.100000,max_bias=0.000000): [1;32mOK[0m
  SOFT_MAX(type=f32,ne=[16,16,1,1],mask=1,scale=1.000000,max_bias=0.000000): [1;32mOK[0m
  SOFT_MAX(type=f32,ne=[15,15,1,1],mask=1,scale=1.000000,max_bias=0.000000): [1;32mOK[0m
  SOFT_MAX(type=f32,ne=[16,1024,1,1],mask=1,scale=1.000000,max_bias=0.000000): [1;32mOK[0m
  SOFT_MAX(type=f32,ne=[15,1023,1,1],mask=1,scale=1.000000,max_bias=0.000000): [1;32mOK[0m
  SOFT_MAX(type=f32,ne=[1024,16,1,1],mask=1,scale=1.000000,max_bias=0.000000): [1;32mOK[0m
  SOFT_MAX(type=f32,ne=[1023,15,1,1],mask=1,scale=1.000000,max_bias=0.000000): [1;32mOK[0m
  SOFT_MAX(type=f32,ne=[1024,1024,1,1],mask=1,scale=1.000000,max_bias=0.000000): [1;32mOK[0m
  SOFT_MAX(type=f32,ne=[1023,1023,1,1],mask=1,scale=1.000000,max_bias=0.000000): [1;32mOK[0m
  SOFT_MAX(type=f32,ne=[16,16,1,1],mask=1,scale=0.100000,max_bias=0.000000): [1;32mOK[0m
  SOFT_MAX(type=f32,ne=[15,15,1,1],mask=1,scale=0.100000,max_bias=0.000000): [1;32mOK[0m
  SOFT_MAX(type=f32,ne=[16,1024,1,1],mask=1,scale=0.100000,max_bias=0.000000): [1;32mOK[0m
  SOFT_MAX(type=f32,ne=[15,1023,1,1],mask=1,scale=0.100000,max_bias=0.000000): [1;32mOK[0m
  SOFT_MAX(type=f32,ne=[1024,16,1,1],mask=1,scale=0.100000,max_bias=0.000000): [1;32mOK[0m
  SOFT_MAX(type=f32,ne=[1023,15,1,1],mask=1,scale=0.100000,max_bias=0.000000): [1;32mOK[0m
  SOFT_MAX(type=f32,ne=[1024,1024,1,1],mask=1,scale=0.100000,max_bias=0.000000): [1;32mOK[0m
  SOFT_MAX(type=f32,ne=[1023,1023,1,1],mask=1,scale=0.100000,max_bias=0.000000): [1;32mOK[0m
  SOFT_MAX(type=f32,ne=[16,16,1,1],mask=1,scale=1.000000,max_bias=8.000000): [1;32mOK[0m
  SOFT_MAX(type=f32,ne=[15,15,1,1],mask=1,scale=1.000000,max_bias=8.000000): [1;32mOK[0m
  SOFT_MAX(type=f32,ne=[16,1024,1,1],mask=1,scale=1.000000,max_bias=8.000000): [1;32mOK[0m
  SOFT_MAX(type=f32,ne=[15,1023,1,1],mask=1,scale=1.000000,max_bias=8.000000): [1;32mOK[0m
  SOFT_MAX(type=f32,ne=[1024,16,1,1],mask=1,scale=1.000000,max_bias=8.000000): [1;32mOK[0m
  SOFT_MAX(type=f32,ne=[1023,15,1,1],mask=1,scale=1.000000,max_bias=8.000000): [1;32mOK[0m
  SOFT_MAX(type=f32,ne=[1024,1024,1,1],mask=1,scale=1.000000,max_bias=8.000000): [1;32mOK[0m
  SOFT_MAX(type=f32,ne=[1023,1023,1,1],mask=1,scale=1.000000,max_bias=8.000000): [1;32mOK[0m
  SOFT_MAX(type=f32,ne=[16,16,1,1],mask=1,scale=0.100000,max_bias=8.000000): [1;32mOK[0m
  SOFT_MAX(type=f32,ne=[15,15,1,1],mask=1,scale=0.100000,max_bias=8.000000): [1;32mOK[0m
  SOFT_MAX(type=f32,ne=[16,1024,1,1],mask=1,scale=0.100000,max_bias=8.000000): [1;32mOK[0m
  SOFT_MAX(type=f32,ne=[15,1023,1,1],mask=1,scale=0.100000,max_bias=8.000000): [1;32mOK[0m
  SOFT_MAX(type=f32,ne=[1024,16,1,1],mask=1,scale=0.100000,max_bias=8.000000): [1;32mOK[0m
  SOFT_MAX(type=f32,ne=[1023,15,1,1],mask=1,scale=0.100000,max_bias=8.000000): [1;32mOK[0m
  SOFT_MAX(type=f32,ne=[1024,1024,1,1],mask=1,scale=0.100000,max_bias=8.000000): [1;32mOK[0m
  SOFT_MAX(type=f32,ne=[1023,1023,1,1],mask=1,scale=0.100000,max_bias=8.000000): [1;32mOK[0m
  SOFT_MAX(type=f32,ne=[16,2,32,1],mask=0,scale=0.100000,max_bias=0.000000): [1;32mOK[0m
  SOFT_MAX(type=f32,ne=[32,2,32,1],mask=1,scale=0.100000,max_bias=0.000000): [1;32mOK[0m
  SOFT_MAX(type=f32,ne=[32,2,32,1],mask=1,scale=0.100000,max_bias=8.000000): [1;32mOK[0m
  ROPE(type=f32,ne_a=[128,32,10,1],n_dims=128,mode=0,n_ctx=512,fs=1.000000,ef=0.000000,af=1.000000,ff=0,v=0): [1;32mOK[0m
  ROPE(type=f32,ne_a=[128,40,10,1],n_dims=128,mode=0,n_ctx=512,fs=1.000000,ef=0.000000,af=1.000000,ff=0,v=0): [1;32mOK[0m
  ROPE(type=f32,ne_a=[128,52,10,1],n_dims=128,mode=0,n_ctx=512,fs=1.000000,ef=0.000000,af=1.000000,ff=0,v=0): [1;32mOK[0m
  ROPE(type=f32,ne_a=[128,64,10,1],n_dims=128,mode=0,n_ctx=512,fs=1.000000,ef=0.000000,af=1.000000,ff=0,v=0): [1;32mOK[0m
  ROPE(type=f32,ne_a=[64,1,10,1],n_dims=64,mode=2,n_ctx=512,fs=1.000000,ef=0.000000,af=1.000000,ff=0,v=0): [1;32mOK[0m
  ROPE(type=f32,ne_a=[64,71,10,1],n_dims=64,mode=2,n_ctx=512,fs=1.000000,ef=0.000000,af=1.000000,ff=0,v=0): [1;32mOK[0m
  ROPE(type=f32,ne_a=[64,8,10,1],n_dims=64,mode=2,n_ctx=512,fs=1.000000,ef=0.000000,af=1.000000,ff=0,v=0): [1;32mOK[0m
  ROPE(type=f32,ne_a=[80,32,10,1],n_dims=20,mode=2,n_ctx=512,fs=1.000000,ef=0.000000,af=1.000000,ff=0,v=0): [1;32mOK[0m
  ROPE(type=f32,ne_a=[80,32,10,1],n_dims=32,mode=2,n_ctx=512,fs=1.000000,ef=0.000000,af=1.000000,ff=0,v=0): [1;32mOK[0m
  ROPE(type=f32,ne_a=[64,128,10,1],n_dims=64,mode=2,n_ctx=512,fs=1.000000,ef=0.000000,af=1.000000,ff=0,v=0): [1;32mOK[0m
  ROPE(type=f32,ne_a=[128,32,10,1],n_dims=128,mode=0,n_ctx=512,fs=1.000000,ef=0.000000,af=1.000000,ff=1,v=0): [1;32mOK[0m
  ROPE(type=f32,ne_a=[128,40,10,1],n_dims=128,mode=0,n_ctx=512,fs=1.000000,ef=0.000000,af=1.000000,ff=1,v=0): [1;32mOK[0m
  ROPE(type=f32,ne_a=[128,52,10,1],n_dims=128,mode=0,n_ctx=512,fs=1.000000,ef=0.000000,af=1.000000,ff=1,v=0): [1;32mOK[0m
  ROPE(type=f32,ne_a=[128,64,10,1],n_dims=128,mode=0,n_ctx=512,fs=1.000000,ef=0.000000,af=1.000000,ff=1,v=0): [1;32mOK[0m
  ROPE(type=f32,ne_a=[64,1,10,1],n_dims=64,mode=2,n_ctx=512,fs=1.000000,ef=0.000000,af=1.000000,ff=1,v=0): [1;32mOK[0m
  ROPE(type=f32,ne_a=[64,71,10,1],n_dims=64,mode=2,n_ctx=512,fs=1.000000,ef=0.000000,af=1.000000,ff=1,v=0): [1;32mOK[0m
  ROPE(type=f32,ne_a=[64,8,10,1],n_dims=64,mode=2,n_ctx=512,fs=1.000000,ef=0.000000,af=1.000000,ff=1,v=0): [1;32mOK[0m
  ROPE(type=f32,ne_a=[80,32,10,1],n_dims=20,mode=2,n_ctx=512,fs=1.000000,ef=0.000000,af=1.000000,ff=1,v=0): [1;32mOK[0m
  ROPE(type=f32,ne_a=[80,32,10,1],n_dims=32,mode=2,n_ctx=512,fs=1.000000,ef=0.000000,af=1.000000,ff=1,v=0): [1;32mOK[0m
  ROPE(type=f32,ne_a=[64,128,10,1],n_dims=64,mode=2,n_ctx=512,fs=1.000000,ef=0.000000,af=1.000000,ff=1,v=0): [1;32mOK[0m
  ROPE(type=f16,ne_a=[128,32,10,1],n_dims=128,mode=0,n_ctx=512,fs=1.000000,ef=0.000000,af=1.000000,ff=0,v=0): [1;32mOK[0m
  ROPE(type=f16,ne_a=[128,40,10,1],n_dims=128,mode=0,n_ctx=512,fs=1.000000,ef=0.000000,af=1.000000,ff=0,v=0): [1;32mOK[0m
  ROPE(type=f16,ne_a=[128,52,10,1],n_dims=128,mode=0,n_ctx=512,fs=1.000000,ef=0.000000,af=1.000000,ff=0,v=0): [1;32mOK[0m
  ROPE(type=f16,ne_a=[128,64,10,1],n_dims=128,mode=0,n_ctx=512,fs=1.000000,ef=0.000000,af=1.000000,ff=0,v=0): [1;32mOK[0m
  ROPE(type=f16,ne_a=[64,1,10,1],n_dims=64,mode=2,n_ctx=512,fs=1.000000,ef=0.000000,af=1.000000,ff=0,v=0): [1;32mOK[0m
  ROPE(type=f16,ne_a=[64,71,10,1],n_dims=64,mode=2,n_ctx=512,fs=1.000000,ef=0.000000,af=1.000000,ff=0,v=0): [1;32mOK[0m
  ROPE(type=f16,ne_a=[64,8,10,1],n_dims=64,mode=2,n_ctx=512,fs=1.000000,ef=0.000000,af=1.000000,ff=0,v=0): [1;32mOK[0m
  ROPE(type=f16,ne_a=[80,32,10,1],n_dims=20,mode=2,n_ctx=512,fs=1.000000,ef=0.000000,af=1.000000,ff=0,v=0): [1;32mOK[0m
  ROPE(type=f16,ne_a=[80,32,10,1],n_dims=32,mode=2,n_ctx=512,fs=1.000000,ef=0.000000,af=1.000000,ff=0,v=0): [1;32mOK[0m
  ROPE(type=f16,ne_a=[64,128,10,1],n_dims=64,mode=2,n_ctx=512,fs=1.000000,ef=0.000000,af=1.000000,ff=0,v=0): [1;32mOK[0m
  ROPE(type=f16,ne_a=[128,32,10,1],n_dims=128,mode=0,n_ctx=512,fs=1.000000,ef=0.000000,af=1.000000,ff=1,v=0): [1;32mOK[0m
  ROPE(type=f16,ne_a=[128,40,10,1],n_dims=128,mode=0,n_ctx=512,fs=1.000000,ef=0.000000,af=1.000000,ff=1,v=0): [1;32mOK[0m
  ROPE(type=f16,ne_a=[128,52,10,1],n_dims=128,mode=0,n_ctx=512,fs=1.000000,ef=0.000000,af=1.000000,ff=1,v=0): [1;32mOK[0m
  ROPE(type=f16,ne_a=[128,64,10,1],n_dims=128,mode=0,n_ctx=512,fs=1.000000,ef=0.000000,af=1.000000,ff=1,v=0): [1;32mOK[0m
  ROPE(type=f16,ne_a=[64,1,10,1],n_dims=64,mode=2,n_ctx=512,fs=1.000000,ef=0.000000,af=1.000000,ff=1,v=0): [1;32mOK[0m
  ROPE(type=f16,ne_a=[64,71,10,1],n_dims=64,mode=2,n_ctx=512,fs=1.000000,ef=0.000000,af=1.000000,ff=1,v=0): [1;32mOK[0m
  ROPE(type=f16,ne_a=[64,8,10,1],n_dims=64,mode=2,n_ctx=512,fs=1.000000,ef=0.000000,af=1.000000,ff=1,v=0): [1;32mOK[0m
  ROPE(type=f16,ne_a=[80,32,10,1],n_dims=20,mode=2,n_ctx=512,fs=1.000000,ef=0.000000,af=1.000000,ff=1,v=0): [1;32mOK[0m
  ROPE(type=f16,ne_a=[80,32,10,1],n_dims=32,mode=2,n_ctx=512,fs=1.000000,ef=0.000000,af=1.000000,ff=1,v=0): [1;32mOK[0m
  ROPE(type=f16,ne_a=[64,128,10,1],n_dims=64,mode=2,n_ctx=512,fs=1.000000,ef=0.000000,af=1.000000,ff=1,v=0): [1;32mOK[0m
  ROPE(type=f32,ne_a=[128,32,10,1],n_dims=128,mode=0,n_ctx=512,fs=1.000000,ef=0.000000,af=1.424500,ff=0,v=0): [1;32mOK[0m
  ROPE(type=f32,ne_a=[64,128,10,1],n_dims=64,mode=2,n_ctx=512,fs=1.000000,ef=0.000000,af=1.424500,ff=0,v=0): [1;32mOK[0m
  ROPE(type=f32,ne_a=[128,32,10,1],n_dims=128,mode=0,n_ctx=512,fs=1.000000,ef=0.000000,af=1.424500,ff=1,v=0): [1;32mOK[0m
  ROPE(type=f32,ne_a=[64,128,10,1],n_dims=64,mode=2,n_ctx=512,fs=1.000000,ef=0.000000,af=1.424500,ff=1,v=0): [1;32mOK[0m
  ROPE(type=f16,ne_a=[128,32,10,1],n_dims=128,mode=0,n_ctx=512,fs=1.000000,ef=0.000000,af=1.424500,ff=0,v=0): [1;32mOK[0m
  ROPE(type=f16,ne_a=[64,128,10,1],n_dims=64,mode=2,n_ctx=512,fs=1.000000,ef=0.000000,af=1.424500,ff=0,v=0): [1;32mOK[0m
  ROPE(type=f16,ne_a=[128,32,10,1],n_dims=128,mode=0,n_ctx=512,fs=1.000000,ef=0.000000,af=1.424500,ff=1,v=0): [1;32mOK[0m
  ROPE(type=f16,ne_a=[64,128,10,1],n_dims=64,mode=2,n_ctx=512,fs=1.000000,ef=0.000000,af=1.424500,ff=1,v=0): [1;32mOK[0m
  ROPE(type=f32,ne_a=[128,32,10,1],n_dims=128,mode=0,n_ctx=512,fs=1.000000,ef=0.746500,af=1.000000,ff=0,v=0): [1;32mOK[0m
  ROPE(type=f32,ne_a=[64,128,10,1],n_dims=64,mode=2,n_ctx=512,fs=1.000000,ef=0.746500,af=1.000000,ff=0,v=0): [1;32mOK[0m
  ROPE(type=f32,ne_a=[128,32,10,1],n_dims=128,mode=0,n_ctx=512,fs=1.000000,ef=0.746500,af=1.000000,ff=1,v=0): [1;32mOK[0m
  ROPE(type=f32,ne_a=[64,128,10,1],n_dims=64,mode=2,n_ctx=512,fs=1.000000,ef=0.746500,af=1.000000,ff=1,v=0): [1;32mOK[0m
  ROPE(type=f16,ne_a=[128,32,10,1],n_dims=128,mode=0,n_ctx=512,fs=1.000000,ef=0.746500,af=1.000000,ff=0,v=0): [1;32mOK[0m
  ROPE(type=f16,ne_a=[64,128,10,1],n_dims=64,mode=2,n_ctx=512,fs=1.000000,ef=0.746500,af=1.000000,ff=0,v=0): [1;32mOK[0m
  ROPE(type=f16,ne_a=[128,32,10,1],n_dims=128,mode=0,n_ctx=512,fs=1.000000,ef=0.746500,af=1.000000,ff=1,v=0): [1;32mOK[0m
  ROPE(type=f16,ne_a=[64,128,10,1],n_dims=64,mode=2,n_ctx=512,fs=1.000000,ef=0.746500,af=1.000000,ff=1,v=0): [1;32mOK[0m
  ROPE(type=f32,ne_a=[128,32,10,1],n_dims=128,mode=0,n_ctx=512,fs=1.000000,ef=0.746500,af=1.424500,ff=0,v=0): [1;32mOK[0m
  ROPE(type=f32,ne_a=[64,128,10,1],n_dims=64,mode=2,n_ctx=512,fs=1.000000,ef=0.746500,af=1.424500,ff=0,v=0): [1;32mOK[0m
  ROPE(type=f32,ne_a=[128,32,10,1],n_dims=128,mode=0,n_ctx=512,fs=1.000000,ef=0.746500,af=1.424500,ff=1,v=0): [1;32mOK[0m
  ROPE(type=f32,ne_a=[64,128,10,1],n_dims=64,mode=2,n_ctx=512,fs=1.000000,ef=0.746500,af=1.424500,ff=1,v=0): [1;32mOK[0m
  ROPE(type=f16,ne_a=[128,32,10,1],n_dims=128,mode=0,n_ctx=512,fs=1.000000,ef=0.746500,af=1.424500,ff=0,v=0): [1;32mOK[0m
  ROPE(type=f16,ne_a=[64,128,10,1],n_dims=64,mode=2,n_ctx=512,fs=1.000000,ef=0.746500,af=1.424500,ff=0,v=0): [1;32mOK[0m
  ROPE(type=f16,ne_a=[128,32,10,1],n_dims=128,mode=0,n_ctx=512,fs=1.000000,ef=0.746500,af=1.424500,ff=1,v=0): [1;32mOK[0m
  ROPE(type=f16,ne_a=[64,128,10,1],n_dims=64,mode=2,n_ctx=512,fs=1.000000,ef=0.746500,af=1.424500,ff=1,v=0): [1;32mOK[0m
  ROPE(type=f32,ne_a=[128,32,10,1],n_dims=128,mode=0,n_ctx=512,fs=1.424500,ef=0.000000,af=1.000000,ff=0,v=0): [1;32mOK[0m
  ROPE(type=f32,ne_a=[64,128,10,1],n_dims=64,mode=2,n_ctx=512,fs=1.424500,ef=0.000000,af=1.000000,ff=0,v=0): [1;32mOK[0m
  ROPE(type=f32,ne_a=[128,32,10,1],n_dims=128,mode=0,n_ctx=512,fs=1.424500,ef=0.000000,af=1.000000,ff=1,v=0): [1;32mOK[0m
  ROPE(type=f32,ne_a=[64,128,10,1],n_dims=64,mode=2,n_ctx=512,fs=1.424500,ef=0.000000,af=1.000000,ff=1,v=0): [1;32mOK[0m
  ROPE(type=f16,ne_a=[128,32,10,1],n_dims=128,mode=0,n_ctx=512,fs=1.424500,ef=0.000000,af=1.000000,ff=0,v=0): [1;32mOK[0m
  ROPE(type=f16,ne_a=[64,128,10,1],n_dims=64,mode=2,n_ctx=512,fs=1.424500,ef=0.000000,af=1.000000,ff=0,v=0): [1;32mOK[0m
  ROPE(type=f16,ne_a=[128,32,10,1],n_dims=128,mode=0,n_ctx=512,fs=1.424500,ef=0.000000,af=1.000000,ff=1,v=0): [1;32mOK[0m
  ROPE(type=f16,ne_a=[64,128,10,1],n_dims=64,mode=2,n_ctx=512,fs=1.424500,ef=0.000000,af=1.000000,ff=1,v=0): [1;32mOK[0m
  ROPE(type=f32,ne_a=[128,32,10,1],n_dims=128,mode=0,n_ctx=512,fs=1.424500,ef=0.000000,af=1.424500,ff=0,v=0): [1;32mOK[0m
  ROPE(type=f32,ne_a=[64,128,10,1],n_dims=64,mode=2,n_ctx=512,fs=1.424500,ef=0.000000,af=1.424500,ff=0,v=0): [1;32mOK[0m
  ROPE(type=f32,ne_a=[128,32,10,1],n_dims=128,mode=0,n_ctx=512,fs=1.424500,ef=0.000000,af=1.424500,ff=1,v=0): [1;32mOK[0m
  ROPE(type=f32,ne_a=[64,128,10,1],n_dims=64,mode=2,n_ctx=512,fs=1.424500,ef=0.000000,af=1.424500,ff=1,v=0): [1;32mOK[0m
  ROPE(type=f16,ne_a=[128,32,10,1],n_dims=128,mode=0,n_ctx=512,fs=1.424500,ef=0.000000,af=1.424500,ff=0,v=0): [1;32mOK[0m
  ROPE(type=f16,ne_a=[64,128,10,1],n_dims=64,mode=2,n_ctx=512,fs=1.424500,ef=0.000000,af=1.424500,ff=0,v=0): [1;32mOK[0m
  ROPE(type=f16,ne_a=[128,32,10,1],n_dims=128,mode=0,n_ctx=512,fs=1.424500,ef=0.000000,af=1.424500,ff=1,v=0): [1;32mOK[0m
  ROPE(type=f16,ne_a=[64,128,10,1],n_dims=64,mode=2,n_ctx=512,fs=1.424500,ef=0.000000,af=1.424500,ff=1,v=0): [1;32mOK[0m
  ROPE(type=f32,ne_a=[128,32,10,1],n_dims=128,mode=0,n_ctx=512,fs=1.424500,ef=0.746500,af=1.000000,ff=0,v=0): [1;32mOK[0m
  ROPE(type=f32,ne_a=[64,128,10,1],n_dims=64,mode=2,n_ctx=512,fs=1.424500,ef=0.746500,af=1.000000,ff=0,v=0): [1;32mOK[0m
  ROPE(type=f32,ne_a=[128,32,10,1],n_dims=128,mode=0,n_ctx=512,fs=1.424500,ef=0.746500,af=1.000000,ff=1,v=0): [1;32mOK[0m
  ROPE(type=f32,ne_a=[64,128,10,1],n_dims=64,mode=2,n_ctx=512,fs=1.424500,ef=0.746500,af=1.000000,ff=1,v=0): [1;32mOK[0m
  ROPE(type=f16,ne_a=[128,32,10,1],n_dims=128,mode=0,n_ctx=512,fs=1.424500,ef=0.746500,af=1.000000,ff=0,v=0): [1;32mOK[0m
  ROPE(type=f16,ne_a=[64,128,10,1],n_dims=64,mode=2,n_ctx=512,fs=1.424500,ef=0.746500,af=1.000000,ff=0,v=0): [1;32mOK[0m
  ROPE(type=f16,ne_a=[128,32,10,1],n_dims=128,mode=0,n_ctx=512,fs=1.424500,ef=0.746500,af=1.000000,ff=1,v=0): [1;32mOK[0m
  ROPE(type=f16,ne_a=[64,128,10,1],n_dims=64,mode=2,n_ctx=512,fs=1.424500,ef=0.746500,af=1.000000,ff=1,v=0): [1;32mOK[0m
  ROPE(type=f32,ne_a=[128,32,10,1],n_dims=128,mode=0,n_ctx=512,fs=1.424500,ef=0.746500,af=1.424500,ff=0,v=0): [1;32mOK[0m
  ROPE(type=f32,ne_a=[64,128,10,1],n_dims=64,mode=2,n_ctx=512,fs=1.424500,ef=0.746500,af=1.424500,ff=0,v=0): [1;32mOK[0m
  ROPE(type=f32,ne_a=[128,32,10,1],n_dims=128,mode=0,n_ctx=512,fs=1.424500,ef=0.746500,af=1.424500,ff=1,v=0): [1;32mOK[0m
  ROPE(type=f32,ne_a=[64,128,10,1],n_dims=64,mode=2,n_ctx=512,fs=1.424500,ef=0.746500,af=1.424500,ff=1,v=0): [1;32mOK[0m
  ROPE(type=f16,ne_a=[128,32,10,1],n_dims=128,mode=0,n_ctx=512,fs=1.424500,ef=0.746500,af=1.424500,ff=0,v=0): [1;32mOK[0m
  ROPE(type=f16,ne_a=[64,128,10,1],n_dims=64,mode=2,n_ctx=512,fs=1.424500,ef=0.746500,af=1.424500,ff=0,v=0): [1;32mOK[0m
  ROPE(type=f16,ne_a=[128,32,10,1],n_dims=128,mode=0,n_ctx=512,fs=1.424500,ef=0.746500,af=1.424500,ff=1,v=0): [1;32mOK[0m
  ROPE(type=f16,ne_a=[64,128,10,1],n_dims=64,mode=2,n_ctx=512,fs=1.424500,ef=0.746500,af=1.424500,ff=1,v=0): [1;32mOK[0m
  ROPE(type=f32,ne_a=[128,32,10,1],n_dims=128,mode=0,n_ctx=512,fs=1.000000,ef=0.000000,af=1.000000,ff=0,v=1): not supported [SYCL0] 
  ROPE(type=f32,ne_a=[64,128,10,1],n_dims=64,mode=2,n_ctx=512,fs=1.000000,ef=0.000000,af=1.000000,ff=0,v=1): not supported [SYCL0] 
  ROPE(type=f32,ne_a=[128,32,10,1],n_dims=128,mode=0,n_ctx=512,fs=1.000000,ef=0.000000,af=1.000000,ff=1,v=1): not supported [SYCL0] 
  ROPE(type=f32,ne_a=[64,128,10,1],n_dims=64,mode=2,n_ctx=512,fs=1.000000,ef=0.000000,af=1.000000,ff=1,v=1): not supported [SYCL0] 
  ROPE(type=f16,ne_a=[128,32,10,1],n_dims=128,mode=0,n_ctx=512,fs=1.000000,ef=0.000000,af=1.000000,ff=0,v=1): not supported [SYCL0] 
  ROPE(type=f16,ne_a=[64,128,10,1],n_dims=64,mode=2,n_ctx=512,fs=1.000000,ef=0.000000,af=1.000000,ff=0,v=1): not supported [SYCL0] 
  ROPE(type=f16,ne_a=[128,32,10,1],n_dims=128,mode=0,n_ctx=512,fs=1.000000,ef=0.000000,af=1.000000,ff=1,v=1): not supported [SYCL0] 
  ROPE(type=f16,ne_a=[64,128,10,1],n_dims=64,mode=2,n_ctx=512,fs=1.000000,ef=0.000000,af=1.000000,ff=1,v=1): not supported [SYCL0] 
  ROPE(type=f32,ne_a=[128,32,10,1],n_dims=128,mode=0,n_ctx=512,fs=1.000000,ef=0.000000,af=1.424500,ff=0,v=1): not supported [SYCL0] 
  ROPE(type=f32,ne_a=[64,128,10,1],n_dims=64,mode=2,n_ctx=512,fs=1.000000,ef=0.000000,af=1.424500,ff=0,v=1): not supported [SYCL0] 
  ROPE(type=f32,ne_a=[128,32,10,1],n_dims=128,mode=0,n_ctx=512,fs=1.000000,ef=0.000000,af=1.424500,ff=1,v=1): not supported [SYCL0] 
  ROPE(type=f32,ne_a=[64,128,10,1],n_dims=64,mode=2,n_ctx=512,fs=1.000000,ef=0.000000,af=1.424500,ff=1,v=1): not supported [SYCL0] 
  ROPE(type=f16,ne_a=[128,32,10,1],n_dims=128,mode=0,n_ctx=512,fs=1.000000,ef=0.000000,af=1.424500,ff=0,v=1): not supported [SYCL0] 
  ROPE(type=f16,ne_a=[64,128,10,1],n_dims=64,mode=2,n_ctx=512,fs=1.000000,ef=0.000000,af=1.424500,ff=0,v=1): not supported [SYCL0] 
  ROPE(type=f16,ne_a=[128,32,10,1],n_dims=128,mode=0,n_ctx=512,fs=1.000000,ef=0.000000,af=1.424500,ff=1,v=1): not supported [SYCL0] 
  ROPE(type=f16,ne_a=[64,128,10,1],n_dims=64,mode=2,n_ctx=512,fs=1.000000,ef=0.000000,af=1.424500,ff=1,v=1): not supported [SYCL0] 
  ROPE(type=f32,ne_a=[128,32,10,1],n_dims=128,mode=0,n_ctx=512,fs=1.000000,ef=0.746500,af=1.000000,ff=0,v=1): not supported [SYCL0] 
  ROPE(type=f32,ne_a=[64,128,10,1],n_dims=64,mode=2,n_ctx=512,fs=1.000000,ef=0.746500,af=1.000000,ff=0,v=1): not supported [SYCL0] 
  ROPE(type=f32,ne_a=[128,32,10,1],n_dims=128,mode=0,n_ctx=512,fs=1.000000,ef=0.746500,af=1.000000,ff=1,v=1): not supported [SYCL0] 
  ROPE(type=f32,ne_a=[64,128,10,1],n_dims=64,mode=2,n_ctx=512,fs=1.000000,ef=0.746500,af=1.000000,ff=1,v=1): not supported [SYCL0] 
  ROPE(type=f16,ne_a=[128,32,10,1],n_dims=128,mode=0,n_ctx=512,fs=1.000000,ef=0.746500,af=1.000000,ff=0,v=1): not supported [SYCL0] 
  ROPE(type=f16,ne_a=[64,128,10,1],n_dims=64,mode=2,n_ctx=512,fs=1.000000,ef=0.746500,af=1.000000,ff=0,v=1): not supported [SYCL0] 
  ROPE(type=f16,ne_a=[128,32,10,1],n_dims=128,mode=0,n_ctx=512,fs=1.000000,ef=0.746500,af=1.000000,ff=1,v=1): not supported [SYCL0] 
  ROPE(type=f16,ne_a=[64,128,10,1],n_dims=64,mode=2,n_ctx=512,fs=1.000000,ef=0.746500,af=1.000000,ff=1,v=1): not supported [SYCL0] 
  ROPE(type=f32,ne_a=[128,32,10,1],n_dims=128,mode=0,n_ctx=512,fs=1.000000,ef=0.746500,af=1.424500,ff=0,v=1): not supported [SYCL0] 
  ROPE(type=f32,ne_a=[64,128,10,1],n_dims=64,mode=2,n_ctx=512,fs=1.000000,ef=0.746500,af=1.424500,ff=0,v=1): not supported [SYCL0] 
  ROPE(type=f32,ne_a=[128,32,10,1],n_dims=128,mode=0,n_ctx=512,fs=1.000000,ef=0.746500,af=1.424500,ff=1,v=1): not supported [SYCL0] 
  ROPE(type=f32,ne_a=[64,128,10,1],n_dims=64,mode=2,n_ctx=512,fs=1.000000,ef=0.746500,af=1.424500,ff=1,v=1): not supported [SYCL0] 
  ROPE(type=f16,ne_a=[128,32,10,1],n_dims=128,mode=0,n_ctx=512,fs=1.000000,ef=0.746500,af=1.424500,ff=0,v=1): not supported [SYCL0] 
  ROPE(type=f16,ne_a=[64,128,10,1],n_dims=64,mode=2,n_ctx=512,fs=1.000000,ef=0.746500,af=1.424500,ff=0,v=1): not supported [SYCL0] 
  ROPE(type=f16,ne_a=[128,32,10,1],n_dims=128,mode=0,n_ctx=512,fs=1.000000,ef=0.746500,af=1.424500,ff=1,v=1): not supported [SYCL0] 
  ROPE(type=f16,ne_a=[64,128,10,1],n_dims=64,mode=2,n_ctx=512,fs=1.000000,ef=0.746500,af=1.424500,ff=1,v=1): not supported [SYCL0] 
  ROPE(type=f32,ne_a=[128,32,10,1],n_dims=128,mode=0,n_ctx=512,fs=1.424500,ef=0.000000,af=1.000000,ff=0,v=1): not supported [SYCL0] 
  ROPE(type=f32,ne_a=[64,128,10,1],n_dims=64,mode=2,n_ctx=512,fs=1.424500,ef=0.000000,af=1.000000,ff=0,v=1): not supported [SYCL0] 
  ROPE(type=f32,ne_a=[128,32,10,1],n_dims=128,mode=0,n_ctx=512,fs=1.424500,ef=0.000000,af=1.000000,ff=1,v=1): not supported [SYCL0] 
  ROPE(type=f32,ne_a=[64,128,10,1],n_dims=64,mode=2,n_ctx=512,fs=1.424500,ef=0.000000,af=1.000000,ff=1,v=1): not supported [SYCL0] 
  ROPE(type=f16,ne_a=[128,32,10,1],n_dims=128,mode=0,n_ctx=512,fs=1.424500,ef=0.000000,af=1.000000,ff=0,v=1): not supported [SYCL0] 
  ROPE(type=f16,ne_a=[64,128,10,1],n_dims=64,mode=2,n_ctx=512,fs=1.424500,ef=0.000000,af=1.000000,ff=0,v=1): not supported [SYCL0] 
  ROPE(type=f16,ne_a=[128,32,10,1],n_dims=128,mode=0,n_ctx=512,fs=1.424500,ef=0.000000,af=1.000000,ff=1,v=1): not supported [SYCL0] 
  ROPE(type=f16,ne_a=[64,128,10,1],n_dims=64,mode=2,n_ctx=512,fs=1.424500,ef=0.000000,af=1.000000,ff=1,v=1): not supported [SYCL0] 
  ROPE(type=f32,ne_a=[128,32,10,1],n_dims=128,mode=0,n_ctx=512,fs=1.424500,ef=0.000000,af=1.424500,ff=0,v=1): not supported [SYCL0] 
  ROPE(type=f32,ne_a=[64,128,10,1],n_dims=64,mode=2,n_ctx=512,fs=1.424500,ef=0.000000,af=1.424500,ff=0,v=1): not supported [SYCL0] 
  ROPE(type=f32,ne_a=[128,32,10,1],n_dims=128,mode=0,n_ctx=512,fs=1.424500,ef=0.000000,af=1.424500,ff=1,v=1): not supported [SYCL0] 
  ROPE(type=f32,ne_a=[64,128,10,1],n_dims=64,mode=2,n_ctx=512,fs=1.424500,ef=0.000000,af=1.424500,ff=1,v=1): not supported [SYCL0] 
  ROPE(type=f16,ne_a=[128,32,10,1],n_dims=128,mode=0,n_ctx=512,fs=1.424500,ef=0.000000,af=1.424500,ff=0,v=1): not supported [SYCL0] 
  ROPE(type=f16,ne_a=[64,128,10,1],n_dims=64,mode=2,n_ctx=512,fs=1.424500,ef=0.000000,af=1.424500,ff=0,v=1): not supported [SYCL0] 
  ROPE(type=f16,ne_a=[128,32,10,1],n_dims=128,mode=0,n_ctx=512,fs=1.424500,ef=0.000000,af=1.424500,ff=1,v=1): not supported [SYCL0] 
  ROPE(type=f16,ne_a=[64,128,10,1],n_dims=64,mode=2,n_ctx=512,fs=1.424500,ef=0.000000,af=1.424500,ff=1,v=1): not supported [SYCL0] 
  ROPE(type=f32,ne_a=[128,32,10,1],n_dims=128,mode=0,n_ctx=512,fs=1.424500,ef=0.746500,af=1.000000,ff=0,v=1): not supported [SYCL0] 
  ROPE(type=f32,ne_a=[64,128,10,1],n_dims=64,mode=2,n_ctx=512,fs=1.424500,ef=0.746500,af=1.000000,ff=0,v=1): not supported [SYCL0] 
  ROPE(type=f32,ne_a=[128,32,10,1],n_dims=128,mode=0,n_ctx=512,fs=1.424500,ef=0.746500,af=1.000000,ff=1,v=1): not supported [SYCL0] 
  ROPE(type=f32,ne_a=[64,128,10,1],n_dims=64,mode=2,n_ctx=512,fs=1.424500,ef=0.746500,af=1.000000,ff=1,v=1): not supported [SYCL0] 
  ROPE(type=f16,ne_a=[128,32,10,1],n_dims=128,mode=0,n_ctx=512,fs=1.424500,ef=0.746500,af=1.000000,ff=0,v=1): not supported [SYCL0] 
  ROPE(type=f16,ne_a=[64,128,10,1],n_dims=64,mode=2,n_ctx=512,fs=1.424500,ef=0.746500,af=1.000000,ff=0,v=1): not supported [SYCL0] 
  ROPE(type=f16,ne_a=[128,32,10,1],n_dims=128,mode=0,n_ctx=512,fs=1.424500,ef=0.746500,af=1.000000,ff=1,v=1): not supported [SYCL0] 
  ROPE(type=f16,ne_a=[64,128,10,1],n_dims=64,mode=2,n_ctx=512,fs=1.424500,ef=0.746500,af=1.000000,ff=1,v=1): not supported [SYCL0] 
  ROPE(type=f32,ne_a=[128,32,10,1],n_dims=128,mode=0,n_ctx=512,fs=1.424500,ef=0.746500,af=1.424500,ff=0,v=1): not supported [SYCL0] 
  ROPE(type=f32,ne_a=[64,128,10,1],n_dims=64,mode=2,n_ctx=512,fs=1.424500,ef=0.746500,af=1.424500,ff=0,v=1): not supported [SYCL0] 
  ROPE(type=f32,ne_a=[128,32,10,1],n_dims=128,mode=0,n_ctx=512,fs=1.424500,ef=0.746500,af=1.424500,ff=1,v=1): not supported [SYCL0] 
  ROPE(type=f32,ne_a=[64,128,10,1],n_dims=64,mode=2,n_ctx=512,fs=1.424500,ef=0.746500,af=1.424500,ff=1,v=1): not supported [SYCL0] 
  ROPE(type=f16,ne_a=[128,32,10,1],n_dims=128,mode=0,n_ctx=512,fs=1.424500,ef=0.746500,af=1.424500,ff=0,v=1): not supported [SYCL0] 
  ROPE(type=f16,ne_a=[64,128,10,1],n_dims=64,mode=2,n_ctx=512,fs=1.424500,ef=0.746500,af=1.424500,ff=0,v=1): not supported [SYCL0] 
  ROPE(type=f16,ne_a=[128,32,10,1],n_dims=128,mode=0,n_ctx=512,fs=1.424500,ef=0.746500,af=1.424500,ff=1,v=1): not supported [SYCL0] 
  ROPE(type=f16,ne_a=[64,128,10,1],n_dims=64,mode=2,n_ctx=512,fs=1.424500,ef=0.746500,af=1.424500,ff=1,v=1): not supported [SYCL0] 
  CONCAT(type=f32,ne_a=[11,12,13,14],ne_b_d=7,dim=0,v=0): GGML_ASSERT: /home/zjy/ws/llama.cpp/llama.cpp_ci/arthw-llama.cpp/ggml/src/ggml-sycl.cpp:2649: dim == 2
Could not attach to process.  If your uid matches the uid of the target
process, check the setting of /proc/sys/kernel/yama/ptrace_scope, or try
again as the root user.  For more details, see /etc/sysctl.d/10-ptrace.conf
ptrace: Inappropriate ioctl for device.
No stack.
The program is not being run.

      Start 21: test-rope
21/22 Test #21: test-rope ........................   Passed    0.06 sec
      Start 24: test-json-schema-to-grammar
22/22 Test #24: test-json-schema-to-grammar ......   Passed    1.79 sec

95% tests passed, 1 tests failed out of 22

Label Time Summary:
main    =  42.69 sec*proc (22 tests)

Total Test time (real) =  42.70 sec

The following tests FAILED:
	 20 - test-backend-ops (Subprocess aborted)
Errors while running CTest

real	0m42.706s
user	0m41.313s
sys	0m3.897s
