+ gg_run_ctest_release
+ tee /home/zjy/ws/jenkins/workspace/ci-arc770@2/ggerganov-llama.cpp/tmp/ci_log/6f180b915c9ed9ec0c240b5dcd64644988fb5e82/tmp/results/ctest_release.log
+ cd /home/zjy/ws/jenkins/workspace/ci-arc770@2/ggerganov-llama.cpp
+ rm -rf build-ci-release
+ mkdir build-ci-release
+ cd build-ci-release
+ set -e
+ tee -a /home/zjy/ws/jenkins/workspace/ci-arc770@2/ggerganov-llama.cpp/tmp/ci_log/6f180b915c9ed9ec0c240b5dcd64644988fb5e82/tmp/results/ctest_release-cmake.log
+ cmake -DCMAKE_BUILD_TYPE=Release -DLLAMA_FATAL_WARNINGS=ON -DLLAMA_SYCL=1 DCMAKE_C_COMPILER=icx -DCMAKE_CXX_COMPILER=icpx -DLLAMA_SYCL_F16=ON -DLLAMA_CURL=OFF ..
CMake Warning:
  Ignoring extra path from command line:

   "/home/zjy/ws/jenkins/workspace/ci-arc770@2/ggerganov-llama.cpp/build-ci-release/DCMAKE_C_COMPILER=icx"


-- The C compiler identification is GNU 13.3.0
-- The CXX compiler identification is IntelLLVM 2025.0.4
-- Detecting C compiler ABI info
-- Detecting C compiler ABI info - done
-- Check for working C compiler: /usr/bin/cc - skipped
-- Detecting C compile features
-- Detecting C compile features - done
-- Detecting CXX compiler ABI info
-- Detecting CXX compiler ABI info - done
-- Check for working CXX compiler: /opt/intel/oneapi/compiler/2025.0/bin/icpx - skipped
-- Detecting CXX compile features
-- Detecting CXX compile features - done
-- Found Git: /usr/bin/git (found version "2.43.0") 
CMake Warning at CMakeLists.txt:108 (message):
  LLAMA_SYCL is deprecated and will be removed in the future.

  Use GGML_SYCL instead

Call Stack (most recent call first):
  CMakeLists.txt:120 (llama_option_depr)


CMake Warning at CMakeLists.txt:108 (message):
  LLAMA_SYCL_F16 is deprecated and will be removed in the future.

  Use GGML_SYCL_F16 instead

Call Stack (most recent call first):
  CMakeLists.txt:121 (llama_option_depr)


-- Performing Test CMAKE_HAVE_LIBC_PTHREAD
-- Performing Test CMAKE_HAVE_LIBC_PTHREAD - Success
-- Found Threads: TRUE  
-- Warning: ccache not found - consider installing it for faster compilation or disable this warning with GGML_CCACHE=OFF
-- CMAKE_SYSTEM_PROCESSOR: x86_64
-- Including CPU backend
-- Found OpenMP_C: -fopenmp (found version "4.5") 
-- Found OpenMP_CXX: -fiopenmp (found version "5.1") 
-- Found OpenMP: TRUE (found version "4.5")  
-- x86 detected
-- Adding CPU backend variant ggml-cpu: -march=native 
-- GGML_SYCL_TARGET=INTEL
-- Performing Test SUPPORTS_SYCL
-- Performing Test SUPPORTS_SYCL - Success
-- Using oneAPI Release SYCL compiler (icpx).
-- SYCL found
-- Found IntelSYCL: /opt/intel/oneapi/compiler/2025.0/include (found version "202001") 
-- Found oneDNN: /opt/intel/oneapi/dnnl/2025.0/lib/libdnnl.so.3.6
-- MKL_VERSION: 2025.0.1
-- MKL_ROOT: /opt/intel/oneapi/mkl/2025.0
-- MKL_ARCH: intel64
-- MKL_SYCL_LINK: None, set to ` dynamic` by default
-- MKL_LINK: None, set to ` dynamic` by default
-- MKL_SYCL_INTERFACE_FULL: None, set to ` intel_ilp64` by default
-- MKL_INTERFACE_FULL: None, set to ` intel_ilp64` by default
-- MKL_SYCL_THREADING: None, set to ` tbb_thread` by default
-- MKL_THREADING: None, set to ` intel_thread` by default
-- MKL_MPI: None, set to ` intelmpi` by default
-- Found /opt/intel/oneapi/mkl/2025.0/lib/libmkl_scalapack_ilp64.so
-- Found /opt/intel/oneapi/mkl/2025.0/lib/libmkl_cdft_core.so
-- Found /opt/intel/oneapi/mkl/2025.0/lib/libmkl_intel_ilp64.so
-- Found /opt/intel/oneapi/mkl/2025.0/lib/libmkl_intel_thread.so
-- Found /opt/intel/oneapi/mkl/2025.0/lib/libmkl_core.so
-- Found /opt/intel/oneapi/mkl/2025.0/lib/libmkl_blacs_intelmpi_ilp64.so
-- Found /opt/intel/oneapi/mkl/2025.0/lib/libmkl_sycl_blas.so
-- Found /opt/intel/oneapi/mkl/2025.0/lib/libmkl_sycl_lapack.so
-- Found /opt/intel/oneapi/mkl/2025.0/lib/libmkl_sycl_dft.so
-- Found /opt/intel/oneapi/mkl/2025.0/lib/libmkl_sycl_sparse.so
-- Found /opt/intel/oneapi/mkl/2025.0/lib/libmkl_sycl_data_fitting.so
-- Found /opt/intel/oneapi/mkl/2025.0/lib/libmkl_sycl_rng.so
-- Found /opt/intel/oneapi/mkl/2025.0/lib/libmkl_sycl_stats.so
-- Found /opt/intel/oneapi/mkl/2025.0/lib/libmkl_sycl_vm.so
-- Found /opt/intel/oneapi/mkl/2025.0/lib/libmkl_tbb_thread.so
-- Found /opt/intel/oneapi/compiler/2025.0/lib/libiomp5.so
-- Including SYCL backend
-- Configuring done (1.4s)
-- Generating done (0.1s)
-- Build files have been written to: /home/zjy/ws/jenkins/workspace/ci-arc770@2/ggerganov-llama.cpp/build-ci-release

real	0m1.586s
user	0m1.039s
sys	0m0.545s
+ tee -a /home/zjy/ws/jenkins/workspace/ci-arc770@2/ggerganov-llama.cpp/tmp/ci_log/6f180b915c9ed9ec0c240b5dcd64644988fb5e82/tmp/results/ctest_release-make.log
+ make -j
[  0%] Generating build details from Git
[  2%] Building C object ggml/src/CMakeFiles/ggml-base.dir/ggml-alloc.c.o
[  2%] Building C object examples/gguf-hash/CMakeFiles/sha1.dir/deps/sha1/sha1.c.o
[  2%] Building CXX object ggml/src/CMakeFiles/ggml-base.dir/ggml-opt.cpp.o
[  2%] Building CXX object ggml/src/CMakeFiles/ggml-base.dir/ggml-backend.cpp.o
[  2%] Building CXX object ggml/src/CMakeFiles/ggml-base.dir/ggml-threading.cpp.o
[  4%] Building CXX object tools/mtmd/CMakeFiles/llama-llava-cli.dir/deprecation-warning.cpp.o
[  5%] Building C object examples/gguf-hash/CMakeFiles/xxhash.dir/deps/xxhash/xxhash.c.o
[  5%] Building CXX object ggml/src/CMakeFiles/ggml-base.dir/gguf.cpp.o
[  5%] Building C object ggml/src/CMakeFiles/ggml-base.dir/ggml.c.o
[  6%] Building C object ggml/src/CMakeFiles/ggml-base.dir/ggml-quants.c.o
[  6%] Building CXX object tools/mtmd/CMakeFiles/llama-gemma3-cli.dir/deprecation-warning.cpp.o
[  6%] Building C object examples/gguf-hash/CMakeFiles/sha256.dir/deps/sha256/sha256.c.o
[  6%] Building CXX object tools/mtmd/CMakeFiles/llama-minicpmv-cli.dir/deprecation-warning.cpp.o
-- Found Git: /usr/bin/git (found version "2.43.0") 
[  7%] Building CXX object tools/mtmd/CMakeFiles/llama-qwen2vl-cli.dir/deprecation-warning.cpp.o
[  7%] Building CXX object common/CMakeFiles/build_info.dir/build-info.cpp.o
[  7%] Built target build_info
[  7%] Linking CXX executable ../../bin/llama-llava-cli
[  7%] Linking CXX executable ../../bin/llama-qwen2vl-cli
[  8%] Linking CXX executable ../../bin/llama-gemma3-cli
[  8%] Built target sha1
[  8%] Built target sha256
[  9%] Linking CXX executable ../../bin/llama-minicpmv-cli
[  9%] Built target llama-llava-cli
[  9%] Built target llama-gemma3-cli
[  9%] Built target llama-qwen2vl-cli
[  9%] Built target llama-minicpmv-cli
[  9%] Built target xxhash
[ 10%] Linking CXX shared library ../../bin/libggml-base.so
[ 10%] Built target ggml-base
[ 11%] Building CXX object ggml/src/CMakeFiles/ggml-cpu.dir/ggml-cpu/ggml-cpu-aarch64.cpp.o
[ 11%] Building CXX object ggml/src/CMakeFiles/ggml-cpu.dir/ggml-cpu/ggml-cpu.cpp.o
[ 11%] Building C object ggml/src/CMakeFiles/ggml-cpu.dir/ggml-cpu/ggml-cpu-quants.c.o
[ 12%] Building CXX object ggml/src/CMakeFiles/ggml-cpu.dir/ggml-cpu/ggml-cpu-traits.cpp.o
[ 12%] Building C object ggml/src/CMakeFiles/ggml-cpu.dir/ggml-cpu/ggml-cpu.c.o
[ 12%] Building CXX object ggml/src/CMakeFiles/ggml-cpu.dir/ggml-cpu/binary-ops.cpp.o
[ 12%] Building CXX object ggml/src/ggml-sycl/CMakeFiles/ggml-sycl.dir/ggml-sycl.cpp.o
[ 12%] Building CXX object ggml/src/CMakeFiles/ggml-cpu.dir/ggml-cpu/unary-ops.cpp.o
[ 13%] Building CXX object ggml/src/ggml-sycl/CMakeFiles/ggml-sycl.dir/binbcast.cpp.o
[ 13%] Building CXX object ggml/src/CMakeFiles/ggml-cpu.dir/ggml-cpu/ggml-cpu-hbm.cpp.o
[ 13%] Building CXX object ggml/src/CMakeFiles/ggml-cpu.dir/ggml-cpu/amx/amx.cpp.o
[ 14%] Building CXX object ggml/src/CMakeFiles/ggml-cpu.dir/ggml-cpu/amx/mmq.cpp.o
[ 14%] Building CXX object ggml/src/ggml-sycl/CMakeFiles/ggml-sycl.dir/common.cpp.o
[ 15%] Building CXX object ggml/src/CMakeFiles/ggml-cpu.dir/ggml-cpu/vec.cpp.o
[ 15%] Building CXX object ggml/src/ggml-sycl/CMakeFiles/ggml-sycl.dir/concat.cpp.o
[ 16%] Building CXX object ggml/src/ggml-sycl/CMakeFiles/ggml-sycl.dir/conv.cpp.o
[ 16%] Building CXX object ggml/src/CMakeFiles/ggml-cpu.dir/ggml-cpu/ops.cpp.o
[ 16%] Building CXX object ggml/src/ggml-sycl/CMakeFiles/ggml-sycl.dir/convert.cpp.o
[ 17%] Building CXX object ggml/src/ggml-sycl/CMakeFiles/ggml-sycl.dir/element_wise.cpp.o
[ 17%] Building CXX object ggml/src/CMakeFiles/ggml-cpu.dir/ggml-cpu/llamafile/sgemm.cpp.o
[ 17%] Building CXX object ggml/src/ggml-sycl/CMakeFiles/ggml-sycl.dir/dmmv.cpp.o
[ 18%] Building CXX object ggml/src/ggml-sycl/CMakeFiles/ggml-sycl.dir/cpy.cpp.o
[ 19%] Building CXX object ggml/src/ggml-sycl/CMakeFiles/ggml-sycl.dir/getrows.cpp.o
[ 19%] Building CXX object ggml/src/ggml-sycl/CMakeFiles/ggml-sycl.dir/gla.cpp.o
[ 20%] Building CXX object ggml/src/ggml-sycl/CMakeFiles/ggml-sycl.dir/im2col.cpp.o
[ 20%] Building CXX object ggml/src/ggml-sycl/CMakeFiles/ggml-sycl.dir/mmq.cpp.o
[ 20%] Building CXX object ggml/src/ggml-sycl/CMakeFiles/ggml-sycl.dir/mmvq.cpp.o
[ 21%] Building CXX object ggml/src/ggml-sycl/CMakeFiles/ggml-sycl.dir/norm.cpp.o
[ 22%] Building CXX object ggml/src/ggml-sycl/CMakeFiles/ggml-sycl.dir/rope.cpp.o
[ 22%] Building CXX object ggml/src/ggml-sycl/CMakeFiles/ggml-sycl.dir/outprod.cpp.o
[ 22%] Building CXX object ggml/src/ggml-sycl/CMakeFiles/ggml-sycl.dir/softmax.cpp.o
[ 23%] Building CXX object ggml/src/ggml-sycl/CMakeFiles/ggml-sycl.dir/sycl_hw.cpp.o
[ 23%] Building CXX object ggml/src/ggml-sycl/CMakeFiles/ggml-sycl.dir/tsembd.cpp.o
[ 23%] Building CXX object ggml/src/ggml-sycl/CMakeFiles/ggml-sycl.dir/wkv.cpp.o
[ 23%] Linking CXX shared library ../../bin/libggml-cpu.so
[ 23%] Built target ggml-cpu
[ 23%] Linking CXX shared library ../../../bin/libggml-sycl.so
[ 23%] Built target ggml-sycl
[ 23%] Building CXX object ggml/src/CMakeFiles/ggml.dir/ggml-backend-reg.cpp.o
[ 23%] Linking CXX shared library ../../bin/libggml.so
[ 23%] Built target ggml
[ 24%] Building CXX object examples/gguf/CMakeFiles/llama-gguf.dir/gguf.cpp.o
[ 24%] Building CXX object tools/mtmd/CMakeFiles/mtmd_audio.dir/mtmd-audio.cpp.o
[ 24%] Building CXX object examples/gguf-hash/CMakeFiles/llama-gguf-hash.dir/gguf-hash.cpp.o
[ 24%] Building CXX object src/CMakeFiles/llama.dir/llama-adapter.cpp.o
[ 25%] Building CXX object src/CMakeFiles/llama.dir/llama-batch.cpp.o
[ 25%] Building CXX object src/CMakeFiles/llama.dir/llama-arch.cpp.o
[ 26%] Building CXX object src/CMakeFiles/llama.dir/llama.cpp.o
[ 26%] Building CXX object src/CMakeFiles/llama.dir/llama-chat.cpp.o
[ 27%] Building CXX object src/CMakeFiles/llama.dir/llama-context.cpp.o
[ 27%] Building CXX object src/CMakeFiles/llama.dir/llama-grammar.cpp.o
[ 28%] Building CXX object src/CMakeFiles/llama.dir/llama-graph.cpp.o
[ 28%] Building CXX object src/CMakeFiles/llama.dir/llama-impl.cpp.o
[ 28%] Building CXX object src/CMakeFiles/llama.dir/llama-hparams.cpp.o
[ 28%] Building CXX object src/CMakeFiles/llama.dir/llama-memory.cpp.o
[ 29%] Building CXX object src/CMakeFiles/llama.dir/llama-mmap.cpp.o
[ 30%] Building CXX object src/CMakeFiles/llama.dir/llama-io.cpp.o
[ 30%] Building CXX object src/CMakeFiles/llama.dir/llama-kv-cache.cpp.o
[ 30%] Building CXX object src/CMakeFiles/llama.dir/llama-model-loader.cpp.o
[ 31%] Building CXX object src/CMakeFiles/llama.dir/llama-model-saver.cpp.o
[ 31%] Building CXX object src/CMakeFiles/llama.dir/llama-model.cpp.o
[ 32%] Building CXX object src/CMakeFiles/llama.dir/llama-sampling.cpp.o
[ 32%] Building CXX object src/CMakeFiles/llama.dir/llama-quant.cpp.o
[ 32%] Building CXX object src/CMakeFiles/llama.dir/llama-vocab.cpp.o
[ 33%] Building CXX object src/CMakeFiles/llama.dir/unicode-data.cpp.o
[ 33%] Building CXX object src/CMakeFiles/llama.dir/unicode.cpp.o
[ 33%] Linking CXX executable ../../bin/llama-gguf
[ 33%] Linking CXX executable ../../bin/llama-gguf-hash
[ 33%] Built target llama-gguf
[ 33%] Built target llama-gguf-hash
[ 34%] Linking CXX static library libmtmd_audio.a
[ 34%] Built target mtmd_audio
[ 34%] Linking CXX shared library ../bin/libllama.so
[ 34%] Built target llama
[ 34%] Building CXX object examples/simple-chat/CMakeFiles/llama-simple-chat.dir/simple-chat.cpp.o
[ 34%] Building CXX object tools/mtmd/CMakeFiles/mtmd.dir/mtmd-helper.cpp.o
[ 34%] Building C object tests/CMakeFiles/test-c.dir/test-c.c.o
[ 34%] Building CXX object tools/mtmd/CMakeFiles/mtmd.dir/mtmd.cpp.o
[ 36%] Building CXX object tools/mtmd/CMakeFiles/mtmd.dir/clip.cpp.o
[ 36%] Building CXX object examples/simple/CMakeFiles/llama-simple.dir/simple.cpp.o
[ 36%] Building CXX object common/CMakeFiles/common.dir/chat.cpp.o
[ 37%] Building CXX object common/CMakeFiles/common.dir/arg.cpp.o
[ 37%] Building CXX object common/CMakeFiles/common.dir/chat-parser.cpp.o
[ 38%] Building CXX object common/CMakeFiles/common.dir/common.cpp.o
[ 39%] Building CXX object common/CMakeFiles/common.dir/log.cpp.o
[ 39%] Building CXX object common/CMakeFiles/common.dir/console.cpp.o
[ 39%] Building CXX object common/CMakeFiles/common.dir/llguidance.cpp.o
[ 40%] Building CXX object common/CMakeFiles/common.dir/json-schema-to-grammar.cpp.o
[ 40%] Building CXX object common/CMakeFiles/common.dir/json-partial.cpp.o
[ 40%] Building CXX object common/CMakeFiles/common.dir/ngram-cache.cpp.o
[ 41%] Building CXX object common/CMakeFiles/common.dir/regex-partial.cpp.o
[ 41%] Building CXX object common/CMakeFiles/common.dir/sampling.cpp.o
[ 41%] Building CXX object common/CMakeFiles/common.dir/speculative.cpp.o
[ 42%] Linking C executable ../bin/test-c
[ 42%] Built target test-c
[ 43%] Linking CXX executable ../../bin/llama-simple-chat
[ 43%] Linking CXX executable ../../bin/llama-simple
[ 43%] Built target llama-simple-chat
[ 43%] Built target llama-simple
[ 43%] Built target mtmd
[ 43%] Linking CXX shared library ../../bin/libmtmd_shared.so
[ 43%] Linking CXX static library libmtmd_static.a
[ 43%] Built target mtmd_static
[ 43%] Built target mtmd_shared
[ 44%] Linking CXX static library libcommon.a
[ 44%] Built target common
[ 44%] Building CXX object tests/CMakeFiles/test-sampling.dir/test-sampling.cpp.o
[ 44%] Building CXX object tests/CMakeFiles/test-tokenizer-0.dir/test-tokenizer-0.cpp.o
[ 44%] Building CXX object tests/CMakeFiles/test-sampling.dir/get-model.cpp.o
[ 45%] Building CXX object tests/CMakeFiles/test-grammar-parser.dir/test-grammar-parser.cpp.o
[ 45%] Building CXX object tests/CMakeFiles/test-grammar-integration.dir/test-grammar-integration.cpp.o
[ 45%] Building CXX object tests/CMakeFiles/test-grammar-parser.dir/get-model.cpp.o
[ 46%] Building CXX object tests/CMakeFiles/test-grammar-integration.dir/get-model.cpp.o
[ 46%] Building CXX object tests/CMakeFiles/test-json-schema-to-grammar.dir/get-model.cpp.o
[ 47%] Building CXX object tests/CMakeFiles/test-json-schema-to-grammar.dir/test-json-schema-to-grammar.cpp.o
[ 47%] Building CXX object tests/CMakeFiles/test-chat.dir/get-model.cpp.o
[ 47%] Building CXX object tests/CMakeFiles/test-quantize-stats.dir/test-quantize-stats.cpp.o
[ 47%] Building CXX object tests/CMakeFiles/test-chat.dir/test-chat.cpp.o
[ 47%] Building CXX object tests/CMakeFiles/test-llama-grammar.dir/test-llama-grammar.cpp.o
[ 47%] Building CXX object tests/CMakeFiles/test-llama-grammar.dir/get-model.cpp.o
[ 47%] Building CXX object tests/CMakeFiles/test-tokenizer-1-bpe.dir/test-tokenizer-1-bpe.cpp.o
[ 47%] Building CXX object tests/CMakeFiles/test-gbnf-validator.dir/test-gbnf-validator.cpp.o
[ 48%] Building CXX object tests/CMakeFiles/test-tokenizer-1-spm.dir/test-tokenizer-1-spm.cpp.o
[ 48%] Building CXX object tests/CMakeFiles/test-chat-template.dir/test-chat-template.cpp.o
[ 49%] Building CXX object tests/CMakeFiles/test-json-partial.dir/test-json-partial.cpp.o
[ 50%] Building CXX object tests/CMakeFiles/test-arg-parser.dir/test-arg-parser.cpp.o
[ 51%] Building CXX object tests/CMakeFiles/test-regex-partial.dir/test-regex-partial.cpp.o
[ 51%] Building CXX object tests/CMakeFiles/test-chat-parser.dir/test-chat-parser.cpp.o
[ 52%] Building CXX object tests/CMakeFiles/test-chat-template.dir/get-model.cpp.o
[ 52%] Building CXX object tests/CMakeFiles/test-gguf.dir/test-gguf.cpp.o
[ 52%] Building CXX object tests/CMakeFiles/test-arg-parser.dir/get-model.cpp.o
[ 53%] Building CXX object tests/CMakeFiles/test-gguf.dir/get-model.cpp.o
[ 53%] Building CXX object tests/CMakeFiles/test-regex-partial.dir/get-model.cpp.o
[ 53%] Building CXX object tests/CMakeFiles/test-chat-parser.dir/get-model.cpp.o
[ 54%] Building CXX object tests/CMakeFiles/test-log.dir/get-model.cpp.o
[ 54%] Building CXX object tests/CMakeFiles/test-json-partial.dir/get-model.cpp.o
[ 54%] Building CXX object tests/CMakeFiles/test-backend-ops.dir/get-model.cpp.o
[ 54%] Building CXX object tests/CMakeFiles/test-log.dir/test-log.cpp.o
[ 55%] Building CXX object tests/CMakeFiles/test-backend-ops.dir/test-backend-ops.cpp.o
[ 55%] Building CXX object tests/CMakeFiles/test-model-load-cancel.dir/test-model-load-cancel.cpp.o
[ 56%] Building CXX object tests/CMakeFiles/test-model-load-cancel.dir/get-model.cpp.o
[ 57%] Building CXX object tests/CMakeFiles/test-quantize-fns.dir/test-quantize-fns.cpp.o
[ 57%] Building CXX object tests/CMakeFiles/test-barrier.dir/test-barrier.cpp.o
[ 58%] Building CXX object tests/CMakeFiles/test-rope.dir/test-rope.cpp.o
[ 58%] Building CXX object tests/CMakeFiles/test-rope.dir/get-model.cpp.o
[ 58%] Building CXX object tests/CMakeFiles/test-quantize-fns.dir/get-model.cpp.o
[ 59%] Building CXX object tests/CMakeFiles/test-autorelease.dir/test-autorelease.cpp.o
[ 59%] Building CXX object tests/CMakeFiles/test-autorelease.dir/get-model.cpp.o
[ 59%] Building CXX object examples/eval-callback/CMakeFiles/llama-eval-callback.dir/eval-callback.cpp.o
[ 59%] Building CXX object tests/CMakeFiles/test-barrier.dir/get-model.cpp.o
[ 59%] Building CXX object examples/gritlm/CMakeFiles/llama-gritlm.dir/gritlm.cpp.o
[ 59%] Building C object tests/CMakeFiles/test-mtmd-c-api.dir/test-mtmd-c-api.c.o
[ 60%] Building CXX object tests/CMakeFiles/test-quantize-perf.dir/test-quantize-perf.cpp.o
[ 61%] Building CXX object examples/embedding/CMakeFiles/llama-embedding.dir/embedding.cpp.o
[ 62%] Building CXX object tests/CMakeFiles/test-mtmd-c-api.dir/get-model.cpp.o
[ 62%] Building CXX object tests/CMakeFiles/test-quantize-perf.dir/get-model.cpp.o
[ 62%] Building CXX object examples/batched/CMakeFiles/llama-batched.dir/batched.cpp.o
[ 62%] Building CXX object examples/lookup/CMakeFiles/llama-lookup-create.dir/lookup-create.cpp.o
[ 63%] Building CXX object examples/lookahead/CMakeFiles/llama-lookahead.dir/lookahead.cpp.o
[ 63%] Building CXX object examples/lookup/CMakeFiles/llama-lookup-merge.dir/lookup-merge.cpp.o
[ 64%] Building CXX object examples/parallel/CMakeFiles/llama-parallel.dir/parallel.cpp.o
[ 65%] Building CXX object examples/lookup/CMakeFiles/llama-lookup-stats.dir/lookup-stats.cpp.o
[ 66%] Building CXX object examples/passkey/CMakeFiles/llama-passkey.dir/passkey.cpp.o
[ 66%] Building CXX object examples/lookup/CMakeFiles/llama-lookup.dir/lookup.cpp.o
[ 66%] Building CXX object examples/save-load-state/CMakeFiles/llama-save-load-state.dir/save-load-state.cpp.o
[ 66%] Building CXX object examples/speculative/CMakeFiles/llama-speculative.dir/speculative.cpp.o
[ 66%] Building CXX object examples/retrieval/CMakeFiles/llama-retrieval.dir/retrieval.cpp.o
[ 66%] Building CXX object examples/speculative-simple/CMakeFiles/llama-speculative-simple.dir/speculative-simple.cpp.o
[ 66%] Linking CXX executable ../bin/test-model-load-cancel
[ 67%] Building CXX object examples/training/CMakeFiles/llama-finetune.dir/finetune.cpp.o
[ 67%] Building CXX object examples/gen-docs/CMakeFiles/llama-gen-docs.dir/gen-docs.cpp.o
[ 68%] Building CXX object examples/convert-llama2c-to-ggml/CMakeFiles/llama-convert-llama2c-to-ggml.dir/convert-llama2c-to-ggml.cpp.o
[ 67%] Building CXX object examples/sycl/CMakeFiles/llama-ls-sycl-device.dir/ls-sycl-device.cpp.o
[ 68%] Building CXX object pocs/vdot/CMakeFiles/llama-q8dot.dir/q8dot.cpp.o
[ 69%] Building CXX object tools/gguf-split/CMakeFiles/llama-gguf-split.dir/gguf-split.cpp.o
[ 69%] Building CXX object pocs/vdot/CMakeFiles/llama-vdot.dir/vdot.cpp.o
[ 69%] Building CXX object tools/batched-bench/CMakeFiles/llama-batched-bench.dir/batched-bench.cpp.o
[ 69%] Building CXX object tools/llama-bench/CMakeFiles/llama-bench.dir/llama-bench.cpp.o
[ 69%] Building CXX object tools/imatrix/CMakeFiles/llama-imatrix.dir/imatrix.cpp.o
[ 70%] Generating loading.html.hpp
[ 69%] Building CXX object tools/main/CMakeFiles/llama-cli.dir/main.cpp.o
[ 70%] Building CXX object tools/perplexity/CMakeFiles/llama-perplexity.dir/perplexity.cpp.o
[ 70%] Generating index.html.gz.hpp
[ 70%] Linking CXX executable ../bin/test-mtmd-c-api
[ 71%] Building CXX object tools/cvector-generator/CMakeFiles/llama-cvector-generator.dir/cvector-generator.cpp.o
[ 73%] Building CXX object tools/quantize/CMakeFiles/llama-quantize.dir/quantize.cpp.o
[ 74%] Building CXX object tools/tts/CMakeFiles/llama-tts.dir/tts.cpp.o
[ 73%] Building CXX object tools/export-lora/CMakeFiles/llama-export-lora.dir/export-lora.cpp.o
[ 74%] Building CXX object tools/mtmd/CMakeFiles/llama-mtmd-cli.dir/mtmd-cli.cpp.o
[ 75%] Building CXX object tools/tokenize/CMakeFiles/llama-tokenize.dir/tokenize.cpp.o
[ 76%] Building CXX object tools/run/CMakeFiles/llama-run.dir/run.cpp.o
[ 76%] Building CXX object tools/run/CMakeFiles/llama-run.dir/linenoise.cpp/linenoise.cpp.o
[ 77%] Linking CXX executable ../../bin/llama-ls-sycl-device
[ 77%] Linking CXX executable ../bin/test-log
[ 77%] Linking CXX executable ../bin/test-autorelease
[ 77%] Built target test-model-load-cancel
[ 78%] Linking CXX executable ../bin/test-rope
[ 78%] Built target test-mtmd-c-api
[ 78%] Linking CXX executable ../bin/test-quantize-fns
[ 79%] Linking CXX executable ../bin/test-barrier
[ 79%] Built target llama-ls-sycl-device
[ 79%] Built target test-log
[ 80%] Linking CXX executable ../bin/test-gbnf-validator
[ 80%] Linking CXX executable ../bin/test-tokenizer-1-bpe
[ 80%] Linking CXX executable ../../bin/llama-lookup-merge
[ 80%] Built target test-autorelease
[ 80%] Linking CXX executable ../../bin/llama-tokenize
[ 80%] Built target test-rope
[ 80%] Linking CXX executable ../../bin/llama-finetune
[ 80%] Linking CXX executable ../bin/test-tokenizer-1-spm
[ 80%] Built target test-barrier
[ 81%] Linking CXX executable ../../bin/llama-vdot
[ 81%] Linking CXX executable ../../bin/llama-q8dot
[ 81%] Built target test-quantize-fns
[ 82%] Linking CXX executable ../../bin/llama-lookup-create
[ 82%] Linking CXX executable ../../bin/llama-batched
[ 83%] Linking CXX executable ../../bin/llama-gen-docs
[ 83%] Linking CXX executable ../bin/test-grammar-parser
[ 83%] Linking CXX executable ../../bin/llama-passkey
[ 83%] Linking CXX executable ../../bin/llama-gguf-split
[ 83%] Built target test-tokenizer-1-bpe
[ 84%] Linking CXX executable ../bin/test-sampling
[ 84%] Built target test-gbnf-validator
[ 84%] Linking CXX executable ../../bin/llama-eval-callback
[ 84%] Built target llama-lookup-merge
[ 85%] Linking CXX executable ../../bin/llama-batched-bench
[ 86%] Linking CXX executable ../../bin/llama-gritlm
[ 86%] Built target llama-tokenize
[ 87%] Linking CXX executable ../../bin/llama-save-load-state
[ 88%] Linking CXX executable ../../bin/llama-embedding
[ 88%] Built target test-tokenizer-1-spm
[ 88%] Linking CXX executable ../../bin/llama-lookup-stats
[ 88%] Built target llama-finetune
[ 88%] Built target llama-q8dot
[ 88%] Linking CXX executable ../../bin/llama-speculative-simple
[ 88%] Built target llama-vdot
[ 89%] Linking CXX executable ../../bin/llama-lookup
[ 90%] Linking CXX executable ../bin/test-tokenizer-0
[ 90%] Linking CXX executable ../../bin/llama-export-lora
[ 90%] Linking CXX executable ../bin/test-arg-parser
[ 90%] Built target llama-gguf-split
[ 90%] Built target test-grammar-parser
[ 90%] Built target llama-lookup-create
[ 90%] Linking CXX executable ../../bin/llama-lookahead
[ 90%] Built target llama-passkey
[ 90%] Built target llama-gen-docs
[ 90%] Linking CXX executable ../../bin/llama-parallel
[ 90%] Built target llama-batched
[ 91%] Linking CXX executable ../bin/test-quantize-perf
[ 92%] Linking CXX executable ../bin/test-llama-grammar
[ 92%] Built target llama-eval-callback
[ 92%] Built target llama-gritlm
[ 92%] Linking CXX executable ../../bin/llama-convert-llama2c-to-ggml
[ 92%] Built target llama-embedding
[ 92%] Built target llama-save-load-state
[ 92%] Built target test-sampling
[ 93%] Linking CXX executable ../../bin/llama-retrieval
[ 93%] Built target llama-lookup-stats
[ 93%] Built target llama-speculative-simple
[ 93%] Linking CXX executable ../bin/test-regex-partial
[ 93%] Linking CXX executable ../../bin/llama-mtmd-cli
[ 93%] Linking CXX executable ../bin/test-gguf
[ 93%] Linking CXX executable ../../bin/llama-quantize
[ 93%] Built target llama-batched-bench
[ 93%] Built target llama-export-lora
[ 93%] Built target test-arg-parser
[ 93%] Building CXX object tools/server/CMakeFiles/llama-server.dir/server.cpp.o
[ 93%] Built target llama-parallel
[ 93%] Built target llama-lookahead
[ 93%] Built target llama-lookup
[ 93%] Built target test-tokenizer-0
[ 93%] Linking CXX executable ../../bin/llama-cvector-generator
[ 93%] Built target test-gguf
[ 93%] Built target test-quantize-perf
[ 93%] Built target llama-convert-llama2c-to-ggml
[ 93%] Built target test-regex-partial
[ 93%] Built target test-llama-grammar
[ 93%] Built target llama-retrieval
[ 93%] Built target llama-mtmd-cli
[ 93%] Built target llama-quantize
[ 93%] Built target llama-cvector-generator
[ 94%] Linking CXX executable ../../bin/llama-speculative
[ 94%] Linking CXX executable ../bin/test-chat-template
[ 94%] Linking CXX executable ../../bin/llama-imatrix
[ 94%] Linking CXX executable ../../bin/llama-cli
[ 94%] Linking CXX executable ../bin/test-json-partial
[ 94%] Built target llama-speculative
[ 94%] Built target test-chat-template
[ 94%] Built target llama-imatrix
[ 94%] Built target test-json-partial
[ 94%] Built target llama-cli
[ 95%] Linking CXX executable ../../bin/llama-perplexity
[ 95%] Linking CXX executable ../../bin/llama-run
[ 95%] Built target llama-perplexity
[ 95%] Built target llama-run
[ 95%] Linking CXX executable ../bin/test-quantize-stats
[ 95%] Built target test-quantize-stats
[ 95%] Linking CXX executable ../bin/test-grammar-integration
[ 96%] Linking CXX executable ../bin/test-chat-parser
[ 96%] Built target test-grammar-integration
[ 96%] Built target test-chat-parser
[ 97%] Linking CXX executable ../bin/test-json-schema-to-grammar
[ 97%] Built target test-json-schema-to-grammar
[ 98%] Linking CXX executable ../../bin/llama-bench
[ 98%] Linking CXX executable ../../bin/llama-tts
[ 98%] Built target llama-bench
[ 98%] Built target llama-tts
[ 99%] Linking CXX executable ../bin/test-chat
[ 99%] Built target test-chat
[100%] Linking CXX executable ../bin/test-backend-ops
[100%] Built target test-backend-ops
[100%] Linking CXX executable ../../bin/llama-server
[100%] Built target llama-server

real	1m36.959s
user	10m19.368s
sys	0m27.125s
+ '[' -z ']'
+ tee -a /home/zjy/ws/jenkins/workspace/ci-arc770@2/ggerganov-llama.cpp/tmp/ci_log/6f180b915c9ed9ec0c240b5dcd64644988fb5e82/tmp/results/ctest_release-ctest.log
+ ctest --output-on-failure -L main
Test project /home/zjy/ws/jenkins/workspace/ci-arc770@2/ggerganov-llama.cpp/build-ci-release
      Start  1: test-tokenizer-0-bert-bge
 1/34 Test  #1: test-tokenizer-0-bert-bge .........   Passed    0.13 sec
      Start  2: test-tokenizer-0-command-r
 2/34 Test  #2: test-tokenizer-0-command-r ........   Passed    0.59 sec
      Start  3: test-tokenizer-0-deepseek-coder
 3/34 Test  #3: test-tokenizer-0-deepseek-coder ...   Passed    0.13 sec
      Start  4: test-tokenizer-0-deepseek-llm
 4/34 Test  #4: test-tokenizer-0-deepseek-llm .....   Passed    0.19 sec
      Start  5: test-tokenizer-0-falcon
 5/34 Test  #5: test-tokenizer-0-falcon ...........   Passed    0.13 sec
      Start  6: test-tokenizer-0-gpt-2
 6/34 Test  #6: test-tokenizer-0-gpt-2 ............   Passed    0.12 sec
      Start  7: test-tokenizer-0-llama-bpe
 7/34 Test  #7: test-tokenizer-0-llama-bpe ........   Passed    0.31 sec
      Start  8: test-tokenizer-0-llama-spm
 8/34 Test  #8: test-tokenizer-0-llama-spm ........   Passed    0.09 sec
      Start  9: test-tokenizer-0-mpt
 9/34 Test  #9: test-tokenizer-0-mpt ..............   Passed    0.12 sec
      Start 10: test-tokenizer-0-nomic-bert-moe
10/34 Test #10: test-tokenizer-0-nomic-bert-moe ...   Passed    0.51 sec
      Start 11: test-tokenizer-0-phi-3
11/34 Test #11: test-tokenizer-0-phi-3 ............   Passed    0.08 sec
      Start 12: test-tokenizer-0-qwen2
12/34 Test #12: test-tokenizer-0-qwen2 ............   Passed    0.25 sec
      Start 13: test-tokenizer-0-refact
13/34 Test #13: test-tokenizer-0-refact ...........   Passed    0.11 sec
      Start 14: test-tokenizer-0-starcoder
14/34 Test #14: test-tokenizer-0-starcoder ........   Passed    0.12 sec
      Start 15: test-sampling
15/34 Test #15: test-sampling .....................   Passed    0.98 sec
      Start 16: test-grammar-parser
16/34 Test #16: test-grammar-parser ...............   Passed    0.03 sec
      Start 17: test-grammar-integration
17/34 Test #17: test-grammar-integration ..........   Passed    0.04 sec
      Start 18: test-llama-grammar
18/34 Test #18: test-llama-grammar ................   Passed    0.03 sec
      Start 19: test-chat
19/34 Test #19: test-chat .........................   Passed    0.38 sec
      Start 20: test-json-schema-to-grammar
20/34 Test #20: test-json-schema-to-grammar .......   Passed    2.38 sec
      Start 21: test-tokenizer-1-llama-spm
21/34 Test #21: test-tokenizer-1-llama-spm ........   Passed    0.28 sec
      Start 22: test-chat-parser
22/34 Test #22: test-chat-parser ..................   Passed    0.06 sec
      Start 23: test-chat-template
23/34 Test #23: test-chat-template ................   Passed    0.19 sec
      Start 24: test-json-partial
24/34 Test #24: test-json-partial .................   Passed    0.06 sec
      Start 25: test-log
25/34 Test #25: test-log ..........................   Passed    0.08 sec
      Start 26: test-regex-partial
26/34 Test #26: test-regex-partial ................   Passed    0.05 sec
      Start 27: test-arg-parser
27/34 Test #27: test-arg-parser ...................   Passed    0.13 sec
      Start 28: test-gguf
28/34 Test #28: test-gguf .........................   Passed    0.60 sec
      Start 29: test-backend-ops
29/34 Test #29: test-backend-ops ..................   Passed   39.40 sec
      Start 32: test-barrier
30/34 Test #32: test-barrier ......................   Passed    0.99 sec
      Start 33: test-quantize-fns
31/34 Test #33: test-quantize-fns .................   Passed   12.81 sec
      Start 34: test-quantize-perf
32/34 Test #34: test-quantize-perf ................   Passed    0.08 sec
      Start 35: test-rope
33/34 Test #35: test-rope .........................   Passed    0.09 sec
      Start 36: test-mtmd-c-api
34/34 Test #36: test-mtmd-c-api ...................   Passed    0.03 sec

100% tests passed, 0 tests failed out of 34

Label Time Summary:
main    =  61.58 sec*proc (34 tests)

Total Test time (real) =  61.59 sec

real	1m1.599s
user	0m59.657s
sys	0m13.846s
+ set +e
+ cur=0
+ echo 0
+ set +x
