+ gg_run_ctest_release
+ cd /home/zjy/ws/jenkins/workspace/ci-arc770/arthw-llama.cpp
+ rm -rf build-ci-release
+ tee /home/zjy/ws/jenkins/workspace/ci-arc770/arthw-llama.cpp/tmp/ci_log/874af051a3d066f5f417a026df8f2a91bdf31ac8/tmp/results/ctest_release.log
+ mkdir build-ci-release
+ cd build-ci-release
+ set -e
+ tee -a /home/zjy/ws/jenkins/workspace/ci-arc770/arthw-llama.cpp/tmp/ci_log/874af051a3d066f5f417a026df8f2a91bdf31ac8/tmp/results/ctest_release-cmake.log
+ cmake -DCMAKE_BUILD_TYPE=Release -DLLAMA_FATAL_WARNINGS=ON -DLLAMA_SYCL=1 DCMAKE_C_COMPILER=icx -DCMAKE_CXX_COMPILER=icpx -DLLAMA_SYCL_F16=ON ..
CMake Warning:
  Ignoring extra path from command line:

   "/home/zjy/ws/jenkins/workspace/ci-arc770/arthw-llama.cpp/build-ci-release/DCMAKE_C_COMPILER=icx"


-- The C compiler identification is GNU 13.3.0
-- The CXX compiler identification is IntelLLVM 2025.0.4
-- Detecting C compiler ABI info
-- Detecting C compiler ABI info - done
-- Check for working C compiler: /usr/bin/cc - skipped
-- Detecting C compile features
-- Detecting C compile features - done
-- Detecting CXX compiler ABI info
-- Detecting CXX compiler ABI info - done
-- Check for working CXX compiler: /opt/intel/oneapi/compiler/2025.0/bin/icpx - skipped
-- Detecting CXX compile features
-- Detecting CXX compile features - done
-- Found Git: /usr/bin/git (found version "2.43.0") 
CMake Warning at CMakeLists.txt:105 (message):
  LLAMA_SYCL is deprecated and will be removed in the future.

  Use GGML_SYCL instead

Call Stack (most recent call first):
  CMakeLists.txt:117 (llama_option_depr)


CMake Warning at CMakeLists.txt:105 (message):
  LLAMA_SYCL_F16 is deprecated and will be removed in the future.

  Use GGML_SYCL_F16 instead

Call Stack (most recent call first):
  CMakeLists.txt:118 (llama_option_depr)


-- Performing Test CMAKE_HAVE_LIBC_PTHREAD
-- Performing Test CMAKE_HAVE_LIBC_PTHREAD - Success
-- Found Threads: TRUE  
-- Warning: ccache not found - consider installing it for faster compilation or disable this warning with GGML_CCACHE=OFF
-- CMAKE_SYSTEM_PROCESSOR: x86_64
-- Including CPU backend
-- Found OpenMP_C: -fopenmp (found version "4.5") 
-- Found OpenMP_CXX: -fiopenmp (found version "5.1") 
-- Found OpenMP: TRUE (found version "4.5")  
-- x86 detected
-- Adding CPU backend variant ggml-cpu: -march=native 
-- GGML_SYCL_TARGET=INTEL
-- Performing Test SUPPORTS_SYCL
-- Performing Test SUPPORTS_SYCL - Success
-- Using oneAPI Release SYCL compiler (icpx).
-- SYCL found
-- DNNL found:1
-- Including SYCL backend
-- Configuring done (1.2s)
-- Generating done (0.1s)
-- Build files have been written to: /home/zjy/ws/jenkins/workspace/ci-arc770/arthw-llama.cpp/build-ci-release

real	0m1.356s
user	0m0.745s
sys	0m0.509s
+ tee -a /home/zjy/ws/jenkins/workspace/ci-arc770/arthw-llama.cpp/tmp/ci_log/874af051a3d066f5f417a026df8f2a91bdf31ac8/tmp/results/ctest_release-make.log
+ make -j
[  0%] Generating build details from Git
[  0%] Building C object examples/gguf-hash/CMakeFiles/sha256.dir/deps/sha256/sha256.c.o
[  2%] Building C object examples/gguf-hash/CMakeFiles/sha1.dir/deps/sha1/sha1.c.o
[  2%] Building C object examples/gguf-hash/CMakeFiles/xxhash.dir/deps/xxhash/xxhash.c.o
[  2%] Building CXX object ggml/src/CMakeFiles/ggml-base.dir/ggml-backend.cpp.o
[  3%] Building C object ggml/src/CMakeFiles/ggml-base.dir/ggml-alloc.c.o
[  4%] Building CXX object ggml/src/CMakeFiles/ggml-base.dir/ggml-opt.cpp.o
[  5%] Building CXX object ggml/src/CMakeFiles/ggml-base.dir/gguf.cpp.o
[  5%] Building C object ggml/src/CMakeFiles/ggml-base.dir/ggml-quants.c.o
[  5%] Building C object ggml/src/CMakeFiles/ggml-base.dir/ggml.c.o
[  5%] Building CXX object ggml/src/CMakeFiles/ggml-base.dir/ggml-threading.cpp.o
-- Found Git: /usr/bin/git (found version "2.43.0") 
[  5%] Building CXX object common/CMakeFiles/build_info.dir/build-info.cpp.o
[  5%] Built target build_info
[  5%] Built target sha1
[  5%] Built target sha256
[  5%] Built target xxhash
[  5%] Linking CXX shared library ../../bin/libggml-base.so
[  5%] Built target ggml-base
[  8%] Building CXX object ggml/src/CMakeFiles/ggml-cpu.dir/ggml-cpu/ggml-cpu.cpp.o
[  8%] Building CXX object ggml/src/ggml-sycl/CMakeFiles/ggml-sycl.dir/convert.cpp.o
[  8%] Building CXX object ggml/src/CMakeFiles/ggml-cpu.dir/ggml-cpu/ggml-cpu-traits.cpp.o
[  8%] Building CXX object ggml/src/CMakeFiles/ggml-cpu.dir/ggml-cpu/ggml-cpu-hbm.cpp.o
[  8%] Building CXX object ggml/src/ggml-sycl/CMakeFiles/ggml-sycl.dir/conv.cpp.o
[  8%] Building CXX object ggml/src/CMakeFiles/ggml-cpu.dir/ggml-cpu/ggml-cpu-aarch64.cpp.o
[  9%] Building CXX object ggml/src/CMakeFiles/ggml-cpu.dir/ggml-cpu/amx/amx.cpp.o
[  9%] Building CXX object ggml/src/ggml-sycl/CMakeFiles/ggml-sycl.dir/common.cpp.o
[  9%] Building CXX object ggml/src/CMakeFiles/ggml-cpu.dir/ggml-cpu/llamafile/sgemm.cpp.o
[ 10%] Building CXX object ggml/src/CMakeFiles/ggml-cpu.dir/ggml-cpu/amx/mmq.cpp.o
[ 11%] Building CXX object ggml/src/ggml-sycl/CMakeFiles/ggml-sycl.dir/ggml-sycl.cpp.o
[  9%] Building C object ggml/src/CMakeFiles/ggml-cpu.dir/ggml-cpu/ggml-cpu.c.o
[ 12%] Building CXX object ggml/src/ggml-sycl/CMakeFiles/ggml-sycl.dir/cpy.cpp.o
[ 12%] Building CXX object ggml/src/ggml-sycl/CMakeFiles/ggml-sycl.dir/concat.cpp.o
[ 12%] Building C object ggml/src/CMakeFiles/ggml-cpu.dir/ggml-cpu/ggml-cpu-quants.c.o
[ 14%] Building CXX object ggml/src/ggml-sycl/CMakeFiles/ggml-sycl.dir/element_wise.cpp.o
[ 14%] Building CXX object ggml/src/ggml-sycl/CMakeFiles/ggml-sycl.dir/gla.cpp.o
[ 14%] Building CXX object ggml/src/ggml-sycl/CMakeFiles/ggml-sycl.dir/getrows.cpp.o
[ 15%] Building CXX object ggml/src/ggml-sycl/CMakeFiles/ggml-sycl.dir/dmmv.cpp.o
[ 15%] Building CXX object ggml/src/ggml-sycl/CMakeFiles/ggml-sycl.dir/mmq.cpp.o
[ 15%] Building CXX object ggml/src/ggml-sycl/CMakeFiles/ggml-sycl.dir/im2col.cpp.o
[ 15%] Building CXX object ggml/src/ggml-sycl/CMakeFiles/ggml-sycl.dir/mmvq.cpp.o
[ 15%] Building CXX object ggml/src/ggml-sycl/CMakeFiles/ggml-sycl.dir/norm.cpp.o
[ 16%] Building CXX object ggml/src/ggml-sycl/CMakeFiles/ggml-sycl.dir/outprod.cpp.o
[ 17%] Building CXX object ggml/src/ggml-sycl/CMakeFiles/ggml-sycl.dir/softmax.cpp.o
[ 17%] Building CXX object ggml/src/ggml-sycl/CMakeFiles/ggml-sycl.dir/rope.cpp.o
[ 18%] Building CXX object ggml/src/ggml-sycl/CMakeFiles/ggml-sycl.dir/sycl_device.cpp.o
[ 18%] Building CXX object ggml/src/ggml-sycl/CMakeFiles/ggml-sycl.dir/tsembd.cpp.o
[ 18%] Building CXX object ggml/src/ggml-sycl/CMakeFiles/ggml-sycl.dir/sycl_hw.cpp.o
[ 18%] Building CXX object ggml/src/ggml-sycl/CMakeFiles/ggml-sycl.dir/wkv6.cpp.o
/home/zjy/ws/jenkins/workspace/ci-arc770/arthw-llama.cpp/ggml/src/ggml-sycl/sycl_device.cpp:41:28: warning: comparison of integers of different signs: 'int' and 'unsigned int' [-Wsign-compare]
   41 |     GGML_ASSERT(main_gpu_id<dpct::dev_mgr::instance().device_count());
      |                 ~~~~~~~~~~~^~~~~~~~~~~~~~~~~~~~~~~~~~~~~~~~~~~~~~~~~
/home/zjy/ws/jenkins/workspace/ci-arc770/arthw-llama.cpp/ggml/src/../include/ggml.h:267:30: note: expanded from macro 'GGML_ASSERT'
  267 | #define GGML_ASSERT(x) if (!(x)) GGML_ABORT("GGML_ASSERT(%s) failed", #x)
      |                              ^
/home/zjy/ws/jenkins/workspace/ci-arc770/arthw-llama.cpp/ggml/src/ggml-sycl/sycl_device.cpp:85:23: warning: comparison of integers of different signs: 'int' and 'size_type' (aka 'unsigned long') [-Wsign-compare]
   85 |     for (int i = 0; i < ids.size(); i++) {
      |                     ~ ^ ~~~~~~~~~~
/home/zjy/ws/jenkins/workspace/ci-arc770/arthw-llama.cpp/ggml/src/ggml-sycl/sycl_device.cpp:243:16: warning: ISO C++11 does not allow conversion from string literal to 'char *' [-Wwritable-strings]
  243 |         hint = "detect %d SYCL devices:[%s] by ONEAPI_DEVICE_SELECTOR=%s and "
      |                ^
/home/zjy/ws/jenkins/workspace/ci-arc770/arthw-llama.cpp/ggml/src/ggml-sycl/sycl_device.cpp:249:16: warning: ISO C++11 does not allow conversion from string literal to 'char *' [-Wwritable-strings]
  249 |         hint = "detect %d SYCL devices:[%s] by ONEAPI_DEVICE_SELECTOR=%s\n";
      |                ^
/home/zjy/ws/jenkins/workspace/ci-arc770/arthw-llama.cpp/ggml/src/ggml-sycl/sycl_device.cpp:253:16: warning: ISO C++11 does not allow conversion from string literal to 'char *' [-Wwritable-strings]
  253 |         hint = "detect %d SYCL devices:[%s] by GGML_SYCL_VISIBLE_DEVICES=%s\n";
      |                ^
/home/zjy/ws/jenkins/workspace/ci-arc770/arthw-llama.cpp/ggml/src/ggml-sycl/sycl_device.cpp:257:16: warning: ISO C++11 does not allow conversion from string literal to 'char *' [-Wwritable-strings]
  257 |         hint = "detect %d SYCL level-zero GPUs:[%s] with top Max compute "
      |                ^
/home/zjy/ws/jenkins/workspace/ci-arc770/arthw-llama.cpp/ggml/src/ggml-sycl/norm.cpp:201:39: warning: 'get_pointer' is deprecated: local_accessor::get_pointer() is deprecated, please use get_multi_ptr() [-Wdeprecated-declarations]
  201 |                         s_sum_acc_ct1.get_pointer(), WARP_SIZE);
      |                                       ^
/opt/intel/oneapi/compiler/2025.0/bin/compiler/../../include/sycl/accessor.hpp:2574:3: note: 'get_pointer' has been explicitly marked deprecated here
 2574 |   __SYCL2020_DEPRECATED(
      |   ^
/opt/intel/oneapi/compiler/2025.0/bin/compiler/../../include/sycl/detail/defines_elementary.hpp:62:40: note: expanded from macro '__SYCL2020_DEPRECATED'
   62 | #define __SYCL2020_DEPRECATED(message) __SYCL_DEPRECATED(message)
      |                                        ^
/opt/intel/oneapi/compiler/2025.0/bin/compiler/../../include/sycl/detail/defines_elementary.hpp:53:38: note: expanded from macro '__SYCL_DEPRECATED'
   53 | #define __SYCL_DEPRECATED(message) [[deprecated(message)]]
      |                                      ^
/home/zjy/ws/jenkins/workspace/ci-arc770/arthw-llama.cpp/ggml/src/ggml-sycl/norm.cpp:245:39: warning: 'get_pointer' is deprecated: local_accessor::get_pointer() is deprecated, please use get_multi_ptr() [-Wdeprecated-declarations]
  245 |                         s_sum_acc_ct1.get_pointer(), WARP_SIZE);
      |                                       ^
/opt/intel/oneapi/compiler/2025.0/bin/compiler/../../include/sycl/accessor.hpp:2574:3: note: 'get_pointer' has been explicitly marked deprecated here
 2574 |   __SYCL2020_DEPRECATED(
      |   ^
/opt/intel/oneapi/compiler/2025.0/bin/compiler/../../include/sycl/detail/defines_elementary.hpp:62:40: note: expanded from macro '__SYCL2020_DEPRECATED'
   62 | #define __SYCL2020_DEPRECATED(message) __SYCL_DEPRECATED(message)
      |                                        ^
/opt/intel/oneapi/compiler/2025.0/bin/compiler/../../include/sycl/detail/defines_elementary.hpp:53:38: note: expanded from macro '__SYCL_DEPRECATED'
   53 | #define __SYCL_DEPRECATED(message) [[deprecated(message)]]
      |                                      ^
/home/zjy/ws/jenkins/workspace/ci-arc770/arthw-llama.cpp/ggml/src/ggml-sycl/norm.cpp:293:39: warning: 'get_pointer' is deprecated: local_accessor::get_pointer() is deprecated, please use get_multi_ptr() [-Wdeprecated-declarations]
  293 |                         s_sum_acc_ct1.get_pointer(), WARP_SIZE);
      |                                       ^
/opt/intel/oneapi/compiler/2025.0/bin/compiler/../../include/sycl/accessor.hpp:2574:3: note: 'get_pointer' has been explicitly marked deprecated here
 2574 |   __SYCL2020_DEPRECATED(
      |   ^
/opt/intel/oneapi/compiler/2025.0/bin/compiler/../../include/sycl/detail/defines_elementary.hpp:62:40: note: expanded from macro '__SYCL2020_DEPRECATED'
   62 | #define __SYCL2020_DEPRECATED(message) __SYCL_DEPRECATED(message)
      |                                        ^
/opt/intel/oneapi/compiler/2025.0/bin/compiler/../../include/sycl/detail/defines_elementary.hpp:53:38: note: expanded from macro '__SYCL_DEPRECATED'
   53 | #define __SYCL_DEPRECATED(message) [[deprecated(message)]]
      |                                      ^
6 warnings generated.
3 warnings generated.
/home/zjy/ws/jenkins/workspace/ci-arc770/arthw-llama.cpp/ggml/src/ggml-sycl/sycl_device.cpp:41:28: warning: comparison of integers of different signs: 'int' and 'unsigned int' [-Wsign-compare]
   41 |     GGML_ASSERT(main_gpu_id<dpct::dev_mgr::instance().device_count());
      |                 ~~~~~~~~~~~^~~~~~~~~~~~~~~~~~~~~~~~~~~~~~~~~~~~~~~~~
/home/zjy/ws/jenkins/workspace/ci-arc770/arthw-llama.cpp/ggml/src/../include/ggml.h:267:30: note: expanded from macro 'GGML_ASSERT'
  267 | #define GGML_ASSERT(x) if (!(x)) GGML_ABORT("GGML_ASSERT(%s) failed", #x)
      |                              ^
/home/zjy/ws/jenkins/workspace/ci-arc770/arthw-llama.cpp/ggml/src/ggml-sycl/sycl_device.cpp:85:23: warning: comparison of integers of different signs: 'int' and 'size_type' (aka 'unsigned long') [-Wsign-compare]
   85 |     for (int i = 0; i < ids.size(); i++) {
      |                     ~ ^ ~~~~~~~~~~
/home/zjy/ws/jenkins/workspace/ci-arc770/arthw-llama.cpp/ggml/src/ggml-sycl/sycl_device.cpp:243:16: warning: ISO C++11 does not allow conversion from string literal to 'char *' [-Wwritable-strings]
  243 |         hint = "detect %d SYCL devices:[%s] by ONEAPI_DEVICE_SELECTOR=%s and "
      |                ^
/home/zjy/ws/jenkins/workspace/ci-arc770/arthw-llama.cpp/ggml/src/ggml-sycl/sycl_device.cpp:249:16: warning: ISO C++11 does not allow conversion from string literal to 'char *' [-Wwritable-strings]
  249 |         hint = "detect %d SYCL devices:[%s] by ONEAPI_DEVICE_SELECTOR=%s\n";
      |                ^
/home/zjy/ws/jenkins/workspace/ci-arc770/arthw-llama.cpp/ggml/src/ggml-sycl/sycl_device.cpp:253:16: warning: ISO C++11 does not allow conversion from string literal to 'char *' [-Wwritable-strings]
  253 |         hint = "detect %d SYCL devices:[%s] by GGML_SYCL_VISIBLE_DEVICES=%s\n";
      |                ^
/home/zjy/ws/jenkins/workspace/ci-arc770/arthw-llama.cpp/ggml/src/ggml-sycl/sycl_device.cpp:257:16: warning: ISO C++11 does not allow conversion from string literal to 'char *' [-Wwritable-strings]
  257 |         hint = "detect %d SYCL level-zero GPUs:[%s] with top Max compute "
      |                ^
/home/zjy/ws/jenkins/workspace/ci-arc770/arthw-llama.cpp/ggml/src/ggml-sycl/norm.cpp:201:39: warning: 'get_pointer' is deprecated: local_accessor::get_pointer() is deprecated, please use get_multi_ptr() [-Wdeprecated-declarations]
  201 |                         s_sum_acc_ct1.get_pointer(), WARP_SIZE);
      |                                       ^
/opt/intel/oneapi/compiler/2025.0/bin/compiler/../../include/sycl/accessor.hpp:2574:3: note: 'get_pointer' has been explicitly marked deprecated here
 2574 |   __SYCL2020_DEPRECATED(
      |   ^
/opt/intel/oneapi/compiler/2025.0/bin/compiler/../../include/sycl/detail/defines_elementary.hpp:62:40: note: expanded from macro '__SYCL2020_DEPRECATED'
   62 | #define __SYCL2020_DEPRECATED(message) __SYCL_DEPRECATED(message)
      |                                        ^
/opt/intel/oneapi/compiler/2025.0/bin/compiler/../../include/sycl/detail/defines_elementary.hpp:53:38: note: expanded from macro '__SYCL_DEPRECATED'
   53 | #define __SYCL_DEPRECATED(message) [[deprecated(message)]]
      |                                      ^
/home/zjy/ws/jenkins/workspace/ci-arc770/arthw-llama.cpp/ggml/src/ggml-sycl/norm.cpp:245:39: warning: 'get_pointer' is deprecated: local_accessor::get_pointer() is deprecated, please use get_multi_ptr() [-Wdeprecated-declarations]
  245 |                         s_sum_acc_ct1.get_pointer(), WARP_SIZE);
      |                                       ^
/opt/intel/oneapi/compiler/2025.0/bin/compiler/../../include/sycl/accessor.hpp:2574:3: note: 'get_pointer' has been explicitly marked deprecated here
 2574 |   __SYCL2020_DEPRECATED(
      |   ^
/opt/intel/oneapi/compiler/2025.0/bin/compiler/../../include/sycl/detail/defines_elementary.hpp:62:40: note: expanded from macro '__SYCL2020_DEPRECATED'
   62 | #define __SYCL2020_DEPRECATED(message) __SYCL_DEPRECATED(message)
      |                                        ^
/opt/intel/oneapi/compiler/2025.0/bin/compiler/../../include/sycl/detail/defines_elementary.hpp:53:38: note: expanded from macro '__SYCL_DEPRECATED'
   53 | #define __SYCL_DEPRECATED(message) [[deprecated(message)]]
      |                                      ^
/home/zjy/ws/jenkins/workspace/ci-arc770/arthw-llama.cpp/ggml/src/ggml-sycl/norm.cpp:293:39: warning: 'get_pointer' is deprecated: local_accessor::get_pointer() is deprecated, please use get_multi_ptr() [-Wdeprecated-declarations]
  293 |                         s_sum_acc_ct1.get_pointer(), WARP_SIZE);
      |                                       ^
/opt/intel/oneapi/compiler/2025.0/bin/compiler/../../include/sycl/accessor.hpp:2574:3: note: 'get_pointer' has been explicitly marked deprecated here
 2574 |   __SYCL2020_DEPRECATED(
      |   ^
/opt/intel/oneapi/compiler/2025.0/bin/compiler/../../include/sycl/detail/defines_elementary.hpp:62:40: note: expanded from macro '__SYCL2020_DEPRECATED'
   62 | #define __SYCL2020_DEPRECATED(message) __SYCL_DEPRECATED(message)
      |                                        ^
/opt/intel/oneapi/compiler/2025.0/bin/compiler/../../include/sycl/detail/defines_elementary.hpp:53:38: note: expanded from macro '__SYCL_DEPRECATED'
   53 | #define __SYCL_DEPRECATED(message) [[deprecated(message)]]
      |                                      ^
[ 18%] Linking CXX shared library ../../bin/libggml-cpu.so
[ 18%] Built target ggml-cpu
6 warnings generated.
3 warnings generated.
/home/zjy/ws/jenkins/workspace/ci-arc770/arthw-llama.cpp/ggml/src/ggml-sycl/dmmv.cpp:23:13: warning: loop not unrolled: the optimizer was unable to perform the requested transformation; the transformation might be disabled or specified as part of an unsupported transformation ordering [-Wpass-failed=transform-warning]
   23 | static void dequantize_mul_mat_vec(const void * __restrict__ vx, const dfloat * __restrict__ y, float * __restrict__ dst,
      |             ^
/home/zjy/ws/jenkins/workspace/ci-arc770/arthw-llama.cpp/ggml/src/ggml-sycl/dmmv.cpp:23:13: warning: loop not unrolled: the optimizer was unable to perform the requested transformation; the transformation might be disabled or specified as part of an unsupported transformation ordering [-Wpass-failed=transform-warning]
/home/zjy/ws/jenkins/workspace/ci-arc770/arthw-llama.cpp/ggml/src/ggml-sycl/dmmv.cpp:23:13: warning: loop not unrolled: the optimizer was unable to perform the requested transformation; the transformation might be disabled or specified as part of an unsupported transformation ordering [-Wpass-failed=transform-warning]
/home/zjy/ws/jenkins/workspace/ci-arc770/arthw-llama.cpp/ggml/src/ggml-sycl/dmmv.cpp:23:13: warning: loop not unrolled: the optimizer was unable to perform the requested transformation; the transformation might be disabled or specified as part of an unsupported transformation ordering [-Wpass-failed=transform-warning]
/home/zjy/ws/jenkins/workspace/ci-arc770/arthw-llama.cpp/ggml/src/ggml-sycl/dmmv.cpp:23:13: warning: loop not unrolled: the optimizer was unable to perform the requested transformation; the transformation might be disabled or specified as part of an unsupported transformation ordering [-Wpass-failed=transform-warning]
/home/zjy/ws/jenkins/workspace/ci-arc770/arthw-llama.cpp/ggml/src/ggml-sycl/dmmv.cpp:23:13: warning: loop not unrolled: the optimizer was unable to perform the requested transformation; the transformation might be disabled or specified as part of an unsupported transformation ordering [-Wpass-failed=transform-warning]
6 warnings generated.
[ 19%] Linking CXX shared library ../../../bin/libggml-sycl.so
[ 19%] Built target ggml-sycl
[ 19%] Building CXX object ggml/src/CMakeFiles/ggml.dir/ggml-backend-reg.cpp.o
[ 20%] Linking CXX shared library ../../bin/libggml.so
[ 20%] Built target ggml
[ 21%] Building CXX object src/CMakeFiles/llama.dir/llama-adapter.cpp.o
[ 21%] Building CXX object src/CMakeFiles/llama.dir/llama-chat.cpp.o
[ 21%] Building CXX object src/CMakeFiles/llama.dir/llama.cpp.o
[ 21%] Building CXX object src/CMakeFiles/llama.dir/llama-arch.cpp.o
[ 25%] Building CXX object src/CMakeFiles/llama.dir/llama-batch.cpp.o
[ 21%] Building CXX object src/CMakeFiles/llama.dir/llama-context.cpp.o
[ 25%] Building CXX object src/CMakeFiles/llama.dir/llama-grammar.cpp.o
[ 23%] Building CXX object src/CMakeFiles/llama.dir/llama-impl.cpp.o
[ 23%] Building CXX object src/CMakeFiles/llama.dir/llama-io.cpp.o
[ 25%] Building CXX object src/CMakeFiles/llama.dir/llama-hparams.cpp.o
[ 26%] Building CXX object src/CMakeFiles/llama.dir/llama-mmap.cpp.o
[ 25%] Building CXX object src/CMakeFiles/llama.dir/llama-kv-cache.cpp.o
[ 26%] Building CXX object src/CMakeFiles/llama.dir/llama-model-loader.cpp.o
[ 27%] Building CXX object examples/gguf/CMakeFiles/llama-gguf.dir/gguf.cpp.o
[ 25%] Building CXX object src/CMakeFiles/llama.dir/llama-memory.cpp.o
[ 27%] Building CXX object src/CMakeFiles/llama.dir/llama-graph.cpp.o
[ 28%] Building CXX object examples/gguf-hash/CMakeFiles/llama-gguf-hash.dir/gguf-hash.cpp.o
[ 29%] Building CXX object src/CMakeFiles/llama.dir/llama-model.cpp.o
[ 29%] Building CXX object src/CMakeFiles/llama.dir/llama-quant.cpp.o
[ 29%] Building CXX object src/CMakeFiles/llama.dir/llama-sampling.cpp.o
[ 30%] Building CXX object src/CMakeFiles/llama.dir/llama-vocab.cpp.o
[ 31%] Building CXX object src/CMakeFiles/llama.dir/unicode.cpp.o
[ 31%] Building CXX object src/CMakeFiles/llama.dir/unicode-data.cpp.o
[ 31%] Linking CXX executable ../../bin/llama-gguf
[ 31%] Linking CXX executable ../../bin/llama-gguf-hash
[ 31%] Built target llama-gguf
[ 31%] Built target llama-gguf-hash
[ 31%] Linking CXX shared library ../bin/libllama.so
[ 31%] Built target llama
[ 38%] Building CXX object common/CMakeFiles/common.dir/common.cpp.o
[ 38%] Building CXX object common/CMakeFiles/common.dir/arg.cpp.o
[ 38%] Building CXX object common/CMakeFiles/common.dir/llguidance.cpp.o
[ 38%] Building CXX object common/CMakeFiles/common.dir/sampling.cpp.o
[ 38%] Building CXX object examples/llava/CMakeFiles/llava.dir/llava.cpp.o
[ 38%] Building CXX object common/CMakeFiles/common.dir/json-schema-to-grammar.cpp.o
[ 38%] Building CXX object examples/simple/CMakeFiles/llama-simple.dir/simple.cpp.o
[ 38%] Building CXX object common/CMakeFiles/common.dir/chat.cpp.o
[ 38%] Building CXX object examples/llava/CMakeFiles/llava.dir/clip.cpp.o
[ 38%] Building CXX object common/CMakeFiles/common.dir/ngram-cache.cpp.o
[ 38%] Building CXX object common/CMakeFiles/common.dir/console.cpp.o
[ 38%] Building CXX object examples/simple-chat/CMakeFiles/llama-simple-chat.dir/simple-chat.cpp.o
[ 38%] Building CXX object common/CMakeFiles/common.dir/speculative.cpp.o
[ 38%] Building CXX object examples/quantize-stats/CMakeFiles/llama-quantize-stats.dir/quantize-stats.cpp.o
[ 38%] Building CXX object common/CMakeFiles/common.dir/log.cpp.o
[ 39%] Building C object tests/CMakeFiles/test-c.dir/test-c.c.o
[ 39%] Linking C executable ../bin/test-c
[ 39%] Built target test-c
[ 39%] Linking CXX executable ../../bin/llama-simple
[ 39%] Linking CXX executable ../../bin/llama-simple-chat
[ 39%] Built target llama-simple-chat
[ 39%] Built target llama-simple
[ 39%] Linking CXX executable ../../bin/llama-quantize-stats
[ 39%] Built target llama-quantize-stats
[ 39%] Built target llava
[ 40%] Linking CXX shared library ../../bin/libllava_shared.so
[ 40%] Linking CXX static library libllava_static.a
[ 40%] Built target llava_static
[ 40%] Built target llava_shared
[ 40%] Linking CXX static library libcommon.a
[ 40%] Built target common
[ 40%] Building CXX object tests/CMakeFiles/test-sampling.dir/get-model.cpp.o
[ 41%] Building CXX object tests/CMakeFiles/test-tokenizer-1-bpe.dir/test-tokenizer-1-bpe.cpp.o
[ 41%] Building CXX object tests/CMakeFiles/test-llama-grammar.dir/test-llama-grammar.cpp.o
[ 42%] Building CXX object tests/CMakeFiles/test-sampling.dir/test-sampling.cpp.o
[ 42%] Building CXX object tests/CMakeFiles/test-chat.dir/test-chat.cpp.o
[ 42%] Building CXX object tests/CMakeFiles/test-grammar-parser.dir/get-model.cpp.o
[ 43%] Building CXX object tests/CMakeFiles/test-grammar-parser.dir/test-grammar-parser.cpp.o
[ 44%] Building CXX object tests/CMakeFiles/test-json-schema-to-grammar.dir/test-json-schema-to-grammar.cpp.o
[ 45%] Building CXX object tests/CMakeFiles/test-grammar-integration.dir/test-grammar-integration.cpp.o
[ 45%] Building CXX object tests/CMakeFiles/test-chat.dir/get-model.cpp.o
[ 45%] Building CXX object tests/CMakeFiles/test-tokenizer-0.dir/test-tokenizer-0.cpp.o
[ 46%] Building CXX object tests/CMakeFiles/test-grammar-integration.dir/get-model.cpp.o
[ 46%] Building CXX object tests/CMakeFiles/test-llama-grammar.dir/get-model.cpp.o
[ 47%] Building CXX object tests/CMakeFiles/test-arg-parser.dir/test-arg-parser.cpp.o
[ 47%] Building CXX object tests/CMakeFiles/test-arg-parser.dir/get-model.cpp.o
[ 48%] Building CXX object tests/CMakeFiles/test-chat-template.dir/test-chat-template.cpp.o
[ 48%] Building CXX object tests/CMakeFiles/test-chat-template.dir/get-model.cpp.o
[ 49%] Building CXX object tests/CMakeFiles/test-gguf.dir/get-model.cpp.o
[ 49%] Building CXX object tests/CMakeFiles/test-json-schema-to-grammar.dir/get-model.cpp.o
[ 49%] Building CXX object tests/CMakeFiles/test-tokenizer-1-spm.dir/test-tokenizer-1-spm.cpp.o
[ 50%] Building CXX object tests/CMakeFiles/test-log.dir/get-model.cpp.o
[ 49%] Building CXX object tests/CMakeFiles/test-backend-ops.dir/get-model.cpp.o
[ 50%] Building CXX object tests/CMakeFiles/test-model-load-cancel.dir/get-model.cpp.o
[ 50%] Building CXX object tests/CMakeFiles/test-log.dir/test-log.cpp.o
[ 50%] Building CXX object tests/CMakeFiles/test-autorelease.dir/get-model.cpp.o
[ 52%] Building CXX object tests/CMakeFiles/test-model-load-cancel.dir/test-model-load-cancel.cpp.o
[ 52%] Building CXX object tests/CMakeFiles/test-backend-ops.dir/test-backend-ops.cpp.o
[ 50%] Building CXX object tests/CMakeFiles/test-gguf.dir/test-gguf.cpp.o
[ 52%] Building CXX object tests/CMakeFiles/test-barrier.dir/test-barrier.cpp.o
[ 51%] Building CXX object tests/CMakeFiles/test-autorelease.dir/test-autorelease.cpp.o
[ 52%] Building CXX object tests/CMakeFiles/test-quantize-fns.dir/get-model.cpp.o
[ 53%] Building CXX object tests/CMakeFiles/test-barrier.dir/get-model.cpp.o
[ 53%] Building CXX object tests/CMakeFiles/test-rope.dir/test-rope.cpp.o
[ 54%] Building CXX object tests/CMakeFiles/test-quantize-perf.dir/get-model.cpp.o
[ 54%] Building CXX object examples/gbnf-validator/CMakeFiles/llama-gbnf-validator.dir/gbnf-validator.cpp.o
[ 54%] Building CXX object examples/infill/CMakeFiles/llama-infill.dir/infill.cpp.o
[ 55%] Building CXX object tests/CMakeFiles/test-rope.dir/get-model.cpp.o
[ 55%] Building CXX object examples/batched-bench/CMakeFiles/llama-batched-bench.dir/batched-bench.cpp.o
[ 56%] Building CXX object examples/embedding/CMakeFiles/llama-embedding.dir/embedding.cpp.o
[ 57%] Building CXX object tests/CMakeFiles/test-quantize-fns.dir/test-quantize-fns.cpp.o
[ 57%] Building CXX object tests/CMakeFiles/test-quantize-perf.dir/test-quantize-perf.cpp.o
[ 57%] Building CXX object examples/gritlm/CMakeFiles/llama-gritlm.dir/gritlm.cpp.o
[ 57%] Building CXX object examples/eval-callback/CMakeFiles/llama-eval-callback.dir/eval-callback.cpp.o
[ 58%] Building CXX object examples/batched/CMakeFiles/llama-batched.dir/batched.cpp.o
[ 58%] Building CXX object examples/gguf-split/CMakeFiles/llama-gguf-split.dir/gguf-split.cpp.o
[ 58%] Building CXX object examples/imatrix/CMakeFiles/llama-imatrix.dir/imatrix.cpp.o
[ 58%] Building CXX object examples/lookup/CMakeFiles/llama-lookup-merge.dir/lookup-merge.cpp.o
[ 60%] Generating loading.html.hpp
[ 60%] Building CXX object examples/lookup/CMakeFiles/llama-lookup.dir/lookup.cpp.o
[ 60%] Generating index.html.gz.hpp
[ 59%] Building CXX object examples/lookup/CMakeFiles/llama-lookup-stats.dir/lookup-stats.cpp.o
[ 60%] Building CXX object examples/main/CMakeFiles/llama-cli.dir/main.cpp.o
[ 60%] Building CXX object examples/llama-bench/CMakeFiles/llama-bench.dir/llama-bench.cpp.o
[ 60%] Building CXX object examples/parallel/CMakeFiles/llama-parallel.dir/parallel.cpp.o
[ 60%] Building CXX object examples/lookup/CMakeFiles/llama-lookup-create.dir/lookup-create.cpp.o
[ 61%] Building CXX object examples/lookahead/CMakeFiles/llama-lookahead.dir/lookahead.cpp.o
[ 61%] Building CXX object examples/passkey/CMakeFiles/llama-passkey.dir/passkey.cpp.o
[ 61%] Building CXX object examples/perplexity/CMakeFiles/llama-perplexity.dir/perplexity.cpp.o
[ 61%] Building CXX object examples/run/CMakeFiles/llama-run.dir/run.cpp.o
[ 62%] Building CXX object examples/quantize/CMakeFiles/llama-quantize.dir/quantize.cpp.o
[ 63%] Building CXX object examples/speculative/CMakeFiles/llama-speculative.dir/speculative.cpp.o
[ 63%] Building CXX object examples/retrieval/CMakeFiles/llama-retrieval.dir/retrieval.cpp.o
[ 64%] Building CXX object examples/speculative-simple/CMakeFiles/llama-speculative-simple.dir/speculative-simple.cpp.o
[ 65%] Building CXX object examples/run/CMakeFiles/llama-run.dir/linenoise.cpp/linenoise.cpp.o
[ 65%] Building CXX object examples/save-load-state/CMakeFiles/llama-save-load-state.dir/save-load-state.cpp.o
[ 66%] Building CXX object examples/gen-docs/CMakeFiles/llama-gen-docs.dir/gen-docs.cpp.o
[ 66%] Building CXX object examples/tokenize/CMakeFiles/llama-tokenize.dir/tokenize.cpp.o
[ 66%] Building CXX object examples/tts/CMakeFiles/llama-tts.dir/tts.cpp.o
[ 66%] Building CXX object examples/export-lora/CMakeFiles/llama-export-lora.dir/export-lora.cpp.o
[ 66%] Building CXX object examples/convert-llama2c-to-ggml/CMakeFiles/llama-convert-llama2c-to-ggml.dir/convert-llama2c-to-ggml.cpp.o
[ 66%] Building CXX object examples/llava/CMakeFiles/llama-gemma3-cli.dir/gemma3-cli.cpp.o
[ 68%] Building CXX object examples/llava/CMakeFiles/llama-qwen2vl-cli.dir/qwen2vl-cli.cpp.o
[ 68%] Building CXX object examples/llava/CMakeFiles/llama-llava-cli.dir/llava-cli.cpp.o
[ 68%] Building CXX object pocs/vdot/CMakeFiles/llama-vdot.dir/vdot.cpp.o
[ 69%] Building CXX object examples/llava/CMakeFiles/llama-minicpmv-cli.dir/minicpmv-cli.cpp.o
[ 70%] Building CXX object examples/cvector-generator/CMakeFiles/llama-cvector-generator.dir/cvector-generator.cpp.o
[ 71%] Building CXX object examples/sycl/CMakeFiles/llama-ls-sycl-device.dir/ls-sycl-device.cpp.o
[ 72%] Building CXX object examples/llava/CMakeFiles/llama-llava-clip-quantize-cli.dir/clip-quantize-cli.cpp.o
[ 72%] Building CXX object pocs/vdot/CMakeFiles/llama-q8dot.dir/q8dot.cpp.o
[ 72%] Linking CXX executable ../bin/test-model-load-cancel
[ 72%] Linking CXX executable ../../bin/llama-ls-sycl-device
[ 72%] Linking CXX executable ../bin/test-log
[ 73%] Linking CXX executable ../bin/test-autorelease
[ 73%] Linking CXX executable ../bin/test-rope
[ 73%] Linking CXX executable ../bin/test-barrier
[ 74%] Linking CXX executable ../bin/test-quantize-fns
[ 74%] Linking CXX executable ../../bin/llama-llava-clip-quantize-cli
[ 74%] Linking CXX executable ../../bin/llama-lookup-merge
[ 74%] Linking CXX executable ../bin/test-tokenizer-1-bpe
[ 75%] Linking CXX executable ../../bin/llama-gbnf-validator
[ 75%] Linking CXX executable ../bin/test-tokenizer-1-spm
[ 75%] Built target test-log
[ 75%] Linking CXX executable ../../bin/llama-q8dot
[ 76%] Linking CXX executable ../../bin/llama-tokenize
[ 76%] Built target test-autorelease
[ 76%] Built target test-rope
[ 77%] Linking CXX executable ../../bin/llama-vdot
[ 77%] Built target test-barrier
[ 77%] Built target test-model-load-cancel
[ 77%] Built target test-quantize-fns
[ 78%] Linking CXX executable ../../bin/llama-gguf-split
[ 78%] Building CXX object examples/server/CMakeFiles/llama-server.dir/server.cpp.o
[ 78%] Built target llama-ls-sycl-device
[ 79%] Linking CXX executable ../../bin/llama-lookup-create
[ 79%] Linking CXX executable ../../bin/llama-batched
[ 79%] Linking CXX executable ../bin/test-tokenizer-0
[ 80%] Linking CXX executable ../../bin/llama-batched-bench
[ 80%] Built target llama-llava-clip-quantize-cli
[ 81%] Linking CXX executable ../../bin/llama-save-load-state
[ 82%] Linking CXX executable ../../bin/llama-lookup
[ 83%] Linking CXX executable ../../bin/llama-eval-callback
[ 83%] Linking CXX executable ../../bin/llama-gen-docs
[ 83%] Built target test-tokenizer-1-bpe
[ 83%] Built target llama-gbnf-validator
[ 83%] Built target llama-lookup-merge
[ 84%] Linking CXX executable ../bin/test-sampling
[ 85%] Linking CXX executable ../../bin/llama-gritlm
[ 85%] Linking CXX executable ../../bin/llama-gemma3-cli
[ 85%] Linking CXX executable ../../bin/llama-minicpmv-cli
[ 85%] Linking CXX executable ../../bin/llama-lookup-stats
[ 85%] Linking CXX executable ../bin/test-grammar-parser
[ 85%] Built target test-tokenizer-1-spm
[ 85%] Linking CXX executable ../../bin/llama-speculative-simple
[ 86%] Linking CXX executable ../../bin/llama-passkey
[ 86%] Built target llama-tokenize
[ 86%] Linking CXX executable ../../bin/llama-llava-cli
[ 86%] Built target llama-vdot
[ 86%] Built target llama-q8dot
[ 86%] Linking CXX executable ../../bin/llama-embedding
[ 86%] Linking CXX executable ../../bin/llama-qwen2vl-cli
[ 86%] Built target test-tokenizer-0
[ 86%] Linking CXX executable ../bin/test-arg-parser
[ 86%] Built target llama-gguf-split
[ 86%] Built target llama-batched
[ 86%] Built target llama-eval-callback
[ 86%] Linking CXX executable ../../bin/llama-lookahead
[ 86%] Built target llama-lookup-create
[ 87%] Linking CXX executable ../../bin/llama-export-lora
[ 87%] Built target llama-save-load-state
[ 87%] Linking CXX executable ../bin/test-quantize-perf
[ 88%] Linking CXX executable ../bin/test-llama-grammar
[ 89%] Linking CXX executable ../../bin/llama-parallel
[ 89%] Linking CXX executable ../../bin/llama-infill
[ 89%] Built target llama-batched-bench
[ 89%] Built target llama-minicpmv-cli
[ 89%] Built target llama-gritlm
[ 89%] Built target llama-lookup-stats
[ 89%] Built target llama-lookup
[ 89%] Built target llama-gen-docs
[ 89%] Built target llama-llava-cli
[ 89%] Built target test-grammar-parser
[ 89%] Built target llama-gemma3-cli
[ 89%] Built target test-sampling
[ 89%] Linking CXX executable ../../bin/llama-convert-llama2c-to-ggml
[ 89%] Built target llama-embedding
[ 89%] Built target test-arg-parser
[ 89%] Built target llama-qwen2vl-cli
[ 89%] Built target llama-speculative-simple
[ 89%] Linking CXX executable ../../bin/llama-quantize
[ 90%] Linking CXX executable ../../bin/llama-retrieval
[ 90%] Built target llama-passkey
[ 90%] Built target llama-lookahead
[ 90%] Built target test-quantize-perf
[ 90%] Built target test-llama-grammar
[ 90%] Built target llama-export-lora
[ 90%] Built target llama-parallel
[ 91%] Linking CXX executable ../bin/test-gguf
[ 91%] Built target llama-infill
[ 91%] Built target llama-convert-llama2c-to-ggml
[ 91%] Linking CXX executable ../../bin/llama-cvector-generator
[ 91%] Built target llama-quantize
[ 91%] Built target test-gguf
[ 91%] Built target llama-retrieval
[ 92%] Linking CXX executable ../../bin/llama-imatrix
[ 93%] Linking CXX executable ../../bin/llama-cli
[ 94%] Linking CXX executable ../bin/test-chat-template
[ 94%] Linking CXX executable ../../bin/llama-speculative
[ 94%] Built target llama-cvector-generator
[ 94%] Built target llama-imatrix
[ 94%] Built target test-chat-template
[ 94%] Built target llama-cli
[ 94%] Built target llama-speculative
[ 94%] Linking CXX executable ../../bin/llama-run
[ 95%] Linking CXX executable ../../bin/llama-perplexity
[ 95%] Built target llama-run
[ 95%] Built target llama-perplexity
[ 95%] Linking CXX executable ../bin/test-grammar-integration
[ 95%] Built target test-grammar-integration
[ 96%] Linking CXX executable ../../bin/llama-bench
[ 96%] Built target llama-bench
[ 97%] Linking CXX executable ../bin/test-json-schema-to-grammar
[ 98%] Linking CXX executable ../../bin/llama-tts
[ 98%] Built target test-json-schema-to-grammar
[ 98%] Built target llama-tts
[ 98%] Linking CXX executable ../bin/test-chat
[ 98%] Built target test-chat
[ 99%] Linking CXX executable ../bin/test-backend-ops
[ 99%] Built target test-backend-ops
[100%] Linking CXX executable ../../bin/llama-server
[100%] Built target llama-server

real	1m37.639s
user	12m6.777s
sys	0m37.898s
+ '[' -z ']'
+ tee -a /home/zjy/ws/jenkins/workspace/ci-arc770/arthw-llama.cpp/tmp/ci_log/874af051a3d066f5f417a026df8f2a91bdf31ac8/tmp/results/ctest_release-ctest.log
+ ctest --output-on-failure -L main
Test project /home/zjy/ws/jenkins/workspace/ci-arc770/arthw-llama.cpp/build-ci-release
      Start  1: test-tokenizer-0-bert-bge
 1/29 Test  #1: test-tokenizer-0-bert-bge .........   Passed    0.13 sec
      Start  2: test-tokenizer-0-command-r
 2/29 Test  #2: test-tokenizer-0-command-r ........   Passed    0.57 sec
      Start  3: test-tokenizer-0-deepseek-coder
 3/29 Test  #3: test-tokenizer-0-deepseek-coder ...   Passed    0.14 sec
      Start  4: test-tokenizer-0-deepseek-llm
 4/29 Test  #4: test-tokenizer-0-deepseek-llm .....   Passed    0.26 sec
      Start  5: test-tokenizer-0-falcon
 5/29 Test  #5: test-tokenizer-0-falcon ...........   Passed    0.18 sec
      Start  6: test-tokenizer-0-gpt-2
 6/29 Test  #6: test-tokenizer-0-gpt-2 ............   Passed    0.16 sec
      Start  7: test-tokenizer-0-llama-bpe
 7/29 Test  #7: test-tokenizer-0-llama-bpe ........   Passed    0.39 sec
      Start  8: test-tokenizer-0-llama-spm
 8/29 Test  #8: test-tokenizer-0-llama-spm ........   Passed    0.13 sec
      Start  9: test-tokenizer-0-mpt
 9/29 Test  #9: test-tokenizer-0-mpt ..............   Passed    0.17 sec
      Start 10: test-tokenizer-0-phi-3
10/29 Test #10: test-tokenizer-0-phi-3 ............   Passed    0.12 sec
      Start 11: test-tokenizer-0-qwen2
11/29 Test #11: test-tokenizer-0-qwen2 ............   Passed    0.34 sec
      Start 12: test-tokenizer-0-refact
12/29 Test #12: test-tokenizer-0-refact ...........   Passed    0.17 sec
      Start 13: test-tokenizer-0-starcoder
13/29 Test #13: test-tokenizer-0-starcoder ........   Passed    0.17 sec
      Start 14: test-sampling
14/29 Test #14: test-sampling .....................   Passed    1.01 sec
      Start 15: test-grammar-parser
15/29 Test #15: test-grammar-parser ...............   Passed    0.04 sec
      Start 16: test-grammar-integration
16/29 Test #16: test-grammar-integration ..........   Passed    0.04 sec
      Start 17: test-llama-grammar
17/29 Test #17: test-llama-grammar ................   Passed    0.04 sec
      Start 18: test-chat
18/29 Test #18: test-chat .........................   Passed    0.40 sec
      Start 19: test-json-schema-to-grammar
19/29 Test #19: test-json-schema-to-grammar .......   Passed    2.21 sec
      Start 20: test-tokenizer-1-llama-spm
20/29 Test #20: test-tokenizer-1-llama-spm ........   Passed    0.24 sec
      Start 21: test-log
21/29 Test #21: test-log ..........................   Passed    0.05 sec
      Start 22: test-arg-parser
22/29 Test #22: test-arg-parser ...................   Passed    0.12 sec
      Start 23: test-chat-template
23/29 Test #23: test-chat-template ................   Passed    0.11 sec
      Start 24: test-gguf
24/29 Test #24: test-gguf .........................   Passed    0.43 sec
      Start 25: test-backend-ops
25/29 Test #25: test-backend-ops ..................Subprocess aborted***Exception:   1.37 sec
detect 1 SYCL devices:[0] by ONEAPI_DEVICE_SELECTOR=level_zero:0
Running with Environment Variables:
  GGML_SYCL_DEBUG: 0
  GGML_SYCL_DISABLE_OPT: 0
Build with Macros:
  GGML_SYCL_FORCE_MMQ: no
  GGML_SYCL_F16: yes
ggml_sycl_init: SYCL_USE_XMX: yes
found 1 SYCL devices:
Part1:
|ID|        Device Type|  Ver|                                   Name|Global mem size|
|--|-------------------|-----|---------------------------------------|---------------|
| 0| [level_zero:gpu:0]|12.55|                Intel Arc A770 Graphics|         16225M|

Part2:
|ID|Max compute units|Max work group|Max subgroup|                    Driver version|
|--|-----------------|--------------|------------|----------------------------------|
| 0|              512|          1024|          32|                      1.3.29735+27|
SYCL Optimization Feature:
|ID|        Device Type|Reorder|
|--|-------------------|-------|
| 0| [level_zero:gpu:0]|      Y|
Testing 2 devices

Backend 1/2: SYCL0
  Device description: Intel(R) Arc(TM) A770 Graphics
  Device memory: 15473 MB (15473 MB free)

  ABS(type=f16,ne_a=[128,2,2,2],v=0): not supported [SYCL0] 
  ABS(type=f16,ne_a=[5,7,11,13],v=0): not supported [SYCL0] 
  SGN(type=f16,ne_a=[128,2,2,2],v=0): not supported [SYCL0] 
  SGN(type=f16,ne_a=[5,7,11,13],v=0): not supported [SYCL0] 
  NEG(type=f16,ne_a=[128,2,2,2],v=0): /home/zjy/ws/jenkins/workspace/ci-arc770/arthw-llama.cpp/ggml/src/ggml-sycl/element_wise.cpp:741: GGML_ASSERT(src0->type == GGML_TYPE_F32) failed
Could not attach to process.  If your uid matches the uid of the target
process, check the setting of /proc/sys/kernel/yama/ptrace_scope, or try
again as the root user.  For more details, see /etc/sysctl.d/10-ptrace.conf
ptrace: Inappropriate ioctl for device.
No stack.
The program is not being run.

      Start 28: test-barrier
26/29 Test #28: test-barrier ......................   Passed    1.09 sec
      Start 29: test-quantize-fns
27/29 Test #29: test-quantize-fns .................   Passed   12.36 sec
      Start 30: test-quantize-perf
28/29 Test #30: test-quantize-perf ................   Passed    0.09 sec
      Start 31: test-rope
29/29 Test #31: test-rope .........................   Passed    0.10 sec

97% tests passed, 1 tests failed out of 29

Label Time Summary:
main    =  22.62 sec*proc (29 tests)

Total Test time (real) =  22.63 sec

The following tests FAILED:
	 25 - test-backend-ops (Subprocess aborted)
Errors while running CTest

real	0m22.663s
user	0m20.617s
sys	0m3.154s
+ cur=8
+ echo 8
+ set +x
