+ ctest --output-on-failure -L main
Test project /home/zjy/ws/jenkins/workspace/ci-arc770/ggerganov-llama.cpp/build-ci-release
      Start  1: test-tokenizer-0-bert-bge
 1/31 Test  #1: test-tokenizer-0-bert-bge .........   Passed    0.06 sec
      Start  2: test-tokenizer-0-command-r
 2/31 Test  #2: test-tokenizer-0-command-r ........   Passed    0.35 sec
      Start  3: test-tokenizer-0-deepseek-coder
 3/31 Test  #3: test-tokenizer-0-deepseek-coder ...   Passed    0.09 sec
      Start  4: test-tokenizer-0-deepseek-llm
 4/31 Test  #4: test-tokenizer-0-deepseek-llm .....   Passed    0.15 sec
      Start  5: test-tokenizer-0-falcon
 5/31 Test  #5: test-tokenizer-0-falcon ...........   Passed    0.12 sec
      Start  6: test-tokenizer-0-gpt-2
 6/31 Test  #6: test-tokenizer-0-gpt-2 ............   Passed    0.10 sec
      Start  7: test-tokenizer-0-llama-bpe
 7/31 Test  #7: test-tokenizer-0-llama-bpe ........   Passed    0.25 sec
      Start  8: test-tokenizer-0-llama-spm
 8/31 Test  #8: test-tokenizer-0-llama-spm ........   Passed    0.07 sec
      Start  9: test-tokenizer-0-mpt
 9/31 Test  #9: test-tokenizer-0-mpt ..............   Passed    0.10 sec
      Start 10: test-tokenizer-0-phi-3
10/31 Test #10: test-tokenizer-0-phi-3 ............   Passed    0.08 sec
      Start 11: test-tokenizer-0-qwen2
11/31 Test #11: test-tokenizer-0-qwen2 ............   Passed    0.22 sec
      Start 12: test-tokenizer-0-refact
12/31 Test #12: test-tokenizer-0-refact ...........   Passed    0.10 sec
      Start 13: test-tokenizer-0-starcoder
13/31 Test #13: test-tokenizer-0-starcoder ........   Passed    0.10 sec
      Start 14: test-sampling
14/31 Test #14: test-sampling .....................   Passed    0.95 sec
      Start 15: test-grammar-parser
15/31 Test #15: test-grammar-parser ...............   Passed    0.04 sec
      Start 16: test-grammar-integration
16/31 Test #16: test-grammar-integration ..........   Passed    0.03 sec
      Start 17: test-llama-grammar
17/31 Test #17: test-llama-grammar ................   Passed    0.03 sec
      Start 18: test-chat
18/31 Test #18: test-chat .........................   Passed    0.38 sec
      Start 19: test-json-schema-to-grammar
19/31 Test #19: test-json-schema-to-grammar .......   Passed    1.83 sec
      Start 20: test-tokenizer-1-llama-spm
20/31 Test #20: test-tokenizer-1-llama-spm ........   Passed    0.16 sec
      Start 21: test-log
21/31 Test #21: test-log ..........................   Passed    0.04 sec
      Start 22: test-chat-template
22/31 Test #22: test-chat-template ................   Passed    0.10 sec
      Start 23: test-regex-partial
23/31 Test #23: test-regex-partial ................   Passed    0.03 sec
      Start 24: test-arg-parser
24/31 Test #24: test-arg-parser ...................   Passed    0.07 sec
      Start 25: test-gguf
25/31 Test #25: test-gguf .........................   Passed    0.38 sec
      Start 26: test-backend-ops
26/31 Test #26: test-backend-ops ..................   Passed   31.59 sec
      Start 29: test-barrier
27/31 Test #29: test-barrier ......................   Passed    0.93 sec
      Start 30: test-quantize-fns
28/31 Test #30: test-quantize-fns .................   Passed   12.54 sec
      Start 31: test-quantize-perf
29/31 Test #31: test-quantize-perf ................   Passed    0.09 sec
      Start 32: test-rope
30/31 Test #32: test-rope .........................   Passed    0.08 sec
      Start 33: test-mtmd-c-api
31/31 Test #33: test-mtmd-c-api ...................   Passed    0.04 sec

100% tests passed, 0 tests failed out of 31

Label Time Summary:
main    =  51.08 sec*proc (31 tests)

Total Test time (real) =  51.09 sec

real	0m51.097s
user	0m56.977s
sys	0m12.323s
