+ ctest --output-on-failure -L main
Test project /home/zjy/ws/jenkins/workspace/ci-arc770/ggerganov-llama.cpp/build-ci-release
      Start  1: test-tokenizer-0-bert-bge
 1/33 Test  #1: test-tokenizer-0-bert-bge .........   Passed    0.07 sec
      Start  2: test-tokenizer-0-command-r
 2/33 Test  #2: test-tokenizer-0-command-r ........   Passed    0.35 sec
      Start  3: test-tokenizer-0-deepseek-coder
 3/33 Test  #3: test-tokenizer-0-deepseek-coder ...   Passed    0.09 sec
      Start  4: test-tokenizer-0-deepseek-llm
 4/33 Test  #4: test-tokenizer-0-deepseek-llm .....   Passed    0.15 sec
      Start  5: test-tokenizer-0-falcon
 5/33 Test  #5: test-tokenizer-0-falcon ...........   Passed    0.11 sec
      Start  6: test-tokenizer-0-gpt-2
 6/33 Test  #6: test-tokenizer-0-gpt-2 ............   Passed    0.10 sec
      Start  7: test-tokenizer-0-llama-bpe
 7/33 Test  #7: test-tokenizer-0-llama-bpe ........   Passed    0.24 sec
      Start  8: test-tokenizer-0-llama-spm
 8/33 Test  #8: test-tokenizer-0-llama-spm ........   Passed    0.07 sec
      Start  9: test-tokenizer-0-mpt
 9/33 Test  #9: test-tokenizer-0-mpt ..............   Passed    0.10 sec
      Start 10: test-tokenizer-0-phi-3
10/33 Test #10: test-tokenizer-0-phi-3 ............   Passed    0.07 sec
      Start 11: test-tokenizer-0-qwen2
11/33 Test #11: test-tokenizer-0-qwen2 ............   Passed    0.22 sec
      Start 12: test-tokenizer-0-refact
12/33 Test #12: test-tokenizer-0-refact ...........   Passed    0.11 sec
      Start 13: test-tokenizer-0-starcoder
13/33 Test #13: test-tokenizer-0-starcoder ........   Passed    0.11 sec
      Start 14: test-sampling
14/33 Test #14: test-sampling .....................   Passed    0.96 sec
      Start 15: test-grammar-parser
15/33 Test #15: test-grammar-parser ...............   Passed    0.10 sec
      Start 16: test-grammar-integration
16/33 Test #16: test-grammar-integration ..........   Passed    0.03 sec
      Start 17: test-llama-grammar
17/33 Test #17: test-llama-grammar ................   Passed    0.03 sec
      Start 18: test-chat
18/33 Test #18: test-chat .........................   Passed    0.38 sec
      Start 19: test-json-schema-to-grammar
19/33 Test #19: test-json-schema-to-grammar .......   Passed    1.77 sec
      Start 20: test-tokenizer-1-llama-spm
20/33 Test #20: test-tokenizer-1-llama-spm ........   Passed    0.16 sec
      Start 21: test-chat-parser
21/33 Test #21: test-chat-parser ..................   Passed    0.03 sec
      Start 22: test-chat-template
22/33 Test #22: test-chat-template ................   Passed    0.10 sec
      Start 23: test-json-partial
23/33 Test #23: test-json-partial .................   Passed    0.03 sec
      Start 24: test-log
24/33 Test #24: test-log ..........................   Passed    0.04 sec
      Start 25: test-regex-partial
25/33 Test #25: test-regex-partial ................   Passed    0.03 sec
      Start 26: test-arg-parser
26/33 Test #26: test-arg-parser ...................   Passed    0.08 sec
      Start 27: test-gguf
27/33 Test #27: test-gguf .........................   Passed    0.22 sec
      Start 28: test-backend-ops
28/33 Test #28: test-backend-ops ..................   Passed   27.15 sec
      Start 31: test-barrier
29/33 Test #31: test-barrier ......................   Passed    0.93 sec
      Start 32: test-quantize-fns
30/33 Test #32: test-quantize-fns .................   Passed   12.50 sec
      Start 33: test-quantize-perf
31/33 Test #33: test-quantize-perf ................   Passed    0.08 sec
      Start 34: test-rope
32/33 Test #34: test-rope .........................   Passed    0.08 sec
      Start 35: test-mtmd-c-api
33/33 Test #35: test-mtmd-c-api ...................   Passed    0.03 sec

100% tests passed, 0 tests failed out of 33

Label Time Summary:
main    =  46.54 sec*proc (33 tests)

Total Test time (real) =  46.55 sec

real	0m46.561s
user	0m56.130s
sys	0m9.824s
