+ gg_run_ctest_release
+ cd /home/zjy/ws/jenkins/workspace/ci-arc770/arthw-llama.cpp
+ tee /home/zjy/ws/jenkins/workspace/ci-arc770/arthw-llama.cpp/tmp/ci_log/e37b33d4a4de44fb02406ea198345a9e85885dba/tmp/results/ctest_release.log
+ rm -rf build-ci-release
+ mkdir build-ci-release
+ cd build-ci-release
+ set -e
+ tee -a /home/zjy/ws/jenkins/workspace/ci-arc770/arthw-llama.cpp/tmp/ci_log/e37b33d4a4de44fb02406ea198345a9e85885dba/tmp/results/ctest_release-cmake.log
+ cmake -DCMAKE_BUILD_TYPE=Release -DLLAMA_FATAL_WARNINGS=ON -DLLAMA_SYCL=1 DCMAKE_C_COMPILER=icx -DCMAKE_CXX_COMPILER=icpx -DLLAMA_SYCL_F16=ON -DLLAMA_CURL=OFF ..
CMake Warning:
  Ignoring extra path from command line:

   "/home/zjy/ws/jenkins/workspace/ci-arc770/arthw-llama.cpp/build-ci-release/DCMAKE_C_COMPILER=icx"


-- The C compiler identification is GNU 13.3.0
-- The CXX compiler identification is IntelLLVM 2025.2.1
-- Detecting C compiler ABI info
-- Detecting C compiler ABI info - done
-- Check for working C compiler: /usr/bin/cc - skipped
-- Detecting C compile features
-- Detecting C compile features - done
-- Detecting CXX compiler ABI info
-- Detecting CXX compiler ABI info - done
-- Check for working CXX compiler: /opt/intel/oneapi/compiler/2025.2/bin/icpx - skipped
-- Detecting CXX compile features
-- Detecting CXX compile features - done
-- Found Git: /usr/bin/git (found version "2.43.0") 
CMake Warning at CMakeLists.txt:107 (message):
  LLAMA_SYCL is deprecated and will be removed in the future.

  Use GGML_SYCL instead

Call Stack (most recent call first):
  CMakeLists.txt:119 (llama_option_depr)


CMake Warning at CMakeLists.txt:107 (message):
  LLAMA_SYCL_F16 is deprecated and will be removed in the future.

  Use GGML_SYCL_F16 instead

Call Stack (most recent call first):
  CMakeLists.txt:120 (llama_option_depr)


-- Performing Test CMAKE_HAVE_LIBC_PTHREAD
-- Performing Test CMAKE_HAVE_LIBC_PTHREAD - Success
-- Found Threads: TRUE  
-- Warning: ccache not found - consider installing it for faster compilation or disable this warning with GGML_CCACHE=OFF
-- CMAKE_SYSTEM_PROCESSOR: x86_64
-- Including CPU backend
-- Found OpenMP_C: -fopenmp (found version "4.5") 
-- Found OpenMP_CXX: -fiopenmp (found version "5.1") 
-- Found OpenMP: TRUE (found version "4.5")  
-- x86 detected
-- Adding CPU backend variant ggml-cpu: -march=native 
-- GGML_SYCL_TARGET=INTEL
-- Performing Test SUPPORTS_SYCL
-- Performing Test SUPPORTS_SYCL - Success
-- Using oneAPI Release SYCL compiler (icpx).
-- SYCL found
-- DNNL found:1
-- Including SYCL backend
-- Configuring done (1.3s)
-- Generating done (0.1s)
-- Build files have been written to: /home/zjy/ws/jenkins/workspace/ci-arc770/arthw-llama.cpp/build-ci-release

real	0m1.421s
user	0m0.891s
sys	0m0.533s
+ tee -a /home/zjy/ws/jenkins/workspace/ci-arc770/arthw-llama.cpp/tmp/ci_log/e37b33d4a4de44fb02406ea198345a9e85885dba/tmp/results/ctest_release-make.log
+ make -j
[  0%] Generating build details from Git
[  2%] Building CXX object ggml/src/CMakeFiles/ggml-base.dir/ggml-backend.cpp.o
[  2%] Building C object ggml/src/CMakeFiles/ggml-base.dir/ggml-alloc.c.o
[  2%] Building C object examples/gguf-hash/CMakeFiles/xxhash.dir/deps/xxhash/xxhash.c.o
[  2%] Building C object ggml/src/CMakeFiles/ggml-base.dir/ggml.c.o
[  3%] Building CXX object ggml/src/CMakeFiles/ggml-base.dir/gguf.cpp.o
[  4%] Building CXX object ggml/src/CMakeFiles/ggml-base.dir/ggml-opt.cpp.o
[  4%] Building C object examples/gguf-hash/CMakeFiles/sha256.dir/deps/sha256/sha256.c.o
-- Found Git: /usr/bin/git (found version "2.43.0") 
[  4%] Building CXX object ggml/src/CMakeFiles/ggml-base.dir/ggml-threading.cpp.o
[  4%] Building C object ggml/src/CMakeFiles/ggml-base.dir/ggml-quants.c.o
[  5%] Building C object examples/gguf-hash/CMakeFiles/sha1.dir/deps/sha1/sha1.c.o
[  5%] Building CXX object common/CMakeFiles/build_info.dir/build-info.cpp.o
[  5%] Built target build_info
[  5%] Built target sha1
[  5%] Built target sha256
[  5%] Built target xxhash
[  5%] Linking CXX shared library ../../bin/libggml-base.so
[  5%] Built target ggml-base
[  7%] Building C object ggml/src/CMakeFiles/ggml-cpu.dir/ggml-cpu/ggml-cpu.c.o
[  7%] Building CXX object ggml/src/ggml-sycl/CMakeFiles/ggml-sycl.dir/concat.cpp.o
[  8%] Building CXX object ggml/src/ggml-sycl/CMakeFiles/ggml-sycl.dir/convert.cpp.o
[  8%] Building CXX object ggml/src/ggml-sycl/CMakeFiles/ggml-sycl.dir/dmmv.cpp.o
[  8%] Building CXX object ggml/src/ggml-sycl/CMakeFiles/ggml-sycl.dir/conv.cpp.o
[  8%] Building C object ggml/src/CMakeFiles/ggml-cpu.dir/ggml-cpu/ggml-cpu-quants.c.o
[  8%] Building CXX object ggml/src/ggml-sycl/CMakeFiles/ggml-sycl.dir/getrows.cpp.o
[  8%] Building CXX object ggml/src/CMakeFiles/ggml-cpu.dir/ggml-cpu/ggml-cpu-hbm.cpp.o
[  9%] Building CXX object ggml/src/CMakeFiles/ggml-cpu.dir/ggml-cpu/ggml-cpu-traits.cpp.o
[  9%] Building CXX object ggml/src/CMakeFiles/ggml-cpu.dir/ggml-cpu/ggml-cpu.cpp.o
[  9%] Building CXX object ggml/src/ggml-sycl/CMakeFiles/ggml-sycl.dir/cpy.cpp.o
[  8%] Building CXX object ggml/src/ggml-sycl/CMakeFiles/ggml-sycl.dir/common.cpp.o
[ 10%] Building CXX object ggml/src/CMakeFiles/ggml-cpu.dir/ggml-cpu/ggml-cpu-aarch64.cpp.o
[ 11%] Building CXX object ggml/src/ggml-sycl/CMakeFiles/ggml-sycl.dir/ggml-sycl.cpp.o
[ 12%] Building CXX object ggml/src/ggml-sycl/CMakeFiles/ggml-sycl.dir/element_wise.cpp.o
[ 13%] Building CXX object ggml/src/ggml-sycl/CMakeFiles/ggml-sycl.dir/mmq.cpp.o
[ 14%] Building CXX object ggml/src/CMakeFiles/ggml-cpu.dir/ggml-cpu/amx/mmq.cpp.o
[ 13%] Building CXX object ggml/src/CMakeFiles/ggml-cpu.dir/ggml-cpu/amx/amx.cpp.o
[ 15%] Building CXX object ggml/src/ggml-sycl/CMakeFiles/ggml-sycl.dir/gla.cpp.o
[ 15%] Building CXX object ggml/src/CMakeFiles/ggml-cpu.dir/ggml-cpu/llamafile/sgemm.cpp.o
[ 15%] Building CXX object ggml/src/ggml-sycl/CMakeFiles/ggml-sycl.dir/norm.cpp.o
[ 15%] Building CXX object ggml/src/ggml-sycl/CMakeFiles/ggml-sycl.dir/im2col.cpp.o
[ 15%] Building CXX object ggml/src/ggml-sycl/CMakeFiles/ggml-sycl.dir/mmvq.cpp.o
[ 16%] Building CXX object ggml/src/ggml-sycl/CMakeFiles/ggml-sycl.dir/outprod.cpp.o
[ 16%] Building CXX object ggml/src/ggml-sycl/CMakeFiles/ggml-sycl.dir/rope.cpp.o
[ 16%] Building CXX object ggml/src/ggml-sycl/CMakeFiles/ggml-sycl.dir/sycl_device.cpp.o
[ 17%] Building CXX object ggml/src/ggml-sycl/CMakeFiles/ggml-sycl.dir/softmax.cpp.o
[ 18%] Building CXX object ggml/src/ggml-sycl/CMakeFiles/ggml-sycl.dir/sycl_hw.cpp.o
[ 18%] Building CXX object ggml/src/ggml-sycl/CMakeFiles/ggml-sycl.dir/wkv.cpp.o
[ 18%] Building CXX object ggml/src/ggml-sycl/CMakeFiles/ggml-sycl.dir/tsembd.cpp.o
/home/zjy/ws/jenkins/workspace/ci-arc770/arthw-llama.cpp/ggml/src/ggml-sycl/sycl_device.cpp:41:28: warning: comparison of integers of different signs: 'int' and 'unsigned int' [-Wsign-compare]
   41 |     GGML_ASSERT(main_gpu_id<dpct::dev_mgr::instance().device_count());
      |                 ~~~~~~~~~~~^~~~~~~~~~~~~~~~~~~~~~~~~~~~~~~~~~~~~~~~~
/home/zjy/ws/jenkins/workspace/ci-arc770/arthw-llama.cpp/ggml/src/../include/ggml.h:267:30: note: expanded from macro 'GGML_ASSERT'
  267 | #define GGML_ASSERT(x) if (!(x)) GGML_ABORT("GGML_ASSERT(%s) failed", #x)
      |                              ^
/home/zjy/ws/jenkins/workspace/ci-arc770/arthw-llama.cpp/ggml/src/ggml-sycl/sycl_device.cpp:85:23: warning: comparison of integers of different signs: 'int' and 'size_type' (aka 'unsigned long') [-Wsign-compare]
   85 |     for (int i = 0; i < ids.size(); i++) {
      |                     ~ ^ ~~~~~~~~~~
/home/zjy/ws/jenkins/workspace/ci-arc770/arthw-llama.cpp/ggml/src/ggml-sycl/sycl_device.cpp:243:16: warning: ISO C++11 does not allow conversion from string literal to 'char *' [-Wwritable-strings]
  243 |         hint = "detect %d SYCL devices:[%s] by ONEAPI_DEVICE_SELECTOR=%s and "
      |                ^
/home/zjy/ws/jenkins/workspace/ci-arc770/arthw-llama.cpp/ggml/src/ggml-sycl/sycl_device.cpp:249:16: warning: ISO C++11 does not allow conversion from string literal to 'char *' [-Wwritable-strings]
  249 |         hint = "detect %d SYCL devices:[%s] by ONEAPI_DEVICE_SELECTOR=%s\n";
      |                ^
/home/zjy/ws/jenkins/workspace/ci-arc770/arthw-llama.cpp/ggml/src/ggml-sycl/sycl_device.cpp:253:16: warning: ISO C++11 does not allow conversion from string literal to 'char *' [-Wwritable-strings]
  253 |         hint = "detect %d SYCL devices:[%s] by GGML_SYCL_VISIBLE_DEVICES=%s\n";
      |                ^
/home/zjy/ws/jenkins/workspace/ci-arc770/arthw-llama.cpp/ggml/src/ggml-sycl/sycl_device.cpp:257:16: warning: ISO C++11 does not allow conversion from string literal to 'char *' [-Wwritable-strings]
  257 |         hint = "detect %d SYCL level-zero GPUs:[%s] with top Max compute "
      |                ^
6 warnings generated.
/home/zjy/ws/jenkins/workspace/ci-arc770/arthw-llama.cpp/ggml/src/ggml-sycl/mmvq.cpp:500:23: warning: attribute 'intel::reqd_sub_group_size' is deprecated [-Wdeprecated-attributes]
  500 |                     [[intel::reqd_sub_group_size(QK_WARP_SIZE)]] {
      |                       ^
/home/zjy/ws/jenkins/workspace/ci-arc770/arthw-llama.cpp/ggml/src/ggml-sycl/mmvq.cpp:500:23: note: did you mean to use 'sycl::reqd_sub_group_size' instead?
  500 |                     [[intel::reqd_sub_group_size(QK_WARP_SIZE)]] {
      |                       ^~~~~~~~~~~~~~~~~~~~~~~~~~~~~~~~~~~~~~~~
      |                       sycl::reqd_sub_group_size
/home/zjy/ws/jenkins/workspace/ci-arc770/arthw-llama.cpp/ggml/src/ggml-sycl/mmvq.cpp:524:23: warning: attribute 'intel::reqd_sub_group_size' is deprecated [-Wdeprecated-attributes]
  524 |                     [[intel::reqd_sub_group_size(QK_WARP_SIZE)]] {
      |                       ^
/home/zjy/ws/jenkins/workspace/ci-arc770/arthw-llama.cpp/ggml/src/ggml-sycl/mmvq.cpp:524:23: note: did you mean to use 'sycl::reqd_sub_group_size' instead?
  524 |                     [[intel::reqd_sub_group_size(QK_WARP_SIZE)]] {
      |                       ^~~~~~~~~~~~~~~~~~~~~~~~~~~~~~~~~~~~~~~~
      |                       sycl::reqd_sub_group_size
/home/zjy/ws/jenkins/workspace/ci-arc770/arthw-llama.cpp/ggml/src/ggml-sycl/mmvq.cpp:548:23: warning: attribute 'intel::reqd_sub_group_size' is deprecated [-Wdeprecated-attributes]
  548 |                     [[intel::reqd_sub_group_size(QK_WARP_SIZE)]] {
      |                       ^
/home/zjy/ws/jenkins/workspace/ci-arc770/arthw-llama.cpp/ggml/src/ggml-sycl/mmvq.cpp:548:23: note: did you mean to use 'sycl::reqd_sub_group_size' instead?
  548 |                     [[intel::reqd_sub_group_size(QK_WARP_SIZE)]] {
      |                       ^~~~~~~~~~~~~~~~~~~~~~~~~~~~~~~~~~~~~~~~
      |                       sycl::reqd_sub_group_size
/home/zjy/ws/jenkins/workspace/ci-arc770/arthw-llama.cpp/ggml/src/ggml-sycl/norm.cpp:245:39: warning: 'get_pointer' is deprecated: local_accessor::get_pointer() is deprecated, please use get_multi_ptr() [-Wdeprecated-declarations]
  245 |                         s_sum_acc_ct1.get_pointer(), WARP_SIZE);
      |                                       ^
/opt/intel/oneapi/compiler/2025.2/bin/compiler/../../include/sycl/accessor.hpp:2590:3: note: 'get_pointer' has been explicitly marked deprecated here
 2590 |   __SYCL2020_DEPRECATED(
      |   ^
/opt/intel/oneapi/compiler/2025.2/bin/compiler/../../include/sycl/detail/defines_elementary.hpp:62:40: note: expanded from macro '__SYCL2020_DEPRECATED'
   62 | #define __SYCL2020_DEPRECATED(message) __SYCL_DEPRECATED(message)
      |                                        ^
/opt/intel/oneapi/compiler/2025.2/bin/compiler/../../include/sycl/detail/defines_elementary.hpp:53:38: note: expanded from macro '__SYCL_DEPRECATED'
   53 | #define __SYCL_DEPRECATED(message) [[deprecated(message)]]
      |                                      ^
/home/zjy/ws/jenkins/workspace/ci-arc770/arthw-llama.cpp/ggml/src/ggml-sycl/mmvq.cpp:572:23: warning: attribute 'intel::reqd_sub_group_size' is deprecated [-Wdeprecated-attributes]
  572 |                     [[intel::reqd_sub_group_size(QK_WARP_SIZE)]] {
      |                       ^
/home/zjy/ws/jenkins/workspace/ci-arc770/arthw-llama.cpp/ggml/src/ggml-sycl/mmvq.cpp:572:23: note: did you mean to use 'sycl::reqd_sub_group_size' instead?
  572 |                     [[intel::reqd_sub_group_size(QK_WARP_SIZE)]] {
      |                       ^~~~~~~~~~~~~~~~~~~~~~~~~~~~~~~~~~~~~~~~
      |                       sycl::reqd_sub_group_size
/home/zjy/ws/jenkins/workspace/ci-arc770/arthw-llama.cpp/ggml/src/ggml-sycl/mmvq.cpp:596:23: warning: attribute 'intel::reqd_sub_group_size' is deprecated [-Wdeprecated-attributes]
  596 |                     [[intel::reqd_sub_group_size(QK_WARP_SIZE)]] {
      |                       ^
/home/zjy/ws/jenkins/workspace/ci-arc770/arthw-llama.cpp/ggml/src/ggml-sycl/mmvq.cpp:596:23: note: did you mean to use 'sycl::reqd_sub_group_size' instead?
  596 |                     [[intel::reqd_sub_group_size(QK_WARP_SIZE)]] {
      |                       ^~~~~~~~~~~~~~~~~~~~~~~~~~~~~~~~~~~~~~~~
      |                       sycl::reqd_sub_group_size
/home/zjy/ws/jenkins/workspace/ci-arc770/arthw-llama.cpp/ggml/src/ggml-sycl/mmvq.cpp:620:23: warning: attribute 'intel::reqd_sub_group_size' is deprecated [-Wdeprecated-attributes]
  620 |                     [[intel::reqd_sub_group_size(QK_WARP_SIZE)]] {
      |                       ^
/home/zjy/ws/jenkins/workspace/ci-arc770/arthw-llama.cpp/ggml/src/ggml-sycl/mmvq.cpp:620:23: note: did you mean to use 'sycl::reqd_sub_group_size' instead?
  620 |                     [[intel::reqd_sub_group_size(QK_WARP_SIZE)]] {
      |                       ^~~~~~~~~~~~~~~~~~~~~~~~~~~~~~~~~~~~~~~~
      |                       sycl::reqd_sub_group_size
/home/zjy/ws/jenkins/workspace/ci-arc770/arthw-llama.cpp/ggml/src/ggml-sycl/mmvq.cpp:644:23: warning: attribute 'intel::reqd_sub_group_size' is deprecated [-Wdeprecated-attributes]
  644 |                     [[intel::reqd_sub_group_size(QK_WARP_SIZE)]] {
      |                       ^
/home/zjy/ws/jenkins/workspace/ci-arc770/arthw-llama.cpp/ggml/src/ggml-sycl/mmvq.cpp:644:23: note: did you mean to use 'sycl::reqd_sub_group_size' instead?
  644 |                     [[intel::reqd_sub_group_size(QK_WARP_SIZE)]] {
      |                       ^~~~~~~~~~~~~~~~~~~~~~~~~~~~~~~~~~~~~~~~
      |                       sycl::reqd_sub_group_size
/home/zjy/ws/jenkins/workspace/ci-arc770/arthw-llama.cpp/ggml/src/ggml-sycl/mmvq.cpp:668:23: warning: attribute 'intel::reqd_sub_group_size' is deprecated [-Wdeprecated-attributes]
  668 |                     [[intel::reqd_sub_group_size(QK_WARP_SIZE)]] {
      |                       ^
/home/zjy/ws/jenkins/workspace/ci-arc770/arthw-llama.cpp/ggml/src/ggml-sycl/mmvq.cpp:668:23: note: did you mean to use 'sycl::reqd_sub_group_size' instead?
  668 |                     [[intel::reqd_sub_group_size(QK_WARP_SIZE)]] {
      |                       ^~~~~~~~~~~~~~~~~~~~~~~~~~~~~~~~~~~~~~~~
      |                       sycl::reqd_sub_group_size
/home/zjy/ws/jenkins/workspace/ci-arc770/arthw-llama.cpp/ggml/src/ggml-sycl/mmvq.cpp:692:23: warning: attribute 'intel::reqd_sub_group_size' is deprecated [-Wdeprecated-attributes]
  692 |                     [[intel::reqd_sub_group_size(QK_WARP_SIZE)]] {
      |                       ^
/home/zjy/ws/jenkins/workspace/ci-arc770/arthw-llama.cpp/ggml/src/ggml-sycl/mmvq.cpp:692:23: note: did you mean to use 'sycl::reqd_sub_group_size' instead?
  692 |                     [[intel::reqd_sub_group_size(QK_WARP_SIZE)]] {
      |                       ^~~~~~~~~~~~~~~~~~~~~~~~~~~~~~~~~~~~~~~~
      |                       sycl::reqd_sub_group_size
/home/zjy/ws/jenkins/workspace/ci-arc770/arthw-llama.cpp/ggml/src/ggml-sycl/mmvq.cpp:716:23: warning: attribute 'intel::reqd_sub_group_size' is deprecated [-Wdeprecated-attributes]
  716 |                     [[intel::reqd_sub_group_size(QK_WARP_SIZE)]] {
      |                       ^
/home/zjy/ws/jenkins/workspace/ci-arc770/arthw-llama.cpp/ggml/src/ggml-sycl/mmvq.cpp:716:23: note: did you mean to use 'sycl::reqd_sub_group_size' instead?
  716 |                     [[intel::reqd_sub_group_size(QK_WARP_SIZE)]] {
      |                       ^~~~~~~~~~~~~~~~~~~~~~~~~~~~~~~~~~~~~~~~
      |                       sycl::reqd_sub_group_size
/home/zjy/ws/jenkins/workspace/ci-arc770/arthw-llama.cpp/ggml/src/ggml-sycl/mmvq.cpp:739:23: warning: attribute 'intel::reqd_sub_group_size' is deprecated [-Wdeprecated-attributes]
  739 |                     [[intel::reqd_sub_group_size(QK_WARP_SIZE)]] {
      |                       ^
/home/zjy/ws/jenkins/workspace/ci-arc770/arthw-llama.cpp/ggml/src/ggml-sycl/mmvq.cpp:739:23: note: did you mean to use 'sycl::reqd_sub_group_size' instead?
  739 |                     [[intel::reqd_sub_group_size(QK_WARP_SIZE)]] {
      |                       ^~~~~~~~~~~~~~~~~~~~~~~~~~~~~~~~~~~~~~~~
      |                       sycl::reqd_sub_group_size
/home/zjy/ws/jenkins/workspace/ci-arc770/arthw-llama.cpp/ggml/src/ggml-sycl/mmvq.cpp:760:23: warning: attribute 'intel::reqd_sub_group_size' is deprecated [-Wdeprecated-attributes]
  760 |                     [[intel::reqd_sub_group_size(QK_WARP_SIZE)]] {
      |                       ^
/home/zjy/ws/jenkins/workspace/ci-arc770/arthw-llama.cpp/ggml/src/ggml-sycl/mmvq.cpp:760:23: note: did you mean to use 'sycl::reqd_sub_group_size' instead?
  760 |                     [[intel::reqd_sub_group_size(QK_WARP_SIZE)]] {
      |                       ^~~~~~~~~~~~~~~~~~~~~~~~~~~~~~~~~~~~~~~~
      |                       sycl::reqd_sub_group_size
/home/zjy/ws/jenkins/workspace/ci-arc770/arthw-llama.cpp/ggml/src/ggml-sycl/mmvq.cpp:782:23: warning: attribute 'intel::reqd_sub_group_size' is deprecated [-Wdeprecated-attributes]
  782 |                     [[intel::reqd_sub_group_size(QK_WARP_SIZE)]] {
      |                       ^
/home/zjy/ws/jenkins/workspace/ci-arc770/arthw-llama.cpp/ggml/src/ggml-sycl/mmvq.cpp:782:23: note: did you mean to use 'sycl::reqd_sub_group_size' instead?
  782 |                     [[intel::reqd_sub_group_size(QK_WARP_SIZE)]] {
      |                       ^~~~~~~~~~~~~~~~~~~~~~~~~~~~~~~~~~~~~~~~
      |                       sycl::reqd_sub_group_size
/home/zjy/ws/jenkins/workspace/ci-arc770/arthw-llama.cpp/ggml/src/ggml-sycl/mmvq.cpp:804:23: warning: attribute 'intel::reqd_sub_group_size' is deprecated [-Wdeprecated-attributes]
  804 |                     [[intel::reqd_sub_group_size(QK_WARP_SIZE)]] {
      |                       ^
/home/zjy/ws/jenkins/workspace/ci-arc770/arthw-llama.cpp/ggml/src/ggml-sycl/mmvq.cpp:804:23: note: did you mean to use 'sycl::reqd_sub_group_size' instead?
  804 |                     [[intel::reqd_sub_group_size(QK_WARP_SIZE)]] {
      |                       ^~~~~~~~~~~~~~~~~~~~~~~~~~~~~~~~~~~~~~~~
      |                       sycl::reqd_sub_group_size
/home/zjy/ws/jenkins/workspace/ci-arc770/arthw-llama.cpp/ggml/src/ggml-sycl/mmvq.cpp:826:23: warning: attribute 'intel::reqd_sub_group_size' is deprecated [-Wdeprecated-attributes]
  826 |                     [[intel::reqd_sub_group_size(QK_WARP_SIZE)]] {
      |                       ^
/home/zjy/ws/jenkins/workspace/ci-arc770/arthw-llama.cpp/ggml/src/ggml-sycl/mmvq.cpp:826:23: note: did you mean to use 'sycl::reqd_sub_group_size' instead?
  826 |                     [[intel::reqd_sub_group_size(QK_WARP_SIZE)]] {
      |                       ^~~~~~~~~~~~~~~~~~~~~~~~~~~~~~~~~~~~~~~~
      |                       sycl::reqd_sub_group_size
/home/zjy/ws/jenkins/workspace/ci-arc770/arthw-llama.cpp/ggml/src/ggml-sycl/mmvq.cpp:848:23: warning: attribute 'intel::reqd_sub_group_size' is deprecated [-Wdeprecated-attributes]
  848 |                     [[intel::reqd_sub_group_size(QK_WARP_SIZE)]] {
      |                       ^
/home/zjy/ws/jenkins/workspace/ci-arc770/arthw-llama.cpp/ggml/src/ggml-sycl/mmvq.cpp:848:23: note: did you mean to use 'sycl::reqd_sub_group_size' instead?
  848 |                     [[intel::reqd_sub_group_size(QK_WARP_SIZE)]] {
      |                       ^~~~~~~~~~~~~~~~~~~~~~~~~~~~~~~~~~~~~~~~
      |                       sycl::reqd_sub_group_size
/home/zjy/ws/jenkins/workspace/ci-arc770/arthw-llama.cpp/ggml/src/ggml-sycl/mmvq.cpp:869:23: warning: /home/zjy/ws/jenkins/workspace/ci-arc770/arthw-llama.cpp/ggml/src/ggml-sycl/norm.cppattribute 'intel::reqd_sub_group_size' is deprecated [-Wdeprecated-attributes]
:289:39: warning: 'get_pointer' is deprecated: local_accessor::get_pointer() is deprecated, please use get_multi_ptr() [-Wdeprecated-declarations]
  289 |                         s_sum_acc_ct1.get_pointer(), WARP_SIZE);
      |                                       ^
/opt/intel/oneapi/compiler/2025.2/bin/compiler/../../include/sycl/accessor.hpp:2590:3: note: 'get_pointer' has been explicitly marked deprecated here
 2590 |   __SYCL2020_DEPRECATED(
      |   ^
/opt/intel/oneapi/compiler/2025.2/bin/compiler/../../include/sycl/detail/defines_elementary.hpp:62:40: note: expanded from macro '__SYCL2020_DEPRECATED'
   62 | #define __SYCL2020_DEPRECATED(message) __SYCL_DEPRECATED(message)
      |                                        ^
/opt/intel/oneapi/compiler/2025.2/bin/compiler/../../include/sycl/detail/defines_elementary.hpp:53:38: note: expanded from macro '__SYCL_DEPRECATED'
   53 | #define __SYCL_DEPRECATED(message) [[deprecated(message)]]
      |                                      ^
  869 |                     [[intel::reqd_sub_group_size(QK_WARP_SIZE)]] {
      |                       ^
/home/zjy/ws/jenkins/workspace/ci-arc770/arthw-llama.cpp/ggml/src/ggml-sycl/mmvq.cpp:869:23: note: did you mean to use 'sycl::reqd_sub_group_size' instead?
  869 |                     [[intel::reqd_sub_group_size(QK_WARP_SIZE)]] {
      |                       ^~~~~~~~~~~~~~~~~~~~~~~~~~~~~~~~~~~~~~~~
      |                       sycl::reqd_sub_group_size
/home/zjy/ws/jenkins/workspace/ci-arc770/arthw-llama.cpp/ggml/src/ggml-sycl/mmvq.cpp:891:23: warning: attribute 'intel::reqd_sub_group_size' is deprecated [-Wdeprecated-attributes]
  891 |                     [[intel::reqd_sub_group_size(QK_WARP_SIZE)]] {
      |                       ^
/home/zjy/ws/jenkins/workspace/ci-arc770/arthw-llama.cpp/ggml/src/ggml-sycl/mmvq.cpp:891:23: note: did you mean to use 'sycl::reqd_sub_group_size' instead?
  891 |                     [[intel::reqd_sub_group_size(QK_WARP_SIZE)]] {
      |                       ^~~~~~~~~~~~~~~~~~~~~~~~~~~~~~~~~~~~~~~~
      |                       sycl::reqd_sub_group_size
/home/zjy/ws/jenkins/workspace/ci-arc770/arthw-llama.cpp/ggml/src/ggml-sycl/mmvq.cpp:913:23: warning: attribute 'intel::reqd_sub_group_size' is deprecated [-Wdeprecated-attributes]
  913 |                     [[intel::reqd_sub_group_size(QK_WARP_SIZE)]] {
      |                       ^
/home/zjy/ws/jenkins/workspace/ci-arc770/arthw-llama.cpp/ggml/src/ggml-sycl/mmvq.cpp:913:23: note: did you mean to use 'sycl::reqd_sub_group_size' instead?
  913 |                     [[intel::reqd_sub_group_size(QK_WARP_SIZE)]] {
      |                       ^~~~~~~~~~~~~~~~~~~~~~~~~~~~~~~~~~~~~~~~
      |                       sycl::reqd_sub_group_size
/home/zjy/ws/jenkins/workspace/ci-arc770/arthw-llama.cpp/ggml/src/ggml-sycl/norm.cpp:337:39: warning: 'get_pointer' is deprecated: local_accessor::get_pointer() is deprecated, please use get_multi_ptr() [-Wdeprecated-declarations]
  337 |                         s_sum_acc_ct1.get_pointer(), WARP_SIZE);
      |                                       ^
/opt/intel/oneapi/compiler/2025.2/bin/compiler/../../include/sycl/accessor.hpp:2590:3: note: 'get_pointer' has been explicitly marked deprecated here
 2590 |   __SYCL2020_DEPRECATED(
      |   ^
/opt/intel/oneapi/compiler/2025.2/bin/compiler/../../include/sycl/detail/defines_elementary.hpp:62:40: note: expanded from macro '__SYCL2020_DEPRECATED'
   62 | #define __SYCL2020_DEPRECATED(message) __SYCL_DEPRECATED(message)
      |                                        ^
/opt/intel/oneapi/compiler/2025.2/bin/compiler/../../include/sycl/detail/defines_elementary.hpp:53:38: note: expanded from macro '__SYCL_DEPRECATED'
   53 | #define __SYCL_DEPRECATED(message) [[deprecated(message)]]
      |                                      ^
/home/zjy/ws/jenkins/workspace/ci-arc770/arthw-llama.cpp/ggml/src/ggml-sycl/norm.cpp:376:19: warning: attribute 'intel::reqd_sub_group_size' is deprecated [-Wdeprecated-attributes]
  376 |                 [[intel::reqd_sub_group_size(WARP_SIZE)]] {
      |                   ^
/home/zjy/ws/jenkins/workspace/ci-arc770/arthw-llama.cpp/ggml/src/ggml-sycl/norm.cpp:376:19: note: did you mean to use 'sycl::reqd_sub_group_size' instead?
  376 |                 [[intel::reqd_sub_group_size(WARP_SIZE)]] {
      |                   ^~~~~~~~~~~~~~~~~~~~~~~~~~~~~~~~~~~~~
      |                   sycl::reqd_sub_group_size
/home/zjy/ws/jenkins/workspace/ci-arc770/arthw-llama.cpp/ggml/src/ggml-sycl/norm.cpp:398:19: warning: attribute 'intel::reqd_sub_group_size' is deprecated [-Wdeprecated-attributes]
  398 |                 [[intel::reqd_sub_group_size(WARP_SIZE)]] {
      |                   ^
/home/zjy/ws/jenkins/workspace/ci-arc770/arthw-llama.cpp/ggml/src/ggml-sycl/norm.cpp:398:19: note: did you mean to use 'sycl::reqd_sub_group_size' instead?
  398 |                 [[intel::reqd_sub_group_size(WARP_SIZE)]] {
      |                   ^~~~~~~~~~~~~~~~~~~~~~~~~~~~~~~~~~~~~
      |                   sycl::reqd_sub_group_size
5 warnings generated.
/home/zjy/ws/jenkins/workspace/ci-arc770/arthw-llama.cpp/ggml/src/ggml-sycl/dmmv.cpp:219:19: warning: attribute 'intel::reqd_sub_group_size' is deprecated [-Wdeprecated-attributes]
  219 |                 [[intel::reqd_sub_group_size(WARP_32_SIZE)]] {
      |                   ^
/home/zjy/ws/jenkins/workspace/ci-arc770/arthw-llama.cpp/ggml/src/ggml-sycl/dmmv.cpp:219:19: note: did you mean to use 'sycl::reqd_sub_group_size' instead?
  219 |                 [[intel::reqd_sub_group_size(WARP_32_SIZE)]] {
      |                   ^~~~~~~~~~~~~~~~~~~~~~~~~~~~~~~~~~~~~~~~
      |                   sycl::reqd_sub_group_size
/home/zjy/ws/jenkins/workspace/ci-arc770/arthw-llama.cpp/ggml/src/ggml-sycl/dmmv.cpp:228:19: warning: attribute 'intel::reqd_sub_group_size' is deprecated [-Wdeprecated-attributes]
  228 |                 [[intel::reqd_sub_group_size(WARP_SIZE)]] {
      |                   ^
/home/zjy/ws/jenkins/workspace/ci-arc770/arthw-llama.cpp/ggml/src/ggml-sycl/dmmv.cpp:228:19: note: did you mean to use 'sycl::reqd_sub_group_size' instead?
  228 |                 [[intel::reqd_sub_group_size(WARP_SIZE)]] {
      |                   ^~~~~~~~~~~~~~~~~~~~~~~~~~~~~~~~~~~~~
      |                   sycl::reqd_sub_group_size
/home/zjy/ws/jenkins/workspace/ci-arc770/arthw-llama.cpp/ggml/src/ggml-sycl/dmmv.cpp:920:46: warning: attribute 'intel::reqd_sub_group_size' is deprecated [-Wdeprecated-attributes]
  920 |             [=](sycl::nd_item<3> item_ct1) [[intel::reqd_sub_group_size(WARP_32_SIZE)]] {
      |                                              ^
/home/zjy/ws/jenkins/workspace/ci-arc770/arthw-llama.cpp/ggml/src/ggml-sycl/dmmv.cpp:920:46: note: did you mean to use 'sycl::reqd_sub_group_size' instead?
  920 |             [=](sycl::nd_item<3> item_ct1) [[intel::reqd_sub_group_size(WARP_32_SIZE)]] {
      |                                              ^~~~~~~~~~~~~~~~~~~~~~~~~~~~~~~~~~~~~~~~
      |                                              sycl::reqd_sub_group_size
/home/zjy/ws/jenkins/workspace/ci-arc770/arthw-llama.cpp/ggml/src/ggml-sycl/dmmv.cpp:950:46: warning: attribute 'intel::reqd_sub_group_size' is deprecated [-Wdeprecated-attributes]
  950 |             [=](sycl::nd_item<3> item_ct1) [[intel::reqd_sub_group_size(WARP_32_SIZE)]] {
      |                                              ^
/home/zjy/ws/jenkins/workspace/ci-arc770/arthw-llama.cpp/ggml/src/ggml-sycl/dmmv.cpp:950:46: note: did you mean to use 'sycl::reqd_sub_group_size' instead?
  950 |             [=](sycl::nd_item<3> item_ct1) [[intel::reqd_sub_group_size(WARP_32_SIZE)]] {
      |                                              ^~~~~~~~~~~~~~~~~~~~~~~~~~~~~~~~~~~~~~~~
      |                                              sycl::reqd_sub_group_size
/home/zjy/ws/jenkins/workspace/ci-arc770/arthw-llama.cpp/ggml/src/ggml-sycl/dmmv.cpp:978:46: warning: attribute 'intel::reqd_sub_group_size' is deprecated [-Wdeprecated-attributes]
  978 |             [=](sycl::nd_item<3> item_ct1) [[intel::reqd_sub_group_size(WARP_32_SIZE)]] {
      |                                              ^
/home/zjy/ws/jenkins/workspace/ci-arc770/arthw-llama.cpp/ggml/src/ggml-sycl/dmmv.cpp:978:46: note: did you mean to use 'sycl::reqd_sub_group_size' instead?
  978 |             [=](sycl::nd_item<3> item_ct1) [[intel::reqd_sub_group_size(WARP_32_SIZE)]] {
      |                                              ^~~~~~~~~~~~~~~~~~~~~~~~~~~~~~~~~~~~~~~~
      |                                              sycl::reqd_sub_group_size
/home/zjy/ws/jenkins/workspace/ci-arc770/arthw-llama.cpp/ggml/src/ggml-sycl/dmmv.cpp:1006:46: warning: attribute 'intel::reqd_sub_group_size' is deprecated [-Wdeprecated-attributes]
 1006 |             [=](sycl::nd_item<3> item_ct1) [[intel::reqd_sub_group_size(WARP_32_SIZE)]] {
      |                                              ^
/home/zjy/ws/jenkins/workspace/ci-arc770/arthw-llama.cpp/ggml/src/ggml-sycl/dmmv.cpp:1006:46: note: did you mean to use 'sycl::reqd_sub_group_size' instead?
 1006 |             [=](sycl::nd_item<3> item_ct1) [[intel::reqd_sub_group_size(WARP_32_SIZE)]] {
      |                                              ^~~~~~~~~~~~~~~~~~~~~~~~~~~~~~~~~~~~~~~~
      |                                              sycl::reqd_sub_group_size
/home/zjy/ws/jenkins/workspace/ci-arc770/arthw-llama.cpp/ggml/src/ggml-sycl/dmmv.cpp:1033:46: warning: attribute 'intel::reqd_sub_group_size' is deprecated [-Wdeprecated-attributes]
 1033 |             [=](sycl::nd_item<3> item_ct1) [[intel::reqd_sub_group_size(WARP_32_SIZE)]] {
      |                                              ^
/home/zjy/ws/jenkins/workspace/ci-arc770/arthw-llama.cpp/ggml/src/ggml-sycl/dmmv.cpp:1033:46: note: did you mean to use 'sycl::reqd_sub_group_size' instead?
 1033 |             [=](sycl::nd_item<3> item_ct1) [[intel::reqd_sub_group_size(WARP_32_SIZE)]] {
      |                                              ^~~~~~~~~~~~~~~~~~~~~~~~~~~~~~~~~~~~~~~~
      |                                              sycl::reqd_sub_group_size
/home/zjy/ws/jenkins/workspace/ci-arc770/arthw-llama.cpp/ggml/src/ggml-sycl/dmmv.cpp:1059:42: warning: attribute 'intel::reqd_sub_group_size' is deprecated [-Wdeprecated-attributes]
 1059 |         [=](sycl::nd_item<3> item_ct1) [[intel::reqd_sub_group_size(WARP_32_SIZE)]] {
      |                                          ^
/home/zjy/ws/jenkins/workspace/ci-arc770/arthw-llama.cpp/ggml/src/ggml-sycl/dmmv.cpp:1059:42: note: did you mean to use 'sycl::reqd_sub_group_size' instead?
 1059 |         [=](sycl::nd_item<3> item_ct1) [[intel::reqd_sub_group_size(WARP_32_SIZE)]] {
      |                                          ^~~~~~~~~~~~~~~~~~~~~~~~~~~~~~~~~~~~~~~~
      |                                          sycl::reqd_sub_group_size
/home/zjy/ws/jenkins/workspace/ci-arc770/arthw-llama.cpp/ggml/src/ggml-sycl/dmmv.cpp:1075:42: warning: attribute 'intel::reqd_sub_group_size' is deprecated [-Wdeprecated-attributes]
 1075 |         [=](sycl::nd_item<3> item_ct1) [[intel::reqd_sub_group_size(WARP_32_SIZE)]] {
      |                                          ^
/home/zjy/ws/jenkins/workspace/ci-arc770/arthw-llama.cpp/ggml/src/ggml-sycl/dmmv.cpp:1075:42: note: did you mean to use 'sycl::reqd_sub_group_size' instead?
 1075 |         [=](sycl::nd_item<3> item_ct1) [[intel::reqd_sub_group_size(WARP_32_SIZE)]] {
      |                                          ^~~~~~~~~~~~~~~~~~~~~~~~~~~~~~~~~~~~~~~~
      |                                          sycl::reqd_sub_group_size
/home/zjy/ws/jenkins/workspace/ci-arc770/arthw-llama.cpp/ggml/src/ggml-sycl/dmmv.cpp:1091:42: warning: attribute 'intel::reqd_sub_group_size' is deprecated [-Wdeprecated-attributes]
 1091 |         [=](sycl::nd_item<3> item_ct1) [[intel::reqd_sub_group_size(WARP_32_SIZE)]] {
      |                                          ^
/home/zjy/ws/jenkins/workspace/ci-arc770/arthw-llama.cpp/ggml/src/ggml-sycl/dmmv.cpp:1091:42: note: did you mean to use 'sycl::reqd_sub_group_size' instead?
 1091 |         [=](sycl::nd_item<3> item_ct1) [[intel::reqd_sub_group_size(WARP_32_SIZE)]] {
      |                                          ^~~~~~~~~~~~~~~~~~~~~~~~~~~~~~~~~~~~~~~~
      |                                          sycl::reqd_sub_group_size
/home/zjy/ws/jenkins/workspace/ci-arc770/arthw-llama.cpp/ggml/src/ggml-sycl/dmmv.cpp:1104:42: warning: attribute 'intel::reqd_sub_group_size' is deprecated [-Wdeprecated-attributes]
 1104 |         [=](sycl::nd_item<3> item_ct1) [[intel::reqd_sub_group_size(WARP_32_SIZE)]] {
      |                                          ^
/home/zjy/ws/jenkins/workspace/ci-arc770/arthw-llama.cpp/ggml/src/ggml-sycl/dmmv.cpp:1104:42: note: did you mean to use 'sycl::reqd_sub_group_size' instead?
 1104 |         [=](sycl::nd_item<3> item_ct1) [[intel::reqd_sub_group_size(WARP_32_SIZE)]] {
      |                                          ^~~~~~~~~~~~~~~~~~~~~~~~~~~~~~~~~~~~~~~~
      |                                          sycl::reqd_sub_group_size
/home/zjy/ws/jenkins/workspace/ci-arc770/arthw-llama.cpp/ggml/src/ggml-sycl/dmmv.cpp:1120:42: warning: attribute 'intel::reqd_sub_group_size' is deprecated [-Wdeprecated-attributes]
 1120 |         [=](sycl::nd_item<3> item_ct1) [[intel::reqd_sub_group_size(WARP_32_SIZE)]] {
      |                                          ^
/home/zjy/ws/jenkins/workspace/ci-arc770/arthw-llama.cpp/ggml/src/ggml-sycl/dmmv.cpp:1120:42: note: did you mean to use 'sycl::reqd_sub_group_size' instead?
 1120 |         [=](sycl::nd_item<3> item_ct1) [[intel::reqd_sub_group_size(WARP_32_SIZE)]] {
      |                                          ^~~~~~~~~~~~~~~~~~~~~~~~~~~~~~~~~~~~~~~~
      |                                          sycl::reqd_sub_group_size
19 warnings generated.
12 warnings generated.
/home/zjy/ws/jenkins/workspace/ci-arc770/arthw-llama.cpp/ggml/src/ggml-sycl/sycl_device.cpp:41:28: warning: comparison of integers of different signs: 'int' and 'unsigned int' [-Wsign-compare]
   41 |     GGML_ASSERT(main_gpu_id<dpct::dev_mgr::instance().device_count());
      |                 ~~~~~~~~~~~^~~~~~~~~~~~~~~~~~~~~~~~~~~~~~~~~~~~~~~~~
/home/zjy/ws/jenkins/workspace/ci-arc770/arthw-llama.cpp/ggml/src/../include/ggml.h:267:30: note: expanded from macro 'GGML_ASSERT'
  267 | #define GGML_ASSERT(x) if (!(x)) GGML_ABORT("GGML_ASSERT(%s) failed", #x)
      |                              ^
/home/zjy/ws/jenkins/workspace/ci-arc770/arthw-llama.cpp/ggml/src/ggml-sycl/sycl_device.cpp:85:23: warning: comparison of integers of different signs: 'int' and 'size_type' (aka 'unsigned long') [-Wsign-compare]
   85 |     for (int i = 0; i < ids.size(); i++) {
      |                     ~ ^ ~~~~~~~~~~
/home/zjy/ws/jenkins/workspace/ci-arc770/arthw-llama.cpp/ggml/src/ggml-sycl/sycl_device.cpp:243:16: warning: ISO C++11 does not allow conversion from string literal to 'char *' [-Wwritable-strings]
  243 |         hint = "detect %d SYCL devices:[%s] by ONEAPI_DEVICE_SELECTOR=%s and "
      |                ^
/home/zjy/ws/jenkins/workspace/ci-arc770/arthw-llama.cpp/ggml/src/ggml-sycl/sycl_device.cpp:249:16: warning: ISO C++11 does not allow conversion from string literal to 'char *' [-Wwritable-strings]
  249 |         hint = "detect %d SYCL devices:[%s] by ONEAPI_DEVICE_SELECTOR=%s\n";
      |                ^
/home/zjy/ws/jenkins/workspace/ci-arc770/arthw-llama.cpp/ggml/src/ggml-sycl/sycl_device.cpp:253:16: warning: ISO C++11 does not allow conversion from string literal to 'char *' [-Wwritable-strings]
  253 |         hint = "detect %d SYCL devices:[%s] by GGML_SYCL_VISIBLE_DEVICES=%s\n";
      |                ^
/home/zjy/ws/jenkins/workspace/ci-arc770/arthw-llama.cpp/ggml/src/ggml-sycl/sycl_device.cpp:257:16: warning: ISO C++11 does not allow conversion from string literal to 'char *' [-Wwritable-strings]
  257 |         hint = "detect %d SYCL level-zero GPUs:[%s] with top Max compute "
      |                ^
[ 18%] Linking CXX shared library ../../bin/libggml-cpu.so
[ 18%] Built target ggml-cpu
/home/zjy/ws/jenkins/workspace/ci-arc770/arthw-llama.cpp/ggml/src/ggml-sycl/norm.cpp:245:39: warning: 'get_pointer' is deprecated: local_accessor::get_pointer() is deprecated, please use get_multi_ptr() [-Wdeprecated-declarations]
  245 |                         s_sum_acc_ct1.get_pointer(), WARP_SIZE);
      |                                       ^
/opt/intel/oneapi/compiler/2025.2/bin/compiler/../../include/sycl/accessor.hpp:2590:3: note: 'get_pointer' has been explicitly marked deprecated here
 2590 |   __SYCL2020_DEPRECATED(
      |   ^
/opt/intel/oneapi/compiler/2025.2/bin/compiler/../../include/sycl/detail/defines_elementary.hpp:62:40: note: expanded from macro '__SYCL2020_DEPRECATED'
   62 | #define __SYCL2020_DEPRECATED(message) __SYCL_DEPRECATED(message)
      |                                        ^
/opt/intel/oneapi/compiler/2025.2/bin/compiler/../../include/sycl/detail/defines_elementary.hpp:53:38: note: expanded from macro '__SYCL_DEPRECATED'
   53 | #define __SYCL_DEPRECATED(message) [[deprecated(message)]]
      |                                      ^
/home/zjy/ws/jenkins/workspace/ci-arc770/arthw-llama.cpp/ggml/src/ggml-sycl/norm.cpp:289:39: warning: 'get_pointer' is deprecated: local_accessor::get_pointer() is deprecated, please use get_multi_ptr() [-Wdeprecated-declarations]
  289 |                         s_sum_acc_ct1.get_pointer(), WARP_SIZE);
      |                                       ^
/opt/intel/oneapi/compiler/2025.2/bin/compiler/../../include/sycl/accessor.hpp:2590:3: note: 'get_pointer' has been explicitly marked deprecated here
 2590 |   __SYCL2020_DEPRECATED(
      |   ^
/opt/intel/oneapi/compiler/2025.2/bin/compiler/../../include/sycl/detail/defines_elementary.hpp:62:40: note: expanded from macro '__SYCL2020_DEPRECATED'
   62 | #define __SYCL2020_DEPRECATED(message) __SYCL_DEPRECATED(message)
      |                                        ^
/opt/intel/oneapi/compiler/2025.2/bin/compiler/../../include/sycl/detail/defines_elementary.hpp:53:38: note: expanded from macro '__SYCL_DEPRECATED'
   53 | #define __SYCL_DEPRECATED(message) [[deprecated(message)]]
      |                                      ^
/home/zjy/ws/jenkins/workspace/ci-arc770/arthw-llama.cpp/ggml/src/ggml-sycl/norm.cpp:337:39: warning: 'get_pointer' is deprecated: local_accessor::get_pointer() is deprecated, please use get_multi_ptr() [-Wdeprecated-declarations]
  337 |                         s_sum_acc_ct1.get_pointer(), WARP_SIZE);
      |                                       ^
/opt/intel/oneapi/compiler/2025.2/bin/compiler/../../include/sycl/accessor.hpp:2590:3: note: 'get_pointer' has been explicitly marked deprecated here
 2590 |   __SYCL2020_DEPRECATED(
      |   ^
/opt/intel/oneapi/compiler/2025.2/bin/compiler/../../include/sycl/detail/defines_elementary.hpp:62:40: note: expanded from macro '__SYCL2020_DEPRECATED'
   62 | #define __SYCL2020_DEPRECATED(message) __SYCL_DEPRECATED(message)
      |                                        ^
/opt/intel/oneapi/compiler/2025.2/bin/compiler/../../include/sycl/detail/defines_elementary.hpp:53:38: note: expanded from macro '__SYCL_DEPRECATED'
   53 | #define __SYCL_DEPRECATED(message) [[deprecated(message)]]
      |                                      ^
/home/zjy/ws/jenkins/workspace/ci-arc770/arthw-llama.cpp/ggml/src/ggml-sycl/norm.cpp:376:19: warning: attribute 'intel::reqd_sub_group_size' is deprecated [-Wdeprecated-attributes]
  376 |                 [[intel::reqd_sub_group_size(WARP_SIZE)]] {
      |                   ^
/home/zjy/ws/jenkins/workspace/ci-arc770/arthw-llama.cpp/ggml/src/ggml-sycl/norm.cpp:376:19: note: did you mean to use 'sycl::reqd_sub_group_size' instead?
  376 |                 [[intel::reqd_sub_group_size(WARP_SIZE)]] {
      |                   ^~~~~~~~~~~~~~~~~~~~~~~~~~~~~~~~~~~~~
      |                   sycl::reqd_sub_group_size
/home/zjy/ws/jenkins/workspace/ci-arc770/arthw-llama.cpp/ggml/src/ggml-sycl/norm.cpp:398:19: warning: attribute 'intel::reqd_sub_group_size' is deprecated [-Wdeprecated-attributes]
  398 |                 [[intel::reqd_sub_group_size(WARP_SIZE)]] {
      |                   ^
/home/zjy/ws/jenkins/workspace/ci-arc770/arthw-llama.cpp/ggml/src/ggml-sycl/norm.cpp:398:19: note: did you mean to use 'sycl::reqd_sub_group_size' instead?
  398 |                 [[intel::reqd_sub_group_size(WARP_SIZE)]] {
      |                   ^~~~~~~~~~~~~~~~~~~~~~~~~~~~~~~~~~~~~
      |                   sycl::reqd_sub_group_size
/home/zjy/ws/jenkins/workspace/ci-arc770/arthw-llama.cpp/ggml/src/ggml-sycl/mmvq.cpp:500:23: warning: attribute 'intel::reqd_sub_group_size' is deprecated [-Wdeprecated-attributes]
  500 |                     [[intel::reqd_sub_group_size(QK_WARP_SIZE)]] {
      |                       ^
/home/zjy/ws/jenkins/workspace/ci-arc770/arthw-llama.cpp/ggml/src/ggml-sycl/mmvq.cpp:500:23: note: did you mean to use 'sycl::reqd_sub_group_size' instead?
  500 |                     [[intel::reqd_sub_group_size(QK_WARP_SIZE)]] {
      |                       ^~~~~~~~~~~~~~~~~~~~~~~~~~~~~~~~~~~~~~~~
      |                       sycl::reqd_sub_group_size
/home/zjy/ws/jenkins/workspace/ci-arc770/arthw-llama.cpp/ggml/src/ggml-sycl/mmvq.cpp:524:23: warning: attribute 'intel::reqd_sub_group_size' is deprecated [-Wdeprecated-attributes]
  524 |                     [[intel::reqd_sub_group_size(QK_WARP_SIZE)]] {
      |                       ^
/home/zjy/ws/jenkins/workspace/ci-arc770/arthw-llama.cpp/ggml/src/ggml-sycl/mmvq.cpp:524:23: note: did you mean to use 'sycl::reqd_sub_group_size' instead?
  524 |                     [[intel::reqd_sub_group_size(QK_WARP_SIZE)]] {
      |                       ^~~~~~~~~~~~~~~~~~~~~~~~~~~~~~~~~~~~~~~~
      |                       sycl::reqd_sub_group_size
/home/zjy/ws/jenkins/workspace/ci-arc770/arthw-llama.cpp/ggml/src/ggml-sycl/mmvq.cpp:548:23: warning: attribute 'intel::reqd_sub_group_size' is deprecated [-Wdeprecated-attributes]
  548 |                     [[intel::reqd_sub_group_size(QK_WARP_SIZE)]] {
      |                       ^
/home/zjy/ws/jenkins/workspace/ci-arc770/arthw-llama.cpp/ggml/src/ggml-sycl/mmvq.cpp:548:23: note: did you mean to use 'sycl::reqd_sub_group_size' instead?
  548 |                     [[intel::reqd_sub_group_size(QK_WARP_SIZE)]] {
      |                       ^~~~~~~~~~~~~~~~~~~~~~~~~~~~~~~~~~~~~~~~
      |                       sycl::reqd_sub_group_size
/home/zjy/ws/jenkins/workspace/ci-arc770/arthw-llama.cpp/ggml/src/ggml-sycl/mmvq.cpp:572:23: warning: attribute 'intel::reqd_sub_group_size' is deprecated [-Wdeprecated-attributes]
  572 |                     [[intel::reqd_sub_group_size(QK_WARP_SIZE)]] {
      |                       ^
/home/zjy/ws/jenkins/workspace/ci-arc770/arthw-llama.cpp/ggml/src/ggml-sycl/mmvq.cpp:572:23: note: did you mean to use 'sycl::reqd_sub_group_size' instead?
  572 |                     [[intel::reqd_sub_group_size(QK_WARP_SIZE)]] {
      |                       ^~~~~~~~~~~~~~~~~~~~~~~~~~~~~~~~~~~~~~~~
      |                       sycl::reqd_sub_group_size
/home/zjy/ws/jenkins/workspace/ci-arc770/arthw-llama.cpp/ggml/src/ggml-sycl/mmvq.cpp:596:23: warning: attribute 'intel::reqd_sub_group_size' is deprecated [-Wdeprecated-attributes]
  596 |                     [[intel::reqd_sub_group_size(QK_WARP_SIZE)]] {
      |                       ^
/home/zjy/ws/jenkins/workspace/ci-arc770/arthw-llama.cpp/ggml/src/ggml-sycl/mmvq.cpp:596:23: note: did you mean to use 'sycl::reqd_sub_group_size' instead?
  596 |                     [[intel::reqd_sub_group_size(QK_WARP_SIZE)]] {
      |                       ^~~~~~~~~~~~~~~~~~~~~~~~~~~~~~~~~~~~~~~~
      |                       sycl::reqd_sub_group_size
/home/zjy/ws/jenkins/workspace/ci-arc770/arthw-llama.cpp/ggml/src/ggml-sycl/mmvq.cpp:620:23: warning: attribute 'intel::reqd_sub_group_size' is deprecated [-Wdeprecated-attributes]
  620 |                     [[intel::reqd_sub_group_size(QK_WARP_SIZE)]] {
      |                       ^
/home/zjy/ws/jenkins/workspace/ci-arc770/arthw-llama.cpp/ggml/src/ggml-sycl/mmvq.cpp:620:23: note: did you mean to use 'sycl::reqd_sub_group_size' instead?
  620 |                     [[intel::reqd_sub_group_size(QK_WARP_SIZE)]] {
      |                       ^~~~~~~~~~~~~~~~~~~~~~~~~~~~~~~~~~~~~~~~
      |                       sycl::reqd_sub_group_size
/home/zjy/ws/jenkins/workspace/ci-arc770/arthw-llama.cpp/ggml/src/ggml-sycl/mmvq.cpp:644:23: warning: attribute 'intel::reqd_sub_group_size' is deprecated [-Wdeprecated-attributes]
  644 |                     [[intel::reqd_sub_group_size(QK_WARP_SIZE)]] {
      |                       ^
/home/zjy/ws/jenkins/workspace/ci-arc770/arthw-llama.cpp/ggml/src/ggml-sycl/mmvq.cpp:644:23: note: did you mean to use 'sycl::reqd_sub_group_size' instead?
  644 |                     [[intel::reqd_sub_group_size(QK_WARP_SIZE)]] {
      |                       ^~~~~~~~~~~~~~~~~~~~~~~~~~~~~~~~~~~~~~~~
      |                       sycl::reqd_sub_group_size
/home/zjy/ws/jenkins/workspace/ci-arc770/arthw-llama.cpp/ggml/src/ggml-sycl/mmvq.cpp:668:23: warning: attribute 'intel::reqd_sub_group_size' is deprecated [-Wdeprecated-attributes]
  668 |                     [[intel::reqd_sub_group_size(QK_WARP_SIZE)]] {
      |                       ^
/home/zjy/ws/jenkins/workspace/ci-arc770/arthw-llama.cpp/ggml/src/ggml-sycl/mmvq.cpp:668:23: note: did you mean to use 'sycl::reqd_sub_group_size' instead?
  668 |                     [[intel::reqd_sub_group_size(QK_WARP_SIZE)]] {
      |                       ^~~~~~~~~~~~~~~~~~~~~~~~~~~~~~~~~~~~~~~~
      |                       sycl::reqd_sub_group_size
/home/zjy/ws/jenkins/workspace/ci-arc770/arthw-llama.cpp/ggml/src/ggml-sycl/mmvq.cpp:692:23: warning: attribute 'intel::reqd_sub_group_size' is deprecated [-Wdeprecated-attributes]
  692 |                     [[intel::reqd_sub_group_size(QK_WARP_SIZE)]] {
      |                       ^
/home/zjy/ws/jenkins/workspace/ci-arc770/arthw-llama.cpp/ggml/src/ggml-sycl/mmvq.cpp:692:23: note: did you mean to use 'sycl::reqd_sub_group_size' instead?
  692 |                     [[intel::reqd_sub_group_size(QK_WARP_SIZE)]] {
      |                       ^~~~~~~~~~~~~~~~~~~~~~~~~~~~~~~~~~~~~~~~
      |                       sycl::reqd_sub_group_size
/home/zjy/ws/jenkins/workspace/ci-arc770/arthw-llama.cpp/ggml/src/ggml-sycl/mmvq.cpp:716:23: warning: attribute 'intel::reqd_sub_group_size' is deprecated [-Wdeprecated-attributes]
  716 |                     [[intel::reqd_sub_group_size(QK_WARP_SIZE)]] {
      |                       ^
/home/zjy/ws/jenkins/workspace/ci-arc770/arthw-llama.cpp/ggml/src/ggml-sycl/mmvq.cpp:716:23: note: did you mean to use 'sycl::reqd_sub_group_size' instead?
  716 |                     [[intel::reqd_sub_group_size(QK_WARP_SIZE)]] {
      |                       ^~~~~~~~~~~~~~~~~~~~~~~~~~~~~~~~~~~~~~~~
      |                       sycl::reqd_sub_group_size
/home/zjy/ws/jenkins/workspace/ci-arc770/arthw-llama.cpp/ggml/src/ggml-sycl/mmvq.cpp:739:23: warning: attribute 'intel::reqd_sub_group_size' is deprecated [-Wdeprecated-attributes]
  739 |                     [[intel::reqd_sub_group_size(QK_WARP_SIZE)]] {
      |                       ^
/home/zjy/ws/jenkins/workspace/ci-arc770/arthw-llama.cpp/ggml/src/ggml-sycl/mmvq.cpp:739:23: note: did you mean to use 'sycl::reqd_sub_group_size' instead?
  739 |                     [[intel::reqd_sub_group_size(QK_WARP_SIZE)]] {
      |                       ^~~~~~~~~~~~~~~~~~~~~~~~~~~~~~~~~~~~~~~~
      |                       sycl::reqd_sub_group_size
/home/zjy/ws/jenkins/workspace/ci-arc770/arthw-llama.cpp/ggml/src/ggml-sycl/mmvq.cpp:760:23: warning: attribute 'intel::reqd_sub_group_size' is deprecated [-Wdeprecated-attributes]
  760 |                     [[intel::reqd_sub_group_size(QK_WARP_SIZE)]] {
      |                       ^
/home/zjy/ws/jenkins/workspace/ci-arc770/arthw-llama.cpp/ggml/src/ggml-sycl/mmvq.cpp:760:23: note: did you mean to use 'sycl::reqd_sub_group_size' instead?
  760 |                     [[intel::reqd_sub_group_size(QK_WARP_SIZE)]] {
      |                       ^~~~~~~~~~~~~~~~~~~~~~~~~~~~~~~~~~~~~~~~
      |                       sycl::reqd_sub_group_size
/home/zjy/ws/jenkins/workspace/ci-arc770/arthw-llama.cpp/ggml/src/ggml-sycl/mmvq.cpp:782:23: warning: attribute 'intel::reqd_sub_group_size' is deprecated [-Wdeprecated-attributes]
  782 |                     [[intel::reqd_sub_group_size(QK_WARP_SIZE)]] {
      |                       ^
/home/zjy/ws/jenkins/workspace/ci-arc770/arthw-llama.cpp/ggml/src/ggml-sycl/mmvq.cpp:782:23: note: did you mean to use 'sycl::reqd_sub_group_size' instead?
  782 |                     [[intel::reqd_sub_group_size(QK_WARP_SIZE)]] {
      |                       ^~~~~~~~~~~~~~~~~~~~~~~~~~~~~~~~~~~~~~~~
      |                       sycl::reqd_sub_group_size
/home/zjy/ws/jenkins/workspace/ci-arc770/arthw-llama.cpp/ggml/src/ggml-sycl/mmvq.cpp:804:23: warning: attribute 'intel::reqd_sub_group_size' is deprecated [-Wdeprecated-attributes]
  804 |                     [[intel::reqd_sub_group_size(QK_WARP_SIZE)]] {
      |                       ^
/home/zjy/ws/jenkins/workspace/ci-arc770/arthw-llama.cpp/ggml/src/ggml-sycl/mmvq.cpp:804:23: note: did you mean to use 'sycl::reqd_sub_group_size' instead?
  804 |                     [[intel::reqd_sub_group_size(QK_WARP_SIZE)]] {
      |                       ^~~~~~~~~~~~~~~~~~~~~~~~~~~~~~~~~~~~~~~~
      |                       sycl::reqd_sub_group_size
/home/zjy/ws/jenkins/workspace/ci-arc770/arthw-llama.cpp/ggml/src/ggml-sycl/mmvq.cpp:826:23: warning: attribute 'intel::reqd_sub_group_size' is deprecated [-Wdeprecated-attributes]
  826 |                     [[intel::reqd_sub_group_size(QK_WARP_SIZE)]] {
      |                       ^
/home/zjy/ws/jenkins/workspace/ci-arc770/arthw-llama.cpp/ggml/src/ggml-sycl/mmvq.cpp:826:23: note: did you mean to use 'sycl::reqd_sub_group_size' instead?
  826 |                     [[intel::reqd_sub_group_size(QK_WARP_SIZE)]] {
      |                       ^~~~~~~~~~~~~~~~~~~~~~~~~~~~~~~~~~~~~~~~
      |                       sycl::reqd_sub_group_size
/home/zjy/ws/jenkins/workspace/ci-arc770/arthw-llama.cpp/ggml/src/ggml-sycl/mmvq.cpp:848:23: warning: attribute 'intel::reqd_sub_group_size' is deprecated [-Wdeprecated-attributes]
  848 |                     [[intel::reqd_sub_group_size(QK_WARP_SIZE)]] {
      |                       ^
/home/zjy/ws/jenkins/workspace/ci-arc770/arthw-llama.cpp/ggml/src/ggml-sycl/mmvq.cpp:848:23: note: did you mean to use 'sycl::reqd_sub_group_size' instead?
  848 |                     [[intel::reqd_sub_group_size(QK_WARP_SIZE)]] {
      |                       ^~~~~~~~~~~~~~~~~~~~~~~~~~~~~~~~~~~~~~~~
      |                       sycl::reqd_sub_group_size
/home/zjy/ws/jenkins/workspace/ci-arc770/arthw-llama.cpp/ggml/src/ggml-sycl/mmvq.cpp:869:23: warning: attribute 'intel::reqd_sub_group_size' is deprecated [-Wdeprecated-attributes]
  869 |                     [[intel::reqd_sub_group_size(QK_WARP_SIZE)]] {
      |                       ^
/home/zjy/ws/jenkins/workspace/ci-arc770/arthw-llama.cpp/ggml/src/ggml-sycl/mmvq.cpp:869:23: note: did you mean to use 'sycl::reqd_sub_group_size' instead?
  869 |                     [[intel::reqd_sub_group_size(QK_WARP_SIZE)]] {
      |                       ^~~~~~~~~~~~~~~~~~~~~~~~~~~~~~~~~~~~~~~~
      |                       sycl::reqd_sub_group_size
/home/zjy/ws/jenkins/workspace/ci-arc770/arthw-llama.cpp/ggml/src/ggml-sycl/mmvq.cpp:891:23: warning: attribute 'intel::reqd_sub_group_size' is deprecated [-Wdeprecated-attributes]
  891 |                     [[intel::reqd_sub_group_size(QK_WARP_SIZE)]] {
      |                       ^
/home/zjy/ws/jenkins/workspace/ci-arc770/arthw-llama.cpp/ggml/src/ggml-sycl/mmvq.cpp:891:23: note: did you mean to use 'sycl::reqd_sub_group_size' instead?
  891 |                     [[intel::reqd_sub_group_size(QK_WARP_SIZE)]] {
      |                       ^~~~~~~~~~~~~~~~~~~~~~~~~~~~~~~~~~~~~~~~
      |                       sycl::reqd_sub_group_size
/home/zjy/ws/jenkins/workspace/ci-arc770/arthw-llama.cpp/ggml/src/ggml-sycl/mmvq.cpp:913:23: warning: attribute 'intel::reqd_sub_group_size' is deprecated [-Wdeprecated-attributes]
  913 |                     [[intel::reqd_sub_group_size(QK_WARP_SIZE)]] {
      |                       ^
/home/zjy/ws/jenkins/workspace/ci-arc770/arthw-llama.cpp/ggml/src/ggml-sycl/mmvq.cpp:913:23: note: did you mean to use 'sycl::reqd_sub_group_size' instead?
  913 |                     [[intel::reqd_sub_group_size(QK_WARP_SIZE)]] {
      |                       ^~~~~~~~~~~~~~~~~~~~~~~~~~~~~~~~~~~~~~~~
      |                       sycl::reqd_sub_group_size
6 warnings generated.
/home/zjy/ws/jenkins/workspace/ci-arc770/arthw-llama.cpp/ggml/src/ggml-sycl/dmmv.cpp:219:19: warning: attribute 'intel::reqd_sub_group_size' is deprecated [-Wdeprecated-attributes]
  219 |                 [[intel::reqd_sub_group_size(WARP_32_SIZE)]] {
      |                   ^
/home/zjy/ws/jenkins/workspace/ci-arc770/arthw-llama.cpp/ggml/src/ggml-sycl/dmmv.cpp:219:19: note: did you mean to use 'sycl::reqd_sub_group_size' instead?
  219 |                 [[intel::reqd_sub_group_size(WARP_32_SIZE)]] {
      |                   ^~~~~~~~~~~~~~~~~~~~~~~~~~~~~~~~~~~~~~~~
      |                   sycl::reqd_sub_group_size
/home/zjy/ws/jenkins/workspace/ci-arc770/arthw-llama.cpp/ggml/src/ggml-sycl/dmmv.cpp:228:19: warning: attribute 'intel::reqd_sub_group_size' is deprecated [-Wdeprecated-attributes]
  228 |                 [[intel::reqd_sub_group_size(WARP_SIZE)]] {
      |                   ^
/home/zjy/ws/jenkins/workspace/ci-arc770/arthw-llama.cpp/ggml/src/ggml-sycl/dmmv.cpp:228:19: note: did you mean to use 'sycl::reqd_sub_group_size' instead?
  228 |                 [[intel::reqd_sub_group_size(WARP_SIZE)]] {
      |                   ^~~~~~~~~~~~~~~~~~~~~~~~~~~~~~~~~~~~~
      |                   sycl::reqd_sub_group_size
/home/zjy/ws/jenkins/workspace/ci-arc770/arthw-llama.cpp/ggml/src/ggml-sycl/dmmv.cpp:920:46: warning: attribute 'intel::reqd_sub_group_size' is deprecated [-Wdeprecated-attributes]
  920 |             [=](sycl::nd_item<3> item_ct1) [[intel::reqd_sub_group_size(WARP_32_SIZE)]] {
      |                                              ^
/home/zjy/ws/jenkins/workspace/ci-arc770/arthw-llama.cpp/ggml/src/ggml-sycl/dmmv.cpp:920:46: note: did you mean to use 'sycl::reqd_sub_group_size' instead?
  920 |             [=](sycl::nd_item<3> item_ct1) [[intel::reqd_sub_group_size(WARP_32_SIZE)]] {
      |                                              ^~~~~~~~~~~~~~~~~~~~~~~~~~~~~~~~~~~~~~~~
      |                                              sycl::reqd_sub_group_size
/home/zjy/ws/jenkins/workspace/ci-arc770/arthw-llama.cpp/ggml/src/ggml-sycl/dmmv.cpp:950:46: warning: attribute 'intel::reqd_sub_group_size' is deprecated [-Wdeprecated-attributes]
  950 |             [=](sycl::nd_item<3> item_ct1) [[intel::reqd_sub_group_size(WARP_32_SIZE)]] {
      |                                              ^
/home/zjy/ws/jenkins/workspace/ci-arc770/arthw-llama.cpp/ggml/src/ggml-sycl/dmmv.cpp:950:46: note: did you mean to use 'sycl::reqd_sub_group_size' instead?
  950 |             [=](sycl::nd_item<3> item_ct1) [[intel::reqd_sub_group_size(WARP_32_SIZE)]] {
      |                                              ^~~~~~~~~~~~~~~~~~~~~~~~~~~~~~~~~~~~~~~~
      |                                              sycl::reqd_sub_group_size
/home/zjy/ws/jenkins/workspace/ci-arc770/arthw-llama.cpp/ggml/src/ggml-sycl/dmmv.cpp:978:46: warning: attribute 'intel::reqd_sub_group_size' is deprecated [-Wdeprecated-attributes]
  978 |             [=](sycl::nd_item<3> item_ct1) [[intel::reqd_sub_group_size(WARP_32_SIZE)]] {
      |                                              ^
/home/zjy/ws/jenkins/workspace/ci-arc770/arthw-llama.cpp/ggml/src/ggml-sycl/dmmv.cpp:978:46: note: did you mean to use 'sycl::reqd_sub_group_size' instead?
  978 |             [=](sycl::nd_item<3> item_ct1) [[intel::reqd_sub_group_size(WARP_32_SIZE)]] {
      |                                              ^~~~~~~~~~~~~~~~~~~~~~~~~~~~~~~~~~~~~~~~
      |                                              sycl::reqd_sub_group_size
/home/zjy/ws/jenkins/workspace/ci-arc770/arthw-llama.cpp/ggml/src/ggml-sycl/dmmv.cpp:1006:46: warning: attribute 'intel::reqd_sub_group_size' is deprecated [-Wdeprecated-attributes]
 1006 |             [=](sycl::nd_item<3> item_ct1) [[intel::reqd_sub_group_size(WARP_32_SIZE)]] {
      |                                              ^
/home/zjy/ws/jenkins/workspace/ci-arc770/arthw-llama.cpp/ggml/src/ggml-sycl/dmmv.cpp:1006:46: note: did you mean to use 'sycl::reqd_sub_group_size' instead?
 1006 |             [=](sycl::nd_item<3> item_ct1) [[intel::reqd_sub_group_size(WARP_32_SIZE)]] {
      |                                              ^~~~~~~~~~~~~~~~~~~~~~~~~~~~~~~~~~~~~~~~
      |                                              sycl::reqd_sub_group_size
/home/zjy/ws/jenkins/workspace/ci-arc770/arthw-llama.cpp/ggml/src/ggml-sycl/dmmv.cpp:1033:46: warning: attribute 'intel::reqd_sub_group_size' is deprecated [-Wdeprecated-attributes]
 1033 |             [=](sycl::nd_item<3> item_ct1) [[intel::reqd_sub_group_size(WARP_32_SIZE)]] {
      |                                              ^
/home/zjy/ws/jenkins/workspace/ci-arc770/arthw-llama.cpp/ggml/src/ggml-sycl/dmmv.cpp:1033:46: note: did you mean to use 'sycl::reqd_sub_group_size' instead?
 1033 |             [=](sycl::nd_item<3> item_ct1) [[intel::reqd_sub_group_size(WARP_32_SIZE)]] {
      |                                              ^~~~~~~~~~~~~~~~~~~~~~~~~~~~~~~~~~~~~~~~
      |                                              sycl::reqd_sub_group_size
/home/zjy/ws/jenkins/workspace/ci-arc770/arthw-llama.cpp/ggml/src/ggml-sycl/dmmv.cpp:1059:42: warning: attribute 'intel::reqd_sub_group_size' is deprecated [-Wdeprecated-attributes]
 1059 |         [=](sycl::nd_item<3> item_ct1) [[intel::reqd_sub_group_size(WARP_32_SIZE)]] {
      |                                          ^
/home/zjy/ws/jenkins/workspace/ci-arc770/arthw-llama.cpp/ggml/src/ggml-sycl/dmmv.cpp:1059:42: note: did you mean to use 'sycl::reqd_sub_group_size' instead?
 1059 |         [=](sycl::nd_item<3> item_ct1) [[intel::reqd_sub_group_size(WARP_32_SIZE)]] {
      |                                          ^~~~~~~~~~~~~~~~~~~~~~~~~~~~~~~~~~~~~~~~
      |                                          sycl::reqd_sub_group_size
/home/zjy/ws/jenkins/workspace/ci-arc770/arthw-llama.cpp/ggml/src/ggml-sycl/dmmv.cpp:1075:42: warning: attribute 'intel::reqd_sub_group_size' is deprecated [-Wdeprecated-attributes]
 1075 |         [=](sycl::nd_item<3> item_ct1) [[intel::reqd_sub_group_size(WARP_32_SIZE)]] {
      |                                          ^
/home/zjy/ws/jenkins/workspace/ci-arc770/arthw-llama.cpp/ggml/src/ggml-sycl/dmmv.cpp:1075:42: note: did you mean to use 'sycl::reqd_sub_group_size' instead?
 1075 |         [=](sycl::nd_item<3> item_ct1) [[intel::reqd_sub_group_size(WARP_32_SIZE)]] {
      |                                          ^~~~~~~~~~~~~~~~~~~~~~~~~~~~~~~~~~~~~~~~
      |                                          sycl::reqd_sub_group_size
/home/zjy/ws/jenkins/workspace/ci-arc770/arthw-llama.cpp/ggml/src/ggml-sycl/dmmv.cpp:1091:42: warning: attribute 'intel::reqd_sub_group_size' is deprecated [-Wdeprecated-attributes]
 1091 |         [=](sycl::nd_item<3> item_ct1) [[intel::reqd_sub_group_size(WARP_32_SIZE)]] {
      |                                          ^
/home/zjy/ws/jenkins/workspace/ci-arc770/arthw-llama.cpp/ggml/src/ggml-sycl/dmmv.cpp:1091:42: note: did you mean to use 'sycl::reqd_sub_group_size' instead?
 1091 |         [=](sycl::nd_item<3> item_ct1) [[intel::reqd_sub_group_size(WARP_32_SIZE)]] {
      |                                          ^~~~~~~~~~~~~~~~~~~~~~~~~~~~~~~~~~~~~~~~
      |                                          sycl::reqd_sub_group_size
/home/zjy/ws/jenkins/workspace/ci-arc770/arthw-llama.cpp/ggml/src/ggml-sycl/dmmv.cpp:1104:42: warning: attribute 'intel::reqd_sub_group_size' is deprecated [-Wdeprecated-attributes]
 1104 |         [=](sycl::nd_item<3> item_ct1) [[intel::reqd_sub_group_size(WARP_32_SIZE)]] {
      |                                          ^
/home/zjy/ws/jenkins/workspace/ci-arc770/arthw-llama.cpp/ggml/src/ggml-sycl/dmmv.cpp:1104:42: note: did you mean to use 'sycl::reqd_sub_group_size' instead?
 1104 |         [=](sycl::nd_item<3> item_ct1) [[intel::reqd_sub_group_size(WARP_32_SIZE)]] {
      |                                          ^~~~~~~~~~~~~~~~~~~~~~~~~~~~~~~~~~~~~~~~
      |                                          sycl::reqd_sub_group_size
/home/zjy/ws/jenkins/workspace/ci-arc770/arthw-llama.cpp/ggml/src/ggml-sycl/dmmv.cpp:1120:42: warning: attribute 'intel::reqd_sub_group_size' is deprecated [-Wdeprecated-attributes]
 1120 |         [=](sycl::nd_item<3> item_ct1) [[intel::reqd_sub_group_size(WARP_32_SIZE)]] {
      |                                          ^
/home/zjy/ws/jenkins/workspace/ci-arc770/arthw-llama.cpp/ggml/src/ggml-sycl/dmmv.cpp:1120:42: note: did you mean to use 'sycl::reqd_sub_group_size' instead?
 1120 |         [=](sycl::nd_item<3> item_ct1) [[intel::reqd_sub_group_size(WARP_32_SIZE)]] {
      |                                          ^~~~~~~~~~~~~~~~~~~~~~~~~~~~~~~~~~~~~~~~
      |                                          sycl::reqd_sub_group_size
5 warnings generated.
19 warnings generated.
12 warnings generated.
[ 19%] Linking CXX shared library ../../../bin/libggml-sycl.so
[ 19%] Built target ggml-sycl
[ 19%] Building CXX object ggml/src/CMakeFiles/ggml.dir/ggml-backend-reg.cpp.o
[ 20%] Linking CXX shared library ../../bin/libggml.so
[ 20%] Built target ggml
[ 21%] Building CXX object examples/gguf-hash/CMakeFiles/llama-gguf-hash.dir/gguf-hash.cpp.o
[ 22%] Building CXX object src/CMakeFiles/llama.dir/llama-chat.cpp.o
[ 22%] Building CXX object src/CMakeFiles/llama.dir/llama-arch.cpp.o
[ 22%] Building CXX object src/CMakeFiles/llama.dir/llama-batch.cpp.o
[ 22%] Building CXX object src/CMakeFiles/llama.dir/llama-context.cpp.o
[ 23%] Building CXX object examples/gguf/CMakeFiles/llama-gguf.dir/gguf.cpp.o
[ 23%] Building CXX object src/CMakeFiles/llama.dir/llama.cpp.o
[ 24%] Building CXX object src/CMakeFiles/llama.dir/llama-graph.cpp.o
[ 24%] Building CXX object src/CMakeFiles/llama.dir/llama-io.cpp.o
[ 27%] Building CXX object src/CMakeFiles/llama.dir/llama-mmap.cpp.o
[ 28%] Building CXX object src/CMakeFiles/llama.dir/llama-kv-cache.cpp.o
[ 28%] Building CXX object src/CMakeFiles/llama.dir/llama-memory.cpp.o
[ 28%] Building CXX object src/CMakeFiles/llama.dir/llama-hparams.cpp.o
[ 25%] Building CXX object src/CMakeFiles/llama.dir/llama-impl.cpp.o
[ 25%] Building CXX object src/CMakeFiles/llama.dir/llama-adapter.cpp.o
[ 28%] Building CXX object src/CMakeFiles/llama.dir/llama-grammar.cpp.o
[ 29%] Building CXX object src/CMakeFiles/llama.dir/llama-model.cpp.o
[ 29%] Building CXX object src/CMakeFiles/llama.dir/llama-model-loader.cpp.o
[ 29%] Building CXX object src/CMakeFiles/llama.dir/llama-quant.cpp.o
[ 29%] Building CXX object src/CMakeFiles/llama.dir/llama-sampling.cpp.o
[ 30%] Building CXX object src/CMakeFiles/llama.dir/llama-vocab.cpp.o
[ 30%] Building CXX object src/CMakeFiles/llama.dir/unicode-data.cpp.o
[ 31%] Building CXX object src/CMakeFiles/llama.dir/unicode.cpp.o
[ 31%] Linking CXX executable ../../bin/llama-gguf
[ 31%] Linking CXX executable ../../bin/llama-gguf-hash
[ 31%] Built target llama-gguf
[ 31%] Built target llama-gguf-hash
[ 31%] Linking CXX shared library ../bin/libllama.so
[ 31%] Built target llama
[ 31%] Building CXX object examples/simple/CMakeFiles/llama-simple.dir/simple.cpp.o
[ 32%] Building CXX object examples/quantize-stats/CMakeFiles/llama-quantize-stats.dir/quantize-stats.cpp.o
[ 33%] Building CXX object examples/simple-chat/CMakeFiles/llama-simple-chat.dir/simple-chat.cpp.o
[ 34%] Building C object tests/CMakeFiles/test-c.dir/test-c.c.o
[ 34%] Building CXX object common/CMakeFiles/common.dir/chat.cpp.o
[ 35%] Building CXX object examples/llava/CMakeFiles/llava.dir/clip.cpp.o
[ 34%] Building CXX object common/CMakeFiles/common.dir/console.cpp.o
[ 35%] Building CXX object common/CMakeFiles/common.dir/arg.cpp.o
[ 35%] Building CXX object common/CMakeFiles/common.dir/json-schema-to-grammar.cpp.o
[ 35%] Building CXX object examples/llava/CMakeFiles/llava.dir/llava.cpp.o
[ 36%] Building CXX object common/CMakeFiles/common.dir/llguidance.cpp.o
[ 37%] Building CXX object common/CMakeFiles/common.dir/common.cpp.o
[ 38%] Building CXX object common/CMakeFiles/common.dir/ngram-cache.cpp.o
[ 39%] Building CXX object common/CMakeFiles/common.dir/speculative.cpp.o
[ 39%] Building CXX object common/CMakeFiles/common.dir/log.cpp.o
[ 39%] Building CXX object common/CMakeFiles/common.dir/sampling.cpp.o
[ 39%] Linking C executable ../bin/test-c
[ 39%] Built target test-c
[ 39%] Linking CXX executable ../../bin/llama-simple
[ 39%] Built target llama-simple
[ 39%] Linking CXX executable ../../bin/llama-simple-chat
[ 39%] Built target llama-simple-chat
[ 39%] Linking CXX executable ../../bin/llama-quantize-stats
[ 39%] Built target llama-quantize-stats
[ 39%] Built target llava
[ 39%] Linking CXX static library libllava_static.a
[ 40%] Linking CXX shared library ../../bin/libllava_shared.so
[ 40%] Built target llava_static
[ 40%] Built target llava_shared
[ 40%] Linking CXX static library libcommon.a
[ 40%] Built target common
[ 40%] Building CXX object tests/CMakeFiles/test-tokenizer-0.dir/test-tokenizer-0.cpp.o
[ 40%] Building CXX object tests/CMakeFiles/test-grammar-integration.dir/test-grammar-integration.cpp.o
[ 40%] Building CXX object tests/CMakeFiles/test-llama-grammar.dir/test-llama-grammar.cpp.o
[ 42%] Building CXX object tests/CMakeFiles/test-grammar-parser.dir/test-grammar-parser.cpp.o
[ 42%] Building CXX object tests/CMakeFiles/test-grammar-integration.dir/get-model.cpp.o
[ 42%] Building CXX object tests/CMakeFiles/test-sampling.dir/get-model.cpp.o
[ 42%] Building CXX object tests/CMakeFiles/test-grammar-parser.dir/get-model.cpp.o
[ 42%] Building CXX object tests/CMakeFiles/test-chat.dir/test-chat.cpp.o
[ 43%] Building CXX object tests/CMakeFiles/test-sampling.dir/test-sampling.cpp.o
[ 43%] Building CXX object tests/CMakeFiles/test-llama-grammar.dir/get-model.cpp.o
[ 43%] Building CXX object tests/CMakeFiles/test-log.dir/test-log.cpp.o
[ 44%] Building CXX object tests/CMakeFiles/test-log.dir/get-model.cpp.o
[ 45%] Building CXX object tests/CMakeFiles/test-chat.dir/get-model.cpp.o
[ 46%] Building CXX object tests/CMakeFiles/test-arg-parser.dir/test-arg-parser.cpp.o
[ 47%] Building CXX object tests/CMakeFiles/test-json-schema-to-grammar.dir/test-json-schema-to-grammar.cpp.o
[ 48%] Building CXX object tests/CMakeFiles/test-arg-parser.dir/get-model.cpp.o
[ 48%] Building CXX object tests/CMakeFiles/test-tokenizer-1-spm.dir/test-tokenizer-1-spm.cpp.o
[ 49%] Building CXX object tests/CMakeFiles/test-chat-template.dir/test-chat-template.cpp.o
[ 49%] Building CXX object tests/CMakeFiles/test-backend-ops.dir/get-model.cpp.o
[ 49%] Building CXX object tests/CMakeFiles/test-backend-ops.dir/test-backend-ops.cpp.o
[ 50%] Building CXX object tests/CMakeFiles/test-autorelease.dir/test-autorelease.cpp.o
[ 51%] Building CXX object tests/CMakeFiles/test-tokenizer-1-bpe.dir/test-tokenizer-1-bpe.cpp.o
[ 51%] Building CXX object tests/CMakeFiles/test-json-schema-to-grammar.dir/get-model.cpp.o
[ 51%] Building CXX object tests/CMakeFiles/test-model-load-cancel.dir/get-model.cpp.o
[ 51%] Building CXX object tests/CMakeFiles/test-barrier.dir/test-barrier.cpp.o
[ 52%] Building CXX object tests/CMakeFiles/test-quantize-fns.dir/test-quantize-fns.cpp.o
[ 52%] Building CXX object tests/CMakeFiles/test-gguf.dir/test-gguf.cpp.o
[ 52%] Building CXX object tests/CMakeFiles/test-quantize-perf.dir/test-quantize-perf.cpp.o
[ 53%] Building CXX object tests/CMakeFiles/test-model-load-cancel.dir/test-model-load-cancel.cpp.o
[ 53%] Building CXX object tests/CMakeFiles/test-autorelease.dir/get-model.cpp.o
[ 54%] Building CXX object tests/CMakeFiles/test-quantize-perf.dir/get-model.cpp.o
[ 54%] Building CXX object tests/CMakeFiles/test-gguf.dir/get-model.cpp.o
[ 54%] Building CXX object tests/CMakeFiles/test-chat-template.dir/get-model.cpp.o
[ 54%] Building CXX object tests/CMakeFiles/test-quantize-fns.dir/get-model.cpp.o
[ 55%] Building CXX object tests/CMakeFiles/test-barrier.dir/get-model.cpp.o
[ 55%] Building CXX object tests/CMakeFiles/test-rope.dir/test-rope.cpp.o
[ 56%] Building CXX object tests/CMakeFiles/test-rope.dir/get-model.cpp.o
[ 56%] Building CXX object examples/batched-bench/CMakeFiles/llama-batched-bench.dir/batched-bench.cpp.o
[ 57%] Building CXX object examples/gbnf-validator/CMakeFiles/llama-gbnf-validator.dir/gbnf-validator.cpp.o
[ 57%] Building CXX object examples/eval-callback/CMakeFiles/llama-eval-callback.dir/eval-callback.cpp.o
[ 57%] Building CXX object examples/batched/CMakeFiles/llama-batched.dir/batched.cpp.o
[ 58%] Building CXX object examples/embedding/CMakeFiles/llama-embedding.dir/embedding.cpp.o
[ 58%] Building CXX object examples/gguf-split/CMakeFiles/llama-gguf-split.dir/gguf-split.cpp.o
[ 58%] Building CXX object examples/llama-bench/CMakeFiles/llama-bench.dir/llama-bench.cpp.o
[ 58%] Building CXX object examples/infill/CMakeFiles/llama-infill.dir/infill.cpp.o
[ 58%] Building CXX object examples/gritlm/CMakeFiles/llama-gritlm.dir/gritlm.cpp.o
[ 58%] Building CXX object examples/imatrix/CMakeFiles/llama-imatrix.dir/imatrix.cpp.o
[ 59%] Building CXX object examples/lookahead/CMakeFiles/llama-lookahead.dir/lookahead.cpp.o
[ 59%] Building CXX object examples/lookup/CMakeFiles/llama-lookup-create.dir/lookup-create.cpp.o
[ 59%] Building CXX object examples/lookup/CMakeFiles/llama-lookup.dir/lookup.cpp.o
[ 60%] Generating loading.html.hpp
[ 61%] Building CXX object examples/lookup/CMakeFiles/llama-lookup-stats.dir/lookup-stats.cpp.o
[ 61%] Building CXX object examples/lookup/CMakeFiles/llama-lookup-merge.dir/lookup-merge.cpp.o
[ 61%] Generating index.html.gz.hpp
[ 61%] Building CXX object examples/main/CMakeFiles/llama-cli.dir/main.cpp.o
[ 62%] Building CXX object examples/quantize/CMakeFiles/llama-quantize.dir/quantize.cpp.o
[ 62%] Building CXX object examples/perplexity/CMakeFiles/llama-perplexity.dir/perplexity.cpp.o
[ 62%] Building CXX object examples/parallel/CMakeFiles/llama-parallel.dir/parallel.cpp.o
[ 62%] Building CXX object examples/retrieval/CMakeFiles/llama-retrieval.dir/retrieval.cpp.o
[ 62%] Building CXX object examples/passkey/CMakeFiles/llama-passkey.dir/passkey.cpp.o
[ 62%] Linking CXX executable ../bin/test-model-load-cancel
[ 63%] Building CXX object examples/run/CMakeFiles/llama-run.dir/linenoise.cpp/linenoise.cpp.o
[ 62%] Building CXX object examples/save-load-state/CMakeFiles/llama-save-load-state.dir/save-load-state.cpp.o
[ 63%] Building CXX object examples/run/CMakeFiles/llama-run.dir/run.cpp.o
[ 63%] Building CXX object examples/tokenize/CMakeFiles/llama-tokenize.dir/tokenize.cpp.o
[ 64%] Building CXX object examples/speculative-simple/CMakeFiles/llama-speculative-simple.dir/speculative-simple.cpp.o
[ 64%] Building CXX object examples/convert-llama2c-to-ggml/CMakeFiles/llama-convert-llama2c-to-ggml.dir/convert-llama2c-to-ggml.cpp.o
[ 64%] Building CXX object examples/tts/CMakeFiles/llama-tts.dir/tts.cpp.o
[ 65%] Building CXX object examples/speculative/CMakeFiles/llama-speculative.dir/speculative.cpp.o
[ 66%] Building CXX object examples/gen-docs/CMakeFiles/llama-gen-docs.dir/gen-docs.cpp.o
[ 66%] Building CXX object examples/export-lora/CMakeFiles/llama-export-lora.dir/export-lora.cpp.o
[ 67%] Building CXX object examples/llava/CMakeFiles/llama-llava-cli.dir/llava-cli.cpp.o
[ 68%] Building CXX object examples/cvector-generator/CMakeFiles/llama-cvector-generator.dir/cvector-generator.cpp.o
[ 70%] Building CXX object examples/llava/CMakeFiles/llama-qwen2vl-cli.dir/qwen2vl-cli.cpp.o
[ 70%] Building CXX object examples/llava/CMakeFiles/llama-gemma3-cli.dir/gemma3-cli.cpp.o
[ 69%] Building CXX object examples/llava/CMakeFiles/llama-minicpmv-cli.dir/minicpmv-cli.cpp.o
[ 71%] Building CXX object examples/llava/CMakeFiles/llama-llava-clip-quantize-cli.dir/clip-quantize-cli.cpp.o
[ 71%] Building CXX object pocs/vdot/CMakeFiles/llama-vdot.dir/vdot.cpp.o
[ 71%] Building CXX object pocs/vdot/CMakeFiles/llama-q8dot.dir/q8dot.cpp.o
[ 72%] Building CXX object examples/sycl/CMakeFiles/llama-ls-sycl-device.dir/ls-sycl-device.cpp.o
[ 72%] Linking CXX executable ../../bin/llama-ls-sycl-device
[ 72%] Linking CXX executable ../bin/test-log
[ 73%] Linking CXX executable ../bin/test-autorelease
[ 73%] Linking CXX executable ../bin/test-rope
[ 73%] Linking CXX executable ../bin/test-barrier
[ 74%] Linking CXX executable ../bin/test-quantize-fns
[ 74%] Built target test-model-load-cancel
[ 74%] Linking CXX executable ../bin/test-tokenizer-1-spm
[ 74%] Linking CXX executable ../../bin/llama-llava-clip-quantize-cli
[ 74%] Linking CXX executable ../bin/test-tokenizer-1-bpe
[ 74%] Linking CXX executable ../../bin/llama-lookup-merge
[ 74%] Built target llama-ls-sycl-device
[ 75%] Linking CXX executable ../../bin/llama-gbnf-validator
[ 75%] Built target test-autorelease
[ 75%] Built target test-rope
[ 75%] Linking CXX executable ../../bin/llama-q8dot
[ 75%] Built target test-quantize-fns
[ 76%] Linking CXX executable ../../bin/llama-lookup-create
[ 77%] Linking CXX executable ../../bin/llama-save-load-state
[ 78%] Linking CXX executable ../../bin/llama-batched-bench
[ 78%] Built target test-log
[ 78%] Built target test-tokenizer-1-spm
[ 79%] Linking CXX executable ../../bin/llama-tokenize
[ 79%] Built target test-tokenizer-1-bpe
[ 80%] Linking CXX executable ../../bin/llama-eval-callback
[ 80%] Built target test-barrier
[ 80%] Linking CXX executable ../../bin/llama-speculative-simple
[ 81%] Linking CXX executable ../../bin/llama-gguf-split
[ 81%] Linking CXX executable ../../bin/llama-gemma3-cli
[ 81%] Linking CXX executable ../bin/test-tokenizer-0
[ 81%] Built target llama-llava-clip-quantize-cli
[ 81%] Linking CXX executable ../../bin/llama-batched
[ 81%] Built target llama-lookup-merge
[ 82%] Linking CXX executable ../../bin/llama-gritlm
[ 82%] Linking CXX executable ../../bin/llama-gen-docs
[ 83%] Linking CXX executable ../../bin/llama-vdot
[ 83%] Built target llama-gbnf-validator
[ 84%] Linking CXX executable ../bin/test-sampling
[ 84%] Linking CXX executable ../bin/test-grammar-parser
[ 84%] Linking CXX executable ../../bin/llama-minicpmv-cli
[ 84%] Linking CXX executable ../../bin/llama-lookup-stats
[ 84%] Linking CXX executable ../../bin/llama-llava-cli
[ 85%] Linking CXX executable ../../bin/llama-passkey
[ 85%] Built target llama-q8dot
[ 86%] Linking CXX executable ../../bin/llama-lookup
[ 86%] Built target llama-lookup-create
[ 86%] Linking CXX executable ../../bin/llama-qwen2vl-cli
[ 86%] Building CXX object examples/server/CMakeFiles/llama-server.dir/server.cpp.o
[ 86%] Built target llama-save-load-state
[ 86%] Built target llama-gguf-split
[ 86%] Built target llama-tokenize
[ 86%] Linking CXX executable ../../bin/llama-infill
[ 86%] Built target test-sampling
[ 86%] Linking CXX executable ../../bin/llama-lookahead
[ 86%] Built target llama-batched
[ 86%] Built target llama-batched-bench
[ 87%] Linking CXX executable ../../bin/llama-parallel
[ 87%] Linking CXX executable ../bin/test-arg-parser
[ 87%] Linking CXX executable ../../bin/llama-quantize
[ 87%] Linking CXX executable ../../bin/llama-embedding
[ 87%] Built target llama-gemma3-cli
[ 88%] Linking CXX executable ../bin/test-llama-grammar
[ 88%] Built target llama-gritlm
[ 88%] Built target llama-speculative-simple
[ 88%] Built target test-tokenizer-0
[ 88%] Built target test-grammar-parser
[ 88%] Built target llama-vdot
[ 88%] Linking CXX executable ../../bin/llama-convert-llama2c-to-ggml
[ 88%] Built target llama-gen-docs
[ 88%] Built target llama-lookup-stats
[ 88%] Built target llama-llava-cli
[ 88%] Built target llama-lookup
[ 88%] Linking CXX executable ../bin/test-quantize-perf
[ 89%] Linking CXX executable ../../bin/llama-retrieval
[ 89%] Built target llama-eval-callback
[ 89%] Built target llama-minicpmv-cli
[ 89%] Built target llama-passkey
[ 89%] Built target llama-infill
[ 89%] Built target llama-lookahead
[ 90%] Linking CXX executable ../../bin/llama-export-lora
[ 90%] Built target llama-convert-llama2c-to-ggml
[ 90%] Built target test-llama-grammar
[ 90%] Built target llama-qwen2vl-cli
[ 90%] Built target test-arg-parser
[ 90%] Built target llama-quantize
[ 90%] Built target llama-embedding
[ 90%] Built target llama-parallel
[ 90%] Built target test-quantize-perf
[ 90%] Built target llama-retrieval
[ 91%] Linking CXX executable ../bin/test-gguf
[ 91%] Built target llama-export-lora
[ 92%] Linking CXX executable ../bin/test-chat-template
[ 92%] Linking CXX executable ../../bin/llama-cvector-generator
[ 92%] Built target test-gguf
[ 93%] Linking CXX executable ../../bin/llama-imatrix
[ 93%] Linking CXX executable ../../bin/llama-speculative
[ 94%] Linking CXX executable ../../bin/llama-cli
[ 94%] Built target test-chat-template
[ 94%] Built target llama-cvector-generator
[ 94%] Built target llama-imatrix
[ 94%] Built target llama-speculative
[ 94%] Built target llama-cli
[ 94%] Linking CXX executable ../../bin/llama-run
[ 94%] Built target llama-run
[ 95%] Linking CXX executable ../../bin/llama-perplexity
[ 95%] Built target llama-perplexity
[ 95%] Linking CXX executable ../bin/test-grammar-integration
[ 95%] Built target test-grammar-integration
[ 96%] Linking CXX executable ../../bin/llama-bench
[ 96%] Built target llama-bench
[ 97%] Linking CXX executable ../../bin/llama-tts
[ 97%] Built target llama-tts
[ 98%] Linking CXX executable ../bin/test-json-schema-to-grammar
[ 98%] Built target test-json-schema-to-grammar
[ 98%] Linking CXX executable ../bin/test-chat
[ 98%] Built target test-chat
[ 99%] Linking CXX executable ../bin/test-backend-ops
[ 99%] Built target test-backend-ops
[100%] Linking CXX executable ../../bin/llama-server
[100%] Built target llama-server

real	1m6.739s
user	8m5.565s
sys	0m22.405s
+ '[' -z ']'
+ tee -a /home/zjy/ws/jenkins/workspace/ci-arc770/arthw-llama.cpp/tmp/ci_log/e37b33d4a4de44fb02406ea198345a9e85885dba/tmp/results/ctest_release-ctest.log
+ ctest --output-on-failure -L main
Test project /home/zjy/ws/jenkins/workspace/ci-arc770/arthw-llama.cpp/build-ci-release
      Start  1: test-tokenizer-0-bert-bge
 1/29 Test  #1: test-tokenizer-0-bert-bge .........   Passed    0.15 sec
      Start  2: test-tokenizer-0-command-r
 2/29 Test  #2: test-tokenizer-0-command-r ........   Passed    0.40 sec
      Start  3: test-tokenizer-0-deepseek-coder
 3/29 Test  #3: test-tokenizer-0-deepseek-coder ...   Passed    0.14 sec
      Start  4: test-tokenizer-0-deepseek-llm
 4/29 Test  #4: test-tokenizer-0-deepseek-llm .....   Passed    0.20 sec
      Start  5: test-tokenizer-0-falcon
 5/29 Test  #5: test-tokenizer-0-falcon ...........   Passed    0.16 sec
      Start  6: test-tokenizer-0-gpt-2
 6/29 Test  #6: test-tokenizer-0-gpt-2 ............   Passed    0.16 sec
      Start  7: test-tokenizer-0-llama-bpe
 7/29 Test  #7: test-tokenizer-0-llama-bpe ........   Passed    0.30 sec
      Start  8: test-tokenizer-0-llama-spm
 8/29 Test  #8: test-tokenizer-0-llama-spm ........   Passed    0.13 sec
      Start  9: test-tokenizer-0-mpt
 9/29 Test  #9: test-tokenizer-0-mpt ..............   Passed    0.15 sec
      Start 10: test-tokenizer-0-phi-3
10/29 Test #10: test-tokenizer-0-phi-3 ............   Passed    0.12 sec
      Start 11: test-tokenizer-0-qwen2
11/29 Test #11: test-tokenizer-0-qwen2 ............   Passed    0.27 sec
      Start 12: test-tokenizer-0-refact
12/29 Test #12: test-tokenizer-0-refact ...........   Passed    0.15 sec
      Start 13: test-tokenizer-0-starcoder
13/29 Test #13: test-tokenizer-0-starcoder ........   Passed    0.16 sec
      Start 14: test-sampling
14/29 Test #14: test-sampling .....................   Passed    0.97 sec
      Start 15: test-grammar-parser
15/29 Test #15: test-grammar-parser ...............   Passed    0.03 sec
      Start 16: test-grammar-integration
16/29 Test #16: test-grammar-integration ..........   Passed    0.05 sec
      Start 17: test-llama-grammar
17/29 Test #17: test-llama-grammar ................   Passed    0.04 sec
      Start 18: test-chat
18/29 Test #18: test-chat .........................   Passed    0.39 sec
      Start 19: test-json-schema-to-grammar
19/29 Test #19: test-json-schema-to-grammar .......   Passed    1.78 sec
      Start 20: test-tokenizer-1-llama-spm
20/29 Test #20: test-tokenizer-1-llama-spm ........   Passed    0.20 sec
      Start 21: test-log
21/29 Test #21: test-log ..........................   Passed    0.05 sec
      Start 22: test-arg-parser
22/29 Test #22: test-arg-parser ...................   Passed    0.12 sec
      Start 23: test-chat-template
23/29 Test #23: test-chat-template ................   Passed    0.11 sec
      Start 24: test-gguf
24/29 Test #24: test-gguf .........................   Passed    0.32 sec
      Start 25: test-backend-ops
25/29 Test #25: test-backend-ops ..................Subprocess aborted***Exception:   2.00 sec
detect 1 SYCL devices:[0] by ONEAPI_DEVICE_SELECTOR=level_zero:1
Running with Environment Variables:
  GGML_SYCL_DEBUG: 0
  GGML_SYCL_DISABLE_OPT: 0
Build with Macros:
  GGML_SYCL_FORCE_MMQ: no
  GGML_SYCL_F16: yes
ggml_sycl_init: SYCL_USE_XMX: yes
found 1 SYCL devices:
Part1:
|ID|        Device Type|  Ver|                                   Name|Global mem size|
|--|-------------------|-----|---------------------------------------|---------------|
| 0| [level_zero:gpu:0]| 12.2|                 Intel UHD Graphics 730|         14958M|

Part2:
|ID|Max compute units|Max work group|Max subgroup|                    Driver version|
|--|-----------------|--------------|------------|----------------------------------|
| 0|               32|           512|          32|                      1.3.29735+27|
SYCL Optimization Feature:
|ID|        Device Type|Reorder|
|--|-------------------|-------|
| 0| [level_zero:gpu:0]|      N|
Testing 2 devices

Backend 1/2: SYCL0
  Device description: Intel(R) UHD Graphics 730
get_memory_info: [warning] ext_intel_free_memory is not supported (export/set ZES_ENABLE_SYSMAN=1 to support), use total memory as free memory
  Device memory: 14265 MB (14265 MB free)

  ABS(type=f16,ne_a=[128,2,2,2],v=0): not supported [SYCL0] 
  ABS(type=f16,ne_a=[5,7,11,13],v=0): not supported [SYCL0] 
  SGN(type=f16,ne_a=[128,2,2,2],v=0): not supported [SYCL0] 
  SGN(type=f16,ne_a=[5,7,11,13],v=0): not supported [SYCL0] 
  NEG(type=f16,ne_a=[128,2,2,2],v=0): /home/zjy/ws/jenkins/workspace/ci-arc770/arthw-llama.cpp/ggml/src/ggml-sycl/element_wise.cpp:741: GGML_ASSERT(src0->type == GGML_TYPE_F32) failed
[New LWP 1707823]
warning: File "/opt/intel/oneapi/compiler/2025.2/lib/libsycl.so.8.0.0-gdb.py" auto-loading has been declined by your `auto-load safe-path' set to "$debugdir:$datadir/auto-load".
To enable execution of this file add
	add-auto-load-safe-path /opt/intel/oneapi/compiler/2025.2/lib/libsycl.so.8.0.0-gdb.py
line to your configuration file "/home/zjy/.config/gdb/gdbinit".
To completely disable this security protection add
	set auto-load safe-path /
line to your configuration file "/home/zjy/.config/gdb/gdbinit".
For more information about this security protection see the
"Auto-loading safe path" section in the GDB manual.  E.g., run from the shell:
	info "(gdb)Auto-loading safe path"
[Thread debugging using libthread_db enabled]
Using host libthread_db library "/lib/x86_64-linux-gnu/libthread_db.so.1".
0x00007c40fbd10813 in __GI___wait4 (pid=1707922, stat_loc=0x7ffcd98a8b84, options=0, usage=0x0) at ../sysdeps/unix/sysv/linux/wait4.c:30
warning: 30	../sysdeps/unix/sysv/linux/wait4.c: No such file or directory
#0  0x00007c40fbd10813 in __GI___wait4 (pid=1707922, stat_loc=0x7ffcd98a8b84, options=0, usage=0x0) at ../sysdeps/unix/sysv/linux/wait4.c:30
30	in ../sysdeps/unix/sysv/linux/wait4.c
#1  0x00007c40fc33e08b in ggml_abort () from /home/zjy/ws/jenkins/workspace/ci-arc770/arthw-llama.cpp/build-ci-release/bin/libggml-base.so
#2  0x00007c40fc4fea1e in ggml_sycl_op_neg(ggml_backend_sycl_context&, ggml_tensor const*, ggml_tensor const*, ggml_tensor*, float const*, float const*, float*, sycl::_V1::queue* const&) () from /home/zjy/ws/jenkins/workspace/ci-arc770/arthw-llama.cpp/build-ci-release/bin/libggml-sycl.so
#3  0x00007c40fc46b8c2 in ggml_sycl_op_flatten(ggml_backend_sycl_context&, ggml_tensor const*, ggml_tensor const*, ggml_tensor*, void (*)(ggml_backend_sycl_context&, ggml_tensor const*, ggml_tensor const*, ggml_tensor*, float const*, float const*, float*, sycl::_V1::queue* const&)) () from /home/zjy/ws/jenkins/workspace/ci-arc770/arthw-llama.cpp/build-ci-release/bin/libggml-sycl.so
#4  0x00007c40fc4dab5e in ggml_sycl_neg(ggml_backend_sycl_context&, ggml_tensor*) () from /home/zjy/ws/jenkins/workspace/ci-arc770/arthw-llama.cpp/build-ci-release/bin/libggml-sycl.so
#5  0x00007c40fc436acb in ggml_sycl_compute_forward(ggml_backend_sycl_context&, ggml_tensor*) () from /home/zjy/ws/jenkins/workspace/ci-arc770/arthw-llama.cpp/build-ci-release/bin/libggml-sycl.so
#6  0x00007c40fc4591cf in ggml_backend_sycl_graph_compute(ggml_backend*, ggml_cgraph*) () from /home/zjy/ws/jenkins/workspace/ci-arc770/arthw-llama.cpp/build-ci-release/bin/libggml-sycl.so
#7  0x00007c40fc3551a6 in ggml_backend_compare_graph_backend () from /home/zjy/ws/jenkins/workspace/ci-arc770/arthw-llama.cpp/build-ci-release/bin/libggml-base.so
#8  0x000000000042994e in test_case::eval(ggml_backend*, ggml_backend*, char const*) ()
#9  0x00000000004106a5 in main ()
[Inferior 1 (process 1707822) detached]

      Start 28: test-barrier
26/29 Test #28: test-barrier ......................   Passed    0.93 sec
      Start 29: test-quantize-fns
27/29 Test #29: test-quantize-fns .................   Passed   12.15 sec
      Start 30: test-quantize-perf
28/29 Test #30: test-quantize-perf ................   Passed    0.08 sec
      Start 31: test-rope
29/29 Test #31: test-rope .........................   Passed    0.08 sec

97% tests passed, 1 tests failed out of 29

Label Time Summary:
main    =  21.79 sec*proc (29 tests)

Total Test time (real) =  21.80 sec

The following tests FAILED:
	 25 - test-backend-ops (Subprocess aborted)
Errors while running CTest

real	0m21.810s
user	0m21.529s
sys	0m2.810s
+ cur=8
+ echo 8
+ set +x
